/home/fabian_57/thesis_projects/curriculum-test/scripts/train.py --algo ppo --env MiniGrid-DoorKey-8x8-v0 --no-instr --tb --frames=1000000 --model DoorKey-8x8 --save-interval 10

Namespace(algo='ppo', batch_size=256, clip_eps=0.2, discount=0.99, entropy_coef=0.01, env='MiniGrid-DoorKey-8x8-v0', epochs=4, frames=1000000, frames_per_proc=None, gae_lambda=0.95, log_interval=1, lr=0.0007, max_grad_norm=0.5, model='DoorKey-8x8', no_instr=True, no_mem=False, optim_alpha=0.99, optim_eps=1e-05, procs=16, recurrence=1, save_interval=10, seed=1, tb=True, value_loss_coef=0.5)

Model successfully created

ACModel(
  (image_conv): Sequential(
    (0): Conv2d(3, 16, kernel_size=(2, 2), stride=(1, 1))
    (1): ReLU()
    (2): MaxPool2d(kernel_size=(2, 2), stride=2, padding=0, dilation=1, ceil_mode=False)
    (3): Conv2d(16, 32, kernel_size=(2, 2), stride=(1, 1))
    (4): ReLU()
    (5): Conv2d(32, 64, kernel_size=(2, 2), stride=(1, 1))
    (6): ReLU()
  )
  (memory_rnn): LSTMCell(64, 64)
  (actor): Sequential(
    (0): Linear(in_features=64, out_features=64, bias=True)
    (1): Tanh()
    (2): Linear(in_features=64, out_features=7, bias=True)
  )
  (critic): Sequential(
    (0): Linear(in_features=64, out_features=64, bias=True)
    (1): Tanh()
    (2): Linear(in_features=64, out_features=1, bias=True)
  )
)

CUDA available: True

U 1 | F 002048 | FPS 1042 | D 1 | rR:x̄σmM 0.00 0.00 0.00 0.00 | F:x̄σmM 0.0 0.0 0 0 | H 1.943 | V 0.081 | pL 0.013 | vL 0.000 | ∇ 0.005
U 2 | F 004096 | FPS 1523 | D 3 | rR:x̄σmM 0.00 0.00 0.00 0.00 | F:x̄σmM 0.0 0.0 0 0 | H 1.944 | V 0.072 | pL 0.013 | vL 0.000 | ∇ 0.005
U 3 | F 006144 | FPS 1527 | D 4 | rR:x̄σmM 0.00 0.00 0.00 0.00 | F:x̄σmM 0.0 0.0 0 0 | H 1.945 | V 0.052 | pL 0.009 | vL 0.000 | ∇ 0.002
U 4 | F 008192 | FPS 1508 | D 6 | rR:x̄σmM 0.00 0.00 0.00 0.00 | F:x̄σmM 0.0 0.0 0 0 | H 1.944 | V 0.040 | pL 0.007 | vL 0.000 | ∇ 0.002
U 5 | F 010240 | FPS 1506 | D 7 | rR:x̄σmM 0.00 0.00 0.00 0.00 | F:x̄σmM 640.0 0.0 640.0 640.0 | H 1.944 | V 0.028 | pL 0.010 | vL 0.000 | ∇ 0.004
U 6 | F 012288 | FPS 1509 | D 8 | rR:x̄σmM 0.00 0.00 0.00 0.00 | F:x̄σmM 640.0 0.0 640.0 640.0 | H 1.945 | V 0.024 | pL 0.004 | vL 0.000 | ∇ 0.001
U 7 | F 014336 | FPS 1508 | D 10 | rR:x̄σmM 0.00 0.00 0.00 0.00 | F:x̄σmM 640.0 0.0 640.0 640.0 | H 1.945 | V 0.019 | pL 0.003 | vL 0.000 | ∇ 0.001
U 8 | F 016384 | FPS 1513 | D 11 | rR:x̄σmM 0.00 0.00 0.00 0.00 | F:x̄σmM 640.0 0.0 640.0 640.0 | H 1.945 | V 0.017 | pL 0.003 | vL 0.000 | ∇ 0.001
U 9 | F 018432 | FPS 1510 | D 12 | rR:x̄σmM 0.02 0.08 0.00 0.31 | F:x̄σmM 630.5 36.8 488.0 640.0 | H 1.941 | V 0.015 | pL -0.000 | vL 0.000 | ∇ 0.004
U 10 | F 020480 | FPS 1497 | D 14 | rR:x̄σmM 0.02 0.08 0.00 0.31 | F:x̄σmM 630.5 36.8 488.0 640.0 | H 1.944 | V 0.006 | pL 0.002 | vL 0.000 | ∇ 0.001
Model successfully saved
U 11 | F 022528 | FPS 1516 | D 15 | rR:x̄σmM 0.02 0.08 0.00 0.31 | F:x̄σmM 630.5 36.8 488.0 640.0 | H 1.946 | V 0.009 | pL 0.002 | vL 0.000 | ∇ 0.001
U 12 | F 024576 | FPS 1501 | D 16 | rR:x̄σmM 0.02 0.08 0.00 0.31 | F:x̄σmM 630.5 36.8 488.0 640.0 | H 1.946 | V 0.006 | pL 0.001 | vL 0.000 | ∇ 0.001
U 13 | F 026624 | FPS 1499 | D 18 | rR:x̄σmM 0.02 0.08 0.00 0.31 | F:x̄σmM 630.5 36.8 488.0 640.0 | H 1.946 | V 0.005 | pL 0.001 | vL 0.000 | ∇ 0.001
U 14 | F 028672 | FPS 1508 | D 19 | rR:x̄σmM 0.00 0.00 0.00 0.00 | F:x̄σmM 640.0 0.0 640.0 640.0 | H 1.946 | V 0.004 | pL 0.001 | vL 0.000 | ∇ 0.000
U 15 | F 030720 | FPS 1485 | D 21 | rR:x̄σmM 0.00 0.00 0.00 0.00 | F:x̄σmM 640.0 0.0 640.0 640.0 | H 1.946 | V 0.003 | pL 0.001 | vL 0.000 | ∇ 0.000
U 16 | F 032768 | FPS 1513 | D 22 | rR:x̄σmM 0.00 0.00 0.00 0.00 | F:x̄σmM 640.0 0.0 640.0 640.0 | H 1.946 | V 0.002 | pL 0.000 | vL 0.000 | ∇ 0.000
U 17 | F 034816 | FPS 1505 | D 23 | rR:x̄σmM 0.00 0.00 0.00 0.00 | F:x̄σmM 640.0 0.0 640.0 640.0 | H 1.946 | V 0.002 | pL 0.000 | vL 0.000 | ∇ 0.000
U 18 | F 036864 | FPS 1490 | D 25 | rR:x̄σmM 0.00 0.00 0.00 0.00 | F:x̄σmM 640.0 0.0 640.0 640.0 | H 1.946 | V 0.002 | pL 0.000 | vL 0.000 | ∇ 0.000
U 19 | F 038912 | FPS 1504 | D 26 | rR:x̄σmM 0.00 0.00 0.00 0.00 | F:x̄σmM 640.0 0.0 640.0 640.0 | H 1.946 | V 0.001 | pL 0.000 | vL 0.000 | ∇ 0.001
U 20 | F 040960 | FPS 1506 | D 27 | rR:x̄σmM 0.00 0.00 0.00 0.00 | F:x̄σmM 640.0 0.0 640.0 640.0 | H 1.946 | V 0.001 | pL 0.000 | vL 0.000 | ∇ 0.000
Model successfully saved
U 21 | F 043008 | FPS 1491 | D 29 | rR:x̄σmM 0.00 0.00 0.00 0.00 | F:x̄σmM 640.0 0.0 640.0 640.0 | H 1.946 | V 0.001 | pL 0.000 | vL 0.000 | ∇ 0.000
U 22 | F 045056 | FPS 1512 | D 30 | rR:x̄σmM 0.00 0.00 0.00 0.00 | F:x̄σmM 640.0 0.0 640.0 640.0 | H 1.946 | V 0.001 | pL 0.000 | vL 0.000 | ∇ 0.000
U 23 | F 047104 | FPS 1496 | D 31 | rR:x̄σmM 0.00 0.00 0.00 0.00 | F:x̄σmM 640.0 0.0 640.0 640.0 | H 1.946 | V 0.000 | pL -0.000 | vL 0.000 | ∇ 0.000
U 24 | F 049152 | FPS 1504 | D 33 | rR:x̄σmM 0.00 0.00 0.00 0.00 | F:x̄σmM 640.0 0.0 640.0 640.0 | H 1.946 | V -0.001 | pL -0.000 | vL 0.000 | ∇ 0.000
U 25 | F 051200 | FPS 1501 | D 34 | rR:x̄σmM 0.00 0.00 0.00 0.00 | F:x̄σmM 640.0 0.0 640.0 640.0 | H 1.946 | V -0.001 | pL -0.000 | vL 0.000 | ∇ 0.001
U 26 | F 053248 | FPS 1488 | D 36 | rR:x̄σmM 0.00 0.00 0.00 0.00 | F:x̄σmM 640.0 0.0 640.0 640.0 | H 1.946 | V -0.000 | pL 0.000 | vL 0.000 | ∇ 0.000
U 27 | F 055296 | FPS 1486 | D 37 | rR:x̄σmM 0.00 0.00 0.00 0.00 | F:x̄σmM 640.0 0.0 640.0 640.0 | H 1.946 | V -0.001 | pL -0.000 | vL 0.000 | ∇ 0.001
U 28 | F 057344 | FPS 1489 | D 38 | rR:x̄σmM 0.00 0.00 0.00 0.00 | F:x̄σmM 640.0 0.0 640.0 640.0 | H 1.946 | V -0.001 | pL -0.000 | vL 0.000 | ∇ 0.000
U 29 | F 059392 | FPS 1471 | D 40 | rR:x̄σmM 0.02 0.07 0.00 0.29 | F:x̄σmM 631.6 32.7 505.0 640.0 | H 1.945 | V 0.002 | pL -0.003 | vL 0.000 | ∇ 0.003
U 30 | F 061440 | FPS 1493 | D 41 | rR:x̄σmM 0.02 0.07 0.00 0.29 | F:x̄σmM 631.6 32.7 505.0 640.0 | H 1.944 | V 0.001 | pL -0.000 | vL 0.000 | ∇ 0.002
Model successfully saved
U 31 | F 063488 | FPS 1488 | D 43 | rR:x̄σmM 0.02 0.07 0.00 0.29 | F:x̄σmM 631.6 32.7 505.0 640.0 | H 1.945 | V 0.002 | pL 0.000 | vL 0.000 | ∇ 0.001
U 32 | F 065536 | FPS 1499 | D 44 | rR:x̄σmM 0.02 0.07 0.00 0.29 | F:x̄σmM 631.6 32.7 505.0 640.0 | H 1.946 | V 0.003 | pL 0.000 | vL 0.000 | ∇ 0.001
U 33 | F 067584 | FPS 1503 | D 45 | rR:x̄σmM 0.02 0.07 0.00 0.29 | F:x̄σmM 631.6 32.7 505.0 640.0 | H 1.946 | V 0.003 | pL 0.000 | vL 0.000 | ∇ 0.000
U 34 | F 069632 | FPS 1476 | D 47 | rR:x̄σmM 0.00 0.00 0.00 0.00 | F:x̄σmM 640.0 0.0 640.0 640.0 | H 1.946 | V 0.002 | pL 0.000 | vL 0.000 | ∇ 0.000
U 35 | F 071680 | FPS 1498 | D 48 | rR:x̄σmM 0.00 0.00 0.00 0.00 | F:x̄σmM 640.0 0.0 640.0 640.0 | H 1.946 | V 0.002 | pL 0.001 | vL 0.000 | ∇ 0.000
U 36 | F 073728 | FPS 1500 | D 49 | rR:x̄σmM 0.00 0.00 0.00 0.00 | F:x̄σmM 640.0 0.0 640.0 640.0 | H 1.946 | V 0.001 | pL 0.000 | vL 0.000 | ∇ 0.000
U 37 | F 075776 | FPS 1488 | D 51 | rR:x̄σmM 0.00 0.00 0.00 0.00 | F:x̄σmM 640.0 0.0 640.0 640.0 | H 1.946 | V 0.001 | pL 0.000 | vL 0.000 | ∇ 0.000
U 38 | F 077824 | FPS 1506 | D 52 | rR:x̄σmM 0.00 0.00 0.00 0.00 | F:x̄σmM 640.0 0.0 640.0 640.0 | H 1.946 | V 0.001 | pL 0.000 | vL 0.000 | ∇ 0.000
U 39 | F 079872 | FPS 1490 | D 54 | rR:x̄σmM 0.00 0.00 0.00 0.00 | F:x̄σmM 640.0 0.0 640.0 640.0 | H 1.946 | V 0.000 | pL 0.000 | vL 0.000 | ∇ 0.001
U 40 | F 081920 | FPS 1504 | D 55 | rR:x̄σmM 0.00 0.00 0.00 0.00 | F:x̄σmM 640.0 0.0 640.0 640.0 | H 1.946 | V 0.001 | pL 0.000 | vL 0.000 | ∇ 0.000
Model successfully saved
U 41 | F 083968 | FPS 1508 | D 56 | rR:x̄σmM 0.00 0.00 0.00 0.00 | F:x̄σmM 640.0 0.0 640.0 640.0 | H 1.946 | V 0.000 | pL 0.000 | vL 0.000 | ∇ 0.000
U 42 | F 086016 | FPS 1486 | D 58 | rR:x̄σmM 0.00 0.00 0.00 0.00 | F:x̄σmM 640.0 0.0 640.0 640.0 | H 1.946 | V -0.000 | pL 0.000 | vL 0.000 | ∇ 0.000
U 43 | F 088064 | FPS 1504 | D 59 | rR:x̄σmM 0.00 0.00 0.00 0.00 | F:x̄σmM 640.0 0.0 640.0 640.0 | H 1.946 | V 0.000 | pL -0.000 | vL 0.000 | ∇ 0.000
U 44 | F 090112 | FPS 1483 | D 60 | rR:x̄σmM 0.00 0.00 0.00 0.00 | F:x̄σmM 640.0 0.0 640.0 640.0 | H 1.946 | V 0.000 | pL 0.000 | vL 0.000 | ∇ 0.000
U 45 | F 092160 | FPS 1464 | D 62 | rR:x̄σmM 0.00 0.00 0.00 0.00 | F:x̄σmM 640.0 0.0 640.0 640.0 | H 1.946 | V 0.000 | pL 0.000 | vL 0.000 | ∇ 0.000
U 46 | F 094208 | FPS 1512 | D 63 | rR:x̄σmM 0.04 0.15 0.00 0.62 | F:x̄σmM 616.8 90.0 268.0 640.0 | H 1.938 | V 0.007 | pL -0.005 | vL 0.002 | ∇ 0.009
U 47 | F 096256 | FPS 1478 | D 65 | rR:x̄σmM 0.04 0.15 0.00 0.62 | F:x̄σmM 616.8 90.0 268.0 640.0 | H 1.946 | V 0.006 | pL 0.000 | vL 0.000 | ∇ 0.001
U 48 | F 098304 | FPS 1485 | D 66 | rR:x̄σmM 0.04 0.15 0.00 0.62 | F:x̄σmM 616.8 90.0 268.0 640.0 | H 1.946 | V 0.000 | pL 0.000 | vL 0.000 | ∇ 0.000
U 49 | F 100352 | FPS 1489 | D 67 | rR:x̄σmM 0.04 0.15 0.00 0.62 | F:x̄σmM 616.8 90.0 268.0 640.0 | H 1.946 | V 0.000 | pL -0.000 | vL 0.000 | ∇ 0.001
U 50 | F 102400 | FPS 1458 | D 69 | rR:x̄σmM 0.04 0.15 0.00 0.62 | F:x̄σmM 616.8 90.0 268.0 640.0 | H 1.946 | V -0.000 | pL -0.000 | vL 0.000 | ∇ 0.001
Model successfully saved
U 51 | F 104448 | FPS 1508 | D 70 | rR:x̄σmM 0.00 0.00 0.00 0.00 | F:x̄σmM 640.0 0.0 640.0 640.0 | H 1.946 | V -0.001 | pL -0.000 | vL 0.000 | ∇ 0.000
U 52 | F 106496 | FPS 1480 | D 71 | rR:x̄σmM 0.00 0.00 0.00 0.00 | F:x̄σmM 640.0 0.0 640.0 640.0 | H 1.946 | V -0.000 | pL 0.000 | vL 0.000 | ∇ 0.000
U 53 | F 108544 | FPS 1473 | D 73 | rR:x̄σmM 0.00 0.00 0.00 0.00 | F:x̄σmM 640.0 0.0 640.0 640.0 | H 1.946 | V -0.000 | pL -0.000 | vL 0.000 | ∇ 0.000
U 54 | F 110592 | FPS 1480 | D 74 | rR:x̄σmM 0.00 0.00 0.00 0.00 | F:x̄σmM 640.0 0.0 640.0 640.0 | H 1.946 | V -0.000 | pL -0.000 | vL 0.000 | ∇ 0.000
U 55 | F 112640 | FPS 1460 | D 76 | rR:x̄σmM 0.01 0.03 0.00 0.11 | F:x̄σmM 639.4 2.2 631.0 640.0 | H 1.946 | V 0.001 | pL -0.001 | vL 0.000 | ∇ 0.002
U 56 | F 114688 | FPS 1524 | D 77 | rR:x̄σmM 0.01 0.03 0.00 0.11 | F:x̄σmM 639.4 2.2 631.0 640.0 | H 1.946 | V 0.003 | pL 0.000 | vL 0.000 | ∇ 0.000
U 57 | F 116736 | FPS 1510 | D 78 | rR:x̄σmM 0.01 0.03 0.00 0.11 | F:x̄σmM 639.4 2.2 631.0 640.0 | H 1.946 | V 0.002 | pL 0.000 | vL 0.000 | ∇ 0.000
U 58 | F 118784 | FPS 1488 | D 80 | rR:x̄σmM 0.01 0.03 0.00 0.11 | F:x̄σmM 639.4 2.2 631.0 640.0 | H 1.946 | V 0.002 | pL 0.000 | vL 0.000 | ∇ 0.000
U 59 | F 120832 | FPS 1519 | D 81 | rR:x̄σmM 0.01 0.03 0.00 0.11 | F:x̄σmM 639.4 2.2 631.0 640.0 | H 1.946 | V 0.001 | pL 0.000 | vL 0.000 | ∇ 0.001
U 60 | F 122880 | FPS 1506 | D 82 | rR:x̄σmM 0.00 0.00 0.00 0.00 | F:x̄σmM 640.0 0.0 640.0 640.0 | H 1.946 | V 0.001 | pL 0.000 | vL 0.000 | ∇ 0.000
Model successfully saved
U 61 | F 124928 | FPS 1497 | D 84 | rR:x̄σmM 0.00 0.00 0.00 0.00 | F:x̄σmM 640.0 0.0 640.0 640.0 | H 1.946 | V 0.001 | pL 0.000 | vL 0.000 | ∇ 0.000
U 62 | F 126976 | FPS 1503 | D 85 | rR:x̄σmM 0.00 0.00 0.00 0.00 | F:x̄σmM 640.0 0.0 640.0 640.0 | H 1.946 | V 0.001 | pL 0.000 | vL 0.000 | ∇ 0.000
U 63 | F 129024 | FPS 1493 | D 87 | rR:x̄σmM 0.00 0.00 0.00 0.00 | F:x̄σmM 640.0 0.0 640.0 640.0 | H 1.946 | V 0.000 | pL 0.000 | vL 0.000 | ∇ 0.000
U 64 | F 131072 | FPS 1522 | D 88 | rR:x̄σmM 0.03 0.11 0.00 0.45 | F:x̄σmM 624.5 60.0 392.0 640.0 | H 1.943 | V 0.001 | pL -0.002 | vL 0.001 | ∇ 0.006
U 65 | F 133120 | FPS 1514 | D 89 | rR:x̄σmM 0.03 0.11 0.00 0.45 | F:x̄σmM 624.5 60.0 392.0 640.0 | H 1.945 | V 0.005 | pL 0.002 | vL 0.000 | ∇ 0.001
U 66 | F 135168 | FPS 1511 | D 91 | rR:x̄σmM 0.03 0.11 0.00 0.45 | F:x̄σmM 624.5 60.0 392.0 640.0 | H 1.946 | V 0.004 | pL 0.001 | vL 0.000 | ∇ 0.000
U 67 | F 137216 | FPS 1496 | D 92 | rR:x̄σmM 0.03 0.11 0.00 0.45 | F:x̄σmM 624.5 60.0 392.0 640.0 | H 1.946 | V 0.004 | pL 0.001 | vL 0.000 | ∇ 0.000
U 68 | F 139264 | FPS 1496 | D 93 | rR:x̄σmM 0.03 0.11 0.00 0.45 | F:x̄σmM 624.5 60.0 392.0 640.0 | H 1.946 | V 0.004 | pL 0.001 | vL 0.000 | ∇ 0.000
U 69 | F 141312 | FPS 1478 | D 95 | rR:x̄σmM 0.00 0.00 0.00 0.00 | F:x̄σmM 640.0 0.0 640.0 640.0 | H 1.946 | V 0.003 | pL 0.001 | vL 0.000 | ∇ 0.000
U 70 | F 143360 | FPS 1512 | D 96 | rR:x̄σmM 0.00 0.00 0.00 0.00 | F:x̄σmM 640.0 0.0 640.0 640.0 | H 1.946 | V 0.002 | pL 0.001 | vL 0.000 | ∇ 0.000
Model successfully saved
U 71 | F 145408 | FPS 1488 | D 98 | rR:x̄σmM 0.00 0.00 0.00 0.00 | F:x̄σmM 640.0 0.0 640.0 640.0 | H 1.946 | V 0.002 | pL 0.000 | vL 0.000 | ∇ 0.000
U 72 | F 147456 | FPS 1499 | D 99 | rR:x̄σmM 0.00 0.00 0.00 0.00 | F:x̄σmM 640.0 0.0 640.0 640.0 | H 1.946 | V 0.001 | pL 0.000 | vL 0.000 | ∇ 0.000
U 73 | F 149504 | FPS 1486 | D 100 | rR:x̄σmM 0.03 0.12 0.00 0.51 | F:x̄σmM 621.6 71.2 346.0 640.0 | H 1.944 | V 0.005 | pL -0.004 | vL 0.001 | ∇ 0.006
U 74 | F 151552 | FPS 1462 | D 102 | rR:x̄σmM 0.03 0.12 0.00 0.51 | F:x̄σmM 621.6 71.2 346.0 640.0 | H 1.945 | V 0.011 | pL 0.001 | vL 0.000 | ∇ 0.003
U 75 | F 153600 | FPS 1481 | D 103 | rR:x̄σmM 0.04 0.13 0.00 0.51 | F:x̄σmM 621.1 71.1 346.0 640.0 | H 1.945 | V 0.006 | pL 0.001 | vL 0.000 | ∇ 0.001
U 76 | F 155648 | FPS 1471 | D 104 | rR:x̄σmM 0.04 0.13 0.00 0.51 | F:x̄σmM 621.1 71.1 346.0 640.0 | H 1.946 | V 0.006 | pL 0.001 | vL 0.000 | ∇ 0.001
U 77 | F 157696 | FPS 1465 | D 106 | rR:x̄σmM 0.04 0.13 0.00 0.51 | F:x̄σmM 621.1 71.1 346.0 640.0 | H 1.946 | V 0.004 | pL 0.001 | vL 0.000 | ∇ 0.001
U 78 | F 159744 | FPS 1493 | D 107 | rR:x̄σmM 0.01 0.03 0.00 0.11 | F:x̄σmM 639.4 2.2 631.0 640.0 | H 1.946 | V 0.003 | pL 0.001 | vL 0.000 | ∇ 0.001
U 79 | F 161792 | FPS 1480 | D 109 | rR:x̄σmM 0.01 0.03 0.00 0.11 | F:x̄σmM 639.4 2.2 631.0 640.0 | H 1.946 | V 0.002 | pL 0.000 | vL 0.000 | ∇ 0.000
U 80 | F 163840 | FPS 1473 | D 110 | rR:x̄σmM 0.00 0.00 0.00 0.00 | F:x̄σmM 640.0 0.0 640.0 640.0 | H 1.946 | V 0.002 | pL 0.001 | vL 0.000 | ∇ 0.000
Model successfully saved
U 81 | F 165888 | FPS 1510 | D 111 | rR:x̄σmM 0.00 0.00 0.00 0.00 | F:x̄σmM 640.0 0.0 640.0 640.0 | H 1.946 | V 0.001 | pL 0.000 | vL 0.000 | ∇ 0.000
U 82 | F 167936 | FPS 1491 | D 113 | rR:x̄σmM 0.00 0.00 0.00 0.00 | F:x̄σmM 640.0 0.0 640.0 640.0 | H 1.946 | V 0.001 | pL 0.000 | vL 0.000 | ∇ 0.001
U 83 | F 169984 | FPS 1518 | D 114 | rR:x̄σmM 0.05 0.15 0.00 0.59 | F:x̄σmM 616.1 84.6 290.0 640.0 | H 1.939 | V 0.006 | pL -0.006 | vL 0.001 | ∇ 0.007
U 84 | F 172032 | FPS 1491 | D 115 | rR:x̄σmM 0.05 0.15 0.00 0.59 | F:x̄σmM 616.1 84.6 290.0 640.0 | H 1.943 | V -0.002 | pL 0.001 | vL 0.000 | ∇ 0.002
U 85 | F 174080 | FPS 1496 | D 117 | rR:x̄σmM 0.05 0.15 0.00 0.59 | F:x̄σmM 616.1 84.6 290.0 640.0 | H 1.945 | V 0.003 | pL 0.001 | vL 0.000 | ∇ 0.001
U 86 | F 176128 | FPS 1511 | D 118 | rR:x̄σmM 0.05 0.15 0.00 0.59 | F:x̄σmM 616.1 84.6 290.0 640.0 | H 1.946 | V 0.004 | pL 0.001 | vL 0.000 | ∇ 0.000
U 87 | F 178176 | FPS 1493 | D 120 | rR:x̄σmM 0.05 0.15 0.00 0.59 | F:x̄σmM 616.1 84.6 290.0 640.0 | H 1.946 | V 0.004 | pL 0.001 | vL 0.000 | ∇ 0.000
U 88 | F 180224 | FPS 1501 | D 121 | rR:x̄σmM 0.00 0.00 0.00 0.00 | F:x̄σmM 640.0 0.0 640.0 640.0 | H 1.946 | V 0.004 | pL 0.001 | vL 0.000 | ∇ 0.000
U 89 | F 182272 | FPS 1498 | D 122 | rR:x̄σmM 0.00 0.00 0.00 0.00 | F:x̄σmM 640.0 0.0 640.0 640.0 | H 1.946 | V 0.004 | pL 0.001 | vL 0.000 | ∇ 0.000
U 90 | F 184320 | FPS 1476 | D 124 | rR:x̄σmM 0.00 0.00 0.00 0.00 | F:x̄σmM 640.0 0.0 640.0 640.0 | H 1.946 | V 0.003 | pL 0.001 | vL 0.000 | ∇ 0.000
Model successfully saved
U 91 | F 186368 | FPS 1502 | D 125 | rR:x̄σmM 0.00 0.00 0.00 0.00 | F:x̄σmM 640.0 0.0 640.0 640.0 | H 1.946 | V 0.003 | pL 0.001 | vL 0.000 | ∇ 0.000
U 92 | F 188416 | FPS 1471 | D 126 | rR:x̄σmM 0.00 0.00 0.00 0.00 | F:x̄σmM 640.0 0.0 640.0 640.0 | H 1.946 | V 0.003 | pL 0.000 | vL 0.000 | ∇ 0.001
U 93 | F 190464 | FPS 1499 | D 128 | rR:x̄σmM 0.00 0.00 0.00 0.00 | F:x̄σmM 640.0 0.0 640.0 640.0 | H 1.946 | V 0.005 | pL 0.001 | vL 0.000 | ∇ 0.001
U 94 | F 192512 | FPS 1486 | D 129 | rR:x̄σmM 0.00 0.00 0.00 0.00 | F:x̄σmM 640.0 0.0 640.0 640.0 | H 1.946 | V 0.004 | pL 0.001 | vL 0.000 | ∇ 0.000
U 95 | F 194560 | FPS 1479 | D 131 | rR:x̄σmM 0.00 0.00 0.00 0.00 | F:x̄σmM 640.0 0.0 640.0 640.0 | H 1.946 | V 0.004 | pL 0.001 | vL 0.000 | ∇ 0.001
U 96 | F 196608 | FPS 1492 | D 132 | rR:x̄σmM 0.00 0.00 0.00 0.00 | F:x̄σmM 640.0 0.0 640.0 640.0 | H 1.946 | V 0.004 | pL 0.001 | vL 0.000 | ∇ 0.000
U 97 | F 198656 | FPS 1482 | D 133 | rR:x̄σmM 0.00 0.00 0.00 0.00 | F:x̄σmM 640.0 0.0 640.0 640.0 | H 1.946 | V 0.003 | pL 0.001 | vL 0.000 | ∇ 0.000
U 98 | F 200704 | FPS 1481 | D 135 | rR:x̄σmM 0.00 0.00 0.00 0.00 | F:x̄σmM 640.0 0.0 640.0 640.0 | H 1.946 | V 0.003 | pL 0.000 | vL 0.000 | ∇ 0.000
U 99 | F 202752 | FPS 1503 | D 136 | rR:x̄σmM 0.00 0.00 0.00 0.00 | F:x̄σmM 640.0 0.0 640.0 640.0 | H 1.946 | V 0.002 | pL 0.000 | vL 0.000 | ∇ 0.000
U 100 | F 204800 | FPS 1477 | D 138 | rR:x̄σmM 0.00 0.00 0.00 0.00 | F:x̄σmM 640.0 0.0 640.0 640.0 | H 1.946 | V 0.002 | pL 0.001 | vL 0.000 | ∇ 0.000
Model successfully saved
U 101 | F 206848 | FPS 1516 | D 139 | rR:x̄σmM 0.00 0.00 0.00 0.00 | F:x̄σmM 640.0 0.0 640.0 640.0 | H 1.946 | V 0.001 | pL 0.000 | vL 0.000 | ∇ 0.000
U 102 | F 208896 | FPS 1492 | D 140 | rR:x̄σmM 0.00 0.00 0.00 0.00 | F:x̄σmM 640.0 0.0 640.0 640.0 | H 1.946 | V 0.001 | pL 0.000 | vL 0.000 | ∇ 0.000
U 103 | F 210944 | FPS 1472 | D 142 | rR:x̄σmM 0.00 0.00 0.00 0.00 | F:x̄σmM 640.0 0.0 640.0 640.0 | H 1.946 | V 0.001 | pL 0.000 | vL 0.000 | ∇ 0.000
U 104 | F 212992 | FPS 1513 | D 143 | rR:x̄σmM 0.00 0.00 0.00 0.00 | F:x̄σmM 640.0 0.0 640.0 640.0 | H 1.946 | V 0.001 | pL 0.000 | vL 0.000 | ∇ 0.000
U 105 | F 215040 | FPS 1510 | D 144 | rR:x̄σmM 0.00 0.00 0.00 0.00 | F:x̄σmM 640.0 0.0 640.0 640.0 | H 1.946 | V 0.001 | pL 0.000 | vL 0.000 | ∇ 0.000
U 106 | F 217088 | FPS 1470 | D 146 | rR:x̄σmM 0.00 0.00 0.00 0.00 | F:x̄σmM 640.0 0.0 640.0 640.0 | H 1.946 | V 0.001 | pL 0.000 | vL 0.000 | ∇ 0.000
U 107 | F 219136 | FPS 1494 | D 147 | rR:x̄σmM 0.00 0.00 0.00 0.00 | F:x̄σmM 640.0 0.0 640.0 640.0 | H 1.946 | V 0.001 | pL 0.000 | vL 0.000 | ∇ 0.000
U 108 | F 221184 | FPS 1491 | D 149 | rR:x̄σmM 0.00 0.00 0.00 0.00 | F:x̄σmM 640.0 0.0 640.0 640.0 | H 1.946 | V 0.001 | pL 0.000 | vL 0.000 | ∇ 0.000
U 109 | F 223232 | FPS 1503 | D 150 | rR:x̄σmM 0.00 0.00 0.00 0.00 | F:x̄σmM 640.0 0.0 640.0 640.0 | H 1.946 | V 0.000 | pL 0.000 | vL 0.000 | ∇ 0.000
U 110 | F 225280 | FPS 1497 | D 151 | rR:x̄σmM 0.00 0.00 0.00 0.00 | F:x̄σmM 640.0 0.0 640.0 640.0 | H 1.945 | V 0.001 | pL 0.000 | vL 0.000 | ∇ 0.001
Model successfully saved
U 111 | F 227328 | FPS 1479 | D 153 | rR:x̄σmM 0.00 0.00 0.00 0.00 | F:x̄σmM 640.0 0.0 640.0 640.0 | H 1.946 | V 0.000 | pL 0.000 | vL 0.000 | ∇ 0.000
U 112 | F 229376 | FPS 1488 | D 154 | rR:x̄σmM 0.00 0.00 0.00 0.00 | F:x̄σmM 640.0 0.0 640.0 640.0 | H 1.946 | V 0.000 | pL -0.000 | vL 0.000 | ∇ 0.000
U 113 | F 231424 | FPS 1482 | D 155 | rR:x̄σmM 0.00 0.00 0.00 0.00 | F:x̄σmM 640.0 0.0 640.0 640.0 | H 1.946 | V 0.000 | pL 0.000 | vL 0.000 | ∇ 0.000
U 114 | F 233472 | FPS 1475 | D 157 | rR:x̄σmM 0.00 0.00 0.00 0.00 | F:x̄σmM 640.0 0.0 640.0 640.0 | H 1.946 | V 0.000 | pL 0.000 | vL 0.000 | ∇ 0.000
U 115 | F 235520 | FPS 1484 | D 158 | rR:x̄σmM 0.00 0.00 0.00 0.00 | F:x̄σmM 640.0 0.0 640.0 640.0 | H 1.946 | V 0.000 | pL 0.000 | vL 0.000 | ∇ 0.000
U 116 | F 237568 | FPS 1494 | D 160 | rR:x̄σmM 0.00 0.00 0.00 0.00 | F:x̄σmM 640.0 0.0 640.0 640.0 | H 1.946 | V 0.000 | pL 0.000 | vL 0.000 | ∇ 0.000
U 117 | F 239616 | FPS 1497 | D 161 | rR:x̄σmM 0.00 0.00 0.00 0.00 | F:x̄σmM 640.0 0.0 640.0 640.0 | H 1.946 | V 0.000 | pL 0.000 | vL 0.000 | ∇ 0.000
U 118 | F 241664 | FPS 1504 | D 162 | rR:x̄σmM 0.00 0.00 0.00 0.00 | F:x̄σmM 640.0 0.0 640.0 640.0 | H 1.946 | V 0.000 | pL 0.000 | vL 0.000 | ∇ 0.000
U 119 | F 243712 | FPS 1480 | D 164 | rR:x̄σmM 0.00 0.00 0.00 0.00 | F:x̄σmM 640.0 0.0 640.0 640.0 | H 1.946 | V 0.000 | pL 0.000 | vL 0.000 | ∇ 0.000
U 120 | F 245760 | FPS 1497 | D 165 | rR:x̄σmM 0.00 0.00 0.00 0.00 | F:x̄σmM 640.0 0.0 640.0 640.0 | H 1.946 | V 0.000 | pL 0.000 | vL 0.000 | ∇ 0.000
Model successfully saved
U 121 | F 247808 | FPS 1472 | D 166 | rR:x̄σmM 0.00 0.00 0.00 0.00 | F:x̄σmM 640.0 0.0 640.0 640.0 | H 1.946 | V 0.000 | pL 0.000 | vL 0.000 | ∇ 0.000
U 122 | F 249856 | FPS 1484 | D 168 | rR:x̄σmM 0.00 0.00 0.00 0.00 | F:x̄σmM 640.0 0.0 640.0 640.0 | H 1.946 | V 0.000 | pL 0.000 | vL 0.000 | ∇ 0.000
U 123 | F 251904 | FPS 1480 | D 169 | rR:x̄σmM 0.00 0.00 0.00 0.00 | F:x̄σmM 640.0 0.0 640.0 640.0 | H 1.946 | V 0.000 | pL 0.000 | vL 0.000 | ∇ 0.000
U 124 | F 253952 | FPS 1486 | D 171 | rR:x̄σmM 0.00 0.00 0.00 0.00 | F:x̄σmM 640.0 0.0 640.0 640.0 | H 1.946 | V 0.000 | pL -0.000 | vL 0.000 | ∇ 0.000
U 125 | F 256000 | FPS 1487 | D 172 | rR:x̄σmM 0.00 0.00 0.00 0.00 | F:x̄σmM 640.0 0.0 640.0 640.0 | H 1.946 | V 0.000 | pL 0.000 | vL 0.000 | ∇ 0.000
U 126 | F 258048 | FPS 1508 | D 173 | rR:x̄σmM 0.00 0.00 0.00 0.00 | F:x̄σmM 640.0 0.0 640.0 640.0 | H 1.946 | V 0.000 | pL 0.000 | vL 0.000 | ∇ 0.000
U 127 | F 260096 | FPS 1480 | D 175 | rR:x̄σmM 0.00 0.00 0.00 0.00 | F:x̄σmM 640.0 0.0 640.0 640.0 | H 1.946 | V -0.000 | pL -0.000 | vL 0.000 | ∇ 0.000
U 128 | F 262144 | FPS 1503 | D 176 | rR:x̄σmM 0.00 0.00 0.00 0.00 | F:x̄σmM 640.0 0.0 640.0 640.0 | H 1.946 | V -0.000 | pL -0.000 | vL 0.000 | ∇ 0.000
U 129 | F 264192 | FPS 1488 | D 178 | rR:x̄σmM 0.04 0.12 0.00 0.41 | F:x̄σmM 617.9 60.4 420.0 640.0 | H 1.943 | V 0.005 | pL -0.006 | vL 0.000 | ∇ 0.004
U 130 | F 266240 | FPS 1506 | D 179 | rR:x̄σmM 0.04 0.12 0.00 0.41 | F:x̄σmM 617.9 60.4 420.0 640.0 | H 1.944 | V 0.008 | pL 0.002 | vL 0.000 | ∇ 0.001
Model successfully saved
U 131 | F 268288 | FPS 1503 | D 180 | rR:x̄σmM 0.04 0.12 0.00 0.41 | F:x̄σmM 617.9 60.4 420.0 640.0 | H 1.946 | V 0.006 | pL 0.001 | vL 0.000 | ∇ 0.001
U 132 | F 270336 | FPS 1487 | D 182 | rR:x̄σmM 0.04 0.12 0.00 0.41 | F:x̄σmM 617.9 60.4 420.0 640.0 | H 1.946 | V 0.002 | pL 0.000 | vL 0.000 | ∇ 0.001
U 133 | F 272384 | FPS 1512 | D 183 | rR:x̄σmM 0.04 0.12 0.00 0.41 | F:x̄σmM 617.9 60.4 420.0 640.0 | H 1.946 | V 0.001 | pL 0.000 | vL 0.000 | ∇ 0.000
U 134 | F 274432 | FPS 1502 | D 184 | rR:x̄σmM 0.00 0.00 0.00 0.00 | F:x̄σmM 640.0 0.0 640.0 640.0 | H 1.946 | V 0.001 | pL 0.000 | vL 0.000 | ∇ 0.000
U 135 | F 276480 | FPS 1480 | D 186 | rR:x̄σmM 0.00 0.00 0.00 0.00 | F:x̄σmM 640.0 0.0 640.0 640.0 | H 1.946 | V 0.000 | pL 0.000 | vL 0.000 | ∇ 0.001
U 136 | F 278528 | FPS 1501 | D 187 | rR:x̄σmM 0.00 0.00 0.00 0.00 | F:x̄σmM 640.0 0.0 640.0 640.0 | H 1.946 | V 0.001 | pL 0.000 | vL 0.000 | ∇ 0.000
U 137 | F 280576 | FPS 1483 | D 188 | rR:x̄σmM 0.04 0.17 0.00 0.71 | F:x̄σmM 613.0 104.6 208.0 640.0 | H 1.942 | V 0.006 | pL -0.006 | vL 0.001 | ∇ 0.008
U 138 | F 282624 | FPS 1517 | D 190 | rR:x̄σmM 0.04 0.17 0.00 0.71 | F:x̄σmM 613.0 104.6 208.0 640.0 | H 1.944 | V 0.009 | pL 0.002 | vL 0.000 | ∇ 0.001
U 139 | F 284672 | FPS 1512 | D 191 | rR:x̄σmM 0.04 0.17 0.00 0.71 | F:x̄σmM 613.0 104.6 208.0 640.0 | H 1.945 | V 0.011 | pL 0.002 | vL 0.000 | ∇ 0.001
U 140 | F 286720 | FPS 1498 | D 193 | rR:x̄σmM 0.04 0.17 0.00 0.71 | F:x̄σmM 613.0 104.6 208.0 640.0 | H 1.946 | V 0.008 | pL 0.002 | vL 0.000 | ∇ 0.001
Model successfully saved
U 141 | F 288768 | FPS 1398 | D 194 | rR:x̄σmM 0.04 0.17 0.00 0.71 | F:x̄σmM 613.0 104.6 208.0 640.0 | H 1.946 | V 0.006 | pL 0.001 | vL 0.000 | ∇ 0.001
U 142 | F 290816 | FPS 1204 | D 196 | rR:x̄σmM 0.00 0.00 0.00 0.00 | F:x̄σmM 640.0 0.0 640.0 640.0 | H 1.946 | V 0.001 | pL 0.000 | vL 0.000 | ∇ 0.000
U 143 | F 292864 | FPS 1257 | D 197 | rR:x̄σmM 0.00 0.00 0.00 0.00 | F:x̄σmM 640.0 0.0 640.0 640.0 | H 1.946 | V 0.002 | pL 0.000 | vL 0.000 | ∇ 0.000
U 144 | F 294912 | FPS 1305 | D 199 | rR:x̄σmM 0.00 0.00 0.00 0.00 | F:x̄σmM 640.0 0.0 640.0 640.0 | H 1.946 | V 0.001 | pL 0.000 | vL 0.000 | ∇ 0.000
U 145 | F 296960 | FPS 1369 | D 200 | rR:x̄σmM 0.00 0.00 0.00 0.00 | F:x̄σmM 640.0 0.0 640.0 640.0 | H 1.946 | V -0.000 | pL -0.000 | vL 0.000 | ∇ 0.000
U 146 | F 299008 | FPS 1423 | D 202 | rR:x̄σmM 0.00 0.00 0.00 0.00 | F:x̄σmM 640.0 0.0 640.0 640.0 | H 1.946 | V 0.001 | pL 0.000 | vL 0.000 | ∇ 0.000
U 147 | F 301056 | FPS 1467 | D 203 | rR:x̄σmM 0.00 0.00 0.00 0.00 | F:x̄σmM 640.0 0.0 640.0 640.0 | H 1.946 | V -0.001 | pL -0.000 | vL 0.000 | ∇ 0.000
U 148 | F 303104 | FPS 1419 | D 205 | rR:x̄σmM 0.00 0.00 0.00 0.00 | F:x̄σmM 640.0 0.0 640.0 640.0 | H 1.946 | V -0.000 | pL -0.000 | vL 0.000 | ∇ 0.000
U 149 | F 305152 | FPS 1559 | D 206 | rR:x̄σmM 0.00 0.00 0.00 0.00 | F:x̄σmM 640.0 0.0 640.0 640.0 | H 1.946 | V -0.000 | pL -0.000 | vL 0.000 | ∇ 0.000
U 150 | F 307200 | FPS 1524 | D 207 | rR:x̄σmM 0.02 0.07 0.00 0.27 | F:x̄σmM 632.3 29.8 517.0 640.0 | H 1.945 | V 0.001 | pL 0.000 | vL 0.000 | ∇ 0.002
Model successfully saved
U 151 | F 309248 | FPS 1527 | D 209 | rR:x̄σmM 0.02 0.07 0.00 0.27 | F:x̄σmM 632.3 29.8 517.0 640.0 | H 1.946 | V -0.001 | pL -0.000 | vL 0.000 | ∇ 0.000
U 152 | F 311296 | FPS 1533 | D 210 | rR:x̄σmM 0.02 0.07 0.00 0.27 | F:x̄σmM 632.3 29.8 517.0 640.0 | H 1.946 | V 0.000 | pL 0.000 | vL 0.000 | ∇ 0.000
U 153 | F 313344 | FPS 1496 | D 211 | rR:x̄σmM 0.02 0.07 0.00 0.27 | F:x̄σmM 632.3 29.8 517.0 640.0 | H 1.946 | V -0.001 | pL -0.000 | vL 0.000 | ∇ 0.001
U 154 | F 315392 | FPS 1493 | D 213 | rR:x̄σmM 0.02 0.07 0.00 0.27 | F:x̄σmM 632.3 29.8 517.0 640.0 | H 1.946 | V -0.001 | pL -0.000 | vL 0.000 | ∇ 0.000
U 155 | F 317440 | FPS 1511 | D 214 | rR:x̄σmM 0.00 0.00 0.00 0.00 | F:x̄σmM 640.0 0.0 640.0 640.0 | H 1.946 | V -0.001 | pL -0.000 | vL 0.000 | ∇ 0.000
U 156 | F 319488 | FPS 1478 | D 216 | rR:x̄σmM 0.00 0.00 0.00 0.00 | F:x̄σmM 640.0 0.0 640.0 640.0 | H 1.946 | V -0.001 | pL -0.000 | vL 0.000 | ∇ 0.000
U 157 | F 321536 | FPS 1504 | D 217 | rR:x̄σmM 0.01 0.05 0.00 0.20 | F:x̄σmM 635.6 16.9 570.0 640.0 | H 1.944 | V 0.002 | pL -0.002 | vL 0.000 | ∇ 0.003
U 158 | F 323584 | FPS 1484 | D 218 | rR:x̄σmM 0.01 0.05 0.00 0.20 | F:x̄σmM 635.6 16.9 570.0 640.0 | H 1.946 | V 0.002 | pL 0.001 | vL 0.000 | ∇ 0.000
U 159 | F 325632 | FPS 1477 | D 220 | rR:x̄σmM 0.01 0.05 0.00 0.20 | F:x̄σmM 635.6 16.9 570.0 640.0 | H 1.946 | V 0.003 | pL 0.000 | vL 0.000 | ∇ 0.000
U 160 | F 327680 | FPS 1495 | D 221 | rR:x̄σmM 0.01 0.05 0.00 0.20 | F:x̄σmM 635.6 16.9 570.0 640.0 | H 1.946 | V 0.001 | pL 0.000 | vL 0.000 | ∇ 0.000
Model successfully saved
U 161 | F 329728 | FPS 1482 | D 223 | rR:x̄σmM 0.01 0.05 0.00 0.20 | F:x̄σmM 635.6 16.9 570.0 640.0 | H 1.946 | V 0.002 | pL 0.000 | vL 0.000 | ∇ 0.000
U 162 | F 331776 | FPS 1491 | D 224 | rR:x̄σmM 0.05 0.19 0.00 0.78 | F:x̄σmM 609.8 116.9 157.0 640.0 | H 1.942 | V 0.005 | pL -0.005 | vL 0.001 | ∇ 0.008
U 163 | F 333824 | FPS 1491 | D 225 | rR:x̄σmM 0.05 0.19 0.00 0.78 | F:x̄σmM 609.8 116.9 157.0 640.0 | H 1.945 | V 0.016 | pL 0.002 | vL 0.000 | ∇ 0.002
U 164 | F 335872 | FPS 1456 | D 227 | rR:x̄σmM 0.05 0.19 0.00 0.78 | F:x̄σmM 609.8 116.9 157.0 640.0 | H 1.946 | V 0.010 | pL 0.002 | vL 0.000 | ∇ 0.001
U 165 | F 337920 | FPS 1493 | D 228 | rR:x̄σmM 0.05 0.19 0.00 0.78 | F:x̄σmM 609.8 116.9 157.0 640.0 | H 1.946 | V 0.010 | pL 0.003 | vL 0.000 | ∇ 0.001
U 166 | F 339968 | FPS 1478 | D 229 | rR:x̄σmM 0.05 0.19 0.00 0.78 | F:x̄σmM 609.8 116.9 157.0 640.0 | H 1.946 | V 0.008 | pL 0.001 | vL 0.000 | ∇ 0.000
U 167 | F 342016 | FPS 1482 | D 231 | rR:x̄σmM 0.00 0.00 0.00 0.00 | F:x̄σmM 640.0 0.0 640.0 640.0 | H 1.946 | V 0.005 | pL 0.001 | vL 0.000 | ∇ 0.000
U 168 | F 344064 | FPS 1496 | D 232 | rR:x̄σmM 0.00 0.00 0.00 0.00 | F:x̄σmM 640.0 0.0 640.0 640.0 | H 1.946 | V 0.005 | pL 0.001 | vL 0.000 | ∇ 0.000
U 169 | F 346112 | FPS 1478 | D 234 | rR:x̄σmM 0.00 0.00 0.00 0.00 | F:x̄σmM 640.0 0.0 640.0 640.0 | H 1.946 | V 0.004 | pL 0.001 | vL 0.000 | ∇ 0.000
U 170 | F 348160 | FPS 1488 | D 235 | rR:x̄σmM 0.00 0.00 0.00 0.00 | F:x̄σmM 640.0 0.0 640.0 640.0 | H 1.946 | V 0.003 | pL 0.001 | vL 0.000 | ∇ 0.000
Model successfully saved
U 171 | F 350208 | FPS 1485 | D 236 | rR:x̄σmM 0.00 0.00 0.00 0.00 | F:x̄σmM 640.0 0.0 640.0 640.0 | H 1.946 | V 0.003 | pL 0.001 | vL 0.000 | ∇ 0.000
U 172 | F 352256 | FPS 1482 | D 238 | rR:x̄σmM 0.00 0.00 0.00 0.00 | F:x̄σmM 640.0 0.0 640.0 640.0 | H 1.946 | V 0.002 | pL 0.000 | vL 0.000 | ∇ 0.000
U 173 | F 354304 | FPS 1483 | D 239 | rR:x̄σmM 0.00 0.00 0.00 0.00 | F:x̄σmM 640.0 0.0 640.0 640.0 | H 1.946 | V 0.002 | pL 0.000 | vL 0.000 | ∇ 0.000
U 174 | F 356352 | FPS 1477 | D 241 | rR:x̄σmM 0.00 0.00 0.00 0.00 | F:x̄σmM 640.0 0.0 640.0 640.0 | H 1.945 | V 0.003 | pL 0.001 | vL 0.000 | ∇ 0.001
U 175 | F 358400 | FPS 1473 | D 242 | rR:x̄σmM 0.00 0.00 0.00 0.00 | F:x̄σmM 640.0 0.0 640.0 640.0 | H 1.946 | V 0.004 | pL 0.001 | vL 0.000 | ∇ 0.000
U 176 | F 360448 | FPS 1502 | D 243 | rR:x̄σmM 0.00 0.00 0.00 0.00 | F:x̄σmM 640.0 0.0 640.0 640.0 | H 1.946 | V 0.004 | pL 0.001 | vL 0.000 | ∇ 0.000
U 177 | F 362496 | FPS 1488 | D 245 | rR:x̄σmM 0.00 0.00 0.00 0.00 | F:x̄σmM 640.0 0.0 640.0 640.0 | H 1.946 | V 0.002 | pL 0.001 | vL 0.000 | ∇ 0.000
U 178 | F 364544 | FPS 1502 | D 246 | rR:x̄σmM 0.00 0.00 0.00 0.00 | F:x̄σmM 640.0 0.0 640.0 640.0 | H 1.946 | V 0.002 | pL 0.000 | vL 0.000 | ∇ 0.000
U 179 | F 366592 | FPS 1495 | D 247 | rR:x̄σmM 0.00 0.00 0.00 0.00 | F:x̄σmM 640.0 0.0 640.0 640.0 | H 1.946 | V 0.001 | pL 0.000 | vL 0.000 | ∇ 0.000
U 180 | F 368640 | FPS 1498 | D 249 | rR:x̄σmM 0.00 0.00 0.00 0.00 | F:x̄σmM 640.0 0.0 640.0 640.0 | H 1.946 | V 0.001 | pL 0.000 | vL 0.000 | ∇ 0.000
Model successfully saved
U 181 | F 370688 | FPS 1502 | D 250 | rR:x̄σmM 0.00 0.00 0.00 0.00 | F:x̄σmM 640.0 0.0 640.0 640.0 | H 1.945 | V 0.002 | pL -0.001 | vL 0.000 | ∇ 0.002
U 182 | F 372736 | FPS 1489 | D 252 | rR:x̄σmM 0.01 0.03 0.00 0.14 | F:x̄σmM 638.4 6.1 615.0 640.0 | H 1.945 | V -0.001 | pL -0.001 | vL 0.000 | ∇ 0.002
U 183 | F 374784 | FPS 1499 | D 253 | rR:x̄σmM 0.01 0.03 0.00 0.14 | F:x̄σmM 638.4 6.1 615.0 640.0 | H 1.946 | V -0.001 | pL -0.000 | vL 0.000 | ∇ 0.000
U 184 | F 376832 | FPS 1491 | D 254 | rR:x̄σmM 0.01 0.03 0.00 0.14 | F:x̄σmM 638.4 6.1 615.0 640.0 | H 1.946 | V -0.002 | pL -0.000 | vL 0.000 | ∇ 0.001
U 185 | F 378880 | FPS 1486 | D 256 | rR:x̄σmM 0.03 0.09 0.00 0.37 | F:x̄σmM 626.6 45.7 451.0 640.0 | H 1.944 | V 0.002 | pL -0.003 | vL 0.000 | ∇ 0.003
U 186 | F 380928 | FPS 1495 | D 257 | rR:x̄σmM 0.03 0.09 0.00 0.37 | F:x̄σmM 626.6 45.7 451.0 640.0 | H 1.945 | V -0.002 | pL -0.000 | vL 0.000 | ∇ 0.000
U 187 | F 382976 | FPS 1498 | D 258 | rR:x̄σmM 0.02 0.09 0.00 0.37 | F:x̄σmM 628.2 45.7 451.0 640.0 | H 1.946 | V -0.002 | pL -0.000 | vL 0.000 | ∇ 0.001
U 188 | F 385024 | FPS 1472 | D 260 | rR:x̄σmM 0.02 0.09 0.00 0.37 | F:x̄σmM 628.2 45.7 451.0 640.0 | H 1.946 | V -0.001 | pL -0.000 | vL 0.000 | ∇ 0.000
U 189 | F 387072 | FPS 1503 | D 261 | rR:x̄σmM 0.02 0.09 0.00 0.37 | F:x̄σmM 628.2 45.7 451.0 640.0 | H 1.946 | V -0.001 | pL -0.000 | vL 0.000 | ∇ 0.000
U 190 | F 389120 | FPS 1488 | D 263 | rR:x̄σmM 0.00 0.00 0.00 0.00 | F:x̄σmM 640.0 0.0 640.0 640.0 | H 1.945 | V 0.000 | pL -0.000 | vL 0.000 | ∇ 0.002
Model successfully saved
U 191 | F 391168 | FPS 1497 | D 264 | rR:x̄σmM 0.00 0.00 0.00 0.00 | F:x̄σmM 640.0 0.0 640.0 640.0 | H 1.946 | V -0.001 | pL -0.000 | vL 0.000 | ∇ 0.000
U 192 | F 393216 | FPS 1479 | D 265 | rR:x̄σmM 0.00 0.00 0.00 0.00 | F:x̄σmM 640.0 0.0 640.0 640.0 | H 1.946 | V -0.001 | pL -0.000 | vL 0.000 | ∇ 0.000
U 193 | F 395264 | FPS 1496 | D 267 | rR:x̄σmM 0.00 0.00 0.00 0.00 | F:x̄σmM 640.0 0.0 640.0 640.0 | H 1.946 | V -0.001 | pL -0.000 | vL 0.000 | ∇ 0.000
U 194 | F 397312 | FPS 1498 | D 268 | rR:x̄σmM 0.01 0.04 0.00 0.16 | F:x̄σmM 637.5 9.7 600.0 640.0 | H 1.945 | V 0.001 | pL -0.001 | vL 0.000 | ∇ 0.002
U 195 | F 399360 | FPS 1487 | D 269 | rR:x̄σmM 0.01 0.04 0.00 0.16 | F:x̄σmM 637.5 9.7 600.0 640.0 | H 1.946 | V -0.000 | pL -0.000 | vL 0.000 | ∇ 0.000
U 196 | F 401408 | FPS 1493 | D 271 | rR:x̄σmM 0.01 0.04 0.00 0.16 | F:x̄σmM 637.5 9.7 600.0 640.0 | H 1.946 | V 0.000 | pL 0.000 | vL 0.000 | ∇ 0.000
U 197 | F 403456 | FPS 1497 | D 272 | rR:x̄σmM 0.01 0.04 0.00 0.16 | F:x̄σmM 637.5 9.7 600.0 640.0 | H 1.946 | V 0.000 | pL 0.000 | vL 0.000 | ∇ 0.000
U 198 | F 405504 | FPS 1476 | D 274 | rR:x̄σmM 0.01 0.04 0.00 0.16 | F:x̄σmM 637.5 9.7 600.0 640.0 | H 1.946 | V 0.000 | pL 0.000 | vL 0.000 | ∇ 0.000
U 199 | F 407552 | FPS 1478 | D 275 | rR:x̄σmM 0.00 0.00 0.00 0.00 | F:x̄σmM 640.0 0.0 640.0 640.0 | H 1.946 | V 0.000 | pL -0.000 | vL 0.000 | ∇ 0.000
U 200 | F 409600 | FPS 1496 | D 276 | rR:x̄σmM 0.00 0.00 0.00 0.00 | F:x̄σmM 640.0 0.0 640.0 640.0 | H 1.946 | V -0.000 | pL -0.000 | vL 0.000 | ∇ 0.000
Model successfully saved
U 201 | F 411648 | FPS 1476 | D 278 | rR:x̄σmM 0.00 0.00 0.00 0.00 | F:x̄σmM 640.0 0.0 640.0 640.0 | H 1.946 | V -0.000 | pL -0.000 | vL 0.000 | ∇ 0.000
U 202 | F 413696 | FPS 1494 | D 279 | rR:x̄σmM 0.00 0.00 0.00 0.00 | F:x̄σmM 640.0 0.0 640.0 640.0 | H 1.946 | V 0.000 | pL 0.000 | vL 0.000 | ∇ 0.000
U 203 | F 415744 | FPS 1480 | D 280 | rR:x̄σmM 0.00 0.00 0.00 0.00 | F:x̄σmM 640.0 0.0 640.0 640.0 | H 1.946 | V 0.000 | pL 0.000 | vL 0.000 | ∇ 0.000
U 204 | F 417792 | FPS 1474 | D 282 | rR:x̄σmM 0.00 0.00 0.00 0.00 | F:x̄σmM 640.0 0.0 640.0 640.0 | H 1.946 | V 0.000 | pL 0.000 | vL 0.000 | ∇ 0.000
U 205 | F 419840 | FPS 1484 | D 283 | rR:x̄σmM 0.00 0.00 0.00 0.00 | F:x̄σmM 640.0 0.0 640.0 640.0 | H 1.946 | V 0.000 | pL 0.000 | vL 0.000 | ∇ 0.000
U 206 | F 421888 | FPS 1475 | D 285 | rR:x̄σmM 0.00 0.00 0.00 0.00 | F:x̄σmM 640.0 0.0 640.0 640.0 | H 1.946 | V 0.000 | pL -0.000 | vL 0.000 | ∇ 0.000
U 207 | F 423936 | FPS 1475 | D 286 | rR:x̄σmM 0.00 0.00 0.00 0.00 | F:x̄σmM 640.0 0.0 640.0 640.0 | H 1.946 | V 0.000 | pL 0.000 | vL 0.000 | ∇ 0.000
U 208 | F 425984 | FPS 1481 | D 287 | rR:x̄σmM 0.00 0.00 0.00 0.00 | F:x̄σmM 640.0 0.0 640.0 640.0 | H 1.946 | V -0.000 | pL -0.000 | vL 0.000 | ∇ 0.000
U 209 | F 428032 | FPS 1489 | D 289 | rR:x̄σmM 0.00 0.00 0.00 0.00 | F:x̄σmM 640.0 0.0 640.0 640.0 | H 1.946 | V -0.000 | pL -0.000 | vL 0.000 | ∇ 0.000
U 210 | F 430080 | FPS 1494 | D 290 | rR:x̄σmM 0.00 0.00 0.00 0.00 | F:x̄σmM 640.0 0.0 640.0 640.0 | H 1.946 | V -0.000 | pL 0.000 | vL 0.000 | ∇ 0.000
Model successfully saved
U 211 | F 432128 | FPS 1503 | D 292 | rR:x̄σmM 0.00 0.00 0.00 0.00 | F:x̄σmM 640.0 0.0 640.0 640.0 | H 1.946 | V 0.000 | pL -0.000 | vL 0.000 | ∇ 0.000
U 212 | F 434176 | FPS 1508 | D 293 | rR:x̄σmM 0.00 0.00 0.00 0.00 | F:x̄σmM 640.0 0.0 640.0 640.0 | H 1.946 | V -0.000 | pL -0.000 | vL 0.000 | ∇ 0.000
U 213 | F 436224 | FPS 1492 | D 294 | rR:x̄σmM 0.02 0.08 0.00 0.31 | F:x̄σmM 630.5 36.8 488.0 640.0 | H 1.943 | V 0.002 | pL -0.003 | vL 0.000 | ∇ 0.006
U 214 | F 438272 | FPS 1474 | D 296 | rR:x̄σmM 0.02 0.08 0.00 0.31 | F:x̄σmM 630.5 36.8 488.0 640.0 | H 1.944 | V 0.000 | pL -0.000 | vL 0.000 | ∇ 0.001
U 215 | F 440320 | FPS 1500 | D 297 | rR:x̄σmM 0.02 0.08 0.00 0.31 | F:x̄σmM 630.5 36.8 488.0 640.0 | H 1.945 | V -0.001 | pL -0.000 | vL 0.000 | ∇ 0.001
U 216 | F 442368 | FPS 1484 | D 298 | rR:x̄σmM 0.02 0.08 0.00 0.31 | F:x̄σmM 630.5 36.8 488.0 640.0 | H 1.946 | V -0.003 | pL -0.001 | vL 0.000 | ∇ 0.000
U 217 | F 444416 | FPS 1489 | D 300 | rR:x̄σmM 0.02 0.08 0.00 0.31 | F:x̄σmM 630.5 36.8 488.0 640.0 | H 1.946 | V -0.003 | pL -0.000 | vL 0.000 | ∇ 0.000
U 218 | F 446464 | FPS 1503 | D 301 | rR:x̄σmM 0.00 0.00 0.00 0.00 | F:x̄σmM 640.0 0.0 640.0 640.0 | H 1.946 | V -0.003 | pL -0.001 | vL 0.000 | ∇ 0.001
U 219 | F 448512 | FPS 1479 | D 303 | rR:x̄σmM 0.01 0.03 0.00 0.14 | F:x̄σmM 638.2 7.0 611.0 640.0 | H 1.945 | V -0.002 | pL -0.001 | vL 0.000 | ∇ 0.001
U 220 | F 450560 | FPS 1495 | D 304 | rR:x̄σmM 0.02 0.07 0.00 0.24 | F:x̄σmM 631.9 25.0 539.0 640.0 | H 1.942 | V 0.001 | pL -0.001 | vL 0.000 | ∇ 0.002
Model successfully saved
U 221 | F 452608 | FPS 1498 | D 305 | rR:x̄σmM 0.02 0.07 0.00 0.24 | F:x̄σmM 631.9 25.0 539.0 640.0 | H 1.946 | V -0.001 | pL -0.000 | vL 0.000 | ∇ 0.000
U 222 | F 454656 | FPS 1485 | D 307 | rR:x̄σmM 0.08 0.14 0.00 0.41 | F:x̄σmM 604.1 74.7 416.0 640.0 | H 1.939 | V 0.011 | pL -0.009 | vL 0.001 | ∇ 0.004
U 223 | F 456704 | FPS 1506 | D 308 | rR:x̄σmM 0.16 0.25 0.00 0.89 | F:x̄σmM 552.1 153.1 78.0 640.0 | H 1.936 | V 0.024 | pL -0.008 | vL 0.003 | ∇ 0.017
U 224 | F 458752 | FPS 1500 | D 309 | rR:x̄σmM 0.15 0.26 0.00 0.89 | F:x̄σmM 558.4 154.5 78.0 640.0 | H 1.942 | V 0.027 | pL 0.000 | vL 0.000 | ∇ 0.004
U 225 | F 460800 | FPS 1493 | D 311 | rR:x̄σmM 0.17 0.26 0.00 0.89 | F:x̄σmM 546.4 155.2 78.0 640.0 | H 1.939 | V 0.022 | pL 0.002 | vL 0.001 | ∇ 0.007
U 226 | F 462848 | FPS 1509 | D 312 | rR:x̄σmM 0.14 0.25 0.00 0.89 | F:x̄σmM 560.2 153.0 78.0 640.0 | H 1.944 | V 0.011 | pL 0.002 | vL 0.000 | ∇ 0.001
U 227 | F 464896 | FPS 1492 | D 314 | rR:x̄σmM 0.12 0.24 0.00 0.89 | F:x̄σmM 574.2 149.4 78.0 640.0 | H 1.943 | V 0.011 | pL 0.002 | vL 0.000 | ∇ 0.001
U 228 | F 466944 | FPS 1497 | D 315 | rR:x̄σmM 0.02 0.09 0.00 0.37 | F:x̄σmM 628.0 46.5 448.0 640.0 | H 1.936 | V 0.010 | pL 0.002 | vL 0.000 | ∇ 0.001
U 229 | F 468992 | FPS 1499 | D 316 | rR:x̄σmM 0.02 0.09 0.00 0.37 | F:x̄σmM 628.0 46.5 448.0 640.0 | H 1.945 | V 0.007 | pL 0.001 | vL 0.000 | ∇ 0.000
U 230 | F 471040 | FPS 1494 | D 318 | rR:x̄σmM 0.00 0.00 0.00 0.00 | F:x̄σmM 640.0 0.0 640.0 640.0 | H 1.946 | V 0.005 | pL 0.001 | vL 0.000 | ∇ 0.000
Model successfully saved
U 231 | F 473088 | FPS 1512 | D 319 | rR:x̄σmM 0.00 0.00 0.00 0.00 | F:x̄σmM 640.0 0.0 640.0 640.0 | H 1.946 | V 0.005 | pL 0.001 | vL 0.000 | ∇ 0.000
U 232 | F 475136 | FPS 1483 | D 320 | rR:x̄σmM 0.00 0.00 0.00 0.00 | F:x̄σmM 640.0 0.0 640.0 640.0 | H 1.946 | V 0.004 | pL 0.001 | vL 0.000 | ∇ 0.000
U 233 | F 477184 | FPS 1475 | D 322 | rR:x̄σmM 0.00 0.00 0.00 0.00 | F:x̄σmM 640.0 0.0 640.0 640.0 | H 1.945 | V 0.004 | pL 0.001 | vL 0.000 | ∇ 0.000
U 234 | F 479232 | FPS 1485 | D 323 | rR:x̄σmM 0.01 0.04 0.00 0.17 | F:x̄σmM 636.8 12.3 589.0 640.0 | H 1.943 | V 0.004 | pL -0.001 | vL 0.000 | ∇ 0.002
U 235 | F 481280 | FPS 1470 | D 325 | rR:x̄σmM 0.03 0.07 0.00 0.23 | F:x̄σmM 630.9 25.2 546.0 640.0 | H 1.944 | V 0.005 | pL -0.001 | vL 0.000 | ∇ 0.001
U 236 | F 483328 | FPS 1494 | D 326 | rR:x̄σmM 0.03 0.07 0.00 0.23 | F:x̄σmM 630.9 25.2 546.0 640.0 | H 1.946 | V 0.002 | pL 0.001 | vL 0.000 | ∇ 0.000
U 237 | F 485376 | FPS 1494 | D 327 | rR:x̄σmM 0.03 0.07 0.00 0.23 | F:x̄σmM 630.9 25.2 546.0 640.0 | H 1.946 | V 0.003 | pL 0.000 | vL 0.000 | ∇ 0.000
U 238 | F 487424 | FPS 1473 | D 329 | rR:x̄σmM 0.03 0.07 0.00 0.23 | F:x̄σmM 630.9 25.2 546.0 640.0 | H 1.946 | V 0.001 | pL 0.000 | vL 0.000 | ∇ 0.000
U 239 | F 489472 | FPS 1490 | D 330 | rR:x̄σmM 0.01 0.06 0.00 0.23 | F:x̄σmM 634.1 22.8 546.0 640.0 | H 1.946 | V 0.001 | pL 0.000 | vL 0.000 | ∇ 0.000
U 240 | F 491520 | FPS 1480 | D 331 | rR:x̄σmM 0.00 0.00 0.00 0.00 | F:x̄σmM 640.0 0.0 640.0 640.0 | H 1.946 | V 0.001 | pL 0.000 | vL 0.000 | ∇ 0.000
Model successfully saved
U 241 | F 493568 | FPS 1484 | D 333 | rR:x̄σmM 0.05 0.21 0.00 0.87 | F:x̄σmM 605.6 133.1 90.0 640.0 | H 1.940 | V 0.008 | pL -0.007 | vL 0.002 | ∇ 0.010
U 242 | F 495616 | FPS 1484 | D 334 | rR:x̄σmM 0.10 0.25 0.00 0.87 | F:x̄σmM 581.3 157.9 90.0 640.0 | H 1.941 | V 0.016 | pL -0.004 | vL 0.001 | ∇ 0.005
U 243 | F 497664 | FPS 1479 | D 336 | rR:x̄σmM 0.15 0.32 0.00 0.89 | F:x̄σmM 546.0 198.7 75.0 640.0 | H 1.899 | V 0.044 | pL 0.004 | vL 0.003 | ∇ 0.017
U 244 | F 499712 | FPS 1497 | D 337 | rR:x̄σmM 0.15 0.32 0.00 0.89 | F:x̄σmM 546.0 198.7 75.0 640.0 | H 1.937 | V 0.043 | pL 0.005 | vL 0.000 | ∇ 0.005
U 245 | F 501760 | FPS 1501 | D 338 | rR:x̄σmM 0.10 0.26 0.00 0.89 | F:x̄σmM 580.4 160.8 75.0 640.0 | H 1.917 | V 0.044 | pL 0.011 | vL 0.001 | ∇ 0.011
U 246 | F 503808 | FPS 1478 | D 340 | rR:x̄σmM 0.10 0.26 0.00 0.89 | F:x̄σmM 580.4 160.8 75.0 640.0 | H 1.944 | V 0.034 | pL 0.007 | vL 0.000 | ∇ 0.002
U 247 | F 505856 | FPS 1494 | D 341 | rR:x̄σmM 0.06 0.22 0.00 0.89 | F:x̄σmM 604.7 136.8 75.0 640.0 | H 1.944 | V 0.024 | pL 0.005 | vL 0.000 | ∇ 0.002
U 248 | F 507904 | FPS 1486 | D 343 | rR:x̄σmM 0.00 0.00 0.00 0.00 | F:x̄σmM 640.0 0.0 640.0 640.0 | H 1.943 | V 0.018 | pL 0.004 | vL 0.000 | ∇ 0.001
U 249 | F 509952 | FPS 1481 | D 344 | rR:x̄σmM 0.00 0.00 0.00 0.00 | F:x̄σmM 640.0 0.0 640.0 640.0 | H 1.944 | V 0.014 | pL 0.003 | vL 0.000 | ∇ 0.001
U 250 | F 512000 | FPS 1500 | D 345 | rR:x̄σmM 0.05 0.18 0.00 0.76 | F:x̄σmM 610.8 113.3 172.0 640.0 | H 1.943 | V 0.013 | pL -0.001 | vL 0.001 | ∇ 0.004
Model successfully saved
U 251 | F 514048 | FPS 1473 | D 347 | rR:x̄σmM 0.09 0.25 0.00 0.76 | F:x̄σmM 582.9 151.0 172.0 640.0 | H 1.942 | V 0.019 | pL -0.003 | vL 0.002 | ∇ 0.007
U 252 | F 516096 | FPS 1506 | D 348 | rR:x̄σmM 0.12 0.26 0.00 0.76 | F:x̄σmM 569.2 155.2 172.0 640.0 | H 1.939 | V 0.009 | pL 0.001 | vL 0.000 | ∇ 0.003
U 253 | F 518144 | FPS 1467 | D 349 | rR:x̄σmM 0.15 0.27 0.00 0.76 | F:x̄σmM 549.6 164.5 172.0 640.0 | H 1.941 | V 0.018 | pL -0.001 | vL 0.001 | ∇ 0.004
U 254 | F 520192 | FPS 1479 | D 351 | rR:x̄σmM 0.15 0.27 0.00 0.76 | F:x̄σmM 549.6 164.5 172.0 640.0 | H 1.945 | V 0.009 | pL 0.001 | vL 0.000 | ∇ 0.001
U 255 | F 522240 | FPS 1493 | D 352 | rR:x̄σmM 0.10 0.23 0.00 0.73 | F:x̄σmM 578.9 133.4 195.0 640.0 | H 1.945 | V 0.008 | pL 0.002 | vL 0.000 | ∇ 0.001
U 256 | F 524288 | FPS 1465 | D 354 | rR:x̄σmM 0.06 0.16 0.00 0.54 | F:x̄σmM 606.7 89.7 327.0 640.0 | H 1.945 | V 0.006 | pL 0.001 | vL 0.000 | ∇ 0.000
U 257 | F 526336 | FPS 1500 | D 355 | rR:x̄σmM 0.03 0.13 0.00 0.54 | F:x̄σmM 620.4 75.8 327.0 640.0 | H 1.946 | V 0.005 | pL 0.001 | vL 0.000 | ∇ 0.000
U 258 | F 528384 | FPS 1491 | D 356 | rR:x̄σmM 0.05 0.18 0.00 0.75 | F:x̄σmM 610.9 112.6 175.0 640.0 | H 1.941 | V 0.012 | pL -0.005 | vL 0.001 | ∇ 0.007
U 259 | F 530432 | FPS 1487 | D 358 | rR:x̄σmM 0.05 0.18 0.00 0.75 | F:x̄σmM 610.9 112.6 175.0 640.0 | H 1.944 | V 0.002 | pL 0.000 | vL 0.000 | ∇ 0.001
U 260 | F 532480 | FPS 1481 | D 359 | rR:x̄σmM 0.05 0.18 0.00 0.75 | F:x̄σmM 610.9 112.6 175.0 640.0 | H 1.945 | V 0.004 | pL 0.001 | vL 0.000 | ∇ 0.000
Model successfully saved
U 261 | F 534528 | FPS 1492 | D 361 | rR:x̄σmM 0.05 0.18 0.00 0.75 | F:x̄σmM 610.9 112.6 175.0 640.0 | H 1.945 | V 0.001 | pL 0.000 | vL 0.000 | ∇ 0.000
U 262 | F 536576 | FPS 1479 | D 362 | rR:x̄σmM 0.05 0.18 0.00 0.75 | F:x̄σmM 610.9 112.6 175.0 640.0 | H 1.937 | V 0.017 | pL -0.001 | vL 0.001 | ∇ 0.004
U 263 | F 538624 | FPS 1503 | D 363 | rR:x̄σmM 0.02 0.06 0.00 0.27 | F:x̄σmM 632.6 28.6 522.0 640.0 | H 1.943 | V 0.010 | pL 0.003 | vL 0.000 | ∇ 0.003
U 264 | F 540672 | FPS 1487 | D 365 | rR:x̄σmM 0.02 0.06 0.00 0.27 | F:x̄σmM 632.6 28.6 522.0 640.0 | H 1.945 | V 0.004 | pL 0.001 | vL 0.000 | ∇ 0.000
U 265 | F 542720 | FPS 1488 | D 366 | rR:x̄σmM 0.02 0.06 0.00 0.27 | F:x̄σmM 632.6 28.6 522.0 640.0 | H 1.945 | V 0.004 | pL 0.001 | vL 0.000 | ∇ 0.001
U 266 | F 544768 | FPS 1491 | D 367 | rR:x̄σmM 0.05 0.13 0.00 0.47 | F:x̄σmM 616.0 68.7 374.0 640.0 | H 1.943 | V 0.009 | pL -0.003 | vL 0.000 | ∇ 0.004
U 267 | F 546816 | FPS 1474 | D 369 | rR:x̄σmM 0.03 0.11 0.00 0.47 | F:x̄σmM 623.4 64.4 374.0 640.0 | H 1.945 | V 0.002 | pL 0.000 | vL 0.000 | ∇ 0.001
U 268 | F 548864 | FPS 1499 | D 370 | rR:x̄σmM 0.04 0.12 0.00 0.47 | F:x̄σmM 622.6 64.3 374.0 640.0 | H 1.942 | V 0.003 | pL -0.000 | vL 0.000 | ∇ 0.002
U 269 | F 550912 | FPS 1490 | D 372 | rR:x̄σmM 0.04 0.12 0.00 0.47 | F:x̄σmM 622.6 64.3 374.0 640.0 | H 1.945 | V 0.005 | pL 0.001 | vL 0.000 | ∇ 0.000
U 270 | F 552960 | FPS 1501 | D 373 | rR:x̄σmM 0.04 0.12 0.00 0.47 | F:x̄σmM 622.6 64.3 374.0 640.0 | H 1.946 | V 0.003 | pL 0.001 | vL 0.000 | ∇ 0.000
Model successfully saved
U 271 | F 555008 | FPS 1501 | D 374 | rR:x̄σmM 0.01 0.03 0.00 0.12 | F:x̄σmM 639.2 3.1 627.0 640.0 | H 1.946 | V 0.002 | pL 0.000 | vL 0.000 | ∇ 0.000
U 272 | F 557056 | FPS 1475 | D 376 | rR:x̄σmM 0.05 0.16 0.00 0.64 | F:x̄σmM 615.2 92.8 256.0 640.0 | H 1.942 | V 0.011 | pL -0.005 | vL 0.000 | ∇ 0.010
U 273 | F 559104 | FPS 1516 | D 377 | rR:x̄σmM 0.09 0.23 0.00 0.76 | F:x̄σmM 586.5 142.4 168.0 640.0 | H 1.939 | V 0.006 | pL -0.006 | vL 0.001 | ∇ 0.005
U 274 | F 561152 | FPS 1487 | D 378 | rR:x̄σmM 0.09 0.23 0.00 0.76 | F:x̄σmM 586.5 142.4 168.0 640.0 | H 1.944 | V 0.002 | pL 0.000 | vL 0.000 | ∇ 0.001
U 275 | F 563200 | FPS 1461 | D 380 | rR:x̄σmM 0.09 0.23 0.00 0.76 | F:x̄σmM 586.5 142.4 168.0 640.0 | H 1.945 | V 0.002 | pL 0.000 | vL 0.000 | ∇ 0.000
U 276 | F 565248 | FPS 1488 | D 381 | rR:x̄σmM 0.09 0.23 0.00 0.76 | F:x̄σmM 586.5 142.4 168.0 640.0 | H 1.946 | V 0.001 | pL 0.000 | vL 0.000 | ∇ 0.000
U 277 | F 567296 | FPS 1486 | D 383 | rR:x̄σmM 0.05 0.18 0.00 0.76 | F:x̄σmM 610.5 114.3 168.0 640.0 | H 1.946 | V 0.000 | pL -0.000 | vL 0.000 | ∇ 0.000
U 278 | F 569344 | FPS 1497 | D 384 | rR:x̄σmM 0.00 0.00 0.00 0.00 | F:x̄σmM 640.0 0.0 640.0 640.0 | H 1.946 | V -0.000 | pL 0.000 | vL 0.000 | ∇ 0.000
U 279 | F 571392 | FPS 1499 | D 385 | rR:x̄σmM 0.00 0.00 0.00 0.00 | F:x̄σmM 640.0 0.0 640.0 640.0 | H 1.945 | V 0.003 | pL -0.002 | vL 0.000 | ∇ 0.002
U 280 | F 573440 | FPS 1479 | D 387 | rR:x̄σmM 0.00 0.00 0.00 0.00 | F:x̄σmM 640.0 0.0 640.0 640.0 | H 1.928 | V 0.025 | pL 0.002 | vL 0.001 | ∇ 0.008
Model successfully saved
U 281 | F 575488 | FPS 1497 | D 388 | rR:x̄σmM 0.00 0.00 0.00 0.00 | F:x̄σmM 640.0 0.0 640.0 640.0 | H 1.925 | V 0.028 | pL -0.002 | vL 0.002 | ∇ 0.007
U 282 | F 577536 | FPS 1484 | D 389 | rR:x̄σmM 0.00 0.00 0.00 0.00 | F:x̄σmM 640.0 0.0 640.0 640.0 | H 1.922 | V 0.026 | pL 0.003 | vL 0.000 | ∇ 0.005
U 283 | F 579584 | FPS 1489 | D 391 | rR:x̄σmM 0.00 0.00 0.00 0.00 | F:x̄σmM 640.0 0.0 640.0 640.0 | H 1.938 | V 0.010 | pL 0.004 | vL 0.000 | ∇ 0.003
U 284 | F 581632 | FPS 1498 | D 392 | rR:x̄σmM 0.03 0.12 0.00 0.51 | F:x̄σmM 621.6 71.2 346.0 640.0 | H 1.940 | V 0.011 | pL -0.001 | vL 0.000 | ∇ 0.003
U 285 | F 583680 | FPS 1496 | D 394 | rR:x̄σmM 0.03 0.12 0.00 0.51 | F:x̄σmM 621.6 71.2 346.0 640.0 | H 1.941 | V 0.011 | pL 0.000 | vL 0.000 | ∇ 0.001
U 286 | F 585728 | FPS 1500 | D 395 | rR:x̄σmM 0.03 0.12 0.00 0.51 | F:x̄σmM 621.6 71.2 346.0 640.0 | H 1.944 | V 0.006 | pL 0.001 | vL 0.000 | ∇ 0.002
U 287 | F 587776 | FPS 1493 | D 396 | rR:x̄σmM 0.03 0.12 0.00 0.51 | F:x̄σmM 621.6 71.2 346.0 640.0 | H 1.943 | V 0.009 | pL -0.002 | vL 0.000 | ∇ 0.003
U 288 | F 589824 | FPS 1463 | D 398 | rR:x̄σmM 0.04 0.13 0.00 0.51 | F:x̄σmM 618.6 71.4 346.0 640.0 | H 1.944 | V 0.005 | pL 0.001 | vL 0.000 | ∇ 0.002
U 289 | F 591872 | FPS 1497 | D 399 | rR:x̄σmM 0.01 0.04 0.00 0.17 | F:x̄σmM 636.9 11.9 591.0 640.0 | H 1.946 | V 0.003 | pL 0.001 | vL 0.000 | ∇ 0.000
U 290 | F 593920 | FPS 1485 | D 401 | rR:x̄σmM 0.01 0.04 0.00 0.17 | F:x̄σmM 636.9 11.9 591.0 640.0 | H 1.946 | V 0.003 | pL 0.001 | vL 0.000 | ∇ 0.000
Model successfully saved
U 291 | F 595968 | FPS 1481 | D 402 | rR:x̄σmM 0.01 0.04 0.00 0.17 | F:x̄σmM 636.9 11.9 591.0 640.0 | H 1.946 | V 0.002 | pL 0.000 | vL 0.000 | ∇ 0.000
U 292 | F 598016 | FPS 1479 | D 403 | rR:x̄σmM 0.01 0.04 0.00 0.17 | F:x̄σmM 636.9 11.9 591.0 640.0 | H 1.946 | V 0.001 | pL 0.000 | vL 0.000 | ∇ 0.000
U 293 | F 600064 | FPS 1468 | D 405 | rR:x̄σmM 0.00 0.00 0.00 0.00 | F:x̄σmM 640.0 0.0 640.0 640.0 | H 1.946 | V 0.001 | pL 0.000 | vL 0.000 | ∇ 0.000
U 294 | F 602112 | FPS 1496 | D 406 | rR:x̄σmM 0.00 0.00 0.00 0.00 | F:x̄σmM 640.0 0.0 640.0 640.0 | H 1.942 | V 0.003 | pL 0.001 | vL 0.000 | ∇ 0.002
U 295 | F 604160 | FPS 1313 | D 408 | rR:x̄σmM 0.01 0.04 0.00 0.18 | F:x̄σmM 636.4 14.0 582.0 640.0 | H 1.940 | V 0.004 | pL -0.001 | vL 0.000 | ∇ 0.001
U 296 | F 606208 | FPS 1389 | D 409 | rR:x̄σmM 0.01 0.04 0.00 0.18 | F:x̄σmM 636.4 14.0 582.0 640.0 | H 1.946 | V 0.001 | pL 0.000 | vL 0.000 | ∇ 0.000
U 297 | F 608256 | FPS 1113 | D 411 | rR:x̄σmM 0.01 0.04 0.00 0.18 | F:x̄σmM 636.4 14.0 582.0 640.0 | H 1.943 | V 0.002 | pL 0.000 | vL 0.000 | ∇ 0.001
U 298 | F 610304 | FPS 1496 | D 412 | rR:x̄σmM 0.04 0.12 0.00 0.46 | F:x̄σmM 620.2 63.1 382.0 640.0 | H 1.942 | V 0.002 | pL -0.000 | vL 0.000 | ∇ 0.001
U 299 | F 612352 | FPS 1482 | D 414 | rR:x̄σmM 0.04 0.12 0.00 0.46 | F:x̄σmM 620.2 63.1 382.0 640.0 | H 1.945 | V 0.001 | pL 0.000 | vL 0.000 | ∇ 0.001
U 300 | F 614400 | FPS 1334 | D 415 | rR:x̄σmM 0.03 0.11 0.00 0.46 | F:x̄σmM 623.9 62.5 382.0 640.0 | H 1.946 | V 0.001 | pL 0.000 | vL 0.000 | ∇ 0.000
Model successfully saved
U 301 | F 616448 | FPS 1371 | D 417 | rR:x̄σmM 0.03 0.11 0.00 0.46 | F:x̄σmM 623.9 62.5 382.0 640.0 | H 1.946 | V 0.000 | pL 0.000 | vL 0.000 | ∇ 0.000
U 302 | F 618496 | FPS 1502 | D 418 | rR:x̄σmM 0.03 0.11 0.00 0.46 | F:x̄σmM 623.9 62.5 382.0 640.0 | H 1.946 | V 0.000 | pL 0.000 | vL 0.000 | ∇ 0.000
U 303 | F 620544 | FPS 1498 | D 419 | rR:x̄σmM 0.00 0.00 0.00 0.00 | F:x̄σmM 640.0 0.0 640.0 640.0 | H 1.946 | V -0.000 | pL -0.000 | vL 0.000 | ∇ 0.000
U 304 | F 622592 | FPS 1486 | D 421 | rR:x̄σmM 0.00 0.00 0.00 0.00 | F:x̄σmM 640.0 0.0 640.0 640.0 | H 1.946 | V 0.000 | pL 0.000 | vL 0.000 | ∇ 0.000
U 305 | F 624640 | FPS 1504 | D 422 | rR:x̄σmM 0.03 0.13 0.00 0.55 | F:x̄σmM 619.9 77.7 319.0 640.0 | H 1.937 | V 0.005 | pL -0.005 | vL 0.000 | ∇ 0.004
U 306 | F 626688 | FPS 1477 | D 424 | rR:x̄σmM 0.03 0.13 0.00 0.55 | F:x̄σmM 619.9 77.7 319.0 640.0 | H 1.945 | V 0.002 | pL 0.000 | vL 0.000 | ∇ 0.000
U 307 | F 628736 | FPS 1504 | D 425 | rR:x̄σmM 0.03 0.13 0.00 0.55 | F:x̄σmM 619.9 77.7 319.0 640.0 | H 1.946 | V 0.000 | pL 0.000 | vL 0.000 | ∇ 0.000
U 308 | F 630784 | FPS 1503 | D 426 | rR:x̄σmM 0.03 0.13 0.00 0.55 | F:x̄σmM 619.9 77.7 319.0 640.0 | H 1.946 | V -0.000 | pL 0.000 | vL 0.000 | ∇ 0.000
U 309 | F 632832 | FPS 1486 | D 428 | rR:x̄σmM 0.03 0.13 0.00 0.55 | F:x̄σmM 619.9 77.7 319.0 640.0 | H 1.946 | V -0.000 | pL -0.000 | vL 0.000 | ∇ 0.000
U 310 | F 634880 | FPS 1508 | D 429 | rR:x̄σmM 0.00 0.00 0.00 0.00 | F:x̄σmM 640.0 0.0 640.0 640.0 | H 1.946 | V -0.000 | pL -0.000 | vL 0.000 | ∇ 0.000
Model successfully saved
U 311 | F 636928 | FPS 1424 | D 431 | rR:x̄σmM 0.00 0.00 0.00 0.00 | F:x̄σmM 640.0 0.0 640.0 640.0 | H 1.946 | V -0.001 | pL -0.000 | vL 0.000 | ∇ 0.000
U 312 | F 638976 | FPS 1322 | D 432 | rR:x̄σmM 0.00 0.00 0.00 0.00 | F:x̄σmM 640.0 0.0 640.0 640.0 | H 1.946 | V -0.000 | pL -0.000 | vL 0.000 | ∇ 0.000
U 313 | F 641024 | FPS 1433 | D 434 | rR:x̄σmM 0.03 0.10 0.00 0.42 | F:x̄σmM 625.6 55.7 410.0 640.0 | H 1.941 | V 0.005 | pL -0.003 | vL 0.000 | ∇ 0.003
U 314 | F 643072 | FPS 1468 | D 435 | rR:x̄σmM 0.03 0.10 0.00 0.42 | F:x̄σmM 625.6 55.7 410.0 640.0 | H 1.945 | V 0.002 | pL 0.000 | vL 0.000 | ∇ 0.000
U 315 | F 645120 | FPS 1511 | D 436 | rR:x̄σmM 0.03 0.10 0.00 0.42 | F:x̄σmM 625.6 55.7 410.0 640.0 | H 1.946 | V 0.001 | pL 0.000 | vL 0.000 | ∇ 0.000
U 316 | F 647168 | FPS 1484 | D 438 | rR:x̄σmM 0.03 0.10 0.00 0.42 | F:x̄σmM 625.6 55.7 410.0 640.0 | H 1.946 | V 0.001 | pL 0.000 | vL 0.000 | ∇ 0.000
U 317 | F 649216 | FPS 1505 | D 439 | rR:x̄σmM 0.03 0.10 0.00 0.42 | F:x̄σmM 625.6 55.7 410.0 640.0 | H 1.946 | V 0.000 | pL 0.000 | vL 0.000 | ∇ 0.000
U 318 | F 651264 | FPS 1499 | D 440 | rR:x̄σmM 0.00 0.00 0.00 0.00 | F:x̄σmM 640.0 0.0 640.0 640.0 | H 1.946 | V 0.000 | pL 0.000 | vL 0.000 | ∇ 0.000
U 319 | F 653312 | FPS 1491 | D 442 | rR:x̄σmM 0.05 0.19 0.00 0.80 | F:x̄σmM 609.1 119.8 145.0 640.0 | H 1.941 | V 0.008 | pL -0.006 | vL 0.001 | ∇ 0.007
U 320 | F 655360 | FPS 1500 | D 443 | rR:x̄σmM 0.07 0.21 0.00 0.80 | F:x̄σmM 597.9 124.6 145.0 640.0 | H 1.943 | V 0.004 | pL -0.003 | vL 0.000 | ∇ 0.003
Model successfully saved
U 321 | F 657408 | FPS 1477 | D 445 | rR:x̄σmM 0.07 0.21 0.00 0.80 | F:x̄σmM 597.9 124.6 145.0 640.0 | H 1.945 | V 0.002 | pL 0.000 | vL 0.000 | ∇ 0.000
U 322 | F 659456 | FPS 1494 | D 446 | rR:x̄σmM 0.07 0.21 0.00 0.80 | F:x̄σmM 597.9 124.6 145.0 640.0 | H 1.946 | V 0.003 | pL 0.000 | vL 0.000 | ∇ 0.000
U 323 | F 661504 | FPS 1500 | D 447 | rR:x̄σmM 0.09 0.22 0.00 0.80 | F:x̄σmM 586.6 128.5 145.0 640.0 | H 1.943 | V 0.008 | pL -0.002 | vL 0.000 | ∇ 0.002
U 324 | F 663552 | FPS 1487 | D 449 | rR:x̄σmM 0.04 0.12 0.00 0.36 | F:x̄σmM 617.5 59.5 458.0 640.0 | H 1.945 | V 0.003 | pL 0.001 | vL 0.000 | ∇ 0.000
U 325 | F 665600 | FPS 1506 | D 450 | rR:x̄σmM 0.02 0.09 0.00 0.36 | F:x̄σmM 628.6 44.1 458.0 640.0 | H 1.946 | V 0.005 | pL 0.001 | vL 0.000 | ∇ 0.000
U 326 | F 667648 | FPS 1496 | D 451 | rR:x̄σmM 0.02 0.09 0.00 0.36 | F:x̄σmM 628.6 44.1 458.0 640.0 | H 1.946 | V 0.003 | pL 0.001 | vL 0.000 | ∇ 0.000
U 327 | F 669696 | FPS 1312 | D 453 | rR:x̄σmM 0.02 0.09 0.00 0.36 | F:x̄σmM 628.6 44.1 458.0 640.0 | H 1.946 | V 0.001 | pL 0.000 | vL 0.000 | ∇ 0.000
U 328 | F 671744 | FPS 0929 | D 455 | rR:x̄σmM 0.00 0.00 0.00 0.00 | F:x̄σmM 640.0 0.0 640.0 640.0 | H 1.946 | V 0.001 | pL 0.000 | vL 0.000 | ∇ 0.000
U 329 | F 673792 | FPS 1142 | D 457 | rR:x̄σmM 0.00 0.00 0.00 0.00 | F:x̄σmM 640.0 0.0 640.0 640.0 | H 1.946 | V 0.001 | pL 0.000 | vL 0.000 | ∇ 0.000
U 330 | F 675840 | FPS 1000 | D 459 | rR:x̄σmM 0.00 0.00 0.00 0.00 | F:x̄σmM 640.0 0.0 640.0 640.0 | H 1.943 | V 0.007 | pL -0.003 | vL 0.000 | ∇ 0.002
Model successfully saved
U 331 | F 677888 | FPS 1033 | D 461 | rR:x̄σmM 0.11 0.24 0.00 0.76 | F:x̄σmM 572.4 147.5 173.0 640.0 | H 1.936 | V 0.023 | pL -0.008 | vL 0.001 | ∇ 0.008
U 332 | F 679936 | FPS 0989 | D 463 | rR:x̄σmM 0.11 0.24 0.00 0.76 | F:x̄σmM 572.4 147.5 173.0 640.0 | H 1.945 | V -0.001 | pL -0.000 | vL 0.000 | ∇ 0.001
U 333 | F 681984 | FPS 1282 | D 465 | rR:x̄σmM 0.11 0.24 0.00 0.76 | F:x̄σmM 572.4 147.5 173.0 640.0 | H 1.946 | V 0.003 | pL 0.001 | vL 0.000 | ∇ 0.000
U 334 | F 684032 | FPS 1206 | D 466 | rR:x̄σmM 0.11 0.24 0.00 0.76 | F:x̄σmM 572.4 147.5 173.0 640.0 | H 1.936 | V 0.019 | pL -0.001 | vL 0.001 | ∇ 0.004
U 335 | F 686080 | FPS 1307 | D 468 | rR:x̄σmM 0.12 0.26 0.00 0.76 | F:x̄σmM 566.7 154.4 173.0 640.0 | H 1.936 | V 0.022 | pL -0.006 | vL 0.002 | ∇ 0.006
U 336 | F 688128 | FPS 1340 | D 470 | rR:x̄σmM 0.07 0.20 0.00 0.61 | F:x̄σmM 595.9 116.8 276.0 640.0 | H 1.941 | V 0.005 | pL 0.002 | vL 0.000 | ∇ 0.002
U 337 | F 690176 | FPS 1247 | D 471 | rR:x̄σmM 0.09 0.20 0.00 0.61 | F:x̄σmM 591.2 116.4 276.0 640.0 | H 1.938 | V 0.009 | pL -0.000 | vL 0.001 | ∇ 0.004
U 338 | F 692224 | FPS 1346 | D 473 | rR:x̄σmM 0.09 0.20 0.00 0.61 | F:x̄σmM 591.2 116.4 276.0 640.0 | H 1.942 | V 0.013 | pL 0.002 | vL 0.000 | ∇ 0.001
U 339 | F 694272 | FPS 1351 | D 474 | rR:x̄σmM 0.09 0.20 0.00 0.61 | F:x̄σmM 591.2 116.4 276.0 640.0 | H 1.945 | V 0.009 | pL 0.002 | vL 0.000 | ∇ 0.001
U 340 | F 696320 | FPS 1355 | D 476 | rR:x̄σmM 0.01 0.05 0.00 0.20 | F:x̄σmM 635.4 17.9 566.0 640.0 | H 1.945 | V 0.004 | pL 0.001 | vL 0.000 | ∇ 0.000
Model successfully saved
U 341 | F 698368 | FPS 1384 | D 477 | rR:x̄σmM 0.01 0.05 0.00 0.20 | F:x̄σmM 635.4 17.9 566.0 640.0 | H 1.945 | V 0.003 | pL 0.000 | vL 0.000 | ∇ 0.001
U 342 | F 700416 | FPS 1394 | D 479 | rR:x̄σmM 0.05 0.19 0.00 0.78 | F:x̄σmM 609.9 116.4 159.0 640.0 | H 1.944 | V 0.009 | pL -0.004 | vL 0.001 | ∇ 0.006
U 343 | F 702464 | FPS 1389 | D 480 | rR:x̄σmM 0.05 0.19 0.00 0.78 | F:x̄σmM 609.9 116.4 159.0 640.0 | H 1.943 | V -0.001 | pL 0.001 | vL 0.000 | ∇ 0.003
U 344 | F 704512 | FPS 1380 | D 482 | rR:x̄σmM 0.08 0.21 0.00 0.78 | F:x̄σmM 595.5 125.8 159.0 640.0 | H 1.943 | V 0.003 | pL -0.004 | vL 0.000 | ∇ 0.004
U 345 | F 706560 | FPS 1391 | D 483 | rR:x̄σmM 0.10 0.22 0.00 0.78 | F:x̄σmM 585.6 128.1 159.0 640.0 | H 1.942 | V 0.010 | pL -0.004 | vL 0.001 | ∇ 0.004
U 346 | F 708608 | FPS 1376 | D 485 | rR:x̄σmM 0.08 0.16 0.00 0.45 | F:x̄σmM 599.9 85.2 388.0 640.0 | H 1.945 | V 0.013 | pL 0.001 | vL 0.000 | ∇ 0.002
U 347 | F 710656 | FPS 1376 | D 486 | rR:x̄σmM 0.08 0.16 0.00 0.45 | F:x̄σmM 599.9 85.2 388.0 640.0 | H 1.946 | V 0.007 | pL 0.001 | vL 0.000 | ∇ 0.000
U 348 | F 712704 | FPS 1364 | D 488 | rR:x̄σmM 0.08 0.16 0.00 0.45 | F:x̄σmM 599.9 85.2 388.0 640.0 | H 1.946 | V 0.003 | pL 0.001 | vL 0.000 | ∇ 0.000
U 349 | F 714752 | FPS 1388 | D 489 | rR:x̄σmM 0.05 0.13 0.00 0.45 | F:x̄σmM 614.4 69.8 388.0 640.0 | H 1.946 | V 0.002 | pL 0.000 | vL 0.000 | ∇ 0.000
U 350 | F 716800 | FPS 1383 | D 491 | rR:x̄σmM 0.03 0.11 0.00 0.45 | F:x̄σmM 624.2 61.0 388.0 640.0 | H 1.946 | V 0.001 | pL 0.000 | vL 0.000 | ∇ 0.000
Model successfully saved
U 351 | F 718848 | FPS 1360 | D 492 | rR:x̄σmM 0.02 0.07 0.00 0.28 | F:x̄σmM 632.1 30.5 514.0 640.0 | H 1.944 | V 0.006 | pL -0.001 | vL 0.000 | ∇ 0.002
U 352 | F 720896 | FPS 1265 | D 494 | rR:x̄σmM 0.02 0.07 0.00 0.28 | F:x̄σmM 632.1 30.5 514.0 640.0 | H 1.945 | V 0.008 | pL 0.001 | vL 0.000 | ∇ 0.000
U 353 | F 722944 | FPS 1280 | D 495 | rR:x̄σmM 0.05 0.14 0.00 0.54 | F:x̄σmM 612.4 80.4 324.0 640.0 | H 1.944 | V 0.012 | pL -0.003 | vL 0.000 | ∇ 0.003
U 354 | F 724992 | FPS 1166 | D 497 | rR:x̄σmM 0.05 0.14 0.00 0.54 | F:x̄σmM 612.4 80.4 324.0 640.0 | H 1.944 | V 0.006 | pL 0.001 | vL 0.000 | ∇ 0.001
U 355 | F 727040 | FPS 1305 | D 499 | rR:x̄σmM 0.05 0.14 0.00 0.54 | F:x̄σmM 612.4 80.4 324.0 640.0 | H 1.945 | V 0.002 | pL 0.001 | vL 0.000 | ∇ 0.001
U 356 | F 729088 | FPS 1217 | D 500 | rR:x̄σmM 0.03 0.13 0.00 0.54 | F:x̄σmM 620.2 76.5 324.0 640.0 | H 1.941 | V 0.011 | pL -0.003 | vL 0.001 | ∇ 0.004
U 357 | F 731136 | FPS 1432 | D 502 | rR:x̄σmM 0.07 0.19 0.00 0.59 | F:x̄σmM 598.6 109.6 294.0 640.0 | H 1.944 | V 0.006 | pL 0.001 | vL 0.000 | ∇ 0.001
U 358 | F 733184 | FPS 1276 | D 503 | rR:x̄σmM 0.04 0.14 0.00 0.59 | F:x̄σmM 618.4 83.8 294.0 640.0 | H 1.945 | V 0.005 | pL 0.001 | vL 0.000 | ∇ 0.000
U 359 | F 735232 | FPS 1370 | D 505 | rR:x̄σmM 0.04 0.14 0.00 0.59 | F:x̄σmM 618.4 83.8 294.0 640.0 | H 1.946 | V 0.003 | pL 0.000 | vL 0.000 | ∇ 0.000
U 360 | F 737280 | FPS 1341 | D 506 | rR:x̄σmM 0.04 0.14 0.00 0.59 | F:x̄σmM 618.4 83.8 294.0 640.0 | H 1.943 | V 0.008 | pL 0.002 | vL 0.000 | ∇ 0.004
Model successfully saved
U 361 | F 739328 | FPS 1485 | D 508 | rR:x̄σmM 0.02 0.07 0.00 0.30 | F:x̄σmM 631.1 34.6 497.0 640.0 | H 1.941 | V 0.016 | pL 0.000 | vL 0.000 | ∇ 0.003
U 362 | F 741376 | FPS 1503 | D 509 | rR:x̄σmM 0.02 0.07 0.00 0.30 | F:x̄σmM 631.1 34.6 497.0 640.0 | H 1.946 | V 0.011 | pL 0.002 | vL 0.000 | ∇ 0.001
U 363 | F 743424 | FPS 1267 | D 511 | rR:x̄σmM 0.02 0.07 0.00 0.30 | F:x̄σmM 631.1 34.6 497.0 640.0 | H 1.946 | V 0.006 | pL 0.001 | vL 0.000 | ∇ 0.000
U 364 | F 745472 | FPS 1393 | D 512 | rR:x̄σmM 0.02 0.07 0.00 0.30 | F:x̄σmM 631.1 34.6 497.0 640.0 | H 1.946 | V 0.005 | pL 0.001 | vL 0.000 | ∇ 0.000
U 365 | F 747520 | FPS 1334 | D 514 | rR:x̄σmM 0.02 0.07 0.00 0.30 | F:x̄σmM 631.1 34.6 497.0 640.0 | H 1.946 | V 0.004 | pL 0.001 | vL 0.000 | ∇ 0.000
U 366 | F 749568 | FPS 1385 | D 515 | rR:x̄σmM 0.00 0.00 0.00 0.00 | F:x̄σmM 640.0 0.0 640.0 640.0 | H 1.946 | V 0.003 | pL 0.001 | vL 0.000 | ∇ 0.000
U 367 | F 751616 | FPS 1369 | D 517 | rR:x̄σmM 0.00 0.00 0.00 0.00 | F:x̄σmM 640.0 0.0 640.0 640.0 | H 1.946 | V 0.002 | pL 0.000 | vL 0.000 | ∇ 0.000
U 368 | F 753664 | FPS 1275 | D 518 | rR:x̄σmM 0.00 0.00 0.00 0.00 | F:x̄σmM 640.0 0.0 640.0 640.0 | H 1.946 | V 0.001 | pL 0.000 | vL 0.000 | ∇ 0.000
U 369 | F 755712 | FPS 1467 | D 520 | rR:x̄σmM 0.00 0.00 0.00 0.00 | F:x̄σmM 640.0 0.0 640.0 640.0 | H 1.946 | V 0.001 | pL 0.000 | vL 0.000 | ∇ 0.000
U 370 | F 757760 | FPS 1326 | D 521 | rR:x̄σmM 0.00 0.00 0.00 0.00 | F:x̄σmM 640.0 0.0 640.0 640.0 | H 1.946 | V 0.001 | pL 0.000 | vL 0.000 | ∇ 0.000
Model successfully saved
U 371 | F 759808 | FPS 1339 | D 523 | rR:x̄σmM 0.00 0.00 0.00 0.00 | F:x̄σmM 640.0 0.0 640.0 640.0 | H 1.946 | V 0.000 | pL 0.000 | vL 0.000 | ∇ 0.000
U 372 | F 761856 | FPS 1431 | D 524 | rR:x̄σmM 0.05 0.21 0.00 0.87 | F:x̄σmM 606.0 131.7 96.0 640.0 | H 1.941 | V 0.010 | pL -0.007 | vL 0.001 | ∇ 0.006
U 373 | F 763904 | FPS 1496 | D 526 | rR:x̄σmM 0.05 0.21 0.00 0.87 | F:x̄σmM 606.0 131.7 96.0 640.0 | H 1.945 | V 0.002 | pL 0.000 | vL 0.000 | ∇ 0.000
U 374 | F 765952 | FPS 1483 | D 527 | rR:x̄σmM 0.05 0.21 0.00 0.87 | F:x̄σmM 606.0 131.7 96.0 640.0 | H 1.940 | V 0.016 | pL -0.002 | vL 0.000 | ∇ 0.003
U 375 | F 768000 | FPS 1508 | D 528 | rR:x̄σmM 0.08 0.23 0.00 0.87 | F:x̄σmM 590.6 140.9 96.0 640.0 | H 1.945 | V -0.003 | pL -0.001 | vL 0.000 | ∇ 0.001
U 376 | F 770048 | FPS 1475 | D 530 | rR:x̄σmM 0.08 0.23 0.00 0.87 | F:x̄σmM 590.6 140.9 96.0 640.0 | H 1.946 | V -0.003 | pL -0.000 | vL 0.000 | ∇ 0.000
U 377 | F 772096 | FPS 1518 | D 531 | rR:x̄σmM 0.03 0.11 0.00 0.45 | F:x̄σmM 624.6 59.5 394.0 640.0 | H 1.946 | V -0.001 | pL -0.000 | vL 0.000 | ∇ 0.000
U 378 | F 774144 | FPS 1496 | D 533 | rR:x̄σmM 0.03 0.11 0.00 0.45 | F:x̄σmM 624.6 59.5 394.0 640.0 | H 1.946 | V -0.000 | pL 0.000 | vL 0.000 | ∇ 0.000
U 379 | F 776192 | FPS 1476 | D 534 | rR:x̄σmM 0.03 0.11 0.00 0.45 | F:x̄σmM 624.6 59.5 394.0 640.0 | H 1.946 | V 0.000 | pL 0.000 | vL 0.000 | ∇ 0.000
U 380 | F 778240 | FPS 1368 | D 535 | rR:x̄σmM 0.00 0.00 0.00 0.00 | F:x̄σmM 640.0 0.0 640.0 640.0 | H 1.946 | V 0.001 | pL 0.000 | vL 0.000 | ∇ 0.000
Model successfully saved
U 381 | F 780288 | FPS 1285 | D 537 | rR:x̄σmM 0.00 0.00 0.00 0.00 | F:x̄σmM 640.0 0.0 640.0 640.0 | H 1.946 | V -0.000 | pL -0.000 | vL 0.000 | ∇ 0.000
U 382 | F 782336 | FPS 1340 | D 539 | rR:x̄σmM 0.00 0.00 0.00 0.00 | F:x̄σmM 640.0 0.0 640.0 640.0 | H 1.946 | V -0.000 | pL 0.000 | vL 0.000 | ∇ 0.000
U 383 | F 784384 | FPS 1379 | D 540 | rR:x̄σmM 0.00 0.00 0.00 0.00 | F:x̄σmM 640.0 0.0 640.0 640.0 | H 1.946 | V -0.000 | pL 0.000 | vL 0.000 | ∇ 0.000
U 384 | F 786432 | FPS 1363 | D 542 | rR:x̄σmM 0.03 0.10 0.00 0.40 | F:x̄σmM 626.6 52.0 425.0 640.0 | H 1.940 | V 0.010 | pL -0.007 | vL 0.001 | ∇ 0.004
U 385 | F 788480 | FPS 1394 | D 543 | rR:x̄σmM 0.07 0.17 0.00 0.59 | F:x̄σmM 600.3 96.0 292.0 640.0 | H 1.943 | V 0.014 | pL 0.001 | vL 0.001 | ∇ 0.004
U 386 | F 790528 | FPS 1438 | D 544 | rR:x̄σmM 0.07 0.17 0.00 0.59 | F:x̄σmM 600.3 96.0 292.0 640.0 | H 1.945 | V 0.010 | pL 0.002 | vL 0.000 | ∇ 0.001
U 387 | F 792576 | FPS 1408 | D 546 | rR:x̄σmM 0.07 0.17 0.00 0.59 | F:x̄σmM 600.3 96.0 292.0 640.0 | H 1.945 | V 0.010 | pL 0.002 | vL 0.000 | ∇ 0.001
U 388 | F 794624 | FPS 1450 | D 547 | rR:x̄σmM 0.07 0.17 0.00 0.59 | F:x̄σmM 600.3 96.0 292.0 640.0 | H 1.943 | V 0.009 | pL 0.002 | vL 0.000 | ∇ 0.002
U 389 | F 796672 | FPS 1361 | D 549 | rR:x̄σmM 0.05 0.15 0.00 0.59 | F:x̄σmM 613.8 84.9 292.0 640.0 | H 1.944 | V 0.012 | pL 0.002 | vL 0.000 | ∇ 0.001
U 390 | F 798720 | FPS 1395 | D 550 | rR:x̄σmM 0.01 0.03 0.00 0.12 | F:x̄σmM 639.1 3.4 626.0 640.0 | H 1.945 | V 0.012 | pL 0.001 | vL 0.000 | ∇ 0.002
Model successfully saved
U 391 | F 800768 | FPS 1437 | D 552 | rR:x̄σmM 0.01 0.03 0.00 0.12 | F:x̄σmM 639.1 3.4 626.0 640.0 | H 1.946 | V 0.008 | pL 0.002 | vL 0.000 | ∇ 0.000
U 392 | F 802816 | FPS 1319 | D 553 | rR:x̄σmM 0.07 0.18 0.00 0.58 | F:x̄σmM 600.1 103.4 301.0 640.0 | H 1.941 | V 0.016 | pL -0.008 | vL 0.000 | ∇ 0.005
U 393 | F 804864 | FPS 1506 | D 555 | rR:x̄σmM 0.07 0.18 0.00 0.58 | F:x̄σmM 600.1 103.4 301.0 640.0 | H 1.942 | V 0.007 | pL 0.002 | vL 0.000 | ∇ 0.002
U 394 | F 806912 | FPS 1511 | D 556 | rR:x̄σmM 0.07 0.18 0.00 0.58 | F:x̄σmM 600.1 103.4 301.0 640.0 | H 1.944 | V 0.010 | pL -0.001 | vL 0.000 | ∇ 0.002
U 395 | F 808960 | FPS 1505 | D 557 | rR:x̄σmM 0.12 0.27 0.00 0.89 | F:x̄σmM 565.7 163.4 75.0 640.0 | H 1.941 | V 0.008 | pL -0.004 | vL 0.000 | ∇ 0.004
U 396 | F 811008 | FPS 1431 | D 559 | rR:x̄σmM 0.12 0.26 0.00 0.89 | F:x̄σmM 570.7 158.0 75.0 640.0 | H 1.938 | V 0.006 | pL 0.001 | vL 0.000 | ∇ 0.002
U 397 | F 813056 | FPS 1493 | D 560 | rR:x̄σmM 0.08 0.23 0.00 0.89 | F:x̄σmM 591.9 142.3 75.0 640.0 | H 1.945 | V 0.001 | pL 0.000 | vL 0.000 | ∇ 0.000
U 398 | F 815104 | FPS 1494 | D 562 | rR:x̄σmM 0.08 0.23 0.00 0.89 | F:x̄σmM 591.9 142.3 75.0 640.0 | H 1.943 | V 0.005 | pL -0.000 | vL 0.000 | ∇ 0.002
U 399 | F 817152 | FPS 1512 | D 563 | rR:x̄σmM 0.11 0.25 0.00 0.89 | F:x̄σmM 574.2 152.4 75.0 640.0 | H 1.944 | V 0.009 | pL 0.000 | vL 0.000 | ∇ 0.002
U 400 | F 819200 | FPS 1504 | D 564 | rR:x̄σmM 0.03 0.12 0.00 0.50 | F:x̄σmM 622.4 68.3 358.0 640.0 | H 1.945 | V 0.003 | pL 0.001 | vL 0.000 | ∇ 0.001
Model successfully saved
U 401 | F 821248 | FPS 1338 | D 566 | rR:x̄σmM 0.03 0.12 0.00 0.50 | F:x̄σmM 622.4 68.3 358.0 640.0 | H 1.946 | V 0.000 | pL 0.000 | vL 0.000 | ∇ 0.000
U 402 | F 823296 | FPS 1074 | D 568 | rR:x̄σmM 0.03 0.12 0.00 0.50 | F:x̄σmM 622.4 68.3 358.0 640.0 | H 1.946 | V 0.002 | pL 0.000 | vL 0.000 | ∇ 0.000
U 403 | F 825344 | FPS 1066 | D 570 | rR:x̄σmM 0.03 0.12 0.00 0.50 | F:x̄σmM 622.4 68.3 358.0 640.0 | H 1.946 | V 0.001 | pL 0.000 | vL 0.000 | ∇ 0.000
U 404 | F 827392 | FPS 0943 | D 572 | rR:x̄σmM 0.04 0.15 0.00 0.61 | F:x̄σmM 617.5 87.1 280.0 640.0 | H 1.940 | V 0.006 | pL -0.005 | vL 0.001 | ∇ 0.004
U 405 | F 829440 | FPS 1257 | D 574 | rR:x̄σmM 0.04 0.15 0.00 0.61 | F:x̄σmM 617.5 87.1 280.0 640.0 | H 1.945 | V 0.006 | pL 0.001 | vL 0.000 | ∇ 0.001
U 406 | F 831488 | FPS 1256 | D 575 | rR:x̄σmM 0.04 0.15 0.00 0.61 | F:x̄σmM 617.5 87.1 280.0 640.0 | H 1.928 | V 0.014 | pL 0.002 | vL 0.001 | ∇ 0.009
U 407 | F 833536 | FPS 1148 | D 577 | rR:x̄σmM 0.11 0.23 0.00 0.62 | F:x̄σmM 575.6 134.8 270.0 640.0 | H 1.935 | V 0.010 | pL -0.006 | vL 0.001 | ∇ 0.006
U 408 | F 835584 | FPS 1367 | D 578 | rR:x̄σmM 0.11 0.23 0.00 0.62 | F:x̄σmM 575.6 134.8 270.0 640.0 | H 1.945 | V 0.009 | pL 0.001 | vL 0.000 | ∇ 0.001
U 409 | F 837632 | FPS 1183 | D 580 | rR:x̄σmM 0.07 0.19 0.00 0.62 | F:x̄σmM 598.1 111.6 270.0 640.0 | H 1.936 | V 0.016 | pL -0.000 | vL 0.001 | ∇ 0.004
U 410 | F 839680 | FPS 0783 | D 583 | rR:x̄σmM 0.08 0.19 0.00 0.62 | F:x̄σmM 595.4 111.1 270.0 640.0 | H 1.935 | V 0.023 | pL 0.004 | vL 0.000 | ∇ 0.003
Model successfully saved
U 411 | F 841728 | FPS 0979 | D 585 | rR:x̄σmM 0.07 0.17 0.00 0.52 | F:x̄σmM 601.6 94.1 339.0 640.0 | H 1.938 | V 0.020 | pL -0.001 | vL 0.001 | ∇ 0.005
U 412 | F 843776 | FPS 1123 | D 587 | rR:x̄σmM 0.04 0.12 0.00 0.48 | F:x̄σmM 620.4 65.5 370.0 640.0 | H 1.941 | V 0.007 | pL 0.000 | vL 0.000 | ∇ 0.002
U 413 | F 845824 | FPS 1239 | D 588 | rR:x̄σmM 0.09 0.22 0.00 0.79 | F:x̄σmM 589.9 130.8 151.0 640.0 | H 1.942 | V 0.006 | pL -0.001 | vL 0.000 | ∇ 0.004
U 414 | F 847872 | FPS 1285 | D 590 | rR:x̄σmM 0.09 0.22 0.00 0.79 | F:x̄σmM 589.9 130.8 151.0 640.0 | H 1.945 | V 0.002 | pL 0.000 | vL 0.000 | ∇ 0.001
U 415 | F 849920 | FPS 1295 | D 592 | rR:x̄σmM 0.08 0.22 0.00 0.79 | F:x̄σmM 592.6 131.3 151.0 640.0 | H 1.946 | V 0.000 | pL 0.000 | vL 0.000 | ∇ 0.000
U 416 | F 851968 | FPS 1292 | D 593 | rR:x̄σmM 0.10 0.27 0.00 0.83 | F:x̄σmM 576.9 166.9 120.0 640.0 | H 1.939 | V 0.012 | pL -0.006 | vL 0.001 | ∇ 0.007
U 417 | F 854016 | FPS 1126 | D 595 | rR:x̄σmM 0.05 0.20 0.00 0.83 | F:x̄σmM 607.5 125.9 120.0 640.0 | H 1.945 | V 0.008 | pL 0.001 | vL 0.000 | ∇ 0.002
U 418 | F 856064 | FPS 1170 | D 597 | rR:x̄σmM 0.05 0.20 0.00 0.83 | F:x̄σmM 607.5 125.9 120.0 640.0 | H 1.944 | V 0.009 | pL 0.002 | vL 0.000 | ∇ 0.001
U 419 | F 858112 | FPS 1274 | D 598 | rR:x̄σmM 0.05 0.20 0.00 0.83 | F:x̄σmM 607.5 125.9 120.0 640.0 | H 1.943 | V 0.009 | pL 0.001 | vL 0.000 | ∇ 0.002
U 420 | F 860160 | FPS 1301 | D 600 | rR:x̄σmM 0.05 0.20 0.00 0.83 | F:x̄σmM 607.5 125.9 120.0 640.0 | H 1.923 | V 0.024 | pL 0.007 | vL 0.000 | ∇ 0.007
Model successfully saved
U 421 | F 862208 | FPS 1269 | D 602 | rR:x̄σmM 0.02 0.06 0.00 0.27 | F:x̄σmM 632.6 28.8 521.0 640.0 | H 1.938 | V 0.020 | pL 0.003 | vL 0.000 | ∇ 0.003
U 422 | F 864256 | FPS 1322 | D 603 | rR:x̄σmM 0.07 0.20 0.00 0.81 | F:x̄σmM 600.9 123.9 134.0 640.0 | H 1.939 | V 0.018 | pL -0.004 | vL 0.001 | ∇ 0.007
U 423 | F 866304 | FPS 1321 | D 605 | rR:x̄σmM 0.07 0.20 0.00 0.81 | F:x̄σmM 600.9 123.9 134.0 640.0 | H 1.937 | V 0.007 | pL 0.003 | vL 0.000 | ∇ 0.005
U 424 | F 868352 | FPS 1307 | D 606 | rR:x̄σmM 0.07 0.20 0.00 0.81 | F:x̄σmM 600.9 123.9 134.0 640.0 | H 1.945 | V 0.005 | pL 0.001 | vL 0.000 | ∇ 0.000
U 425 | F 870400 | FPS 1308 | D 608 | rR:x̄σmM 0.05 0.20 0.00 0.81 | F:x̄σmM 608.4 122.5 134.0 640.0 | H 1.945 | V 0.004 | pL 0.001 | vL 0.000 | ∇ 0.000
U 426 | F 872448 | FPS 1309 | D 609 | rR:x̄σmM 0.05 0.20 0.00 0.81 | F:x̄σmM 608.4 122.5 134.0 640.0 | H 1.946 | V 0.004 | pL 0.001 | vL 0.000 | ∇ 0.000
U 427 | F 874496 | FPS 1318 | D 611 | rR:x̄σmM 0.00 0.00 0.00 0.00 | F:x̄σmM 640.0 0.0 640.0 640.0 | H 1.946 | V 0.004 | pL 0.001 | vL 0.000 | ∇ 0.000
U 428 | F 876544 | FPS 1306 | D 612 | rR:x̄σmM 0.04 0.16 0.00 0.64 | F:x̄σmM 615.9 93.2 255.0 640.0 | H 1.927 | V 0.019 | pL -0.005 | vL 0.001 | ∇ 0.005
U 429 | F 878592 | FPS 1315 | D 614 | rR:x̄σmM 0.04 0.16 0.00 0.64 | F:x̄σmM 615.9 93.2 255.0 640.0 | H 1.909 | V 0.035 | pL -0.004 | vL 0.002 | ∇ 0.007
U 430 | F 880640 | FPS 1321 | D 616 | rR:x̄σmM 0.07 0.19 0.00 0.64 | F:x̄σmM 598.6 111.3 255.0 640.0 | H 1.914 | V 0.029 | pL 0.008 | vL 0.001 | ∇ 0.009
Model successfully saved
U 431 | F 882688 | FPS 1323 | D 617 | rR:x̄σmM 0.07 0.19 0.00 0.64 | F:x̄σmM 598.6 111.3 255.0 640.0 | H 1.928 | V 0.026 | pL 0.005 | vL 0.001 | ∇ 0.007
U 432 | F 884736 | FPS 1307 | D 619 | rR:x̄σmM 0.09 0.19 0.00 0.59 | F:x̄σmM 590.1 108.8 289.0 640.0 | H 1.924 | V 0.022 | pL -0.001 | vL 0.001 | ∇ 0.004
U 433 | F 886784 | FPS 1322 | D 620 | rR:x̄σmM 0.09 0.19 0.00 0.59 | F:x̄σmM 590.1 108.8 289.0 640.0 | H 1.944 | V 0.014 | pL 0.003 | vL 0.000 | ∇ 0.001
U 434 | F 888832 | FPS 1286 | D 622 | rR:x̄σmM 0.09 0.19 0.00 0.59 | F:x̄σmM 590.1 108.8 289.0 640.0 | H 1.945 | V 0.010 | pL 0.002 | vL 0.000 | ∇ 0.000
U 435 | F 890880 | FPS 1321 | D 623 | rR:x̄σmM 0.06 0.16 0.00 0.59 | F:x̄σmM 607.5 91.8 289.0 640.0 | H 1.941 | V 0.017 | pL -0.001 | vL 0.001 | ∇ 0.004
U 436 | F 892928 | FPS 1323 | D 625 | rR:x̄σmM 0.05 0.14 0.00 0.47 | F:x̄σmM 612.9 73.7 375.0 640.0 | H 1.944 | V 0.010 | pL 0.002 | vL 0.000 | ∇ 0.001
U 437 | F 894976 | FPS 1308 | D 627 | rR:x̄σmM 0.03 0.11 0.00 0.47 | F:x̄σmM 623.4 64.1 375.0 640.0 | H 1.946 | V 0.008 | pL 0.002 | vL 0.000 | ∇ 0.000
U 438 | F 897024 | FPS 1327 | D 628 | rR:x̄σmM 0.03 0.11 0.00 0.47 | F:x̄σmM 623.4 64.1 375.0 640.0 | H 1.944 | V 0.010 | pL -0.002 | vL 0.000 | ∇ 0.003
U 439 | F 899072 | FPS 1311 | D 630 | rR:x̄σmM 0.05 0.13 0.00 0.47 | F:x̄σmM 613.6 72.5 375.0 640.0 | H 1.941 | V 0.013 | pL 0.003 | vL 0.000 | ∇ 0.001
U 440 | F 901120 | FPS 1296 | D 631 | rR:x̄σmM 0.05 0.13 0.00 0.47 | F:x̄σmM 613.6 72.5 375.0 640.0 | H 1.946 | V 0.008 | pL 0.002 | vL 0.000 | ∇ 0.000
Model successfully saved
U 441 | F 903168 | FPS 1312 | D 633 | rR:x̄σmM 0.02 0.08 0.00 0.32 | F:x̄σmM 630.1 38.2 482.0 640.0 | H 1.946 | V 0.007 | pL 0.001 | vL 0.000 | ∇ 0.000
U 442 | F 905216 | FPS 1303 | D 634 | rR:x̄σmM 0.02 0.08 0.00 0.32 | F:x̄σmM 630.1 38.2 482.0 640.0 | H 1.945 | V 0.006 | pL 0.001 | vL 0.000 | ∇ 0.001
U 443 | F 907264 | FPS 1312 | D 636 | rR:x̄σmM 0.02 0.08 0.00 0.32 | F:x̄σmM 630.1 38.2 482.0 640.0 | H 1.945 | V 0.006 | pL 0.001 | vL 0.000 | ∇ 0.001
U 444 | F 909312 | FPS 1305 | D 638 | rR:x̄σmM 0.00 0.00 0.00 0.00 | F:x̄σmM 640.0 0.0 640.0 640.0 | H 1.946 | V 0.006 | pL 0.001 | vL 0.000 | ∇ 0.000
U 445 | F 911360 | FPS 1310 | D 639 | rR:x̄σmM 0.00 0.00 0.00 0.00 | F:x̄σmM 640.0 0.0 640.0 640.0 | H 1.946 | V 0.004 | pL 0.001 | vL 0.000 | ∇ 0.000
U 446 | F 913408 | FPS 1301 | D 641 | rR:x̄σmM 0.00 0.00 0.00 0.00 | F:x̄σmM 640.0 0.0 640.0 640.0 | H 1.946 | V 0.003 | pL 0.001 | vL 0.000 | ∇ 0.000
U 447 | F 915456 | FPS 1293 | D 642 | rR:x̄σmM 0.00 0.00 0.00 0.00 | F:x̄σmM 640.0 0.0 640.0 640.0 | H 1.946 | V 0.003 | pL 0.001 | vL 0.000 | ∇ 0.000
U 448 | F 917504 | FPS 1299 | D 644 | rR:x̄σmM 0.00 0.00 0.00 0.00 | F:x̄σmM 640.0 0.0 640.0 640.0 | H 1.946 | V 0.002 | pL 0.000 | vL 0.000 | ∇ 0.000
U 449 | F 919552 | FPS 1322 | D 645 | rR:x̄σmM 0.00 0.00 0.00 0.00 | F:x̄σmM 640.0 0.0 640.0 640.0 | H 1.946 | V 0.001 | pL 0.000 | vL 0.000 | ∇ 0.000
U 450 | F 921600 | FPS 1309 | D 647 | rR:x̄σmM 0.09 0.24 0.00 0.83 | F:x̄σmM 585.5 147.2 120.0 640.0 | H 1.936 | V 0.012 | pL -0.008 | vL 0.001 | ∇ 0.005
Model successfully saved
U 451 | F 923648 | FPS 1319 | D 649 | rR:x̄σmM 0.09 0.24 0.00 0.83 | F:x̄σmM 585.5 147.2 120.0 640.0 | H 1.945 | V -0.001 | pL 0.000 | vL 0.000 | ∇ 0.001
U 452 | F 925696 | FPS 1298 | D 650 | rR:x̄σmM 0.09 0.24 0.00 0.83 | F:x̄σmM 585.5 147.2 120.0 640.0 | H 1.946 | V 0.000 | pL 0.000 | vL 0.000 | ∇ 0.000
U 453 | F 927744 | FPS 1317 | D 652 | rR:x̄σmM 0.12 0.26 0.00 0.83 | F:x̄σmM 569.0 154.8 120.0 640.0 | H 1.942 | V 0.009 | pL -0.003 | vL 0.001 | ∇ 0.004
U 454 | F 929792 | FPS 1307 | D 653 | rR:x̄σmM 0.12 0.26 0.00 0.83 | F:x̄σmM 569.0 154.8 120.0 640.0 | H 1.945 | V 0.005 | pL 0.001 | vL 0.000 | ∇ 0.000
U 455 | F 931840 | FPS 1315 | D 655 | rR:x̄σmM 0.03 0.11 0.00 0.47 | F:x̄σmM 623.5 63.9 376.0 640.0 | H 1.939 | V 0.008 | pL 0.001 | vL 0.001 | ∇ 0.004
U 456 | F 933888 | FPS 1319 | D 656 | rR:x̄σmM 0.07 0.18 0.00 0.60 | F:x̄σmM 601.1 104.4 281.0 640.0 | H 1.939 | V 0.015 | pL -0.002 | vL 0.000 | ∇ 0.003
U 457 | F 935936 | FPS 1277 | D 658 | rR:x̄σmM 0.07 0.18 0.00 0.60 | F:x̄σmM 601.1 104.4 281.0 640.0 | H 1.945 | V 0.009 | pL 0.002 | vL 0.000 | ∇ 0.002
U 458 | F 937984 | FPS 1310 | D 660 | rR:x̄σmM 0.04 0.15 0.00 0.60 | F:x̄σmM 617.6 86.9 281.0 640.0 | H 1.945 | V 0.004 | pL 0.001 | vL 0.000 | ∇ 0.001
U 459 | F 940032 | FPS 1298 | D 661 | rR:x̄σmM 0.04 0.15 0.00 0.60 | F:x̄σmM 617.6 86.9 281.0 640.0 | H 1.932 | V 0.006 | pL 0.002 | vL 0.000 | ∇ 0.003
U 460 | F 942080 | FPS 1315 | D 663 | rR:x̄σmM 0.08 0.21 0.00 0.66 | F:x̄σmM 592.8 125.0 244.0 640.0 | H 1.920 | V 0.024 | pL -0.001 | vL 0.001 | ∇ 0.008
Model successfully saved
U 461 | F 944128 | FPS 1324 | D 664 | rR:x̄σmM 0.07 0.17 0.00 0.66 | F:x̄σmM 606.4 96.5 244.0 640.0 | H 1.920 | V 0.021 | pL 0.001 | vL 0.001 | ∇ 0.009
U 462 | F 946176 | FPS 1315 | D 666 | rR:x̄σmM 0.07 0.17 0.00 0.66 | F:x̄σmM 605.4 96.2 244.0 640.0 | H 1.942 | V 0.013 | pL 0.001 | vL 0.000 | ∇ 0.004
U 463 | F 948224 | FPS 1329 | D 667 | rR:x̄σmM 0.07 0.17 0.00 0.66 | F:x̄σmM 605.4 96.2 244.0 640.0 | H 1.945 | V 0.013 | pL 0.002 | vL 0.000 | ∇ 0.001
U 464 | F 950272 | FPS 1331 | D 669 | rR:x̄σmM 0.12 0.19 0.00 0.66 | F:x̄σmM 582.5 106.5 244.0 640.0 | H 1.935 | V 0.021 | pL -0.004 | vL 0.001 | ∇ 0.004
U 465 | F 952320 | FPS 1318 | D 670 | rR:x̄σmM 0.17 0.24 0.00 0.76 | F:x̄σmM 552.0 145.8 173.0 640.0 | H 1.916 | V 0.037 | pL -0.008 | vL 0.002 | ∇ 0.008
U 466 | F 954368 | FPS 1318 | D 672 | rR:x̄σmM 0.18 0.28 0.00 0.76 | F:x̄σmM 536.2 167.6 173.0 640.0 | H 1.922 | V 0.031 | pL 0.001 | vL 0.001 | ∇ 0.006
U 467 | F 956416 | FPS 1319 | D 674 | rR:x̄σmM 0.16 0.27 0.00 0.76 | F:x̄σmM 548.5 167.6 173.0 640.0 | H 1.936 | V 0.023 | pL 0.002 | vL 0.000 | ∇ 0.003
U 468 | F 958464 | FPS 1299 | D 675 | rR:x̄σmM 0.22 0.32 0.00 0.76 | F:x̄σmM 507.9 196.7 173.0 640.0 | H 1.922 | V 0.041 | pL -0.006 | vL 0.001 | ∇ 0.009
U 469 | F 960512 | FPS 1329 | D 677 | rR:x̄σmM 0.20 0.30 0.00 0.71 | F:x̄σmM 522.6 179.0 204.0 640.0 | H 1.911 | V 0.049 | pL -0.004 | vL 0.001 | ∇ 0.007
U 470 | F 962560 | FPS 1310 | D 678 | rR:x̄σmM 0.33 0.34 0.00 0.83 | F:x̄σmM 441.2 207.2 122.0 640.0 | H 1.915 | V 0.055 | pL -0.007 | vL 0.002 | ∇ 0.011
Model successfully saved
U 471 | F 964608 | FPS 1150 | D 680 | rR:x̄σmM 0.28 0.33 0.00 0.83 | F:x̄σmM 468.5 202.9 122.0 640.0 | H 1.939 | V 0.028 | pL 0.003 | vL 0.000 | ∇ 0.003
U 472 | F 966656 | FPS 1459 | D 681 | rR:x̄σmM 0.21 0.31 0.00 0.83 | F:x̄σmM 513.9 186.8 122.0 640.0 | H 1.931 | V 0.030 | pL 0.004 | vL 0.001 | ∇ 0.010
U 473 | F 968704 | FPS 1448 | D 683 | rR:x̄σmM 0.18 0.30 0.00 0.83 | F:x̄σmM 533.6 181.7 122.0 640.0 | H 1.921 | V 0.040 | pL 0.003 | vL 0.001 | ∇ 0.006
U 474 | F 970752 | FPS 1499 | D 684 | rR:x̄σmM 0.19 0.31 0.00 0.83 | F:x̄σmM 528.6 189.6 122.0 640.0 | H 1.926 | V 0.041 | pL 0.001 | vL 0.001 | ∇ 0.007
U 475 | F 972800 | FPS 1496 | D 686 | rR:x̄σmM 0.09 0.20 0.00 0.73 | F:x̄σmM 591.0 121.7 191.0 640.0 | H 1.932 | V 0.027 | pL 0.003 | vL 0.000 | ∇ 0.004
U 476 | F 974848 | FPS 1516 | D 687 | rR:x̄σmM 0.09 0.20 0.00 0.73 | F:x̄σmM 591.0 121.7 191.0 640.0 | H 1.926 | V 0.029 | pL 0.001 | vL 0.001 | ∇ 0.006
U 477 | F 976896 | FPS 1519 | D 688 | rR:x̄σmM 0.14 0.30 0.00 0.83 | F:x̄σmM 552.6 182.7 118.0 640.0 | H 1.911 | V 0.040 | pL -0.003 | vL 0.001 | ∇ 0.008
U 478 | F 978944 | FPS 1466 | D 690 | rR:x̄σmM 0.14 0.26 0.00 0.83 | F:x̄σmM 560.9 159.3 118.0 640.0 | H 1.924 | V 0.038 | pL 0.005 | vL 0.001 | ∇ 0.007
U 479 | F 980992 | FPS 1278 | D 691 | rR:x̄σmM 0.16 0.27 0.00 0.83 | F:x̄σmM 547.9 160.8 118.0 640.0 | H 1.936 | V 0.022 | pL 0.003 | vL 0.000 | ∇ 0.002
U 480 | F 983040 | FPS 1509 | D 693 | rR:x̄σmM 0.16 0.27 0.00 0.83 | F:x̄σmM 547.9 160.8 118.0 640.0 | H 1.944 | V 0.015 | pL 0.003 | vL 0.000 | ∇ 0.001
Model successfully saved
U 481 | F 985088 | FPS 1505 | D 694 | rR:x̄σmM 0.16 0.27 0.00 0.83 | F:x̄σmM 547.9 160.8 118.0 640.0 | H 1.945 | V 0.011 | pL 0.002 | vL 0.000 | ∇ 0.001
U 482 | F 987136 | FPS 1511 | D 695 | rR:x̄σmM 0.06 0.14 0.00 0.39 | F:x̄σmM 607.2 69.5 432.0 640.0 | H 1.945 | V 0.008 | pL 0.002 | vL 0.000 | ∇ 0.001
U 483 | F 989184 | FPS 1496 | D 697 | rR:x̄σmM 0.02 0.10 0.00 0.39 | F:x̄σmM 627.0 50.3 432.0 640.0 | H 1.946 | V 0.006 | pL 0.001 | vL 0.000 | ∇ 0.001
U 484 | F 991232 | FPS 1509 | D 698 | rR:x̄σmM 0.00 0.00 0.00 0.00 | F:x̄σmM 640.0 0.0 640.0 640.0 | H 1.943 | V 0.008 | pL 0.001 | vL 0.000 | ∇ 0.003
U 485 | F 993280 | FPS 1505 | D 700 | rR:x̄σmM 0.00 0.00 0.00 0.00 | F:x̄σmM 640.0 0.0 640.0 640.0 | H 1.938 | V 0.008 | pL 0.002 | vL 0.000 | ∇ 0.001
U 486 | F 995328 | FPS 1478 | D 701 | rR:x̄σmM 0.03 0.11 0.00 0.44 | F:x̄σmM 624.7 59.3 395.0 640.0 | H 1.940 | V 0.012 | pL -0.002 | vL 0.000 | ∇ 0.003
U 487 | F 997376 | FPS 1514 | D 702 | rR:x̄σmM 0.07 0.19 0.00 0.66 | F:x̄σmM 600.0 109.1 245.0 640.0 | H 1.937 | V 0.014 | pL -0.001 | vL 0.000 | ∇ 0.003
U 488 | F 999424 | FPS 1497 | D 704 | rR:x̄σmM 0.11 0.24 0.00 0.71 | F:x̄σmM 572.8 144.4 204.0 640.0 | H 1.940 | V 0.008 | pL -0.005 | vL 0.001 | ∇ 0.005
U 489 | F 1001472 | FPS 1505 | D 705 | rR:x̄σmM 0.13 0.24 0.00 0.71 | F:x̄σmM 563.2 144.7 204.0 640.0 | H 1.929 | V 0.016 | pL -0.004 | vL 0.001 | ∇ 0.010
