/home/fabian_57/thesis_projects/curriculum-test/scripts/train.py --algo ppo --env MiniGrid-Empty-16x16-v0 --no-instr --tb --frames=1000000 --model Empty-16x16-with-8x8 --save-interval 10

Namespace(algo='ppo', batch_size=256, clip_eps=0.2, discount=0.99, entropy_coef=0.01, env='MiniGrid-Empty-16x16-v0', epochs=4, frames=1000000, frames_per_proc=None, gae_lambda=0.95, log_interval=1, lr=0.0007, max_grad_norm=0.5, model='Empty-16x16-with-8x8', no_instr=True, no_mem=False, optim_alpha=0.99, optim_eps=1e-05, procs=16, recurrence=1, save_interval=10, seed=1, tb=True, value_loss_coef=0.5)

Model successfully loaded

ACModel(
  (image_conv): Sequential(
    (0): Conv2d(3, 16, kernel_size=(2, 2), stride=(1, 1))
    (1): ReLU()
    (2): MaxPool2d(kernel_size=(2, 2), stride=2, padding=0, dilation=1, ceil_mode=False)
    (3): Conv2d(16, 32, kernel_size=(2, 2), stride=(1, 1))
    (4): ReLU()
    (5): Conv2d(32, 64, kernel_size=(2, 2), stride=(1, 1))
    (6): ReLU()
  )
  (memory_rnn): LSTMCell(64, 64)
  (actor): Sequential(
    (0): Linear(in_features=64, out_features=64, bias=True)
    (1): Tanh()
    (2): Linear(in_features=64, out_features=7, bias=True)
  )
  (critic): Sequential(
    (0): Linear(in_features=64, out_features=64, bias=True)
    (1): Tanh()
    (2): Linear(in_features=64, out_features=1, bias=True)
  )
)

CUDA available: True

U 1 | F 002048 | FPS 1078 | D 1 | rR:x̄σmM 0.95 0.01 0.93 0.96 | F:x̄σmM 58.4 9.6 42.0 81.0 | H 1.593 | V 0.728 | pL 0.059 | vL 0.003 | ∇ 0.022
U 2 | F 004096 | FPS 1557 | D 3 | rR:x̄σmM 0.94 0.02 0.86 0.96 | F:x̄σmM 73.3 25.7 51.0 157.0 | H 1.654 | V 0.654 | pL 0.056 | vL 0.004 | ∇ 0.022
U 3 | F 006144 | FPS 1605 | D 4 | rR:x̄σmM 0.90 0.07 0.69 0.95 | F:x̄σmM 117.3 76.7 53.0 354.0 | H 1.677 | V 0.609 | pL 0.032 | vL 0.005 | ∇ 0.017
U 4 | F 008192 | FPS 1559 | D 5 | rR:x̄σmM 0.92 0.03 0.83 0.95 | F:x̄σmM 88.5 29.8 55.0 188.0 | H 1.635 | V 0.598 | pL 0.013 | vL 0.006 | ∇ 0.014
U 5 | F 010240 | FPS 1447 | D 7 | rR:x̄σmM 0.93 0.01 0.91 0.95 | F:x̄σmM 78.5 14.7 54.0 105.0 | H 1.582 | V 0.586 | pL 0.008 | vL 0.007 | ∇ 0.019
U 6 | F 012288 | FPS 1582 | D 8 | rR:x̄σmM 0.93 0.03 0.82 0.96 | F:x̄σmM 74.6 30.9 43.0 200.0 | H 1.459 | V 0.608 | pL -0.009 | vL 0.009 | ∇ 0.019
U 7 | F 014336 | FPS 1636 | D 9 | rR:x̄σmM 0.94 0.02 0.82 0.96 | F:x̄σmM 65.2 25.8 45.0 200.0 | H 1.571 | V 0.619 | pL -0.024 | vL 0.009 | ∇ 0.019
U 8 | F 016384 | FPS 1571 | D 11 | rR:x̄σmM 0.94 0.01 0.92 0.96 | F:x̄σmM 63.3 12.5 40.0 91.0 | H 1.535 | V 0.640 | pL -0.004 | vL 0.008 | ∇ 0.023
U 9 | F 018432 | FPS 1602 | D 12 | rR:x̄σmM 0.95 0.01 0.93 0.96 | F:x̄σmM 60.7 9.9 44.0 83.0 | H 1.495 | V 0.655 | pL -0.002 | vL 0.008 | ∇ 0.020
U 10 | F 020480 | FPS 1560 | D 13 | rR:x̄σmM 0.95 0.01 0.91 0.96 | F:x̄σmM 59.3 11.5 40.0 102.0 | H 1.531 | V 0.651 | pL -0.014 | vL 0.008 | ∇ 0.022
Model successfully saved
U 11 | F 022528 | FPS 1609 | D 14 | rR:x̄σmM 0.94 0.01 0.90 0.96 | F:x̄σmM 67.6 11.7 46.0 109.0 | H 1.527 | V 0.655 | pL 0.011 | vL 0.007 | ∇ 0.018
U 12 | F 024576 | FPS 1553 | D 16 | rR:x̄σmM 0.94 0.01 0.92 0.96 | F:x̄σmM 63.4 11.8 41.0 91.0 | H 1.491 | V 0.649 | pL 0.002 | vL 0.008 | ∇ 0.019
U 13 | F 026624 | FPS 1566 | D 17 | rR:x̄σmM 0.95 0.01 0.93 0.96 | F:x̄σmM 62.4 9.4 47.0 80.0 | H 1.472 | V 0.642 | pL -0.008 | vL 0.008 | ∇ 0.028
U 14 | F 028672 | FPS 1583 | D 18 | rR:x̄σmM 0.95 0.01 0.91 0.96 | F:x̄σmM 61.6 12.6 42.0 97.0 | H 1.372 | V 0.664 | pL -0.007 | vL 0.007 | ∇ 0.016
U 15 | F 030720 | FPS 1528 | D 20 | rR:x̄σmM 0.96 0.01 0.93 0.97 | F:x̄σmM 50.5 9.6 35.0 77.0 | H 1.382 | V 0.688 | pL -0.030 | vL 0.007 | ∇ 0.021
U 16 | F 032768 | FPS 1538 | D 21 | rR:x̄σmM 0.96 0.01 0.92 0.97 | F:x̄σmM 51.1 11.3 33.0 87.0 | H 1.414 | V 0.685 | pL -0.006 | vL 0.007 | ∇ 0.022
U 17 | F 034816 | FPS 1517 | D 22 | rR:x̄σmM 0.95 0.01 0.93 0.97 | F:x̄σmM 54.1 11.7 38.0 82.0 | H 1.447 | V 0.702 | pL 0.003 | vL 0.006 | ∇ 0.018
U 18 | F 036864 | FPS 1582 | D 24 | rR:x̄σmM 0.95 0.01 0.92 0.96 | F:x̄σmM 57.6 9.9 40.0 95.0 | H 1.539 | V 0.705 | pL 0.009 | vL 0.006 | ∇ 0.016
U 19 | F 038912 | FPS 1379 | D 25 | rR:x̄σmM 0.94 0.01 0.92 0.96 | F:x̄σmM 63.5 10.0 44.0 87.0 | H 1.572 | V 0.692 | pL 0.019 | vL 0.004 | ∇ 0.014
U 20 | F 040960 | FPS 1518 | D 27 | rR:x̄σmM 0.94 0.01 0.91 0.96 | F:x̄σmM 65.0 10.8 42.0 101.0 | H 1.563 | V 0.670 | pL 0.011 | vL 0.005 | ∇ 0.016
Model successfully saved
U 21 | F 043008 | FPS 1597 | D 28 | rR:x̄σmM 0.94 0.01 0.90 0.96 | F:x̄σmM 68.9 12.7 50.0 110.0 | H 1.528 | V 0.630 | pL -0.011 | vL 0.006 | ∇ 0.015
U 22 | F 045056 | FPS 1356 | D 29 | rR:x̄σmM 0.94 0.01 0.91 0.96 | F:x̄σmM 64.9 11.7 42.0 106.0 | H 1.546 | V 0.644 | pL -0.007 | vL 0.006 | ∇ 0.015
U 23 | F 047104 | FPS 1395 | D 31 | rR:x̄σmM 0.94 0.01 0.91 0.96 | F:x̄σmM 64.3 10.0 46.0 100.0 | H 1.549 | V 0.663 | pL 0.001 | vL 0.005 | ∇ 0.014
U 24 | F 049152 | FPS 1554 | D 32 | rR:x̄σmM 0.94 0.01 0.93 0.96 | F:x̄σmM 64.2 10.1 45.0 81.0 | H 1.566 | V 0.682 | pL 0.003 | vL 0.004 | ∇ 0.010
U 25 | F 051200 | FPS 1532 | D 34 | rR:x̄σmM 0.94 0.01 0.91 0.96 | F:x̄σmM 64.7 11.4 50.0 101.0 | H 1.631 | V 0.673 | pL 0.000 | vL 0.004 | ∇ 0.012
U 26 | F 053248 | FPS 1574 | D 35 | rR:x̄σmM 0.93 0.01 0.91 0.96 | F:x̄σmM 74.8 13.5 49.0 107.0 | H 1.695 | V 0.674 | pL 0.027 | vL 0.003 | ∇ 0.016
U 27 | F 055296 | FPS 1593 | D 36 | rR:x̄σmM 0.93 0.01 0.90 0.95 | F:x̄σmM 83.3 16.7 52.0 115.0 | H 1.707 | V 0.645 | pL 0.024 | vL 0.004 | ∇ 0.015
U 28 | F 057344 | FPS 1486 | D 37 | rR:x̄σmM 0.92 0.02 0.89 0.94 | F:x̄σmM 96.6 18.5 71.0 128.0 | H 1.704 | V 0.583 | pL 0.018 | vL 0.005 | ∇ 0.016
U 29 | F 059392 | FPS 1534 | D 39 | rR:x̄σmM 0.92 0.02 0.88 0.94 | F:x̄σmM 92.1 18.3 67.0 135.0 | H 1.639 | V 0.556 | pL 0.006 | vL 0.008 | ∇ 0.020
U 30 | F 061440 | FPS 1407 | D 40 | rR:x̄σmM 0.93 0.02 0.89 0.95 | F:x̄σmM 85.3 20.8 53.0 127.0 | H 1.588 | V 0.546 | pL -0.017 | vL 0.009 | ∇ 0.030
Model successfully saved
U 31 | F 063488 | FPS 1530 | D 42 | rR:x̄σmM 0.94 0.01 0.90 0.97 | F:x̄σmM 72.9 17.0 39.0 116.0 | H 1.524 | V 0.610 | pL -0.022 | vL 0.008 | ∇ 0.028
U 32 | F 065536 | FPS 1546 | D 43 | rR:x̄σmM 0.94 0.01 0.92 0.96 | F:x̄σmM 66.7 12.9 41.0 95.0 | H 1.573 | V 0.625 | pL -0.017 | vL 0.007 | ∇ 0.021
U 33 | F 067584 | FPS 1453 | D 44 | rR:x̄σmM 0.94 0.01 0.91 0.96 | F:x̄σmM 67.3 15.8 45.0 102.0 | H 1.562 | V 0.664 | pL -0.007 | vL 0.006 | ∇ 0.016
U 34 | F 069632 | FPS 1542 | D 46 | rR:x̄σmM 0.94 0.01 0.91 0.96 | F:x̄σmM 65.4 14.1 42.0 106.0 | H 1.653 | V 0.673 | pL 0.003 | vL 0.004 | ∇ 0.014
U 35 | F 071680 | FPS 1608 | D 47 | rR:x̄σmM 0.93 0.02 0.89 0.95 | F:x̄σmM 78.1 19.2 53.0 123.0 | H 1.709 | V 0.656 | pL 0.036 | vL 0.004 | ∇ 0.018
U 36 | F 073728 | FPS 1592 | D 48 | rR:x̄σmM 0.92 0.02 0.85 0.95 | F:x̄σmM 90.9 24.5 58.0 175.0 | H 1.729 | V 0.586 | pL 0.017 | vL 0.006 | ∇ 0.017
U 37 | F 075776 | FPS 1618 | D 50 | rR:x̄σmM 0.91 0.02 0.88 0.95 | F:x̄σmM 100.1 23.7 61.0 132.0 | H 1.708 | V 0.560 | pL 0.009 | vL 0.007 | ∇ 0.017
U 38 | F 077824 | FPS 1582 | D 51 | rR:x̄σmM 0.92 0.02 0.88 0.95 | F:x̄σmM 94.5 19.6 58.0 131.0 | H 1.662 | V 0.502 | pL 0.014 | vL 0.011 | ∇ 0.021
U 39 | F 079872 | FPS 1557 | D 52 | rR:x̄σmM 0.92 0.04 0.77 0.96 | F:x̄σmM 90.2 40.1 45.0 259.0 | H 1.563 | V 0.515 | pL -0.046 | vL 0.014 | ∇ 0.026
U 40 | F 081920 | FPS 1618 | D 53 | rR:x̄σmM 0.94 0.01 0.91 0.97 | F:x̄σmM 64.6 15.1 31.0 104.0 | H 1.508 | V 0.558 | pL -0.030 | vL 0.013 | ∇ 0.026
Model successfully saved
U 41 | F 083968 | FPS 1600 | D 55 | rR:x̄σmM 0.94 0.02 0.91 0.96 | F:x̄σmM 66.0 18.0 40.0 102.0 | H 1.467 | V 0.611 | pL -0.035 | vL 0.011 | ∇ 0.025
U 42 | F 086016 | FPS 1612 | D 56 | rR:x̄σmM 0.95 0.01 0.93 0.97 | F:x̄σmM 55.4 10.3 35.0 79.0 | H 1.448 | V 0.653 | pL -0.025 | vL 0.009 | ∇ 0.029
U 43 | F 088064 | FPS 1635 | D 57 | rR:x̄σmM 0.95 0.01 0.94 0.97 | F:x̄σmM 54.4 7.4 37.0 73.0 | H 1.467 | V 0.693 | pL -0.008 | vL 0.007 | ∇ 0.020
U 44 | F 090112 | FPS 1631 | D 59 | rR:x̄σmM 0.95 0.01 0.93 0.96 | F:x̄σmM 55.4 9.1 40.0 76.0 | H 1.498 | V 0.707 | pL 0.003 | vL 0.005 | ∇ 0.022
U 45 | F 092160 | FPS 1609 | D 60 | rR:x̄σmM 0.95 0.01 0.94 0.96 | F:x̄σmM 57.4 7.4 43.0 73.0 | H 1.571 | V 0.706 | pL 0.007 | vL 0.004 | ∇ 0.017
U 46 | F 094208 | FPS 1617 | D 61 | rR:x̄σmM 0.94 0.01 0.92 0.96 | F:x̄σmM 63.8 12.7 41.0 87.0 | H 1.530 | V 0.687 | pL 0.016 | vL 0.004 | ∇ 0.018
U 47 | F 096256 | FPS 1609 | D 62 | rR:x̄σmM 0.94 0.02 0.83 0.97 | F:x̄σmM 64.2 27.1 39.0 199.0 | H 1.512 | V 0.702 | pL 0.004 | vL 0.004 | ∇ 0.013
U 48 | F 098304 | FPS 1559 | D 64 | rR:x̄σmM 0.95 0.01 0.93 0.97 | F:x̄σmM 58.6 11.2 39.0 80.0 | H 1.492 | V 0.686 | pL 0.009 | vL 0.004 | ∇ 0.016
U 49 | F 100352 | FPS 1501 | D 65 | rR:x̄σmM 0.94 0.02 0.84 0.96 | F:x̄σmM 62.8 25.5 41.0 187.0 | H 1.425 | V 0.706 | pL 0.005 | vL 0.004 | ∇ 0.022
U 50 | F 102400 | FPS 1438 | D 66 | rR:x̄σmM 0.95 0.01 0.93 0.97 | F:x̄σmM 55.8 9.0 37.0 75.0 | H 1.437 | V 0.677 | pL -0.026 | vL 0.004 | ∇ 0.011
Model successfully saved
U 51 | F 104448 | FPS 1479 | D 68 | rR:x̄σmM 0.95 0.01 0.94 0.97 | F:x̄σmM 51.7 8.5 34.0 68.0 | H 1.520 | V 0.717 | pL -0.012 | vL 0.003 | ∇ 0.010
U 52 | F 106496 | FPS 1430 | D 69 | rR:x̄σmM 0.95 0.01 0.92 0.96 | F:x̄σmM 58.8 10.7 41.0 90.0 | H 1.535 | V 0.661 | pL 0.001 | vL 0.005 | ∇ 0.014
U 53 | F 108544 | FPS 1504 | D 71 | rR:x̄σmM 0.94 0.01 0.91 0.97 | F:x̄σmM 66.0 13.8 39.0 103.0 | H 1.477 | V 0.669 | pL -0.005 | vL 0.005 | ∇ 0.012
U 54 | F 110592 | FPS 1625 | D 72 | rR:x̄σmM 0.95 0.01 0.92 0.97 | F:x̄σmM 56.9 12.5 35.0 86.0 | H 1.374 | V 0.711 | pL 0.005 | vL 0.004 | ∇ 0.013
U 55 | F 112640 | FPS 1499 | D 73 | rR:x̄σmM 0.95 0.01 0.93 0.97 | F:x̄σmM 51.7 9.0 36.0 77.0 | H 1.397 | V 0.713 | pL -0.010 | vL 0.003 | ∇ 0.020
U 56 | F 114688 | FPS 1535 | D 75 | rR:x̄σmM 0.95 0.01 0.94 0.97 | F:x̄σmM 52.8 7.4 36.0 73.0 | H 1.492 | V 0.704 | pL -0.008 | vL 0.004 | ∇ 0.013
U 57 | F 116736 | FPS 1594 | D 76 | rR:x̄σmM 0.95 0.01 0.93 0.96 | F:x̄σmM 56.7 10.0 42.0 81.0 | H 1.553 | V 0.705 | pL -0.007 | vL 0.004 | ∇ 0.010
U 58 | F 118784 | FPS 1626 | D 77 | rR:x̄σmM 0.94 0.01 0.92 0.96 | F:x̄σmM 63.3 10.0 44.0 94.0 | H 1.550 | V 0.694 | pL 0.019 | vL 0.003 | ∇ 0.013
U 59 | F 120832 | FPS 1584 | D 78 | rR:x̄σmM 0.94 0.01 0.90 0.96 | F:x̄σmM 65.7 13.7 42.0 118.0 | H 1.577 | V 0.693 | pL 0.007 | vL 0.003 | ∇ 0.018
U 60 | F 122880 | FPS 1594 | D 80 | rR:x̄σmM 0.94 0.02 0.89 0.96 | F:x̄σmM 71.6 17.2 41.0 120.0 | H 1.595 | V 0.663 | pL 0.011 | vL 0.004 | ∇ 0.016
Model successfully saved
U 61 | F 124928 | FPS 1512 | D 81 | rR:x̄σmM 0.94 0.01 0.91 0.95 | F:x̄σmM 68.9 10.9 53.0 99.0 | H 1.562 | V 0.643 | pL 0.000 | vL 0.005 | ∇ 0.014
U 62 | F 126976 | FPS 1638 | D 82 | rR:x̄σmM 0.94 0.01 0.91 0.96 | F:x̄σmM 72.7 14.9 45.0 106.0 | H 1.498 | V 0.625 | pL -0.002 | vL 0.005 | ∇ 0.023
U 63 | F 129024 | FPS 1556 | D 84 | rR:x̄σmM 0.95 0.01 0.91 0.97 | F:x̄σmM 59.3 10.8 38.0 97.0 | H 1.443 | V 0.694 | pL -0.016 | vL 0.003 | ∇ 0.013
U 64 | F 131072 | FPS 1536 | D 85 | rR:x̄σmM 0.95 0.01 0.93 0.96 | F:x̄σmM 57.0 8.8 45.0 82.0 | H 1.424 | V 0.706 | pL -0.015 | vL 0.003 | ∇ 0.011
U 65 | F 133120 | FPS 1553 | D 86 | rR:x̄σmM 0.95 0.01 0.94 0.97 | F:x̄σmM 53.7 7.1 38.0 67.0 | H 1.467 | V 0.738 | pL -0.005 | vL 0.002 | ∇ 0.012
U 66 | F 135168 | FPS 1591 | D 88 | rR:x̄σmM 0.95 0.01 0.92 0.96 | F:x̄σmM 60.7 11.1 45.0 87.0 | H 1.579 | V 0.686 | pL 0.017 | vL 0.003 | ∇ 0.012
U 67 | F 137216 | FPS 1520 | D 89 | rR:x̄σmM 0.94 0.01 0.92 0.96 | F:x̄σmM 71.2 9.2 51.0 90.0 | H 1.546 | V 0.680 | pL 0.009 | vL 0.003 | ∇ 0.013
U 68 | F 139264 | FPS 1625 | D 90 | rR:x̄σmM 0.94 0.01 0.92 0.96 | F:x̄σmM 66.0 11.1 40.0 87.0 | H 1.511 | V 0.685 | pL 0.010 | vL 0.003 | ∇ 0.012
U 69 | F 141312 | FPS 1406 | D 92 | rR:x̄σmM 0.94 0.01 0.92 0.96 | F:x̄σmM 68.0 11.2 48.0 93.0 | H 1.487 | V 0.649 | pL -0.002 | vL 0.004 | ∇ 0.013
U 70 | F 143360 | FPS 1503 | D 93 | rR:x̄σmM 0.94 0.01 0.92 0.96 | F:x̄σmM 63.5 11.8 40.0 90.0 | H 1.446 | V 0.661 | pL -0.019 | vL 0.005 | ∇ 0.012
Model successfully saved
U 71 | F 145408 | FPS 1581 | D 94 | rR:x̄σmM 0.95 0.01 0.93 0.97 | F:x̄σmM 56.1 9.6 38.0 81.0 | H 1.436 | V 0.712 | pL -0.016 | vL 0.002 | ∇ 0.011
U 72 | F 147456 | FPS 1483 | D 96 | rR:x̄σmM 0.95 0.01 0.93 0.96 | F:x̄σmM 56.1 9.0 41.0 80.0 | H 1.436 | V 0.733 | pL 0.004 | vL 0.002 | ∇ 0.009
U 73 | F 149504 | FPS 1564 | D 97 | rR:x̄σmM 0.95 0.01 0.92 0.96 | F:x̄σmM 57.0 9.2 42.0 88.0 | H 1.578 | V 0.748 | pL 0.010 | vL 0.001 | ∇ 0.014
U 74 | F 151552 | FPS 1618 | D 98 | rR:x̄σmM 0.94 0.01 0.91 0.96 | F:x̄σmM 72.9 12.9 51.0 102.0 | H 1.583 | V 0.698 | pL 0.035 | vL 0.002 | ∇ 0.015
U 75 | F 153600 | FPS 1568 | D 100 | rR:x̄σmM 0.93 0.01 0.91 0.95 | F:x̄σmM 77.7 13.0 56.0 104.0 | H 1.631 | V 0.638 | pL 0.024 | vL 0.005 | ∇ 0.029
U 76 | F 155648 | FPS 1521 | D 101 | rR:x̄σmM 0.92 0.02 0.90 0.96 | F:x̄σmM 86.1 17.8 48.0 112.0 | H 1.621 | V 0.592 | pL 0.005 | vL 0.006 | ∇ 0.022
U 77 | F 157696 | FPS 1567 | D 102 | rR:x̄σmM 0.93 0.01 0.90 0.95 | F:x̄σmM 74.5 13.5 53.0 115.0 | H 1.568 | V 0.596 | pL -0.002 | vL 0.006 | ∇ 0.018
U 78 | F 159744 | FPS 1499 | D 104 | rR:x̄σmM 0.94 0.01 0.92 0.96 | F:x̄σmM 68.5 10.7 43.0 88.0 | H 1.538 | V 0.637 | pL -0.014 | vL 0.004 | ∇ 0.018
U 79 | F 161792 | FPS 1511 | D 105 | rR:x̄σmM 0.93 0.02 0.83 0.95 | F:x̄σmM 76.6 26.6 52.0 191.0 | H 1.541 | V 0.621 | pL -0.003 | vL 0.005 | ∇ 0.019
U 80 | F 163840 | FPS 1596 | D 106 | rR:x̄σmM 0.94 0.01 0.91 0.95 | F:x̄σmM 71.6 13.4 53.0 101.0 | H 1.510 | V 0.658 | pL -0.007 | vL 0.003 | ∇ 0.016
Model successfully saved
U 81 | F 165888 | FPS 1599 | D 108 | rR:x̄σmM 0.95 0.01 0.93 0.96 | F:x̄σmM 60.7 8.4 46.0 82.0 | H 1.586 | V 0.698 | pL -0.010 | vL 0.002 | ∇ 0.013
U 82 | F 167936 | FPS 1581 | D 109 | rR:x̄σmM 0.94 0.01 0.92 0.96 | F:x̄σmM 66.5 9.5 50.0 88.0 | H 1.680 | V 0.696 | pL 0.016 | vL 0.002 | ∇ 0.017
U 83 | F 169984 | FPS 1507 | D 110 | rR:x̄σmM 0.93 0.01 0.89 0.95 | F:x̄σmM 82.1 16.4 55.0 120.0 | H 1.614 | V 0.660 | pL 0.034 | vL 0.003 | ∇ 0.021
U 84 | F 172032 | FPS 1586 | D 112 | rR:x̄σmM 0.92 0.01 0.89 0.94 | F:x̄σmM 87.2 16.8 66.0 129.0 | H 1.575 | V 0.618 | pL 0.013 | vL 0.005 | ∇ 0.018
U 85 | F 174080 | FPS 1417 | D 113 | rR:x̄σmM 0.93 0.01 0.91 0.96 | F:x̄σmM 78.6 13.6 51.0 107.0 | H 1.608 | V 0.598 | pL -0.007 | vL 0.005 | ∇ 0.018
U 86 | F 176128 | FPS 1629 | D 114 | rR:x̄σmM 0.94 0.01 0.90 0.95 | F:x̄σmM 73.8 11.0 53.0 112.0 | H 1.562 | V 0.611 | pL -0.015 | vL 0.005 | ∇ 0.016
U 87 | F 178176 | FPS 1551 | D 116 | rR:x̄σmM 0.94 0.01 0.92 0.96 | F:x̄σmM 66.6 8.6 49.0 89.0 | H 1.503 | V 0.625 | pL -0.023 | vL 0.005 | ∇ 0.016
U 88 | F 180224 | FPS 1386 | D 117 | rR:x̄σmM 0.95 0.01 0.92 0.96 | F:x̄σmM 60.4 10.4 40.0 94.0 | H 1.500 | V 0.678 | pL -0.027 | vL 0.003 | ∇ 0.013
U 89 | F 182272 | FPS 1567 | D 118 | rR:x̄σmM 0.94 0.01 0.91 0.96 | F:x̄σmM 63.8 11.0 49.0 104.0 | H 1.542 | V 0.699 | pL 0.005 | vL 0.002 | ∇ 0.012
U 90 | F 184320 | FPS 1449 | D 120 | rR:x̄σmM 0.94 0.01 0.92 0.95 | F:x̄σmM 67.9 9.8 52.0 91.0 | H 1.552 | V 0.701 | pL 0.013 | vL 0.002 | ∇ 0.015
Model successfully saved
U 91 | F 186368 | FPS 1466 | D 121 | rR:x̄σmM 0.94 0.01 0.92 0.96 | F:x̄σmM 69.9 10.3 50.0 91.0 | H 1.549 | V 0.676 | pL 0.013 | vL 0.003 | ∇ 0.013
U 92 | F 188416 | FPS 1563 | D 123 | rR:x̄σmM 0.94 0.01 0.91 0.96 | F:x̄σmM 70.0 9.2 48.0 98.0 | H 1.562 | V 0.670 | pL 0.007 | vL 0.003 | ∇ 0.016
U 93 | F 190464 | FPS 1575 | D 124 | rR:x̄σmM 0.94 0.01 0.92 0.95 | F:x̄σmM 69.6 9.9 55.0 91.0 | H 1.521 | V 0.652 | pL 0.003 | vL 0.003 | ∇ 0.013
U 94 | F 192512 | FPS 1532 | D 125 | rR:x̄σmM 0.94 0.01 0.91 0.96 | F:x̄σmM 67.0 12.9 45.0 104.0 | H 1.515 | V 0.668 | pL -0.008 | vL 0.003 | ∇ 0.016
U 95 | F 194560 | FPS 1444 | D 127 | rR:x̄σmM 0.94 0.01 0.92 0.96 | F:x̄σmM 64.1 9.5 45.0 87.0 | H 1.552 | V 0.651 | pL 0.001 | vL 0.004 | ∇ 0.013
U 96 | F 196608 | FPS 1451 | D 128 | rR:x̄σmM 0.94 0.01 0.91 0.96 | F:x̄σmM 72.5 13.6 48.0 102.0 | H 1.565 | V 0.653 | pL -0.003 | vL 0.004 | ∇ 0.015
U 97 | F 198656 | FPS 1447 | D 129 | rR:x̄σmM 0.93 0.01 0.90 0.96 | F:x̄σmM 75.2 15.2 46.0 113.0 | H 1.556 | V 0.643 | pL 0.011 | vL 0.004 | ∇ 0.018
U 98 | F 200704 | FPS 1576 | D 131 | rR:x̄σmM 0.94 0.01 0.91 0.95 | F:x̄σmM 73.8 11.8 53.0 99.0 | H 1.550 | V 0.636 | pL -0.006 | vL 0.004 | ∇ 0.013
U 99 | F 202752 | FPS 1508 | D 132 | rR:x̄σmM 0.93 0.01 0.91 0.95 | F:x̄σmM 75.1 12.2 52.0 104.0 | H 1.548 | V 0.646 | pL -0.000 | vL 0.004 | ∇ 0.014
U 100 | F 204800 | FPS 1610 | D 133 | rR:x̄σmM 0.94 0.01 0.92 0.96 | F:x̄σmM 67.0 9.7 51.0 91.0 | H 1.510 | V 0.654 | pL -0.004 | vL 0.003 | ∇ 0.012
Model successfully saved
U 101 | F 206848 | FPS 1586 | D 135 | rR:x̄σmM 0.94 0.01 0.91 0.95 | F:x̄σmM 72.2 11.0 56.0 97.0 | H 1.522 | V 0.642 | pL -0.002 | vL 0.003 | ∇ 0.013
U 102 | F 208896 | FPS 1555 | D 136 | rR:x̄σmM 0.94 0.01 0.92 0.95 | F:x̄σmM 68.7 10.2 52.0 89.0 | H 1.584 | V 0.663 | pL -0.004 | vL 0.003 | ∇ 0.013
U 103 | F 210944 | FPS 1627 | D 137 | rR:x̄σmM 0.93 0.01 0.92 0.95 | F:x̄σmM 75.2 11.9 56.0 96.0 | H 1.551 | V 0.663 | pL 0.013 | vL 0.003 | ∇ 0.013
U 104 | F 212992 | FPS 1536 | D 139 | rR:x̄σmM 0.94 0.01 0.92 0.96 | F:x̄σmM 68.6 12.7 48.0 94.0 | H 1.532 | V 0.661 | pL -0.003 | vL 0.002 | ∇ 0.012
U 105 | F 215040 | FPS 1596 | D 140 | rR:x̄σmM 0.94 0.01 0.92 0.96 | F:x̄σmM 65.7 10.0 50.0 88.0 | H 1.532 | V 0.662 | pL -0.012 | vL 0.003 | ∇ 0.014
U 106 | F 217088 | FPS 1591 | D 141 | rR:x̄σmM 0.94 0.01 0.92 0.96 | F:x̄σmM 63.7 9.3 48.0 86.0 | H 1.554 | V 0.676 | pL -0.007 | vL 0.002 | ∇ 0.013
U 107 | F 219136 | FPS 1617 | D 142 | rR:x̄σmM 0.94 0.01 0.93 0.96 | F:x̄σmM 66.6 7.6 49.0 79.0 | H 1.562 | V 0.690 | pL 0.000 | vL 0.003 | ∇ 0.021
U 108 | F 221184 | FPS 1615 | D 144 | rR:x̄σmM 0.94 0.01 0.91 0.95 | F:x̄σmM 68.8 9.8 55.0 101.0 | H 1.615 | V 0.679 | pL 0.018 | vL 0.002 | ∇ 0.017
U 109 | F 223232 | FPS 1576 | D 145 | rR:x̄σmM 0.92 0.01 0.89 0.95 | F:x̄σmM 86.3 14.2 62.0 120.0 | H 1.649 | V 0.642 | pL 0.032 | vL 0.003 | ∇ 0.020
U 110 | F 225280 | FPS 1590 | D 146 | rR:x̄σmM 0.92 0.01 0.90 0.94 | F:x̄σmM 91.1 13.6 65.0 112.0 | H 1.660 | V 0.583 | pL 0.016 | vL 0.005 | ∇ 0.020
Model successfully saved
U 111 | F 227328 | FPS 1539 | D 148 | rR:x̄σmM 0.91 0.03 0.83 0.95 | F:x̄σmM 107.5 39.3 59.0 195.0 | H 1.677 | V 0.542 | pL 0.020 | vL 0.006 | ∇ 0.030
U 112 | F 229376 | FPS 1549 | D 149 | rR:x̄σmM 0.90 0.03 0.84 0.94 | F:x̄σmM 117.2 32.6 65.0 180.0 | H 1.693 | V 0.496 | pL 0.012 | vL 0.006 | ∇ 0.024
U 113 | F 231424 | FPS 1606 | D 150 | rR:x̄σmM 0.90 0.05 0.77 0.95 | F:x̄σmM 111.7 53.1 53.0 257.0 | H 1.660 | V 0.484 | pL 0.010 | vL 0.008 | ∇ 0.024
U 114 | F 233472 | FPS 1554 | D 152 | rR:x̄σmM 0.89 0.05 0.74 0.94 | F:x̄σmM 119.9 54.7 72.0 297.0 | H 1.667 | V 0.485 | pL -0.001 | vL 0.008 | ∇ 0.023
U 115 | F 235520 | FPS 1630 | D 153 | rR:x̄σmM 0.92 0.04 0.79 0.95 | F:x̄σmM 95.6 41.2 59.0 242.0 | H 1.623 | V 0.543 | pL -0.024 | vL 0.009 | ∇ 0.026
U 116 | F 237568 | FPS 1644 | D 154 | rR:x̄σmM 0.93 0.01 0.91 0.96 | F:x̄σmM 76.0 15.3 48.0 105.0 | H 1.579 | V 0.590 | pL -0.013 | vL 0.007 | ∇ 0.026
U 117 | F 239616 | FPS 1636 | D 155 | rR:x̄σmM 0.93 0.02 0.88 0.96 | F:x̄σmM 77.2 17.2 47.0 139.0 | H 1.573 | V 0.607 | pL -0.013 | vL 0.004 | ∇ 0.017
U 118 | F 241664 | FPS 1572 | D 157 | rR:x̄σmM 0.93 0.02 0.84 0.95 | F:x̄σmM 75.5 22.6 52.0 185.0 | H 1.500 | V 0.641 | pL -0.013 | vL 0.003 | ∇ 0.013
U 119 | F 243712 | FPS 1571 | D 158 | rR:x̄σmM 0.94 0.01 0.92 0.96 | F:x̄σmM 67.6 11.0 49.0 88.0 | H 1.534 | V 0.649 | pL -0.020 | vL 0.003 | ∇ 0.015
U 120 | F 245760 | FPS 1611 | D 159 | rR:x̄σmM 0.94 0.01 0.92 0.95 | F:x̄σmM 64.0 10.0 52.0 91.0 | H 1.570 | V 0.688 | pL -0.006 | vL 0.002 | ∇ 0.015
Model successfully saved
U 121 | F 247808 | FPS 1654 | D 161 | rR:x̄σmM 0.94 0.01 0.91 0.96 | F:x̄σmM 66.1 12.0 50.0 98.0 | H 1.573 | V 0.684 | pL 0.015 | vL 0.003 | ∇ 0.017
U 122 | F 249856 | FPS 1623 | D 162 | rR:x̄σmM 0.93 0.02 0.85 0.95 | F:x̄σmM 74.9 24.6 53.0 175.0 | H 1.514 | V 0.672 | pL 0.016 | vL 0.003 | ∇ 0.015
U 123 | F 251904 | FPS 1616 | D 163 | rR:x̄σmM 0.94 0.02 0.89 0.96 | F:x̄σmM 69.0 19.9 46.0 130.0 | H 1.500 | V 0.657 | pL -0.003 | vL 0.003 | ∇ 0.018
U 124 | F 253952 | FPS 1630 | D 164 | rR:x̄σmM 0.94 0.02 0.85 0.96 | F:x̄σmM 67.8 20.4 50.0 167.0 | H 1.596 | V 0.675 | pL 0.002 | vL 0.003 | ∇ 0.015
U 125 | F 256000 | FPS 1637 | D 166 | rR:x̄σmM 0.94 0.01 0.92 0.95 | F:x̄σmM 72.3 10.5 56.0 95.0 | H 1.605 | V 0.654 | pL 0.015 | vL 0.003 | ∇ 0.015
U 126 | F 258048 | FPS 1611 | D 167 | rR:x̄σmM 0.93 0.01 0.90 0.95 | F:x̄σmM 76.5 13.0 53.0 116.0 | H 1.598 | V 0.633 | pL 0.007 | vL 0.004 | ∇ 0.017
U 127 | F 260096 | FPS 1621 | D 168 | rR:x̄σmM 0.93 0.02 0.86 0.95 | F:x̄σmM 85.0 22.9 56.0 163.0 | H 1.608 | V 0.618 | pL 0.007 | vL 0.003 | ∇ 0.012
U 128 | F 262144 | FPS 1617 | D 169 | rR:x̄σmM 0.93 0.01 0.90 0.95 | F:x̄σmM 81.4 16.1 55.0 113.0 | H 1.545 | V 0.618 | pL 0.005 | vL 0.005 | ∇ 0.017
U 129 | F 264192 | FPS 1599 | D 171 | rR:x̄σmM 0.93 0.03 0.84 0.95 | F:x̄σmM 78.0 31.9 53.0 181.0 | H 1.559 | V 0.627 | pL -0.009 | vL 0.004 | ∇ 0.012
U 130 | F 266240 | FPS 1595 | D 172 | rR:x̄σmM 0.93 0.03 0.79 0.96 | F:x̄σmM 80.3 35.6 50.0 242.0 | H 1.585 | V 0.601 | pL 0.011 | vL 0.005 | ∇ 0.024
Model successfully saved
U 131 | F 268288 | FPS 1614 | D 173 | rR:x̄σmM 0.93 0.02 0.86 0.96 | F:x̄σmM 85.2 21.3 47.0 155.0 | H 1.516 | V 0.598 | pL -0.006 | vL 0.004 | ∇ 0.014
U 132 | F 270336 | FPS 1571 | D 175 | rR:x̄σmM 0.94 0.01 0.91 0.96 | F:x̄σmM 69.9 15.0 42.0 104.0 | H 1.458 | V 0.631 | pL -0.020 | vL 0.004 | ∇ 0.016
U 133 | F 272384 | FPS 1603 | D 176 | rR:x̄σmM 0.94 0.01 0.91 0.96 | F:x̄σmM 64.2 11.9 46.0 100.0 | H 1.500 | V 0.671 | pL -0.021 | vL 0.002 | ∇ 0.011
U 134 | F 274432 | FPS 1630 | D 177 | rR:x̄σmM 0.94 0.01 0.89 0.95 | F:x̄σmM 68.9 15.6 52.0 128.0 | H 1.472 | V 0.694 | pL 0.007 | vL 0.002 | ∇ 0.013
U 135 | F 276480 | FPS 1623 | D 178 | rR:x̄σmM 0.94 0.02 0.86 0.96 | F:x̄σmM 69.8 20.2 44.0 157.0 | H 1.495 | V 0.677 | pL 0.015 | vL 0.003 | ∇ 0.013
U 136 | F 278528 | FPS 1630 | D 180 | rR:x̄σmM 0.93 0.02 0.88 0.95 | F:x̄σmM 74.5 18.7 55.0 135.0 | H 1.521 | V 0.664 | pL 0.013 | vL 0.003 | ∇ 0.017
U 137 | F 280576 | FPS 1588 | D 181 | rR:x̄σmM 0.93 0.02 0.86 0.96 | F:x̄σmM 75.7 20.8 48.0 162.0 | H 1.483 | V 0.627 | pL 0.004 | vL 0.004 | ∇ 0.016
U 138 | F 282624 | FPS 1614 | D 182 | rR:x̄σmM 0.94 0.02 0.89 0.96 | F:x̄σmM 72.6 19.3 45.0 129.0 | H 1.471 | V 0.634 | pL -0.020 | vL 0.004 | ∇ 0.019
U 139 | F 284672 | FPS 1544 | D 184 | rR:x̄σmM 0.95 0.01 0.93 0.96 | F:x̄σmM 59.1 10.4 41.0 84.0 | H 1.429 | V 0.651 | pL -0.009 | vL 0.005 | ∇ 0.017
U 140 | F 286720 | FPS 1519 | D 185 | rR:x̄σmM 0.94 0.03 0.82 0.96 | F:x̄σmM 67.8 29.6 43.0 209.0 | H 1.465 | V 0.686 | pL -0.013 | vL 0.002 | ∇ 0.016
Model successfully saved
U 141 | F 288768 | FPS 1508 | D 186 | rR:x̄σmM 0.95 0.01 0.93 0.97 | F:x̄σmM 60.4 9.7 38.0 84.0 | H 1.475 | V 0.690 | pL -0.006 | vL 0.002 | ∇ 0.010
U 142 | F 290816 | FPS 1605 | D 188 | rR:x̄σmM 0.94 0.01 0.93 0.96 | F:x̄σmM 64.0 7.7 49.0 80.0 | H 1.587 | V 0.698 | pL 0.008 | vL 0.002 | ∇ 0.013
U 143 | F 292864 | FPS 1617 | D 189 | rR:x̄σmM 0.93 0.01 0.90 0.95 | F:x̄σmM 76.5 14.5 52.0 114.0 | H 1.610 | V 0.662 | pL 0.026 | vL 0.002 | ∇ 0.014
U 144 | F 294912 | FPS 1595 | D 190 | rR:x̄σmM 0.92 0.02 0.84 0.95 | F:x̄σmM 91.5 26.2 62.0 181.0 | H 1.612 | V 0.617 | pL 0.020 | vL 0.003 | ∇ 0.019
U 145 | F 296960 | FPS 1645 | D 191 | rR:x̄σmM 0.93 0.02 0.84 0.96 | F:x̄σmM 83.8 27.0 51.0 179.0 | H 1.629 | V 0.605 | pL 0.003 | vL 0.003 | ∇ 0.013
U 146 | F 299008 | FPS 1629 | D 193 | rR:x̄σmM 0.92 0.02 0.83 0.94 | F:x̄σmM 89.3 25.9 70.0 197.0 | H 1.599 | V 0.589 | pL 0.004 | vL 0.004 | ∇ 0.016
U 147 | F 301056 | FPS 1631 | D 194 | rR:x̄σmM 0.93 0.02 0.89 0.95 | F:x̄σmM 80.5 18.9 60.0 130.0 | H 1.550 | V 0.580 | pL -0.016 | vL 0.005 | ∇ 0.018
U 148 | F 303104 | FPS 1644 | D 195 | rR:x̄σmM 0.93 0.02 0.86 0.95 | F:x̄σmM 79.0 22.8 53.0 163.0 | H 1.509 | V 0.641 | pL -0.015 | vL 0.003 | ∇ 0.011
U 149 | F 305152 | FPS 1657 | D 196 | rR:x̄σmM 0.94 0.01 0.92 0.96 | F:x̄σmM 67.9 10.8 51.0 96.0 | H 1.550 | V 0.663 | pL -0.009 | vL 0.002 | ∇ 0.016
U 150 | F 307200 | FPS 1647 | D 198 | rR:x̄σmM 0.94 0.01 0.90 0.96 | F:x̄σmM 73.7 15.0 51.0 119.0 | H 1.542 | V 0.689 | pL 0.010 | vL 0.001 | ∇ 0.012
Model successfully saved
U 151 | F 309248 | FPS 1601 | D 199 | rR:x̄σmM 0.93 0.01 0.92 0.95 | F:x̄σmM 76.1 12.2 56.0 96.0 | H 1.546 | V 0.665 | pL 0.021 | vL 0.003 | ∇ 0.014
U 152 | F 311296 | FPS 1578 | D 200 | rR:x̄σmM 0.93 0.02 0.82 0.96 | F:x̄σmM 75.6 28.1 45.0 208.0 | H 1.573 | V 0.635 | pL -0.000 | vL 0.003 | ∇ 0.014
U 153 | F 313344 | FPS 1570 | D 201 | rR:x̄σmM 0.94 0.01 0.91 0.95 | F:x̄σmM 73.3 8.8 57.0 97.0 | H 1.597 | V 0.620 | pL -0.002 | vL 0.003 | ∇ 0.016
U 154 | F 315392 | FPS 1554 | D 203 | rR:x̄σmM 0.93 0.01 0.91 0.96 | F:x̄σmM 77.3 15.0 49.0 108.0 | H 1.527 | V 0.631 | pL -0.001 | vL 0.003 | ∇ 0.014
U 155 | F 317440 | FPS 1547 | D 204 | rR:x̄σmM 0.94 0.01 0.90 0.96 | F:x̄σmM 71.8 14.8 50.0 109.0 | H 1.552 | V 0.640 | pL -0.014 | vL 0.003 | ∇ 0.013
U 156 | F 319488 | FPS 1430 | D 206 | rR:x̄σmM 0.93 0.01 0.90 0.95 | F:x̄σmM 75.1 15.6 53.0 116.0 | H 1.604 | V 0.659 | pL 0.000 | vL 0.002 | ∇ 0.010
U 157 | F 321536 | FPS 1494 | D 207 | rR:x̄σmM 0.94 0.02 0.84 0.96 | F:x̄σmM 72.5 25.9 51.0 185.0 | H 1.639 | V 0.644 | pL 0.016 | vL 0.004 | ∇ 0.016
U 158 | F 323584 | FPS 1343 | D 208 | rR:x̄σmM 0.92 0.03 0.83 0.95 | F:x̄σmM 91.8 38.1 52.0 193.0 | H 1.660 | V 0.634 | pL 0.018 | vL 0.002 | ∇ 0.015
U 159 | F 325632 | FPS 1448 | D 210 | rR:x̄σmM 0.91 0.02 0.86 0.95 | F:x̄σmM 96.8 21.6 60.0 163.0 | H 1.620 | V 0.585 | pL 0.021 | vL 0.004 | ∇ 0.020
U 160 | F 327680 | FPS 1529 | D 211 | rR:x̄σmM 0.92 0.03 0.83 0.95 | F:x̄σmM 92.8 31.0 56.0 190.0 | H 1.585 | V 0.574 | pL -0.007 | vL 0.005 | ∇ 0.019
Model successfully saved
U 161 | F 329728 | FPS 1262 | D 213 | rR:x̄σmM 0.92 0.02 0.89 0.95 | F:x̄σmM 87.0 18.8 60.0 128.0 | H 1.527 | V 0.581 | pL -0.015 | vL 0.004 | ∇ 0.026
U 162 | F 331776 | FPS 1497 | D 214 | rR:x̄σmM 0.93 0.01 0.90 0.95 | F:x̄σmM 74.3 15.3 53.0 113.0 | H 1.589 | V 0.607 | pL -0.015 | vL 0.003 | ∇ 0.015
U 163 | F 333824 | FPS 1421 | D 216 | rR:x̄σmM 0.93 0.02 0.86 0.96 | F:x̄σmM 77.8 21.4 50.0 155.0 | H 1.554 | V 0.627 | pL -0.001 | vL 0.003 | ∇ 0.017
U 164 | F 335872 | FPS 1535 | D 217 | rR:x̄σmM 0.93 0.02 0.86 0.96 | F:x̄σmM 80.2 20.7 50.0 158.0 | H 1.490 | V 0.640 | pL -0.000 | vL 0.003 | ∇ 0.013
U 165 | F 337920 | FPS 1573 | D 218 | rR:x̄σmM 0.93 0.01 0.91 0.96 | F:x̄σmM 74.0 13.8 48.0 103.0 | H 1.543 | V 0.642 | pL -0.009 | vL 0.002 | ∇ 0.014
U 166 | F 339968 | FPS 1609 | D 220 | rR:x̄σmM 0.94 0.02 0.87 0.96 | F:x̄σmM 73.7 19.2 46.0 149.0 | H 1.555 | V 0.635 | pL 0.001 | vL 0.003 | ∇ 0.012
U 167 | F 342016 | FPS 1529 | D 221 | rR:x̄σmM 0.93 0.01 0.91 0.95 | F:x̄σmM 78.1 12.0 52.0 102.0 | H 1.567 | V 0.629 | pL 0.001 | vL 0.003 | ∇ 0.016
U 168 | F 344064 | FPS 1509 | D 222 | rR:x̄σmM 0.93 0.02 0.83 0.96 | F:x̄σmM 78.3 27.6 40.0 192.0 | H 1.617 | V 0.646 | pL -0.002 | vL 0.002 | ∇ 0.011
U 169 | F 346112 | FPS 1572 | D 224 | rR:x̄σmM 0.93 0.01 0.91 0.95 | F:x̄σmM 80.0 11.6 55.0 101.0 | H 1.544 | V 0.645 | pL 0.012 | vL 0.002 | ∇ 0.013
U 170 | F 348160 | FPS 1619 | D 225 | rR:x̄σmM 0.93 0.01 0.91 0.95 | F:x̄σmM 76.4 12.8 58.0 105.0 | H 1.488 | V 0.654 | pL -0.003 | vL 0.003 | ∇ 0.013
Model successfully saved
U 171 | F 350208 | FPS 1558 | D 226 | rR:x̄σmM 0.94 0.01 0.91 0.96 | F:x̄σmM 65.1 12.9 42.0 106.0 | H 1.409 | V 0.659 | pL -0.015 | vL 0.002 | ∇ 0.011
U 172 | F 352256 | FPS 1605 | D 227 | rR:x̄σmM 0.94 0.01 0.92 0.96 | F:x̄σmM 64.6 11.2 47.0 88.0 | H 1.502 | V 0.670 | pL -0.015 | vL 0.002 | ∇ 0.011
U 173 | F 354304 | FPS 1546 | D 229 | rR:x̄σmM 0.94 0.01 0.91 0.96 | F:x̄σmM 67.0 16.8 48.0 106.0 | H 1.542 | V 0.693 | pL 0.002 | vL 0.001 | ∇ 0.011
U 174 | F 356352 | FPS 1613 | D 230 | rR:x̄σmM 0.94 0.01 0.92 0.96 | F:x̄σmM 68.1 11.3 51.0 93.0 | H 1.587 | V 0.675 | pL 0.008 | vL 0.002 | ∇ 0.012
U 175 | F 358400 | FPS 1561 | D 231 | rR:x̄σmM 0.93 0.01 0.91 0.95 | F:x̄σmM 74.3 13.0 54.0 104.0 | H 1.591 | V 0.672 | pL 0.013 | vL 0.002 | ∇ 0.012
U 176 | F 360448 | FPS 1614 | D 233 | rR:x̄σmM 0.92 0.02 0.84 0.95 | F:x̄σmM 91.7 26.5 60.0 186.0 | H 1.594 | V 0.636 | pL 0.029 | vL 0.003 | ∇ 0.015
U 177 | F 362496 | FPS 1534 | D 234 | rR:x̄σmM 0.92 0.03 0.77 0.94 | F:x̄σmM 95.3 38.9 71.0 266.0 | H 1.609 | V 0.611 | pL 0.015 | vL 0.003 | ∇ 0.014
U 178 | F 364544 | FPS 1553 | D 235 | rR:x̄σmM 0.92 0.01 0.89 0.95 | F:x̄σmM 88.4 16.9 56.0 123.0 | H 1.570 | V 0.572 | pL 0.002 | vL 0.004 | ∇ 0.017
U 179 | F 366592 | FPS 1637 | D 237 | rR:x̄σmM 0.92 0.01 0.89 0.94 | F:x̄σmM 87.8 14.5 64.0 121.0 | H 1.572 | V 0.569 | pL -0.011 | vL 0.005 | ∇ 0.021
U 180 | F 368640 | FPS 1594 | D 238 | rR:x̄σmM 0.93 0.02 0.89 0.95 | F:x̄σmM 79.1 17.3 52.0 125.0 | H 1.490 | V 0.583 | pL -0.017 | vL 0.004 | ∇ 0.017
Model successfully saved
U 181 | F 370688 | FPS 1638 | D 239 | rR:x̄σmM 0.94 0.01 0.90 0.96 | F:x̄σmM 68.8 14.7 40.0 114.0 | H 1.505 | V 0.635 | pL -0.034 | vL 0.003 | ∇ 0.015
U 182 | F 372736 | FPS 1636 | D 240 | rR:x̄σmM 0.94 0.01 0.91 0.96 | F:x̄σmM 67.9 13.4 49.0 105.0 | H 1.527 | V 0.665 | pL -0.012 | vL 0.002 | ∇ 0.013
U 183 | F 374784 | FPS 1624 | D 242 | rR:x̄σmM 0.94 0.02 0.85 0.96 | F:x̄σmM 69.7 20.8 49.0 168.0 | H 1.558 | V 0.680 | pL 0.001 | vL 0.001 | ∇ 0.009
U 184 | F 376832 | FPS 1585 | D 243 | rR:x̄σmM 0.94 0.01 0.91 0.95 | F:x̄σmM 73.9 11.3 59.0 99.0 | H 1.587 | V 0.677 | pL 0.011 | vL 0.002 | ∇ 0.013
U 185 | F 378880 | FPS 1552 | D 244 | rR:x̄σmM 0.93 0.01 0.91 0.95 | F:x̄σmM 79.2 12.8 56.0 98.0 | H 1.634 | V 0.643 | pL 0.021 | vL 0.003 | ∇ 0.014
U 186 | F 380928 | FPS 1600 | D 246 | rR:x̄σmM 0.92 0.02 0.89 0.95 | F:x̄σmM 91.9 18.1 56.0 127.0 | H 1.624 | V 0.611 | pL 0.014 | vL 0.003 | ∇ 0.017
U 187 | F 382976 | FPS 1590 | D 247 | rR:x̄σmM 0.92 0.02 0.87 0.95 | F:x̄σmM 92.6 22.3 60.0 150.0 | H 1.641 | V 0.534 | pL 0.008 | vL 0.005 | ∇ 0.024
U 188 | F 385024 | FPS 1607 | D 248 | rR:x̄σmM 0.92 0.02 0.88 0.94 | F:x̄σmM 92.3 21.1 63.0 135.0 | H 1.584 | V 0.554 | pL -0.019 | vL 0.005 | ∇ 0.026
U 189 | F 387072 | FPS 1569 | D 249 | rR:x̄σmM 0.93 0.02 0.85 0.96 | F:x̄σmM 77.8 22.7 48.0 170.0 | H 1.555 | V 0.622 | pL -0.026 | vL 0.003 | ∇ 0.020
U 190 | F 389120 | FPS 1506 | D 251 | rR:x̄σmM 0.93 0.02 0.87 0.96 | F:x̄σmM 78.4 21.0 50.0 148.0 | H 1.582 | V 0.650 | pL 0.006 | vL 0.002 | ∇ 0.015
Model successfully saved
U 191 | F 391168 | FPS 1542 | D 252 | rR:x̄σmM 0.93 0.02 0.84 0.95 | F:x̄σmM 83.1 24.9 52.0 182.0 | H 1.601 | V 0.646 | pL 0.021 | vL 0.003 | ∇ 0.021
U 192 | F 393216 | FPS 1613 | D 253 | rR:x̄σmM 0.93 0.02 0.83 0.96 | F:x̄σmM 81.4 24.5 45.0 188.0 | H 1.554 | V 0.633 | pL 0.004 | vL 0.003 | ∇ 0.018
U 193 | F 395264 | FPS 1571 | D 255 | rR:x̄σmM 0.92 0.02 0.88 0.95 | F:x̄σmM 86.5 21.0 62.0 135.0 | H 1.541 | V 0.601 | pL 0.004 | vL 0.004 | ∇ 0.016
U 194 | F 397312 | FPS 1552 | D 256 | rR:x̄σmM 0.93 0.01 0.90 0.96 | F:x̄σmM 76.8 15.6 48.0 110.0 | H 1.510 | V 0.600 | pL -0.012 | vL 0.003 | ∇ 0.017
U 195 | F 399360 | FPS 1543 | D 257 | rR:x̄σmM 0.94 0.01 0.90 0.96 | F:x̄σmM 67.8 11.9 46.0 109.0 | H 1.526 | V 0.631 | pL -0.030 | vL 0.002 | ∇ 0.016
U 196 | F 401408 | FPS 1524 | D 259 | rR:x̄σmM 0.94 0.01 0.92 0.96 | F:x̄σmM 70.7 10.7 48.0 88.0 | H 1.613 | V 0.648 | pL -0.013 | vL 0.002 | ∇ 0.014
U 197 | F 403456 | FPS 1571 | D 260 | rR:x̄σmM 0.93 0.01 0.90 0.95 | F:x̄σmM 77.0 12.6 61.0 111.0 | H 1.629 | V 0.680 | pL 0.015 | vL 0.002 | ∇ 0.017
U 198 | F 405504 | FPS 1341 | D 262 | rR:x̄σmM 0.92 0.01 0.89 0.95 | F:x̄σmM 86.5 17.0 60.0 125.0 | H 1.611 | V 0.653 | pL 0.031 | vL 0.002 | ∇ 0.018
U 199 | F 407552 | FPS 1557 | D 263 | rR:x̄σmM 0.92 0.02 0.85 0.95 | F:x̄σmM 91.7 23.1 60.0 172.0 | H 1.631 | V 0.639 | pL 0.014 | vL 0.002 | ∇ 0.013
U 200 | F 409600 | FPS 1468 | D 264 | rR:x̄σmM 0.93 0.01 0.90 0.95 | F:x̄σmM 85.0 13.0 60.0 117.0 | H 1.613 | V 0.592 | pL 0.011 | vL 0.003 | ∇ 0.015
Model successfully saved
U 201 | F 411648 | FPS 1524 | D 266 | rR:x̄σmM 0.92 0.02 0.85 0.95 | F:x̄σmM 86.9 24.5 60.0 170.0 | H 1.629 | V 0.589 | pL -0.003 | vL 0.004 | ∇ 0.016
U 202 | F 413696 | FPS 1551 | D 267 | rR:x̄σmM 0.92 0.02 0.88 0.95 | F:x̄σmM 87.5 19.0 60.0 134.0 | H 1.646 | V 0.583 | pL -0.005 | vL 0.003 | ∇ 0.014
U 203 | F 415744 | FPS 1523 | D 268 | rR:x̄σmM 0.92 0.03 0.83 0.96 | F:x̄σmM 95.9 28.7 49.0 192.0 | H 1.580 | V 0.584 | pL -0.003 | vL 0.003 | ∇ 0.017
U 204 | F 417792 | FPS 1568 | D 270 | rR:x̄σmM 0.93 0.03 0.80 0.95 | F:x̄σmM 79.0 33.9 52.0 226.0 | H 1.562 | V 0.617 | pL -0.016 | vL 0.004 | ∇ 0.016
U 205 | F 419840 | FPS 1556 | D 271 | rR:x̄σmM 0.93 0.01 0.89 0.96 | F:x̄σmM 75.2 15.6 50.0 128.0 | H 1.587 | V 0.643 | pL -0.014 | vL 0.002 | ∇ 0.013
U 206 | F 421888 | FPS 1547 | D 272 | rR:x̄σmM 0.93 0.02 0.89 0.95 | F:x̄σmM 82.9 17.7 56.0 127.0 | H 1.595 | V 0.640 | pL 0.014 | vL 0.002 | ∇ 0.015
U 207 | F 423936 | FPS 1551 | D 274 | rR:x̄σmM 0.93 0.01 0.89 0.95 | F:x̄σmM 83.0 13.5 61.0 120.0 | H 1.594 | V 0.621 | pL 0.009 | vL 0.003 | ∇ 0.014
U 208 | F 425984 | FPS 1536 | D 275 | rR:x̄σmM 0.93 0.01 0.91 0.95 | F:x̄σmM 82.6 15.1 57.0 107.0 | H 1.537 | V 0.613 | pL 0.003 | vL 0.003 | ∇ 0.014
U 209 | F 428032 | FPS 1530 | D 276 | rR:x̄σmM 0.93 0.01 0.90 0.95 | F:x̄σmM 77.5 15.2 55.0 114.0 | H 1.548 | V 0.608 | pL -0.009 | vL 0.003 | ∇ 0.015
U 210 | F 430080 | FPS 1551 | D 278 | rR:x̄σmM 0.93 0.01 0.90 0.95 | F:x̄σmM 79.3 15.8 54.0 111.0 | H 1.575 | V 0.609 | pL -0.010 | vL 0.004 | ∇ 0.015
Model successfully saved
U 211 | F 432128 | FPS 1620 | D 279 | rR:x̄σmM 0.92 0.01 0.90 0.95 | F:x̄σmM 87.4 15.0 57.0 117.0 | H 1.558 | V 0.574 | pL -0.009 | vL 0.004 | ∇ 0.021
U 212 | F 434176 | FPS 1588 | D 280 | rR:x̄σmM 0.93 0.01 0.91 0.95 | F:x̄σmM 80.3 11.3 56.0 104.0 | H 1.478 | V 0.591 | pL -0.026 | vL 0.003 | ∇ 0.015
U 213 | F 436224 | FPS 1631 | D 281 | rR:x̄σmM 0.94 0.01 0.91 0.96 | F:x̄σmM 68.5 15.1 45.0 101.0 | H 1.456 | V 0.651 | pL -0.035 | vL 0.002 | ∇ 0.018
U 214 | F 438272 | FPS 1551 | D 283 | rR:x̄σmM 0.95 0.01 0.91 0.96 | F:x̄σmM 62.2 10.2 46.0 98.0 | H 1.520 | V 0.722 | pL -0.008 | vL 0.001 | ∇ 0.016
U 215 | F 440320 | FPS 1525 | D 284 | rR:x̄σmM 0.94 0.01 0.92 0.96 | F:x̄σmM 66.7 9.8 46.0 89.0 | H 1.571 | V 0.720 | pL 0.025 | vL 0.001 | ∇ 0.013
U 216 | F 442368 | FPS 1531 | D 285 | rR:x̄σmM 0.94 0.01 0.91 0.95 | F:x̄σmM 73.8 11.0 55.0 105.0 | H 1.624 | V 0.692 | pL 0.033 | vL 0.001 | ∇ 0.014
U 217 | F 444416 | FPS 1575 | D 287 | rR:x̄σmM 0.93 0.01 0.91 0.95 | F:x̄σmM 84.2 11.4 59.0 105.0 | H 1.658 | V 0.632 | pL 0.035 | vL 0.002 | ∇ 0.020
U 218 | F 446464 | FPS 1531 | D 288 | rR:x̄σmM 0.92 0.02 0.86 0.95 | F:x̄σmM 94.7 27.0 60.0 154.0 | H 1.702 | V 0.615 | pL 0.013 | vL 0.003 | ∇ 0.013
U 219 | F 448512 | FPS 1544 | D 289 | rR:x̄σmM 0.91 0.02 0.88 0.94 | F:x̄σmM 97.8 17.6 69.0 134.0 | H 1.669 | V 0.580 | pL 0.016 | vL 0.002 | ∇ 0.013
U 220 | F 450560 | FPS 1598 | D 291 | rR:x̄σmM 0.92 0.02 0.89 0.95 | F:x̄σmM 93.8 17.8 61.0 130.0 | H 1.586 | V 0.592 | pL 0.004 | vL 0.003 | ∇ 0.014
Model successfully saved
U 221 | F 452608 | FPS 1480 | D 292 | rR:x̄σmM 0.93 0.02 0.89 0.95 | F:x̄σmM 84.4 17.2 59.0 126.0 | H 1.518 | V 0.606 | pL -0.009 | vL 0.004 | ∇ 0.019
U 222 | F 454656 | FPS 1542 | D 293 | rR:x̄σmM 0.93 0.01 0.91 0.95 | F:x̄σmM 77.7 14.1 54.0 106.0 | H 1.542 | V 0.581 | pL -0.015 | vL 0.004 | ∇ 0.014
U 223 | F 456704 | FPS 1565 | D 295 | rR:x̄σmM 0.93 0.02 0.89 0.95 | F:x̄σmM 83.6 18.6 56.0 120.0 | H 1.507 | V 0.615 | pL -0.014 | vL 0.003 | ∇ 0.013
U 224 | F 458752 | FPS 1522 | D 296 | rR:x̄σmM 0.94 0.02 0.88 0.96 | F:x̄σmM 70.7 19.4 51.0 135.0 | H 1.547 | V 0.653 | pL -0.014 | vL 0.002 | ∇ 0.014
U 225 | F 460800 | FPS 1614 | D 297 | rR:x̄σmM 0.94 0.01 0.92 0.95 | F:x̄σmM 71.7 10.4 54.0 92.0 | H 1.597 | V 0.648 | pL -0.002 | vL 0.001 | ∇ 0.009
U 226 | F 462848 | FPS 1409 | D 299 | rR:x̄σmM 0.93 0.01 0.90 0.95 | F:x̄σmM 74.1 15.6 56.0 112.0 | H 1.571 | V 0.655 | pL 0.005 | vL 0.002 | ∇ 0.012
U 227 | F 464896 | FPS 1545 | D 300 | rR:x̄σmM 0.93 0.01 0.90 0.95 | F:x̄σmM 78.2 13.1 53.0 110.0 | H 1.583 | V 0.632 | pL 0.008 | vL 0.002 | ∇ 0.013
U 228 | F 466944 | FPS 1562 | D 301 | rR:x̄σmM 0.93 0.02 0.89 0.95 | F:x̄σmM 83.8 18.6 55.0 122.0 | H 1.618 | V 0.646 | pL 0.003 | vL 0.002 | ∇ 0.011
U 229 | F 468992 | FPS 1603 | D 303 | rR:x̄σmM 0.93 0.01 0.90 0.95 | F:x̄σmM 83.1 12.7 59.0 112.0 | H 1.606 | V 0.621 | pL 0.011 | vL 0.002 | ∇ 0.012
U 230 | F 471040 | FPS 1512 | D 304 | rR:x̄σmM 0.92 0.01 0.89 0.95 | F:x̄σmM 86.8 14.9 58.0 125.0 | H 1.607 | V 0.630 | pL 0.004 | vL 0.002 | ∇ 0.011
Model successfully saved
U 231 | F 473088 | FPS 1487 | D 305 | rR:x̄σmM 0.92 0.01 0.89 0.95 | F:x̄σmM 90.7 16.2 62.0 120.0 | H 1.611 | V 0.588 | pL 0.009 | vL 0.003 | ∇ 0.014
U 232 | F 475136 | FPS 1415 | D 307 | rR:x̄σmM 0.92 0.02 0.88 0.94 | F:x̄σmM 88.0 18.6 63.0 141.0 | H 1.615 | V 0.595 | pL -0.001 | vL 0.003 | ∇ 0.013
U 233 | F 477184 | FPS 1415 | D 308 | rR:x̄σmM 0.92 0.01 0.90 0.95 | F:x̄σmM 87.2 14.3 60.0 113.0 | H 1.643 | V 0.577 | pL -0.006 | vL 0.003 | ∇ 0.015
U 234 | F 479232 | FPS 1316 | D 310 | rR:x̄σmM 0.92 0.02 0.88 0.95 | F:x̄σmM 88.0 18.0 62.0 141.0 | H 1.577 | V 0.601 | pL -0.011 | vL 0.003 | ∇ 0.014
U 235 | F 481280 | FPS 1498 | D 311 | rR:x̄σmM 0.93 0.01 0.90 0.95 | F:x̄σmM 80.0 13.2 57.0 109.0 | H 1.547 | V 0.603 | pL -0.012 | vL 0.003 | ∇ 0.014
U 236 | F 483328 | FPS 1476 | D 313 | rR:x̄σmM 0.93 0.02 0.89 0.96 | F:x̄σmM 77.4 18.8 49.0 127.0 | H 1.457 | V 0.614 | pL -0.016 | vL 0.003 | ∇ 0.014
U 237 | F 485376 | FPS 1580 | D 314 | rR:x̄σmM 0.94 0.01 0.90 0.96 | F:x̄σmM 71.2 15.2 48.0 116.0 | H 1.485 | V 0.641 | pL -0.019 | vL 0.003 | ∇ 0.013
U 238 | F 487424 | FPS 1574 | D 315 | rR:x̄σmM 0.94 0.01 0.91 0.96 | F:x̄σmM 70.6 12.6 46.0 104.0 | H 1.593 | V 0.634 | pL 0.004 | vL 0.003 | ∇ 0.012
U 239 | F 489472 | FPS 1609 | D 317 | rR:x̄σmM 0.92 0.03 0.83 0.95 | F:x̄σmM 88.4 31.0 57.0 197.0 | H 1.569 | V 0.614 | pL 0.008 | vL 0.004 | ∇ 0.016
U 240 | F 491520 | FPS 1561 | D 318 | rR:x̄σmM 0.92 0.01 0.90 0.94 | F:x̄σmM 86.0 13.3 68.0 112.0 | H 1.542 | V 0.592 | pL 0.001 | vL 0.004 | ∇ 0.015
Model successfully saved
U 241 | F 493568 | FPS 1591 | D 319 | rR:x̄σmM 0.92 0.04 0.76 0.95 | F:x̄σmM 91.1 42.9 55.0 276.0 | H 1.568 | V 0.565 | pL -0.002 | vL 0.004 | ∇ 0.013
U 242 | F 495616 | FPS 1620 | D 320 | rR:x̄σmM 0.93 0.02 0.90 0.96 | F:x̄σmM 78.3 17.4 45.0 114.0 | H 1.513 | V 0.582 | pL -0.016 | vL 0.004 | ∇ 0.015
U 243 | F 497664 | FPS 1593 | D 322 | rR:x̄σmM 0.93 0.02 0.86 0.95 | F:x̄σmM 78.3 21.9 52.0 161.0 | H 1.559 | V 0.600 | pL -0.024 | vL 0.003 | ∇ 0.018
U 244 | F 499712 | FPS 1555 | D 323 | rR:x̄σmM 0.93 0.01 0.90 0.96 | F:x̄σmM 74.9 14.1 51.0 109.0 | H 1.486 | V 0.644 | pL -0.023 | vL 0.002 | ∇ 0.016
U 245 | F 501760 | FPS 1536 | D 324 | rR:x̄σmM 0.94 0.01 0.92 0.96 | F:x̄σmM 65.9 10.7 45.0 89.0 | H 1.522 | V 0.678 | pL -0.015 | vL 0.002 | ∇ 0.011
U 246 | F 503808 | FPS 1386 | D 326 | rR:x̄σmM 0.94 0.01 0.92 0.96 | F:x̄σmM 67.0 11.3 49.0 95.0 | H 1.538 | V 0.699 | pL 0.007 | vL 0.001 | ∇ 0.010
U 247 | F 505856 | FPS 1544 | D 327 | rR:x̄σmM 0.94 0.01 0.91 0.96 | F:x̄σmM 73.0 13.2 50.0 106.0 | H 1.562 | V 0.691 | pL 0.017 | vL 0.001 | ∇ 0.012
U 248 | F 507904 | FPS 1565 | D 329 | rR:x̄σmM 0.94 0.01 0.90 0.95 | F:x̄σmM 73.2 13.2 55.0 111.0 | H 1.617 | V 0.660 | pL 0.023 | vL 0.001 | ∇ 0.013
U 249 | F 509952 | FPS 1526 | D 330 | rR:x̄σmM 0.92 0.02 0.88 0.95 | F:x̄σmM 86.8 19.4 52.0 136.0 | H 1.611 | V 0.625 | pL 0.015 | vL 0.003 | ∇ 0.020
U 250 | F 512000 | FPS 1492 | D 331 | rR:x̄σmM 0.92 0.02 0.89 0.94 | F:x̄σmM 95.2 17.4 68.0 128.0 | H 1.664 | V 0.560 | pL 0.022 | vL 0.005 | ∇ 0.024
Model successfully saved
U 251 | F 514048 | FPS 1570 | D 333 | rR:x̄σmM 0.91 0.05 0.74 0.94 | F:x̄σmM 106.8 52.2 66.0 295.0 | H 1.660 | V 0.549 | pL 0.001 | vL 0.005 | ∇ 0.018
U 252 | F 516096 | FPS 1456 | D 334 | rR:x̄σmM 0.92 0.03 0.84 0.95 | F:x̄σmM 94.3 32.6 55.0 184.0 | H 1.576 | V 0.585 | pL 0.002 | vL 0.004 | ∇ 0.016
U 253 | F 518144 | FPS 1521 | D 335 | rR:x̄σmM 0.93 0.02 0.86 0.96 | F:x̄σmM 83.9 22.1 44.0 163.0 | H 1.622 | V 0.602 | pL -0.014 | vL 0.002 | ∇ 0.014
U 254 | F 520192 | FPS 1533 | D 337 | rR:x̄σmM 0.93 0.01 0.90 0.95 | F:x̄σmM 79.5 14.6 55.0 117.0 | H 1.561 | V 0.618 | pL 0.001 | vL 0.002 | ∇ 0.010
U 255 | F 522240 | FPS 1624 | D 338 | rR:x̄σmM 0.93 0.01 0.91 0.96 | F:x̄σmM 79.5 13.8 47.0 107.0 | H 1.503 | V 0.614 | pL -0.002 | vL 0.004 | ∇ 0.012
U 256 | F 524288 | FPS 1545 | D 339 | rR:x̄σmM 0.93 0.03 0.82 0.96 | F:x̄σmM 76.4 32.9 45.0 204.0 | H 1.551 | V 0.621 | pL -0.021 | vL 0.003 | ∇ 0.018
U 257 | F 526336 | FPS 1547 | D 341 | rR:x̄σmM 0.94 0.01 0.89 0.96 | F:x̄σmM 68.2 16.4 46.0 122.0 | H 1.543 | V 0.671 | pL -0.012 | vL 0.002 | ∇ 0.013
U 258 | F 528384 | FPS 1562 | D 342 | rR:x̄σmM 0.94 0.01 0.91 0.96 | F:x̄σmM 72.8 14.7 47.0 108.0 | H 1.559 | V 0.661 | pL 0.012 | vL 0.002 | ∇ 0.011
U 259 | F 530432 | FPS 1469 | D 343 | rR:x̄σmM 0.93 0.02 0.89 0.95 | F:x̄σmM 79.8 19.7 56.0 130.0 | H 1.596 | V 0.651 | pL 0.006 | vL 0.002 | ∇ 0.015
U 260 | F 532480 | FPS 1407 | D 345 | rR:x̄σmM 0.93 0.01 0.89 0.96 | F:x̄σmM 74.2 16.5 47.0 128.0 | H 1.622 | V 0.635 | pL 0.006 | vL 0.002 | ∇ 0.012
Model successfully saved
U 261 | F 534528 | FPS 1608 | D 346 | rR:x̄σmM 0.92 0.02 0.87 0.95 | F:x̄σmM 87.3 22.7 54.0 152.0 | H 1.542 | V 0.635 | pL 0.017 | vL 0.002 | ∇ 0.018
U 262 | F 536576 | FPS 1570 | D 347 | rR:x̄σmM 0.93 0.02 0.88 0.97 | F:x̄σmM 81.3 19.3 39.0 136.0 | H 1.529 | V 0.655 | pL -0.005 | vL 0.002 | ∇ 0.011
U 263 | F 538624 | FPS 1489 | D 349 | rR:x̄σmM 0.93 0.01 0.90 0.95 | F:x̄σmM 76.7 15.3 53.0 118.0 | H 1.580 | V 0.620 | pL 0.001 | vL 0.002 | ∇ 0.009
U 264 | F 540672 | FPS 1601 | D 350 | rR:x̄σmM 0.93 0.01 0.90 0.95 | F:x̄σmM 76.9 16.3 54.0 110.0 | H 1.604 | V 0.623 | pL 0.003 | vL 0.002 | ∇ 0.011
U 265 | F 542720 | FPS 1567 | D 351 | rR:x̄σmM 0.93 0.01 0.90 0.95 | F:x̄σmM 82.7 15.1 58.0 114.0 | H 1.576 | V 0.641 | pL -0.002 | vL 0.002 | ∇ 0.011
U 266 | F 544768 | FPS 1562 | D 353 | rR:x̄σmM 0.94 0.01 0.92 0.95 | F:x̄σmM 71.9 10.2 54.0 91.0 | H 1.510 | V 0.646 | pL -0.003 | vL 0.002 | ∇ 0.010
U 267 | F 546816 | FPS 1604 | D 354 | rR:x̄σmM 0.94 0.02 0.89 0.96 | F:x̄σmM 73.2 19.0 45.0 120.0 | H 1.536 | V 0.657 | pL -0.013 | vL 0.002 | ∇ 0.008
U 268 | F 548864 | FPS 1632 | D 355 | rR:x̄σmM 0.93 0.01 0.91 0.96 | F:x̄σmM 74.3 14.6 49.0 101.0 | H 1.554 | V 0.626 | pL -0.001 | vL 0.002 | ∇ 0.011
U 269 | F 550912 | FPS 1542 | D 357 | rR:x̄σmM 0.93 0.02 0.89 0.96 | F:x̄σmM 75.7 17.6 47.0 126.0 | H 1.538 | V 0.640 | pL -0.004 | vL 0.002 | ∇ 0.011
U 270 | F 552960 | FPS 1528 | D 358 | rR:x̄σmM 0.93 0.01 0.90 0.95 | F:x̄σmM 75.4 13.4 53.0 113.0 | H 1.568 | V 0.660 | pL -0.001 | vL 0.002 | ∇ 0.012
Model successfully saved
U 271 | F 555008 | FPS 1563 | D 359 | rR:x̄σmM 0.93 0.01 0.90 0.95 | F:x̄σmM 75.9 16.7 53.0 114.0 | H 1.548 | V 0.649 | pL 0.007 | vL 0.002 | ∇ 0.010
U 272 | F 557056 | FPS 1579 | D 361 | rR:x̄σmM 0.94 0.01 0.91 0.96 | F:x̄σmM 73.3 13.8 50.0 108.0 | H 1.559 | V 0.648 | pL -0.002 | vL 0.002 | ∇ 0.010
U 273 | F 559104 | FPS 1511 | D 362 | rR:x̄σmM 0.93 0.01 0.89 0.95 | F:x̄σmM 78.9 16.6 58.0 121.0 | H 1.619 | V 0.631 | pL 0.005 | vL 0.002 | ∇ 0.009
U 274 | F 561152 | FPS 1513 | D 363 | rR:x̄σmM 0.93 0.01 0.90 0.94 | F:x̄σmM 82.3 13.5 64.0 110.0 | H 1.592 | V 0.618 | pL -0.001 | vL 0.004 | ∇ 0.016
U 275 | F 563200 | FPS 1387 | D 365 | rR:x̄σmM 0.93 0.02 0.89 0.96 | F:x̄σmM 84.0 18.3 50.0 126.0 | H 1.525 | V 0.618 | pL -0.004 | vL 0.003 | ∇ 0.012
U 276 | F 565248 | FPS 1426 | D 366 | rR:x̄σmM 0.94 0.01 0.91 0.96 | F:x̄σmM 72.3 14.0 50.0 104.0 | H 1.538 | V 0.651 | pL -0.014 | vL 0.002 | ∇ 0.011
U 277 | F 567296 | FPS 1545 | D 367 | rR:x̄σmM 0.93 0.01 0.92 0.95 | F:x̄σmM 74.3 11.6 53.0 96.0 | H 1.580 | V 0.646 | pL 0.001 | vL 0.002 | ∇ 0.011
U 278 | F 569344 | FPS 1626 | D 369 | rR:x̄σmM 0.93 0.02 0.86 0.95 | F:x̄σmM 80.9 21.0 60.0 164.0 | H 1.525 | V 0.644 | pL 0.008 | vL 0.002 | ∇ 0.012
U 279 | F 571392 | FPS 1452 | D 370 | rR:x̄σmM 0.93 0.01 0.91 0.95 | F:x̄σmM 74.6 11.0 55.0 103.0 | H 1.524 | V 0.651 | pL -0.008 | vL 0.002 | ∇ 0.011
U 280 | F 573440 | FPS 1569 | D 371 | rR:x̄σmM 0.94 0.01 0.91 0.95 | F:x̄σmM 71.2 11.0 54.0 97.0 | H 1.615 | V 0.652 | pL -0.002 | vL 0.002 | ∇ 0.009
Model successfully saved
U 281 | F 575488 | FPS 1515 | D 373 | rR:x̄σmM 0.93 0.01 0.89 0.95 | F:x̄σmM 80.7 16.9 53.0 125.0 | H 1.598 | V 0.614 | pL 0.014 | vL 0.002 | ∇ 0.012
U 282 | F 577536 | FPS 1554 | D 374 | rR:x̄σmM 0.93 0.01 0.88 0.96 | F:x̄σmM 81.3 17.0 51.0 132.0 | H 1.596 | V 0.627 | pL -0.003 | vL 0.002 | ∇ 0.013
U 283 | F 579584 | FPS 1566 | D 375 | rR:x̄σmM 0.93 0.01 0.90 0.95 | F:x̄σmM 81.8 13.7 53.0 117.0 | H 1.575 | V 0.623 | pL -0.004 | vL 0.002 | ∇ 0.010
U 284 | F 581632 | FPS 1630 | D 377 | rR:x̄σmM 0.93 0.01 0.91 0.95 | F:x̄σmM 76.7 10.7 55.0 97.0 | H 1.613 | V 0.639 | pL -0.002 | vL 0.002 | ∇ 0.014
U 285 | F 583680 | FPS 1628 | D 378 | rR:x̄σmM 0.93 0.01 0.90 0.95 | F:x̄σmM 82.3 14.3 53.0 115.0 | H 1.593 | V 0.592 | pL 0.004 | vL 0.003 | ∇ 0.012
U 286 | F 585728 | FPS 1490 | D 379 | rR:x̄σmM 0.92 0.03 0.80 0.95 | F:x̄σmM 93.5 31.7 57.0 226.0 | H 1.593 | V 0.582 | pL -0.003 | vL 0.003 | ∇ 0.014
U 287 | F 587776 | FPS 1626 | D 381 | rR:x̄σmM 0.93 0.01 0.90 0.95 | F:x̄σmM 81.1 15.2 54.0 110.0 | H 1.553 | V 0.594 | pL -0.006 | vL 0.004 | ∇ 0.014
U 288 | F 589824 | FPS 1538 | D 382 | rR:x̄σmM 0.92 0.02 0.85 0.95 | F:x̄σmM 86.2 26.1 57.0 167.0 | H 1.533 | V 0.626 | pL -0.008 | vL 0.002 | ∇ 0.012
U 289 | F 591872 | FPS 1388 | D 383 | rR:x̄σmM 0.94 0.01 0.91 0.95 | F:x̄σmM 73.9 12.0 53.0 102.0 | H 1.572 | V 0.638 | pL -0.008 | vL 0.002 | ∇ 0.013
U 290 | F 593920 | FPS 1433 | D 385 | rR:x̄σmM 0.93 0.01 0.89 0.96 | F:x̄σmM 76.0 16.5 41.0 122.0 | H 1.558 | V 0.629 | pL 0.001 | vL 0.002 | ∇ 0.014
Model successfully saved
U 291 | F 595968 | FPS 1477 | D 386 | rR:x̄σmM 0.94 0.01 0.92 0.95 | F:x̄σmM 73.3 10.0 57.0 95.0 | H 1.530 | V 0.648 | pL -0.006 | vL 0.002 | ∇ 0.011
U 292 | F 598016 | FPS 1562 | D 388 | rR:x̄σmM 0.93 0.02 0.84 0.96 | F:x̄σmM 75.8 23.4 48.0 179.0 | H 1.538 | V 0.645 | pL 0.000 | vL 0.002 | ∇ 0.012
U 293 | F 600064 | FPS 1439 | D 389 | rR:x̄σmM 0.93 0.02 0.89 0.96 | F:x̄σmM 77.3 17.5 49.0 121.0 | H 1.572 | V 0.628 | pL -0.007 | vL 0.002 | ∇ 0.012
U 294 | F 602112 | FPS 1495 | D 390 | rR:x̄σmM 0.94 0.01 0.92 0.95 | F:x̄σmM 67.5 9.7 52.0 90.0 | H 1.536 | V 0.644 | pL -0.001 | vL 0.002 | ∇ 0.012
U 295 | F 604160 | FPS 1580 | D 392 | rR:x̄σmM 0.93 0.02 0.84 0.95 | F:x̄σmM 80.7 23.6 54.0 183.0 | H 1.566 | V 0.644 | pL 0.003 | vL 0.002 | ∇ 0.012
U 296 | F 606208 | FPS 1290 | D 393 | rR:x̄σmM 0.94 0.01 0.90 0.96 | F:x̄σmM 73.7 15.2 50.0 118.0 | H 1.527 | V 0.654 | pL 0.000 | vL 0.002 | ∇ 0.008
U 297 | F 608256 | FPS 1563 | D 395 | rR:x̄σmM 0.93 0.01 0.90 0.96 | F:x̄σmM 76.2 13.5 48.0 114.0 | H 1.597 | V 0.652 | pL -0.004 | vL 0.002 | ∇ 0.013
U 298 | F 610304 | FPS 1374 | D 396 | rR:x̄σmM 0.93 0.01 0.90 0.95 | F:x̄σmM 80.3 15.5 53.0 114.0 | H 1.585 | V 0.630 | pL 0.015 | vL 0.003 | ∇ 0.016
U 299 | F 612352 | FPS 1624 | D 397 | rR:x̄σmM 0.92 0.03 0.82 0.95 | F:x̄σmM 88.8 30.7 52.0 209.0 | H 1.555 | V 0.610 | pL 0.012 | vL 0.003 | ∇ 0.012
U 300 | F 614400 | FPS 1570 | D 399 | rR:x̄σmM 0.93 0.02 0.84 0.95 | F:x̄σmM 79.7 23.9 53.0 178.0 | H 1.500 | V 0.622 | pL -0.010 | vL 0.003 | ∇ 0.015
Model successfully saved
U 301 | F 616448 | FPS 1528 | D 400 | rR:x̄σmM 0.93 0.01 0.91 0.96 | F:x̄σmM 74.3 14.9 48.0 104.0 | H 1.580 | V 0.603 | pL -0.015 | vL 0.003 | ∇ 0.013
U 302 | F 618496 | FPS 1516 | D 401 | rR:x̄σmM 0.93 0.02 0.84 0.95 | F:x̄σmM 83.3 25.4 57.0 186.0 | H 1.628 | V 0.608 | pL -0.001 | vL 0.002 | ∇ 0.011
U 303 | F 620544 | FPS 1520 | D 403 | rR:x̄σmM 0.93 0.02 0.88 0.96 | F:x̄σmM 77.8 18.0 50.0 138.0 | H 1.529 | V 0.656 | pL -0.005 | vL 0.002 | ∇ 0.013
U 304 | F 622592 | FPS 1525 | D 404 | rR:x̄σmM 0.94 0.01 0.90 0.96 | F:x̄σmM 73.5 15.1 47.0 118.0 | H 1.574 | V 0.645 | pL -0.003 | vL 0.002 | ∇ 0.010
U 305 | F 624640 | FPS 1513 | D 405 | rR:x̄σmM 0.93 0.01 0.90 0.96 | F:x̄σmM 78.3 15.9 48.0 112.0 | H 1.558 | V 0.636 | pL 0.007 | vL 0.003 | ∇ 0.011
U 306 | F 626688 | FPS 1461 | D 407 | rR:x̄σmM 0.93 0.02 0.85 0.96 | F:x̄σmM 80.3 24.3 49.0 169.0 | H 1.523 | V 0.632 | pL -0.000 | vL 0.002 | ∇ 0.011
U 307 | F 628736 | FPS 1574 | D 408 | rR:x̄σmM 0.94 0.01 0.91 0.96 | F:x̄σmM 68.7 15.0 45.0 100.0 | H 1.511 | V 0.632 | pL -0.016 | vL 0.002 | ∇ 0.013
U 308 | F 630784 | FPS 1520 | D 409 | rR:x̄σmM 0.94 0.01 0.92 0.96 | F:x̄σmM 69.5 11.1 51.0 95.0 | H 1.493 | V 0.648 | pL -0.014 | vL 0.003 | ∇ 0.012
U 309 | F 632832 | FPS 1578 | D 411 | rR:x̄σmM 0.94 0.01 0.91 0.96 | F:x̄σmM 65.7 12.3 46.0 104.0 | H 1.506 | V 0.670 | pL -0.019 | vL 0.002 | ∇ 0.009
U 310 | F 634880 | FPS 1438 | D 412 | rR:x̄σmM 0.94 0.01 0.92 0.96 | F:x̄σmM 65.2 10.7 46.0 90.0 | H 1.532 | V 0.677 | pL -0.001 | vL 0.002 | ∇ 0.012
Model successfully saved
U 311 | F 636928 | FPS 1490 | D 414 | rR:x̄σmM 0.94 0.01 0.88 0.96 | F:x̄σmM 68.5 15.3 49.0 134.0 | H 1.595 | V 0.676 | pL 0.005 | vL 0.002 | ∇ 0.009
U 312 | F 638976 | FPS 1441 | D 415 | rR:x̄σmM 0.93 0.01 0.90 0.95 | F:x̄σmM 77.5 13.7 60.0 117.0 | H 1.642 | V 0.668 | pL 0.019 | vL 0.002 | ∇ 0.010
U 313 | F 641024 | FPS 1557 | D 416 | rR:x̄σmM 0.93 0.01 0.89 0.96 | F:x̄σmM 79.2 13.5 49.0 123.0 | H 1.628 | V 0.640 | pL 0.011 | vL 0.002 | ∇ 0.017
U 314 | F 643072 | FPS 1607 | D 418 | rR:x̄σmM 0.93 0.01 0.89 0.96 | F:x̄σmM 83.8 16.6 51.0 122.0 | H 1.645 | V 0.610 | pL 0.014 | vL 0.004 | ∇ 0.017
U 315 | F 645120 | FPS 1277 | D 419 | rR:x̄σmM 0.92 0.03 0.81 0.94 | F:x̄σmM 95.4 32.1 63.0 217.0 | H 1.626 | V 0.590 | pL 0.016 | vL 0.003 | ∇ 0.015
U 316 | F 647168 | FPS 1565 | D 421 | rR:x̄σmM 0.91 0.03 0.82 0.95 | F:x̄σmM 99.8 30.7 59.0 210.0 | H 1.618 | V 0.568 | pL 0.006 | vL 0.003 | ∇ 0.012
U 317 | F 649216 | FPS 1490 | D 422 | rR:x̄σmM 0.92 0.02 0.87 0.94 | F:x̄σmM 89.7 20.5 63.0 151.0 | H 1.585 | V 0.572 | pL -0.009 | vL 0.003 | ∇ 0.011
U 318 | F 651264 | FPS 1582 | D 423 | rR:x̄σmM 0.93 0.02 0.90 0.96 | F:x̄σmM 83.1 20.5 49.0 119.0 | H 1.587 | V 0.617 | pL -0.019 | vL 0.002 | ∇ 0.013
U 319 | F 653312 | FPS 1600 | D 424 | rR:x̄σmM 0.94 0.01 0.90 0.95 | F:x̄σmM 73.5 13.9 52.0 110.0 | H 1.531 | V 0.641 | pL -0.010 | vL 0.002 | ∇ 0.012
U 320 | F 655360 | FPS 1499 | D 426 | rR:x̄σmM 0.93 0.01 0.92 0.96 | F:x̄σmM 74.0 11.0 51.0 95.0 | H 1.542 | V 0.633 | pL -0.014 | vL 0.002 | ∇ 0.010
Model successfully saved
U 321 | F 657408 | FPS 1496 | D 427 | rR:x̄σmM 0.94 0.01 0.92 0.96 | F:x̄σmM 65.3 10.8 49.0 94.0 | H 1.500 | V 0.646 | pL -0.007 | vL 0.003 | ∇ 0.013
U 322 | F 659456 | FPS 1386 | D 429 | rR:x̄σmM 0.93 0.01 0.89 0.96 | F:x̄σmM 75.7 15.2 51.0 125.0 | H 1.523 | V 0.650 | pL -0.012 | vL 0.002 | ∇ 0.013
U 323 | F 661504 | FPS 1510 | D 430 | rR:x̄σmM 0.94 0.01 0.91 0.96 | F:x̄σmM 68.9 11.1 48.0 97.0 | H 1.610 | V 0.671 | pL 0.003 | vL 0.001 | ∇ 0.015
U 324 | F 663552 | FPS 1504 | D 431 | rR:x̄σmM 0.92 0.02 0.88 0.95 | F:x̄σmM 85.4 18.4 61.0 141.0 | H 1.590 | V 0.621 | pL 0.025 | vL 0.003 | ∇ 0.028
U 325 | F 665600 | FPS 1569 | D 433 | rR:x̄σmM 0.92 0.01 0.90 0.94 | F:x̄σmM 91.5 14.7 69.0 119.0 | H 1.639 | V 0.603 | pL 0.004 | vL 0.003 | ∇ 0.012
U 326 | F 667648 | FPS 1293 | D 434 | rR:x̄σmM 0.92 0.02 0.88 0.95 | F:x̄σmM 87.3 18.5 56.0 136.0 | H 1.588 | V 0.605 | pL 0.009 | vL 0.003 | ∇ 0.015
U 327 | F 669696 | FPS 1470 | D 436 | rR:x̄σmM 0.93 0.02 0.88 0.95 | F:x̄σmM 82.2 21.1 54.0 131.0 | H 1.572 | V 0.594 | pL -0.005 | vL 0.003 | ∇ 0.014
U 328 | F 671744 | FPS 1506 | D 437 | rR:x̄σmM 0.93 0.02 0.88 0.96 | F:x̄σmM 80.7 19.5 50.0 138.0 | H 1.499 | V 0.618 | pL -0.015 | vL 0.003 | ∇ 0.018
U 329 | F 673792 | FPS 1492 | D 438 | rR:x̄σmM 0.93 0.01 0.89 0.95 | F:x̄σmM 78.5 15.0 53.0 122.0 | H 1.494 | V 0.607 | pL -0.009 | vL 0.004 | ∇ 0.015
U 330 | F 675840 | FPS 1489 | D 440 | rR:x̄σmM 0.94 0.01 0.91 0.96 | F:x̄σmM 69.2 13.8 51.0 102.0 | H 1.547 | V 0.627 | pL -0.014 | vL 0.003 | ∇ 0.014
Model successfully saved
U 331 | F 677888 | FPS 1571 | D 441 | rR:x̄σmM 0.93 0.01 0.89 0.96 | F:x̄σmM 76.6 16.9 51.0 121.0 | H 1.479 | V 0.656 | pL -0.005 | vL 0.002 | ∇ 0.014
U 332 | F 679936 | FPS 1372 | D 443 | rR:x̄σmM 0.94 0.01 0.91 0.96 | F:x̄σmM 67.5 15.4 45.0 108.0 | H 1.500 | V 0.670 | pL -0.007 | vL 0.002 | ∇ 0.010
U 333 | F 681984 | FPS 1577 | D 444 | rR:x̄σmM 0.94 0.01 0.90 0.95 | F:x̄σmM 66.3 11.7 55.0 115.0 | H 1.534 | V 0.666 | pL -0.002 | vL 0.002 | ∇ 0.012
U 334 | F 684032 | FPS 1460 | D 445 | rR:x̄σmM 0.94 0.01 0.91 0.96 | F:x̄σmM 72.8 15.2 41.0 101.0 | H 1.482 | V 0.667 | pL 0.001 | vL 0.002 | ∇ 0.008
U 335 | F 686080 | FPS 1535 | D 447 | rR:x̄σmM 0.94 0.01 0.92 0.96 | F:x̄σmM 70.8 11.8 49.0 94.0 | H 1.484 | V 0.666 | pL 0.004 | vL 0.002 | ∇ 0.011
U 336 | F 688128 | FPS 1485 | D 448 | rR:x̄σmM 0.94 0.01 0.91 0.95 | F:x̄σmM 70.5 11.4 52.0 97.0 | H 1.549 | V 0.654 | pL 0.000 | vL 0.002 | ∇ 0.013
U 337 | F 690176 | FPS 1473 | D 449 | rR:x̄σmM 0.94 0.01 0.92 0.95 | F:x̄σmM 73.5 12.7 53.0 96.0 | H 1.593 | V 0.662 | pL 0.014 | vL 0.002 | ∇ 0.017
U 338 | F 692224 | FPS 1590 | D 451 | rR:x̄σmM 0.92 0.03 0.84 0.95 | F:x̄σmM 87.6 31.6 59.0 179.0 | H 1.608 | V 0.628 | pL 0.019 | vL 0.003 | ∇ 0.016
U 339 | F 694272 | FPS 1465 | D 452 | rR:x̄σmM 0.93 0.02 0.85 0.95 | F:x̄σmM 82.7 20.7 62.0 166.0 | H 1.550 | V 0.623 | pL 0.004 | vL 0.003 | ∇ 0.010
U 340 | F 696320 | FPS 1529 | D 454 | rR:x̄σmM 0.93 0.02 0.87 0.96 | F:x̄σmM 79.5 24.2 46.0 145.0 | H 1.428 | V 0.630 | pL -0.012 | vL 0.004 | ∇ 0.017
Model successfully saved
U 341 | F 698368 | FPS 1571 | D 455 | rR:x̄σmM 0.95 0.01 0.92 0.96 | F:x̄σmM 61.2 12.3 45.0 95.0 | H 1.537 | V 0.655 | pL -0.023 | vL 0.002 | ∇ 0.010
U 342 | F 700416 | FPS 1539 | D 456 | rR:x̄σmM 0.94 0.01 0.91 0.96 | F:x̄σmM 68.5 11.8 48.0 100.0 | H 1.493 | V 0.670 | pL -0.007 | vL 0.002 | ∇ 0.010
U 343 | F 702464 | FPS 1428 | D 458 | rR:x̄σmM 0.94 0.01 0.91 0.96 | F:x̄σmM 68.3 15.1 41.0 102.0 | H 1.477 | V 0.676 | pL 0.010 | vL 0.002 | ∇ 0.013
U 344 | F 704512 | FPS 1609 | D 459 | rR:x̄σmM 0.94 0.02 0.85 0.96 | F:x̄σmM 70.5 23.1 41.0 168.0 | H 1.547 | V 0.678 | pL -0.001 | vL 0.002 | ∇ 0.010
U 345 | F 706560 | FPS 1550 | D 460 | rR:x̄σmM 0.94 0.01 0.90 0.95 | F:x̄σmM 71.9 13.4 52.0 114.0 | H 1.601 | V 0.641 | pL 0.015 | vL 0.002 | ∇ 0.009
U 346 | F 708608 | FPS 1561 | D 462 | rR:x̄σmM 0.92 0.02 0.85 0.95 | F:x̄σmM 87.1 26.6 55.0 176.0 | H 1.583 | V 0.617 | pL 0.019 | vL 0.004 | ∇ 0.016
U 347 | F 710656 | FPS 1591 | D 463 | rR:x̄σmM 0.92 0.03 0.80 0.95 | F:x̄σmM 88.1 34.9 57.0 233.0 | H 1.619 | V 0.602 | pL -0.002 | vL 0.004 | ∇ 0.014
U 348 | F 712704 | FPS 1584 | D 464 | rR:x̄σmM 0.93 0.01 0.89 0.95 | F:x̄σmM 83.8 14.8 59.0 124.0 | H 1.592 | V 0.597 | pL 0.001 | vL 0.003 | ∇ 0.012
U 349 | F 714752 | FPS 1482 | D 466 | rR:x̄σmM 0.93 0.02 0.89 0.95 | F:x̄σmM 75.8 19.2 53.0 130.0 | H 1.474 | V 0.609 | pL -0.026 | vL 0.003 | ∇ 0.015
U 350 | F 716800 | FPS 1507 | D 467 | rR:x̄σmM 0.94 0.01 0.91 0.96 | F:x̄σmM 70.7 13.5 44.0 108.0 | H 1.457 | V 0.657 | pL -0.024 | vL 0.003 | ∇ 0.016
Model successfully saved
U 351 | F 718848 | FPS 1442 | D 468 | rR:x̄σmM 0.94 0.01 0.91 0.96 | F:x̄σmM 68.5 16.5 42.0 106.0 | H 1.553 | V 0.661 | pL -0.002 | vL 0.002 | ∇ 0.012
U 352 | F 720896 | FPS 1519 | D 470 | rR:x̄σmM 0.94 0.01 0.91 0.97 | F:x̄σmM 69.0 14.1 39.0 102.0 | H 1.517 | V 0.651 | pL 0.006 | vL 0.003 | ∇ 0.013
U 353 | F 722944 | FPS 1446 | D 471 | rR:x̄σmM 0.93 0.03 0.80 0.96 | F:x̄σmM 74.6 32.0 43.0 233.0 | H 1.578 | V 0.662 | pL -0.004 | vL 0.002 | ∇ 0.010
U 354 | F 724992 | FPS 1546 | D 472 | rR:x̄σmM 0.93 0.01 0.91 0.95 | F:x̄σmM 79.5 12.4 57.0 106.0 | H 1.627 | V 0.643 | pL 0.012 | vL 0.002 | ∇ 0.013
U 355 | F 727040 | FPS 1546 | D 474 | rR:x̄σmM 0.92 0.02 0.90 0.95 | F:x̄σmM 85.6 17.3 56.0 118.0 | H 1.594 | V 0.613 | pL 0.017 | vL 0.003 | ∇ 0.016
U 356 | F 729088 | FPS 1565 | D 475 | rR:x̄σmM 0.92 0.02 0.88 0.94 | F:x̄σmM 91.0 19.3 64.0 132.0 | H 1.553 | V 0.582 | pL 0.006 | vL 0.004 | ∇ 0.015
U 357 | F 731136 | FPS 1563 | D 476 | rR:x̄σmM 0.93 0.03 0.80 0.96 | F:x̄σmM 84.8 35.1 50.0 222.0 | H 1.554 | V 0.583 | pL -0.019 | vL 0.003 | ∇ 0.015
U 358 | F 733184 | FPS 1492 | D 478 | rR:x̄σmM 0.94 0.02 0.89 0.96 | F:x̄σmM 69.6 19.1 42.0 125.0 | H 1.475 | V 0.611 | pL -0.034 | vL 0.003 | ∇ 0.017
U 359 | F 735232 | FPS 1544 | D 479 | rR:x̄σmM 0.94 0.01 0.90 0.96 | F:x̄σmM 69.8 15.5 49.0 113.0 | H 1.556 | V 0.658 | pL -0.019 | vL 0.002 | ∇ 0.014
U 360 | F 737280 | FPS 1335 | D 481 | rR:x̄σmM 0.94 0.01 0.89 0.95 | F:x̄σmM 72.2 15.3 53.0 121.0 | H 1.543 | V 0.686 | pL 0.008 | vL 0.001 | ∇ 0.010
Model successfully saved
U 361 | F 739328 | FPS 1575 | D 482 | rR:x̄σmM 0.93 0.01 0.91 0.95 | F:x̄σmM 77.0 16.4 53.0 108.0 | H 1.517 | V 0.679 | pL 0.011 | vL 0.002 | ∇ 0.011
U 362 | F 741376 | FPS 1546 | D 483 | rR:x̄σmM 0.94 0.01 0.92 0.96 | F:x̄σmM 68.5 11.7 49.0 88.0 | H 1.518 | V 0.663 | pL 0.007 | vL 0.002 | ∇ 0.012
U 363 | F 743424 | FPS 1597 | D 485 | rR:x̄σmM 0.94 0.01 0.91 0.96 | F:x̄σmM 71.7 12.1 47.0 97.0 | H 1.525 | V 0.658 | pL 0.002 | vL 0.002 | ∇ 0.008
U 364 | F 745472 | FPS 1567 | D 486 | rR:x̄σmM 0.93 0.01 0.90 0.96 | F:x̄σmM 76.6 13.3 51.0 110.0 | H 1.520 | V 0.650 | pL 0.004 | vL 0.002 | ∇ 0.009
U 365 | F 747520 | FPS 1377 | D 487 | rR:x̄σmM 0.93 0.01 0.90 0.96 | F:x̄σmM 74.8 17.0 49.0 115.0 | H 1.515 | V 0.623 | pL -0.002 | vL 0.003 | ∇ 0.014
U 366 | F 749568 | FPS 1543 | D 489 | rR:x̄σmM 0.93 0.02 0.88 0.96 | F:x̄σmM 76.3 19.9 48.0 142.0 | H 1.541 | V 0.659 | pL -0.006 | vL 0.002 | ∇ 0.010
U 367 | F 751616 | FPS 1611 | D 490 | rR:x̄σmM 0.93 0.01 0.89 0.95 | F:x̄σmM 74.7 15.6 54.0 121.0 | H 1.522 | V 0.628 | pL 0.004 | vL 0.003 | ∇ 0.011
U 368 | F 753664 | FPS 1547 | D 491 | rR:x̄σmM 0.94 0.01 0.91 0.95 | F:x̄σmM 72.5 11.9 58.0 100.0 | H 1.615 | V 0.639 | pL -0.006 | vL 0.002 | ∇ 0.012
U 369 | F 755712 | FPS 1592 | D 493 | rR:x̄σmM 0.93 0.02 0.87 0.96 | F:x̄σmM 80.8 18.3 48.0 146.0 | H 1.567 | V 0.611 | pL -0.003 | vL 0.003 | ∇ 0.011
U 370 | F 757760 | FPS 1604 | D 494 | rR:x̄σmM 0.93 0.01 0.89 0.96 | F:x̄σmM 78.0 16.3 46.0 120.0 | H 1.561 | V 0.619 | pL 0.001 | vL 0.002 | ∇ 0.016
Model successfully saved
U 371 | F 759808 | FPS 1634 | D 495 | rR:x̄σmM 0.92 0.02 0.85 0.95 | F:x̄σmM 87.8 23.0 57.0 172.0 | H 1.635 | V 0.636 | pL 0.011 | vL 0.002 | ∇ 0.014
U 372 | F 761856 | FPS 1631 | D 496 | rR:x̄σmM 0.92 0.02 0.88 0.95 | F:x̄σmM 85.5 18.1 61.0 134.0 | H 1.564 | V 0.633 | pL 0.013 | vL 0.003 | ∇ 0.017
U 373 | F 763904 | FPS 1599 | D 498 | rR:x̄σmM 0.93 0.02 0.83 0.96 | F:x̄σmM 83.1 26.3 47.0 190.0 | H 1.590 | V 0.613 | pL 0.001 | vL 0.003 | ∇ 0.016
U 374 | F 765952 | FPS 1503 | D 499 | rR:x̄σmM 0.93 0.02 0.90 0.95 | F:x̄σmM 81.7 17.1 54.0 117.0 | H 1.552 | V 0.613 | pL -0.009 | vL 0.003 | ∇ 0.011
U 375 | F 768000 | FPS 1572 | D 500 | rR:x̄σmM 0.93 0.01 0.90 0.96 | F:x̄σmM 78.1 14.8 48.0 110.0 | H 1.529 | V 0.620 | pL -0.011 | vL 0.002 | ∇ 0.013
U 376 | F 770048 | FPS 1556 | D 502 | rR:x̄σmM 0.93 0.01 0.91 0.96 | F:x̄σmM 74.0 13.6 48.0 104.0 | H 1.570 | V 0.641 | pL -0.016 | vL 0.002 | ∇ 0.015
U 377 | F 772096 | FPS 1453 | D 503 | rR:x̄σmM 0.93 0.01 0.91 0.96 | F:x̄σmM 74.3 11.2 51.0 103.0 | H 1.625 | V 0.667 | pL 0.007 | vL 0.001 | ∇ 0.011
U 378 | F 774144 | FPS 1571 | D 504 | rR:x̄σmM 0.93 0.01 0.90 0.95 | F:x̄σmM 84.9 15.0 60.0 109.0 | H 1.593 | V 0.621 | pL 0.023 | vL 0.003 | ∇ 0.016
U 379 | F 776192 | FPS 1614 | D 506 | rR:x̄σmM 0.92 0.03 0.82 0.94 | F:x̄σmM 96.0 30.2 65.0 207.0 | H 1.563 | V 0.606 | pL 0.009 | vL 0.003 | ∇ 0.012
U 380 | F 778240 | FPS 1546 | D 507 | rR:x̄σmM 0.93 0.01 0.90 0.95 | F:x̄σmM 77.4 16.5 56.0 116.0 | H 1.561 | V 0.597 | pL -0.013 | vL 0.003 | ∇ 0.013
Model successfully saved
U 381 | F 780288 | FPS 1626 | D 508 | rR:x̄σmM 0.93 0.01 0.90 0.96 | F:x̄σmM 75.3 16.6 51.0 110.0 | H 1.547 | V 0.637 | pL -0.021 | vL 0.002 | ∇ 0.012
U 382 | F 782336 | FPS 1603 | D 510 | rR:x̄σmM 0.93 0.01 0.89 0.96 | F:x̄σmM 75.4 16.1 50.0 120.0 | H 1.537 | V 0.653 | pL 0.001 | vL 0.002 | ∇ 0.013
U 383 | F 784384 | FPS 1602 | D 511 | rR:x̄σmM 0.93 0.01 0.91 0.95 | F:x̄σmM 74.7 11.5 55.0 99.0 | H 1.574 | V 0.652 | pL -0.006 | vL 0.003 | ∇ 0.012
U 384 | F 786432 | FPS 1604 | D 512 | rR:x̄σmM 0.94 0.01 0.91 0.96 | F:x̄σmM 71.7 14.0 47.0 98.0 | H 1.560 | V 0.626 | pL 0.001 | vL 0.002 | ∇ 0.011
U 385 | F 788480 | FPS 1627 | D 513 | rR:x̄σmM 0.93 0.02 0.88 0.96 | F:x̄σmM 76.1 18.4 48.0 141.0 | H 1.569 | V 0.642 | pL -0.012 | vL 0.002 | ∇ 0.011
U 386 | F 790528 | FPS 1606 | D 515 | rR:x̄σmM 0.93 0.01 0.91 0.95 | F:x̄σmM 76.0 15.2 52.0 107.0 | H 1.573 | V 0.623 | pL 0.002 | vL 0.002 | ∇ 0.014
U 387 | F 792576 | FPS 1614 | D 516 | rR:x̄σmM 0.93 0.02 0.89 0.95 | F:x̄σmM 79.7 20.1 56.0 126.0 | H 1.566 | V 0.626 | pL 0.004 | vL 0.003 | ∇ 0.010
U 388 | F 794624 | FPS 1608 | D 517 | rR:x̄σmM 0.93 0.02 0.90 0.95 | F:x̄σmM 78.3 17.6 54.0 115.0 | H 1.587 | V 0.628 | pL -0.001 | vL 0.002 | ∇ 0.011
U 389 | F 796672 | FPS 1613 | D 518 | rR:x̄σmM 0.92 0.02 0.87 0.95 | F:x̄σmM 87.5 18.7 59.0 149.0 | H 1.604 | V 0.618 | pL 0.006 | vL 0.002 | ∇ 0.011
U 390 | F 798720 | FPS 1467 | D 520 | rR:x̄σmM 0.92 0.01 0.90 0.94 | F:x̄σmM 87.4 13.9 67.0 116.0 | H 1.663 | V 0.579 | pL 0.003 | vL 0.003 | ∇ 0.011
Model successfully saved
U 391 | F 800768 | FPS 1461 | D 521 | rR:x̄σmM 0.91 0.01 0.89 0.93 | F:x̄σmM 100.5 13.7 80.0 130.0 | H 1.663 | V 0.575 | pL 0.010 | vL 0.003 | ∇ 0.014
U 392 | F 802816 | FPS 1524 | D 523 | rR:x̄σmM 0.91 0.02 0.88 0.93 | F:x̄σmM 99.8 18.1 74.0 139.0 | H 1.625 | V 0.546 | pL 0.003 | vL 0.004 | ∇ 0.017
U 393 | F 804864 | FPS 1454 | D 524 | rR:x̄σmM 0.91 0.02 0.88 0.94 | F:x̄σmM 97.7 21.5 64.0 141.0 | H 1.585 | V 0.541 | pL -0.017 | vL 0.005 | ∇ 0.018
U 394 | F 806912 | FPS 1418 | D 525 | rR:x̄σmM 0.92 0.02 0.89 0.95 | F:x̄σmM 86.0 17.1 59.0 124.0 | H 1.607 | V 0.590 | pL -0.019 | vL 0.003 | ∇ 0.018
U 395 | F 808960 | FPS 1446 | D 527 | rR:x̄σmM 0.92 0.01 0.90 0.94 | F:x̄σmM 86.8 13.5 66.0 118.0 | H 1.584 | V 0.570 | pL -0.004 | vL 0.003 | ∇ 0.012
U 396 | F 811008 | FPS 1398 | D 528 | rR:x̄σmM 0.92 0.02 0.90 0.95 | F:x̄σmM 85.5 18.0 53.0 116.0 | H 1.577 | V 0.575 | pL -0.019 | vL 0.003 | ∇ 0.011
U 397 | F 813056 | FPS 1493 | D 530 | rR:x̄σmM 0.93 0.01 0.90 0.96 | F:x̄σmM 77.0 13.3 47.0 110.0 | H 1.620 | V 0.621 | pL -0.016 | vL 0.003 | ∇ 0.018
U 398 | F 815104 | FPS 1476 | D 531 | rR:x̄σmM 0.92 0.02 0.84 0.95 | F:x̄σmM 87.9 27.4 57.0 184.0 | H 1.610 | V 0.622 | pL 0.007 | vL 0.002 | ∇ 0.011
U 399 | F 817152 | FPS 1509 | D 532 | rR:x̄σmM 0.93 0.02 0.86 0.95 | F:x̄σmM 84.4 21.8 52.0 161.0 | H 1.556 | V 0.626 | pL 0.003 | vL 0.002 | ∇ 0.014
U 400 | F 819200 | FPS 1445 | D 534 | rR:x̄σmM 0.93 0.02 0.89 0.96 | F:x̄σmM 78.7 17.6 49.0 121.0 | H 1.542 | V 0.623 | pL -0.012 | vL 0.002 | ∇ 0.011
Model successfully saved
U 401 | F 821248 | FPS 1522 | D 535 | rR:x̄σmM 0.93 0.01 0.91 0.95 | F:x̄σmM 76.2 12.6 58.0 100.0 | H 1.505 | V 0.635 | pL -0.002 | vL 0.002 | ∇ 0.010
U 402 | F 823296 | FPS 1549 | D 537 | rR:x̄σmM 0.94 0.01 0.90 0.95 | F:x̄σmM 72.9 16.0 52.0 114.0 | H 1.531 | V 0.654 | pL -0.012 | vL 0.002 | ∇ 0.015
U 403 | F 825344 | FPS 1589 | D 538 | rR:x̄σmM 0.93 0.01 0.90 0.96 | F:x̄σmM 74.8 16.7 48.0 114.0 | H 1.596 | V 0.654 | pL 0.003 | vL 0.002 | ∇ 0.010
U 404 | F 827392 | FPS 1529 | D 539 | rR:x̄σmM 0.93 0.01 0.91 0.96 | F:x̄σmM 77.7 14.7 46.0 107.0 | H 1.632 | V 0.613 | pL 0.008 | vL 0.003 | ∇ 0.013
U 405 | F 829440 | FPS 1580 | D 541 | rR:x̄σmM 0.92 0.02 0.86 0.95 | F:x̄σmM 88.0 24.9 52.0 156.0 | H 1.574 | V 0.617 | pL 0.006 | vL 0.004 | ∇ 0.020
U 406 | F 831488 | FPS 1619 | D 542 | rR:x̄σmM 0.92 0.02 0.84 0.95 | F:x̄σmM 90.0 24.3 57.0 179.0 | H 1.620 | V 0.624 | pL 0.007 | vL 0.002 | ∇ 0.012
U 407 | F 833536 | FPS 1616 | D 543 | rR:x̄σmM 0.93 0.02 0.89 0.96 | F:x̄σmM 83.4 17.3 50.0 124.0 | H 1.591 | V 0.594 | pL 0.005 | vL 0.004 | ∇ 0.015
U 408 | F 835584 | FPS 1630 | D 544 | rR:x̄σmM 0.93 0.02 0.88 0.95 | F:x̄σmM 80.3 20.5 59.0 138.0 | H 1.511 | V 0.598 | pL -0.020 | vL 0.003 | ∇ 0.013
U 409 | F 837632 | FPS 1640 | D 546 | rR:x̄σmM 0.93 0.01 0.91 0.95 | F:x̄σmM 74.6 11.1 57.0 106.0 | H 1.546 | V 0.590 | pL -0.016 | vL 0.003 | ∇ 0.015
U 410 | F 839680 | FPS 1533 | D 547 | rR:x̄σmM 0.93 0.02 0.88 0.96 | F:x̄σmM 80.2 19.3 45.0 140.0 | H 1.473 | V 0.628 | pL -0.020 | vL 0.003 | ∇ 0.016
Model successfully saved
U 411 | F 841728 | FPS 1599 | D 548 | rR:x̄σmM 0.94 0.02 0.90 0.96 | F:x̄σmM 68.3 17.6 43.0 118.0 | H 1.519 | V 0.660 | pL -0.014 | vL 0.003 | ∇ 0.013
U 412 | F 843776 | FPS 1589 | D 549 | rR:x̄σmM 0.94 0.01 0.90 0.96 | F:x̄σmM 70.8 12.6 48.0 112.0 | H 1.572 | V 0.666 | pL -0.001 | vL 0.002 | ∇ 0.011
U 413 | F 845824 | FPS 1575 | D 551 | rR:x̄σmM 0.93 0.01 0.91 0.95 | F:x̄σmM 76.7 12.1 60.0 102.0 | H 1.550 | V 0.640 | pL 0.015 | vL 0.003 | ∇ 0.014
U 414 | F 847872 | FPS 1494 | D 552 | rR:x̄σmM 0.93 0.01 0.90 0.95 | F:x̄σmM 76.9 14.7 52.0 109.0 | H 1.595 | V 0.649 | pL 0.005 | vL 0.003 | ∇ 0.015
U 415 | F 849920 | FPS 1591 | D 553 | rR:x̄σmM 0.93 0.02 0.83 0.95 | F:x̄σmM 83.4 28.4 55.0 195.0 | H 1.603 | V 0.645 | pL 0.007 | vL 0.003 | ∇ 0.014
U 416 | F 851968 | FPS 1616 | D 555 | rR:x̄σmM 0.93 0.01 0.91 0.95 | F:x̄σmM 81.7 11.1 60.0 102.0 | H 1.592 | V 0.615 | pL 0.006 | vL 0.002 | ∇ 0.013
U 417 | F 854016 | FPS 1610 | D 556 | rR:x̄σmM 0.92 0.02 0.87 0.95 | F:x̄σmM 86.5 20.1 54.0 153.0 | H 1.621 | V 0.625 | pL 0.002 | vL 0.003 | ∇ 0.014
U 418 | F 856064 | FPS 1628 | D 557 | rR:x̄σmM 0.93 0.01 0.91 0.95 | F:x̄σmM 75.6 13.7 55.0 102.0 | H 1.539 | V 0.610 | pL -0.001 | vL 0.004 | ∇ 0.012
U 419 | F 858112 | FPS 1608 | D 559 | rR:x̄σmM 0.93 0.02 0.89 0.96 | F:x̄σmM 80.4 21.7 49.0 126.0 | H 1.496 | V 0.620 | pL -0.010 | vL 0.003 | ∇ 0.014
U 420 | F 860160 | FPS 1595 | D 560 | rR:x̄σmM 0.94 0.01 0.92 0.96 | F:x̄σmM 68.5 13.4 46.0 94.0 | H 1.543 | V 0.673 | pL -0.015 | vL 0.002 | ∇ 0.010
Model successfully saved
U 421 | F 862208 | FPS 1591 | D 561 | rR:x̄σmM 0.94 0.01 0.90 0.96 | F:x̄σmM 70.1 14.4 50.0 109.0 | H 1.564 | V 0.677 | pL 0.006 | vL 0.002 | ∇ 0.011
U 422 | F 864256 | FPS 1564 | D 562 | rR:x̄σmM 0.93 0.01 0.89 0.95 | F:x̄σmM 78.1 14.4 57.0 121.0 | H 1.637 | V 0.662 | pL 0.017 | vL 0.002 | ∇ 0.011
U 423 | F 866304 | FPS 1623 | D 564 | rR:x̄σmM 0.92 0.02 0.88 0.95 | F:x̄σmM 86.6 17.6 58.0 131.0 | H 1.629 | V 0.634 | pL 0.020 | vL 0.003 | ∇ 0.015
U 424 | F 868352 | FPS 1578 | D 565 | rR:x̄σmM 0.92 0.02 0.87 0.95 | F:x̄σmM 90.4 21.8 56.0 145.0 | H 1.652 | V 0.575 | pL 0.009 | vL 0.004 | ∇ 0.018
U 425 | F 870400 | FPS 1613 | D 566 | rR:x̄σmM 0.91 0.02 0.86 0.94 | F:x̄σmM 99.9 24.8 69.0 158.0 | H 1.600 | V 0.583 | pL 0.012 | vL 0.003 | ∇ 0.013
U 426 | F 872448 | FPS 1606 | D 568 | rR:x̄σmM 0.93 0.02 0.89 0.95 | F:x̄σmM 84.3 18.2 53.0 120.0 | H 1.554 | V 0.601 | pL -0.015 | vL 0.003 | ∇ 0.012
U 427 | F 874496 | FPS 1518 | D 569 | rR:x̄σmM 0.93 0.01 0.90 0.95 | F:x̄σmM 77.5 15.0 53.0 117.0 | H 1.561 | V 0.612 | pL -0.011 | vL 0.003 | ∇ 0.013
U 428 | F 876544 | FPS 1599 | D 570 | rR:x̄σmM 0.93 0.01 0.91 0.96 | F:x̄σmM 79.1 13.8 48.0 106.0 | H 1.553 | V 0.642 | pL 0.002 | vL 0.002 | ∇ 0.011
U 429 | F 878592 | FPS 1475 | D 572 | rR:x̄σmM 0.93 0.01 0.90 0.96 | F:x̄σmM 75.7 14.9 50.0 111.0 | H 1.558 | V 0.647 | pL -0.004 | vL 0.002 | ∇ 0.009
U 430 | F 880640 | FPS 1515 | D 573 | rR:x̄σmM 0.94 0.01 0.91 0.96 | F:x̄σmM 69.8 13.3 51.0 99.0 | H 1.513 | V 0.638 | pL 0.002 | vL 0.002 | ∇ 0.008
Model successfully saved
U 431 | F 882688 | FPS 1485 | D 574 | rR:x̄σmM 0.93 0.02 0.88 0.96 | F:x̄σmM 78.9 18.0 43.0 136.0 | H 1.471 | V 0.632 | pL -0.003 | vL 0.003 | ∇ 0.014
U 432 | F 884736 | FPS 1569 | D 576 | rR:x̄σmM 0.94 0.02 0.84 0.96 | F:x̄σmM 69.2 24.4 43.0 185.0 | H 1.488 | V 0.662 | pL -0.014 | vL 0.002 | ∇ 0.012
U 433 | F 886784 | FPS 1552 | D 577 | rR:x̄σmM 0.93 0.01 0.89 0.96 | F:x̄σmM 74.6 15.2 46.0 122.0 | H 1.543 | V 0.645 | pL -0.004 | vL 0.003 | ∇ 0.011
U 434 | F 888832 | FPS 1428 | D 578 | rR:x̄σmM 0.93 0.01 0.91 0.95 | F:x̄σmM 74.9 12.1 56.0 104.0 | H 1.600 | V 0.648 | pL 0.004 | vL 0.002 | ∇ 0.011
U 435 | F 890880 | FPS 1523 | D 580 | rR:x̄σmM 0.94 0.01 0.91 0.95 | F:x̄σmM 72.0 9.9 56.0 105.0 | H 1.550 | V 0.631 | pL 0.001 | vL 0.003 | ∇ 0.013
U 436 | F 892928 | FPS 1349 | D 581 | rR:x̄σmM 0.93 0.01 0.91 0.95 | F:x̄σmM 76.0 12.3 53.0 100.0 | H 1.514 | V 0.634 | pL -0.008 | vL 0.003 | ∇ 0.014
U 437 | F 894976 | FPS 1539 | D 583 | rR:x̄σmM 0.94 0.01 0.90 0.96 | F:x̄σmM 72.3 14.2 45.0 111.0 | H 1.541 | V 0.639 | pL -0.011 | vL 0.003 | ∇ 0.012
U 438 | F 897024 | FPS 1478 | D 584 | rR:x̄σmM 0.94 0.01 0.91 0.95 | F:x̄σmM 72.7 11.9 56.0 103.0 | H 1.607 | V 0.636 | pL -0.002 | vL 0.003 | ∇ 0.013
U 439 | F 899072 | FPS 1427 | D 585 | rR:x̄σmM 0.93 0.01 0.90 0.95 | F:x̄σmM 80.0 12.5 53.0 109.0 | H 1.548 | V 0.639 | pL 0.010 | vL 0.003 | ∇ 0.014
U 440 | F 901120 | FPS 1434 | D 587 | rR:x̄σmM 0.93 0.01 0.91 0.95 | F:x̄σmM 78.3 13.2 56.0 103.0 | H 1.539 | V 0.637 | pL -0.005 | vL 0.003 | ∇ 0.012
Model successfully saved
U 441 | F 903168 | FPS 1546 | D 588 | rR:x̄σmM 0.93 0.01 0.90 0.95 | F:x̄σmM 75.2 15.0 56.0 117.0 | H 1.558 | V 0.627 | pL 0.001 | vL 0.003 | ∇ 0.018
U 442 | F 905216 | FPS 1311 | D 590 | rR:x̄σmM 0.93 0.02 0.90 0.95 | F:x̄σmM 84.1 17.4 58.0 119.0 | H 1.558 | V 0.603 | pL 0.002 | vL 0.004 | ∇ 0.018
U 443 | F 907264 | FPS 1550 | D 591 | rR:x̄σmM 0.94 0.01 0.90 0.96 | F:x̄σmM 73.2 14.5 51.0 114.0 | H 1.509 | V 0.605 | pL -0.016 | vL 0.004 | ∇ 0.014
U 444 | F 909312 | FPS 1321 | D 593 | rR:x̄σmM 0.94 0.01 0.89 0.96 | F:x̄σmM 71.9 17.0 45.0 123.0 | H 1.478 | V 0.662 | pL -0.014 | vL 0.002 | ∇ 0.014
U 445 | F 911360 | FPS 1601 | D 594 | rR:x̄σmM 0.94 0.01 0.91 0.96 | F:x̄σmM 67.4 10.6 44.0 103.0 | H 1.546 | V 0.676 | pL -0.006 | vL 0.002 | ∇ 0.011
U 446 | F 913408 | FPS 1624 | D 595 | rR:x̄σmM 0.94 0.01 0.91 0.96 | F:x̄σmM 68.7 12.6 50.0 103.0 | H 1.543 | V 0.648 | pL 0.016 | vL 0.003 | ∇ 0.014
U 447 | F 915456 | FPS 1489 | D 597 | rR:x̄σmM 0.94 0.01 0.91 0.96 | F:x̄σmM 73.0 12.2 49.0 97.0 | H 1.549 | V 0.655 | pL -0.007 | vL 0.003 | ∇ 0.014
U 448 | F 917504 | FPS 1585 | D 598 | rR:x̄σmM 0.93 0.02 0.87 0.95 | F:x̄σmM 77.5 20.5 53.0 153.0 | H 1.545 | V 0.627 | pL -0.000 | vL 0.003 | ∇ 0.016
U 449 | F 919552 | FPS 1471 | D 599 | rR:x̄σmM 0.93 0.01 0.90 0.96 | F:x̄σmM 79.9 14.1 47.0 111.0 | H 1.591 | V 0.630 | pL 0.000 | vL 0.003 | ∇ 0.014
U 450 | F 921600 | FPS 1610 | D 601 | rR:x̄σmM 0.93 0.01 0.92 0.95 | F:x̄σmM 76.4 9.1 57.0 94.0 | H 1.521 | V 0.624 | pL 0.007 | vL 0.003 | ∇ 0.012
Model successfully saved
U 451 | F 923648 | FPS 1301 | D 602 | rR:x̄σmM 0.93 0.02 0.89 0.96 | F:x̄σmM 74.3 18.5 44.0 126.0 | H 1.478 | V 0.649 | pL -0.013 | vL 0.003 | ∇ 0.019
U 452 | F 925696 | FPS 1530 | D 603 | rR:x̄σmM 0.94 0.01 0.91 0.96 | F:x̄σmM 68.5 13.2 49.0 100.0 | H 1.516 | V 0.653 | pL -0.016 | vL 0.002 | ∇ 0.012
U 453 | F 927744 | FPS 1616 | D 605 | rR:x̄σmM 0.94 0.01 0.93 0.96 | F:x̄σmM 67.2 7.5 50.0 81.0 | H 1.507 | V 0.662 | pL -0.002 | vL 0.002 | ∇ 0.015
U 454 | F 929792 | FPS 1411 | D 606 | rR:x̄σmM 0.94 0.01 0.91 0.95 | F:x̄σmM 70.5 13.1 52.0 103.0 | H 1.572 | V 0.687 | pL 0.002 | vL 0.002 | ∇ 0.009
U 455 | F 931840 | FPS 1534 | D 608 | rR:x̄σmM 0.93 0.02 0.88 0.95 | F:x̄σmM 76.2 18.7 55.0 141.0 | H 1.575 | V 0.663 | pL 0.018 | vL 0.002 | ∇ 0.012
U 456 | F 933888 | FPS 1516 | D 609 | rR:x̄σmM 0.93 0.01 0.91 0.94 | F:x̄σmM 82.7 10.9 63.0 104.0 | H 1.631 | V 0.632 | pL 0.015 | vL 0.002 | ∇ 0.013
U 457 | F 935936 | FPS 1570 | D 610 | rR:x̄σmM 0.92 0.02 0.89 0.95 | F:x̄σmM 89.9 21.3 59.0 127.0 | H 1.580 | V 0.606 | pL 0.014 | vL 0.004 | ∇ 0.017
U 458 | F 937984 | FPS 1571 | D 612 | rR:x̄σmM 0.93 0.01 0.90 0.96 | F:x̄σmM 82.3 15.0 51.0 114.0 | H 1.564 | V 0.590 | pL 0.004 | vL 0.004 | ∇ 0.015
U 459 | F 940032 | FPS 1574 | D 613 | rR:x̄σmM 0.92 0.03 0.79 0.95 | F:x̄σmM 93.7 35.8 62.0 236.0 | H 1.623 | V 0.569 | pL -0.009 | vL 0.004 | ∇ 0.015
U 460 | F 942080 | FPS 1538 | D 614 | rR:x̄σmM 0.92 0.02 0.86 0.95 | F:x̄σmM 88.3 26.5 53.0 164.0 | H 1.518 | V 0.590 | pL -0.011 | vL 0.004 | ∇ 0.019
Model successfully saved
U 461 | F 944128 | FPS 1561 | D 615 | rR:x̄σmM 0.93 0.01 0.90 0.96 | F:x̄σmM 74.3 15.9 46.0 113.0 | H 1.466 | V 0.608 | pL -0.023 | vL 0.004 | ∇ 0.019
U 462 | F 946176 | FPS 1639 | D 617 | rR:x̄σmM 0.94 0.01 0.90 0.96 | F:x̄σmM 65.4 16.7 43.0 113.0 | H 1.468 | V 0.645 | pL -0.027 | vL 0.003 | ∇ 0.016
U 463 | F 948224 | FPS 1565 | D 618 | rR:x̄σmM 0.94 0.01 0.92 0.96 | F:x̄σmM 64.7 11.1 44.0 87.0 | H 1.530 | V 0.684 | pL -0.007 | vL 0.003 | ∇ 0.015
U 464 | F 950272 | FPS 1527 | D 619 | rR:x̄σmM 0.94 0.01 0.90 0.96 | F:x̄σmM 68.0 14.4 45.0 109.0 | H 1.583 | V 0.703 | pL 0.007 | vL 0.002 | ∇ 0.018
U 465 | F 952320 | FPS 1515 | D 621 | rR:x̄σmM 0.93 0.01 0.91 0.96 | F:x̄σmM 80.0 15.1 49.0 106.0 | H 1.555 | V 0.659 | pL 0.034 | vL 0.002 | ∇ 0.019
U 466 | F 954368 | FPS 1590 | D 622 | rR:x̄σmM 0.93 0.01 0.90 0.95 | F:x̄σmM 81.4 14.5 59.0 109.0 | H 1.619 | V 0.632 | pL 0.011 | vL 0.003 | ∇ 0.016
U 467 | F 956416 | FPS 1616 | D 623 | rR:x̄σmM 0.92 0.01 0.89 0.94 | F:x̄σmM 86.2 13.1 64.0 121.0 | H 1.575 | V 0.607 | pL 0.004 | vL 0.003 | ∇ 0.013
U 468 | F 958464 | FPS 1565 | D 625 | rR:x̄σmM 0.93 0.01 0.90 0.95 | F:x̄σmM 80.0 16.0 54.0 112.0 | H 1.528 | V 0.615 | pL -0.009 | vL 0.003 | ∇ 0.013
U 469 | F 960512 | FPS 1518 | D 626 | rR:x̄σmM 0.94 0.01 0.92 0.95 | F:x̄σmM 70.9 11.5 54.0 95.0 | H 1.511 | V 0.629 | pL -0.017 | vL 0.003 | ∇ 0.011
U 470 | F 962560 | FPS 1481 | D 627 | rR:x̄σmM 0.94 0.01 0.91 0.95 | F:x̄σmM 70.1 12.9 53.0 106.0 | H 1.596 | V 0.655 | pL -0.014 | vL 0.003 | ∇ 0.013
Model successfully saved
U 471 | F 964608 | FPS 1549 | D 629 | rR:x̄σmM 0.94 0.01 0.91 0.95 | F:x̄σmM 72.7 10.2 52.0 105.0 | H 1.571 | V 0.661 | pL 0.004 | vL 0.002 | ∇ 0.011
U 472 | F 966656 | FPS 1537 | D 630 | rR:x̄σmM 0.93 0.01 0.89 0.95 | F:x̄σmM 81.3 13.9 59.0 122.0 | H 1.657 | V 0.644 | pL 0.015 | vL 0.002 | ∇ 0.013
U 473 | F 968704 | FPS 1585 | D 631 | rR:x̄σmM 0.92 0.01 0.90 0.95 | F:x̄σmM 85.4 12.4 53.0 118.0 | H 1.599 | V 0.630 | pL 0.019 | vL 0.003 | ∇ 0.014
U 474 | F 970752 | FPS 1612 | D 633 | rR:x̄σmM 0.92 0.02 0.88 0.94 | F:x̄σmM 91.9 18.9 66.0 136.0 | H 1.661 | V 0.587 | pL 0.012 | vL 0.003 | ∇ 0.012
U 475 | F 972800 | FPS 1608 | D 634 | rR:x̄σmM 0.91 0.02 0.87 0.93 | F:x̄σmM 103.2 22.2 75.0 147.0 | H 1.603 | V 0.569 | pL 0.013 | vL 0.003 | ∇ 0.013
U 476 | F 974848 | FPS 1528 | D 635 | rR:x̄σmM 0.92 0.02 0.88 0.95 | F:x̄σmM 86.5 18.5 60.0 138.0 | H 1.585 | V 0.581 | pL -0.012 | vL 0.004 | ∇ 0.014
U 477 | F 976896 | FPS 1544 | D 637 | rR:x̄σmM 0.93 0.02 0.89 0.95 | F:x̄σmM 78.4 17.5 56.0 120.0 | H 1.583 | V 0.603 | pL -0.020 | vL 0.004 | ∇ 0.014
U 478 | F 978944 | FPS 1501 | D 638 | rR:x̄σmM 0.93 0.02 0.88 0.95 | F:x̄σmM 78.0 19.6 52.0 135.0 | H 1.543 | V 0.618 | pL -0.011 | vL 0.003 | ∇ 0.013
U 479 | F 980992 | FPS 1589 | D 639 | rR:x̄σmM 0.93 0.02 0.83 0.96 | F:x̄σmM 81.2 28.0 49.0 190.0 | H 1.534 | V 0.621 | pL -0.005 | vL 0.003 | ∇ 0.010
U 480 | F 983040 | FPS 1557 | D 641 | rR:x̄σmM 0.94 0.01 0.91 0.96 | F:x̄σmM 70.7 12.3 43.0 98.0 | H 1.542 | V 0.640 | pL -0.018 | vL 0.002 | ∇ 0.012
Model successfully saved
U 481 | F 985088 | FPS 1526 | D 642 | rR:x̄σmM 0.94 0.02 0.87 0.96 | F:x̄σmM 71.9 19.3 49.0 151.0 | H 1.542 | V 0.661 | pL -0.004 | vL 0.002 | ∇ 0.011
U 482 | F 987136 | FPS 1564 | D 643 | rR:x̄σmM 0.94 0.01 0.91 0.96 | F:x̄σmM 72.9 15.3 50.0 105.0 | H 1.555 | V 0.659 | pL 0.004 | vL 0.002 | ∇ 0.008
U 483 | F 989184 | FPS 1615 | D 644 | rR:x̄σmM 0.93 0.01 0.89 0.95 | F:x̄σmM 77.6 15.9 58.0 129.0 | H 1.561 | V 0.650 | pL 0.008 | vL 0.002 | ∇ 0.011
U 484 | F 991232 | FPS 1592 | D 646 | rR:x̄σmM 0.93 0.01 0.90 0.95 | F:x̄σmM 76.2 16.0 52.0 115.0 | H 1.579 | V 0.645 | pL 0.000 | vL 0.002 | ∇ 0.010
U 485 | F 993280 | FPS 1575 | D 647 | rR:x̄σmM 0.93 0.01 0.90 0.95 | F:x̄σmM 78.8 16.0 52.0 119.0 | H 1.632 | V 0.643 | pL 0.007 | vL 0.002 | ∇ 0.012
U 486 | F 995328 | FPS 1620 | D 648 | rR:x̄σmM 0.93 0.01 0.90 0.95 | F:x̄σmM 82.1 15.5 55.0 111.0 | H 1.576 | V 0.591 | pL 0.010 | vL 0.004 | ∇ 0.012
U 487 | F 997376 | FPS 1619 | D 650 | rR:x̄σmM 0.93 0.02 0.88 0.94 | F:x̄σmM 84.7 17.1 63.0 135.0 | H 1.518 | V 0.593 | pL -0.010 | vL 0.004 | ∇ 0.014
U 488 | F 999424 | FPS 1532 | D 651 | rR:x̄σmM 0.94 0.02 0.83 0.96 | F:x̄σmM 72.7 25.3 45.0 188.0 | H 1.490 | V 0.623 | pL -0.027 | vL 0.003 | ∇ 0.013
U 489 | F 1001472 | FPS 1494 | D 652 | rR:x̄σmM 0.94 0.01 0.90 0.96 | F:x̄σmM 65.6 15.1 40.0 113.0 | H 1.497 | V 0.673 | pL -0.016 | vL 0.002 | ∇ 0.012
