/home/fabian_57/thesis_projects/curriculum-test/scripts/train.py --algo ppo --env MiniGrid-DoorKey-5x5-v0 --no-instr --tb --frames=1000000 --model DoorKey-5x5 --save-interval 10

Namespace(algo='ppo', batch_size=256, clip_eps=0.2, discount=0.99, entropy_coef=0.01, env='MiniGrid-DoorKey-5x5-v0', epochs=4, frames=1000000, frames_per_proc=None, gae_lambda=0.95, log_interval=1, lr=0.0007, max_grad_norm=0.5, model='DoorKey-5x5', no_instr=True, no_mem=False, optim_alpha=0.99, optim_eps=1e-05, procs=16, recurrence=1, save_interval=10, seed=1, tb=True, value_loss_coef=0.5)

Model successfully created

ACModel(
  (image_conv): Sequential(
    (0): Conv2d(3, 16, kernel_size=(2, 2), stride=(1, 1))
    (1): ReLU()
    (2): MaxPool2d(kernel_size=(2, 2), stride=2, padding=0, dilation=1, ceil_mode=False)
    (3): Conv2d(16, 32, kernel_size=(2, 2), stride=(1, 1))
    (4): ReLU()
    (5): Conv2d(32, 64, kernel_size=(2, 2), stride=(1, 1))
    (6): ReLU()
  )
  (memory_rnn): LSTMCell(64, 64)
  (actor): Sequential(
    (0): Linear(in_features=64, out_features=64, bias=True)
    (1): Tanh()
    (2): Linear(in_features=64, out_features=7, bias=True)
  )
  (critic): Sequential(
    (0): Linear(in_features=64, out_features=64, bias=True)
    (1): Tanh()
    (2): Linear(in_features=64, out_features=1, bias=True)
  )
)

CUDA available: True

U 1 | F 002048 | FPS 1008 | D 2 | rR:x̄σmM 0.05 0.20 0.00 0.82 | F:x̄σmM 3.1 11.9 0.0 49.0 | H 1.942 | V 0.086 | pL 0.006 | vL 0.002 | ∇ 0.018
U 2 | F 004096 | FPS 1340 | D 3 | rR:x̄σmM 0.06 0.20 0.00 0.82 | F:x̄σmM 237.1 48.6 49.0 250.0 | H 1.944 | V 0.056 | pL 0.018 | vL 0.000 | ∇ 0.006
U 3 | F 006144 | FPS 0899 | D 5 | rR:x̄σmM 0.01 0.03 0.00 0.12 | F:x̄σmM 249.6 1.5 244.0 250.0 | H 1.945 | V 0.047 | pL 0.009 | vL 0.000 | ∇ 0.004
U 4 | F 008192 | FPS 1164 | D 7 | rR:x̄σmM 0.07 0.15 0.00 0.42 | F:x̄σmM 235.2 31.2 160.0 250.0 | H 1.942 | V 0.042 | pL 0.003 | vL 0.001 | ∇ 0.008
U 5 | F 010240 | FPS 1077 | D 9 | rR:x̄σmM 0.07 0.15 0.00 0.42 | F:x̄σmM 235.2 31.2 160.0 250.0 | H 1.942 | V 0.035 | pL 0.005 | vL 0.000 | ∇ 0.003
U 6 | F 012288 | FPS 1154 | D 11 | rR:x̄σmM 0.03 0.09 0.00 0.30 | F:x̄σmM 244.2 15.7 195.0 250.0 | H 1.944 | V 0.030 | pL 0.005 | vL 0.000 | ∇ 0.004
U 7 | F 014336 | FPS 1326 | D 12 | rR:x̄σmM 0.05 0.11 0.00 0.30 | F:x̄σmM 241.2 18.5 195.0 250.0 | H 1.943 | V 0.034 | pL 0.003 | vL 0.000 | ∇ 0.002
U 8 | F 016384 | FPS 1363 | D 14 | rR:x̄σmM 0.16 0.26 0.00 0.78 | F:x̄σmM 214.5 62.3 62.0 250.0 | H 1.931 | V 0.046 | pL -0.010 | vL 0.005 | ∇ 0.023
U 9 | F 018432 | FPS 1086 | D 16 | rR:x̄σmM 0.25 0.32 0.00 0.81 | F:x̄σmM 193.4 76.4 52.0 250.0 | H 1.914 | V 0.037 | pL -0.014 | vL 0.005 | ∇ 0.023
U 10 | F 020480 | FPS 1050 | D 18 | rR:x̄σmM 0.22 0.23 0.00 0.68 | F:x̄σmM 204.1 53.2 89.0 250.0 | H 1.893 | V 0.054 | pL -0.001 | vL 0.002 | ∇ 0.015
Model successfully saved
U 11 | F 022528 | FPS 1369 | D 19 | rR:x̄σmM 0.20 0.22 0.00 0.64 | F:x̄σmM 208.8 50.9 100.0 250.0 | H 1.882 | V 0.085 | pL -0.011 | vL 0.004 | ∇ 0.023
U 12 | F 024576 | FPS 1095 | D 21 | rR:x̄σmM 0.35 0.26 0.00 0.84 | F:x̄σmM 173.9 62.9 45.0 250.0 | H 1.901 | V 0.097 | pL -0.010 | vL 0.004 | ∇ 0.028
U 13 | F 026624 | FPS 1276 | D 23 | rR:x̄σmM 0.29 0.28 0.00 0.84 | F:x̄σmM 186.4 66.3 45.0 250.0 | H 1.896 | V 0.124 | pL 0.011 | vL 0.003 | ∇ 0.017
U 14 | F 028672 | FPS 1288 | D 24 | rR:x̄σmM 0.26 0.29 0.00 0.73 | F:x̄σmM 191.1 66.8 76.0 250.0 | H 1.911 | V 0.119 | pL 0.001 | vL 0.002 | ∇ 0.015
U 15 | F 030720 | FPS 1378 | D 26 | rR:x̄σmM 0.29 0.27 0.00 0.82 | F:x̄σmM 186.9 63.6 49.0 250.0 | H 1.889 | V 0.115 | pL -0.004 | vL 0.005 | ∇ 0.044
U 16 | F 032768 | FPS 1159 | D 28 | rR:x̄σmM 0.38 0.31 0.00 0.82 | F:x̄σmM 163.1 74.3 49.0 250.0 | H 1.864 | V 0.163 | pL 0.004 | vL 0.004 | ∇ 0.024
U 17 | F 034816 | FPS 1319 | D 29 | rR:x̄σmM 0.37 0.22 0.00 0.70 | F:x̄σmM 169.6 51.9 82.0 250.0 | H 1.855 | V 0.158 | pL -0.003 | vL 0.004 | ∇ 0.024
U 18 | F 036864 | FPS 1305 | D 31 | rR:x̄σmM 0.36 0.25 0.00 0.82 | F:x̄σmM 171.8 61.3 50.0 250.0 | H 1.875 | V 0.151 | pL -0.003 | vL 0.004 | ∇ 0.034
U 19 | F 038912 | FPS 1426 | D 32 | rR:x̄σmM 0.51 0.30 0.00 0.89 | F:x̄σmM 132.3 76.9 31.0 250.0 | H 1.842 | V 0.202 | pL -0.017 | vL 0.008 | ∇ 0.032
U 20 | F 040960 | FPS 1384 | D 34 | rR:x̄σmM 0.55 0.31 0.00 0.92 | F:x̄σmM 121.0 79.6 22.0 250.0 | H 1.798 | V 0.235 | pL -0.014 | vL 0.011 | ∇ 0.043
Model successfully saved
U 21 | F 043008 | FPS 1221 | D 35 | rR:x̄σmM 0.59 0.29 0.00 0.88 | F:x̄σmM 111.1 74.4 32.0 250.0 | H 1.791 | V 0.316 | pL -0.003 | vL 0.012 | ∇ 0.038
U 22 | F 045056 | FPS 1046 | D 37 | rR:x̄σmM 0.66 0.22 0.00 0.94 | F:x̄σmM 93.4 59.3 16.0 250.0 | H 1.757 | V 0.361 | pL -0.022 | vL 0.010 | ∇ 0.044
U 23 | F 047104 | FPS 1380 | D 39 | rR:x̄σmM 0.75 0.12 0.47 0.93 | F:x̄σmM 68.2 34.4 19.0 147.0 | H 1.715 | V 0.454 | pL -0.047 | vL 0.009 | ∇ 0.054
U 24 | F 049152 | FPS 1369 | D 40 | rR:x̄σmM 0.82 0.10 0.44 0.94 | F:x̄σmM 49.1 28.7 17.0 155.0 | H 1.651 | V 0.517 | pL -0.050 | vL 0.009 | ∇ 0.051
U 25 | F 051200 | FPS 1127 | D 42 | rR:x̄σmM 0.83 0.17 0.00 0.95 | F:x̄σmM 48.0 44.9 13.0 250.0 | H 1.654 | V 0.587 | pL -0.028 | vL 0.009 | ∇ 0.068
U 26 | F 053248 | FPS 1216 | D 44 | rR:x̄σmM 0.83 0.14 0.00 0.95 | F:x̄σmM 45.4 34.5 14.0 250.0 | H 1.613 | V 0.678 | pL -0.009 | vL 0.007 | ∇ 0.049
U 27 | F 055296 | FPS 1316 | D 45 | rR:x̄σmM 0.87 0.06 0.70 0.97 | F:x̄σmM 35.6 15.6 9.0 84.0 | H 1.595 | V 0.715 | pL 0.008 | vL 0.004 | ∇ 0.037
U 28 | F 057344 | FPS 1464 | D 47 | rR:x̄σmM 0.87 0.05 0.64 0.95 | F:x̄σmM 36.2 14.5 15.0 101.0 | H 1.622 | V 0.710 | pL 0.003 | vL 0.003 | ∇ 0.028
U 29 | F 059392 | FPS 1347 | D 48 | rR:x̄σmM 0.88 0.06 0.72 0.97 | F:x̄σmM 34.2 16.4 7.0 77.0 | H 1.572 | V 0.717 | pL -0.008 | vL 0.003 | ∇ 0.035
U 30 | F 061440 | FPS 1391 | D 50 | rR:x̄σmM 0.90 0.04 0.77 0.96 | F:x̄σmM 27.4 11.1 12.0 63.0 | H 1.523 | V 0.749 | pL -0.020 | vL 0.004 | ∇ 0.056
Model successfully saved
U 31 | F 063488 | FPS 1355 | D 51 | rR:x̄σmM 0.90 0.04 0.78 0.96 | F:x̄σmM 27.0 10.7 11.0 62.0 | H 1.457 | V 0.761 | pL -0.021 | vL 0.003 | ∇ 0.036
U 32 | F 065536 | FPS 1349 | D 53 | rR:x̄σmM 0.91 0.04 0.79 0.97 | F:x̄σmM 25.8 10.3 9.0 58.0 | H 1.439 | V 0.777 | pL -0.011 | vL 0.002 | ∇ 0.036
U 33 | F 067584 | FPS 1183 | D 54 | rR:x̄σmM 0.92 0.03 0.82 0.96 | F:x̄σmM 21.3 7.1 10.0 49.0 | H 1.409 | V 0.814 | pL -0.024 | vL 0.002 | ∇ 0.035
U 34 | F 069632 | FPS 1330 | D 56 | rR:x̄σmM 0.92 0.03 0.81 0.97 | F:x̄σmM 21.9 7.9 9.0 54.0 | H 1.363 | V 0.821 | pL 0.003 | vL 0.001 | ∇ 0.028
U 35 | F 071680 | FPS 1442 | D 57 | rR:x̄σmM 0.92 0.03 0.81 0.97 | F:x̄σmM 21.0 7.7 8.0 53.0 | H 1.377 | V 0.818 | pL -0.007 | vL 0.001 | ∇ 0.030
U 36 | F 073728 | FPS 1435 | D 59 | rR:x̄σmM 0.92 0.03 0.85 0.96 | F:x̄σmM 21.0 7.5 10.0 43.0 | H 1.405 | V 0.812 | pL -0.001 | vL 0.002 | ∇ 0.037
U 37 | F 075776 | FPS 1351 | D 60 | rR:x̄σmM 0.92 0.04 0.79 0.97 | F:x̄σmM 22.8 10.0 9.0 59.0 | H 1.399 | V 0.808 | pL -0.002 | vL 0.002 | ∇ 0.038
U 38 | F 077824 | FPS 1391 | D 62 | rR:x̄σmM 0.92 0.03 0.82 0.96 | F:x̄σmM 21.8 8.8 10.0 50.0 | H 1.322 | V 0.806 | pL -0.015 | vL 0.002 | ∇ 0.049
U 39 | F 079872 | FPS 1359 | D 63 | rR:x̄σmM 0.93 0.02 0.84 0.97 | F:x̄σmM 19.1 6.9 8.0 44.0 | H 1.358 | V 0.837 | pL -0.006 | vL 0.001 | ∇ 0.037
U 40 | F 081920 | FPS 1135 | D 65 | rR:x̄σmM 0.93 0.03 0.78 0.97 | F:x̄σmM 19.5 7.5 8.0 60.0 | H 1.415 | V 0.833 | pL -0.002 | vL 0.001 | ∇ 0.034
Model successfully saved
U 41 | F 083968 | FPS 1226 | D 67 | rR:x̄σmM 0.92 0.03 0.77 0.96 | F:x̄σmM 20.9 8.6 11.0 65.0 | H 1.394 | V 0.830 | pL 0.009 | vL 0.002 | ∇ 0.037
U 42 | F 086016 | FPS 1436 | D 68 | rR:x̄σmM 0.93 0.03 0.80 0.97 | F:x̄σmM 20.1 8.3 9.0 56.0 | H 1.343 | V 0.829 | pL 0.004 | vL 0.002 | ∇ 0.036
U 43 | F 088064 | FPS 1424 | D 70 | rR:x̄σmM 0.93 0.02 0.86 0.97 | F:x̄σmM 19.5 5.8 8.0 40.0 | H 1.337 | V 0.832 | pL -0.005 | vL 0.001 | ∇ 0.026
U 44 | F 090112 | FPS 1444 | D 71 | rR:x̄σmM 0.93 0.02 0.83 0.97 | F:x̄σmM 19.1 6.5 9.0 46.0 | H 1.355 | V 0.842 | pL -0.004 | vL 0.001 | ∇ 0.028
U 45 | F 092160 | FPS 1434 | D 73 | rR:x̄σmM 0.93 0.02 0.86 0.97 | F:x̄σmM 18.8 6.3 9.0 39.0 | H 1.394 | V 0.843 | pL 0.002 | vL 0.001 | ∇ 0.021
U 46 | F 094208 | FPS 1471 | D 74 | rR:x̄σmM 0.93 0.02 0.85 0.97 | F:x̄σmM 19.4 6.6 9.0 41.0 | H 1.378 | V 0.839 | pL 0.011 | vL 0.001 | ∇ 0.035
U 47 | F 096256 | FPS 1416 | D 75 | rR:x̄σmM 0.93 0.03 0.81 0.97 | F:x̄σmM 19.8 7.2 8.0 52.0 | H 1.421 | V 0.832 | pL 0.004 | vL 0.001 | ∇ 0.035
U 48 | F 098304 | FPS 1399 | D 77 | rR:x̄σmM 0.92 0.03 0.76 0.97 | F:x̄σmM 21.5 9.6 7.0 68.0 | H 1.437 | V 0.817 | pL 0.006 | vL 0.002 | ∇ 0.034
U 49 | F 100352 | FPS 1309 | D 78 | rR:x̄σmM 0.93 0.02 0.85 0.97 | F:x̄σmM 19.7 6.8 9.0 41.0 | H 1.399 | V 0.839 | pL 0.007 | vL 0.001 | ∇ 0.035
U 50 | F 102400 | FPS 1411 | D 80 | rR:x̄σmM 0.93 0.03 0.77 0.97 | F:x̄σmM 19.5 8.1 7.0 63.0 | H 1.375 | V 0.820 | pL 0.003 | vL 0.002 | ∇ 0.042
Model successfully saved
U 51 | F 104448 | FPS 1443 | D 81 | rR:x̄σmM 0.93 0.07 0.23 0.97 | F:x̄σmM 20.1 19.8 8.0 214.0 | H 1.360 | V 0.830 | pL -0.008 | vL 0.003 | ∇ 0.031
U 52 | F 106496 | FPS 1411 | D 83 | rR:x̄σmM 0.93 0.02 0.85 0.97 | F:x̄σmM 18.6 6.3 9.0 41.0 | H 1.279 | V 0.839 | pL -0.013 | vL 0.001 | ∇ 0.032
U 53 | F 108544 | FPS 1400 | D 84 | rR:x̄σmM 0.94 0.02 0.86 0.97 | F:x̄σmM 17.5 5.8 7.0 39.0 | H 1.290 | V 0.851 | pL -0.008 | vL 0.001 | ∇ 0.021
U 54 | F 110592 | FPS 1432 | D 86 | rR:x̄σmM 0.94 0.02 0.89 0.97 | F:x̄σmM 16.8 5.5 7.0 31.0 | H 1.330 | V 0.853 | pL -0.003 | vL 0.001 | ∇ 0.024
U 55 | F 112640 | FPS 1440 | D 87 | rR:x̄σmM 0.93 0.02 0.85 0.97 | F:x̄σmM 18.5 6.0 9.0 42.0 | H 1.378 | V 0.850 | pL 0.011 | vL 0.001 | ∇ 0.036
U 56 | F 114688 | FPS 1480 | D 89 | rR:x̄σmM 0.93 0.03 0.84 0.97 | F:x̄σmM 19.8 7.0 9.0 45.0 | H 1.457 | V 0.843 | pL 0.017 | vL 0.001 | ∇ 0.031
U 57 | F 116736 | FPS 1392 | D 90 | rR:x̄σmM 0.93 0.03 0.80 0.97 | F:x̄σmM 20.6 8.4 7.0 55.0 | H 1.454 | V 0.835 | pL 0.019 | vL 0.001 | ∇ 0.033
U 58 | F 118784 | FPS 1453 | D 91 | rR:x̄σmM 0.92 0.03 0.81 0.97 | F:x̄σmM 23.0 9.1 9.0 53.0 | H 1.423 | V 0.809 | pL 0.014 | vL 0.002 | ∇ 0.038
U 59 | F 120832 | FPS 1447 | D 93 | rR:x̄σmM 0.93 0.03 0.79 0.97 | F:x̄σmM 20.3 8.2 9.0 57.0 | H 1.387 | V 0.813 | pL 0.007 | vL 0.002 | ∇ 0.043
U 60 | F 122880 | FPS 1290 | D 94 | rR:x̄σmM 0.92 0.06 0.44 0.97 | F:x̄σmM 22.4 16.0 8.0 155.0 | H 1.421 | V 0.819 | pL 0.005 | vL 0.002 | ∇ 0.032
Model successfully saved
U 61 | F 124928 | FPS 1089 | D 96 | rR:x̄σmM 0.93 0.03 0.85 0.97 | F:x̄σmM 19.8 7.0 8.0 41.0 | H 1.397 | V 0.826 | pL -0.006 | vL 0.001 | ∇ 0.026
U 62 | F 126976 | FPS 1437 | D 98 | rR:x̄σmM 0.93 0.03 0.82 0.97 | F:x̄σmM 20.1 7.6 8.0 51.0 | H 1.342 | V 0.830 | pL 0.001 | vL 0.001 | ∇ 0.030
U 63 | F 129024 | FPS 1489 | D 99 | rR:x̄σmM 0.94 0.02 0.86 0.97 | F:x̄σmM 17.4 6.0 7.0 40.0 | H 1.245 | V 0.845 | pL -0.019 | vL 0.001 | ∇ 0.023
U 64 | F 131072 | FPS 1477 | D 101 | rR:x̄σmM 0.94 0.02 0.86 0.97 | F:x̄σmM 16.7 5.6 8.0 39.0 | H 1.238 | V 0.858 | pL -0.011 | vL 0.001 | ∇ 0.028
U 65 | F 133120 | FPS 1462 | D 102 | rR:x̄σmM 0.94 0.02 0.89 0.97 | F:x̄σmM 16.5 4.8 9.0 31.0 | H 1.282 | V 0.859 | pL -0.005 | vL 0.001 | ∇ 0.018
U 66 | F 135168 | FPS 1456 | D 103 | rR:x̄σmM 0.94 0.02 0.89 0.97 | F:x̄σmM 16.9 4.7 8.0 31.0 | H 1.376 | V 0.857 | pL -0.004 | vL 0.001 | ∇ 0.020
U 67 | F 137216 | FPS 1451 | D 105 | rR:x̄σmM 0.93 0.02 0.83 0.97 | F:x̄σmM 19.9 6.6 9.0 47.0 | H 1.423 | V 0.838 | pL 0.009 | vL 0.001 | ∇ 0.027
U 68 | F 139264 | FPS 1459 | D 106 | rR:x̄σmM 0.93 0.02 0.83 0.97 | F:x̄σmM 18.8 6.6 7.0 46.0 | H 1.373 | V 0.840 | pL -0.001 | vL 0.001 | ∇ 0.023
U 69 | F 141312 | FPS 1465 | D 108 | rR:x̄σmM 0.93 0.02 0.87 0.97 | F:x̄σmM 19.0 5.9 8.0 37.0 | H 1.384 | V 0.838 | pL -0.002 | vL 0.001 | ∇ 0.021
U 70 | F 143360 | FPS 1471 | D 109 | rR:x̄σmM 0.94 0.02 0.86 0.97 | F:x̄σmM 17.9 5.4 9.0 39.0 | H 1.407 | V 0.850 | pL -0.003 | vL 0.001 | ∇ 0.021
Model successfully saved
U 71 | F 145408 | FPS 1499 | D 110 | rR:x̄σmM 0.93 0.03 0.81 0.97 | F:x̄σmM 19.0 7.7 9.0 54.0 | H 1.408 | V 0.838 | pL 0.009 | vL 0.001 | ∇ 0.024
U 72 | F 147456 | FPS 1467 | D 112 | rR:x̄σmM 0.93 0.02 0.85 0.97 | F:x̄σmM 20.7 6.6 9.0 41.0 | H 1.425 | V 0.832 | pL 0.004 | vL 0.001 | ∇ 0.025
U 73 | F 149504 | FPS 1486 | D 113 | rR:x̄σmM 0.93 0.02 0.85 0.97 | F:x̄σmM 18.1 5.9 7.0 41.0 | H 1.355 | V 0.843 | pL -0.012 | vL 0.001 | ∇ 0.023
U 74 | F 151552 | FPS 1476 | D 115 | rR:x̄σmM 0.93 0.03 0.72 0.97 | F:x̄σmM 18.4 8.0 8.0 78.0 | H 1.367 | V 0.848 | pL 0.005 | vL 0.001 | ∇ 0.024
U 75 | F 153600 | FPS 1465 | D 116 | rR:x̄σmM 0.93 0.02 0.87 0.97 | F:x̄σmM 18.1 5.2 9.0 35.0 | H 1.371 | V 0.835 | pL 0.005 | vL 0.002 | ∇ 0.032
U 76 | F 155648 | FPS 1484 | D 117 | rR:x̄σmM 0.93 0.03 0.70 0.97 | F:x̄σmM 19.4 9.6 8.0 82.0 | H 1.348 | V 0.845 | pL 0.008 | vL 0.001 | ∇ 0.031
U 77 | F 157696 | FPS 1472 | D 119 | rR:x̄σmM 0.94 0.02 0.87 0.97 | F:x̄σmM 17.5 6.4 8.0 37.0 | H 1.334 | V 0.845 | pL 0.001 | vL 0.001 | ∇ 0.024
U 78 | F 159744 | FPS 1489 | D 120 | rR:x̄σmM 0.93 0.02 0.85 0.97 | F:x̄σmM 18.3 6.2 7.0 42.0 | H 1.363 | V 0.846 | pL 0.001 | vL 0.001 | ∇ 0.027
U 79 | F 161792 | FPS 1483 | D 121 | rR:x̄σmM 0.93 0.02 0.84 0.97 | F:x̄σmM 18.8 6.6 8.0 44.0 | H 1.400 | V 0.831 | pL 0.011 | vL 0.002 | ∇ 0.038
U 80 | F 163840 | FPS 1474 | D 123 | rR:x̄σmM 0.92 0.07 0.46 0.97 | F:x̄σmM 21.5 19.0 9.0 151.0 | H 1.430 | V 0.827 | pL 0.013 | vL 0.003 | ∇ 0.036
Model successfully saved
U 81 | F 165888 | FPS 1489 | D 124 | rR:x̄σmM 0.93 0.02 0.86 0.97 | F:x̄σmM 19.2 6.1 9.0 38.0 | H 1.409 | V 0.834 | pL 0.001 | vL 0.002 | ∇ 0.028
U 82 | F 167936 | FPS 1456 | D 126 | rR:x̄σmM 0.93 0.02 0.81 0.96 | F:x̄σmM 19.7 6.5 10.0 54.0 | H 1.386 | V 0.835 | pL -0.005 | vL 0.001 | ∇ 0.021
U 83 | F 169984 | FPS 1458 | D 127 | rR:x̄σmM 0.93 0.02 0.82 0.97 | F:x̄σmM 19.4 6.7 9.0 50.0 | H 1.388 | V 0.842 | pL -0.001 | vL 0.001 | ∇ 0.018
U 84 | F 172032 | FPS 1480 | D 128 | rR:x̄σmM 0.93 0.03 0.72 0.97 | F:x̄σmM 18.8 8.2 9.0 79.0 | H 1.453 | V 0.835 | pL 0.010 | vL 0.002 | ∇ 0.027
U 85 | F 174080 | FPS 1468 | D 130 | rR:x̄σmM 0.93 0.04 0.65 0.97 | F:x̄σmM 20.4 9.7 7.0 96.0 | H 1.419 | V 0.834 | pL 0.007 | vL 0.001 | ∇ 0.022
U 86 | F 176128 | FPS 1485 | D 131 | rR:x̄σmM 0.93 0.03 0.84 0.97 | F:x̄σmM 19.4 7.0 8.0 44.0 | H 1.396 | V 0.834 | pL -0.003 | vL 0.001 | ∇ 0.023
U 87 | F 178176 | FPS 1464 | D 133 | rR:x̄σmM 0.93 0.02 0.87 0.97 | F:x̄σmM 18.3 6.2 7.0 37.0 | H 1.345 | V 0.845 | pL -0.006 | vL 0.001 | ∇ 0.020
U 88 | F 180224 | FPS 1463 | D 134 | rR:x̄σmM 0.94 0.02 0.85 0.97 | F:x̄σmM 18.0 5.7 8.0 43.0 | H 1.293 | V 0.839 | pL -0.013 | vL 0.001 | ∇ 0.018
U 89 | F 182272 | FPS 1485 | D 135 | rR:x̄σmM 0.93 0.02 0.86 0.97 | F:x̄σmM 18.4 5.8 9.0 38.0 | H 1.345 | V 0.841 | pL 0.000 | vL 0.001 | ∇ 0.020
U 90 | F 184320 | FPS 1455 | D 137 | rR:x̄σmM 0.93 0.04 0.62 0.97 | F:x̄σmM 18.6 10.8 7.0 106.0 | H 1.394 | V 0.841 | pL 0.002 | vL 0.001 | ∇ 0.022
Model successfully saved
U 91 | F 186368 | FPS 1484 | D 138 | rR:x̄σmM 0.93 0.02 0.85 0.97 | F:x̄σmM 19.4 6.4 9.0 43.0 | H 1.388 | V 0.843 | pL 0.010 | vL 0.001 | ∇ 0.019
U 92 | F 188416 | FPS 1473 | D 140 | rR:x̄σmM 0.93 0.02 0.87 0.97 | F:x̄σmM 18.2 6.1 9.0 37.0 | H 1.387 | V 0.846 | pL 0.002 | vL 0.001 | ∇ 0.021
U 93 | F 190464 | FPS 1467 | D 141 | rR:x̄σmM 0.93 0.02 0.86 0.97 | F:x̄σmM 19.5 5.9 8.0 40.0 | H 1.430 | V 0.841 | pL 0.012 | vL 0.001 | ∇ 0.020
U 94 | F 192512 | FPS 1491 | D 142 | rR:x̄σmM 0.93 0.02 0.86 0.97 | F:x̄σmM 19.4 6.0 9.0 40.0 | H 1.472 | V 0.844 | pL 0.012 | vL 0.001 | ∇ 0.021
U 95 | F 194560 | FPS 1475 | D 144 | rR:x̄σmM 0.92 0.03 0.77 0.96 | F:x̄σmM 23.3 8.6 12.0 65.0 | H 1.484 | V 0.821 | pL 0.021 | vL 0.001 | ∇ 0.029
U 96 | F 196608 | FPS 1484 | D 145 | rR:x̄σmM 0.92 0.03 0.80 0.96 | F:x̄σmM 22.8 8.4 10.0 55.0 | H 1.429 | V 0.811 | pL 0.005 | vL 0.002 | ∇ 0.022
U 97 | F 198656 | FPS 1487 | D 147 | rR:x̄σmM 0.92 0.03 0.83 0.97 | F:x̄σmM 20.9 7.6 8.0 47.0 | H 1.382 | V 0.825 | pL -0.005 | vL 0.001 | ∇ 0.018
U 98 | F 200704 | FPS 1465 | D 148 | rR:x̄σmM 0.93 0.02 0.84 0.97 | F:x̄σmM 18.8 6.4 8.0 45.0 | H 1.340 | V 0.839 | pL -0.011 | vL 0.001 | ∇ 0.019
U 99 | F 202752 | FPS 1478 | D 149 | rR:x̄σmM 0.93 0.02 0.87 0.97 | F:x̄σmM 18.4 6.0 9.0 35.0 | H 1.282 | V 0.842 | pL -0.006 | vL 0.001 | ∇ 0.017
U 100 | F 204800 | FPS 1452 | D 151 | rR:x̄σmM 0.94 0.02 0.88 0.97 | F:x̄σmM 17.1 5.5 8.0 32.0 | H 1.282 | V 0.851 | pL -0.008 | vL 0.001 | ∇ 0.015
Model successfully saved
U 101 | F 206848 | FPS 1473 | D 152 | rR:x̄σmM 0.94 0.02 0.87 0.97 | F:x̄σmM 18.0 5.8 8.0 37.0 | H 1.345 | V 0.850 | pL 0.003 | vL 0.001 | ∇ 0.017
U 102 | F 208896 | FPS 1475 | D 154 | rR:x̄σmM 0.94 0.02 0.87 0.97 | F:x̄σmM 18.0 5.6 9.0 37.0 | H 1.330 | V 0.853 | pL 0.004 | vL 0.001 | ∇ 0.018
U 103 | F 210944 | FPS 1462 | D 155 | rR:x̄σmM 0.93 0.02 0.83 0.96 | F:x̄σmM 18.6 6.2 10.0 47.0 | H 1.358 | V 0.848 | pL 0.007 | vL 0.001 | ∇ 0.020
U 104 | F 212992 | FPS 1448 | D 156 | rR:x̄σmM 0.94 0.02 0.88 0.97 | F:x̄σmM 17.7 5.7 9.0 32.0 | H 1.388 | V 0.848 | pL 0.001 | vL 0.001 | ∇ 0.020
U 105 | F 215040 | FPS 1467 | D 158 | rR:x̄σmM 0.93 0.03 0.84 0.97 | F:x̄σmM 20.1 7.5 9.0 44.0 | H 1.408 | V 0.835 | pL 0.010 | vL 0.001 | ∇ 0.031
U 106 | F 217088 | FPS 1476 | D 159 | rR:x̄σmM 0.93 0.03 0.83 0.97 | F:x̄σmM 19.1 7.7 8.0 48.0 | H 1.404 | V 0.836 | pL 0.003 | vL 0.001 | ∇ 0.020
U 107 | F 219136 | FPS 1463 | D 161 | rR:x̄σmM 0.93 0.02 0.82 0.96 | F:x̄σmM 19.5 6.3 10.0 49.0 | H 1.423 | V 0.843 | pL 0.004 | vL 0.001 | ∇ 0.020
U 108 | F 221184 | FPS 1458 | D 162 | rR:x̄σmM 0.93 0.03 0.83 0.97 | F:x̄σmM 20.4 8.1 8.0 47.0 | H 1.424 | V 0.827 | pL 0.009 | vL 0.001 | ∇ 0.027
U 109 | F 223232 | FPS 1477 | D 163 | rR:x̄σmM 0.93 0.03 0.79 0.97 | F:x̄σmM 19.1 7.6 9.0 57.0 | H 1.398 | V 0.840 | pL -0.000 | vL 0.001 | ∇ 0.030
U 110 | F 225280 | FPS 1460 | D 165 | rR:x̄σmM 0.93 0.02 0.83 0.97 | F:x̄σmM 19.0 6.6 8.0 48.0 | H 1.345 | V 0.842 | pL 0.006 | vL 0.001 | ∇ 0.023
Model successfully saved
U 111 | F 227328 | FPS 1480 | D 166 | rR:x̄σmM 0.93 0.02 0.84 0.97 | F:x̄σmM 19.2 6.4 7.0 44.0 | H 1.410 | V 0.840 | pL 0.002 | vL 0.001 | ∇ 0.018
U 112 | F 229376 | FPS 1472 | D 168 | rR:x̄σmM 0.93 0.03 0.85 0.97 | F:x̄σmM 18.5 7.1 8.0 43.0 | H 1.433 | V 0.844 | pL 0.006 | vL 0.001 | ∇ 0.018
U 113 | F 231424 | FPS 1453 | D 169 | rR:x̄σmM 0.92 0.03 0.75 0.97 | F:x̄σmM 21.7 8.4 8.0 70.0 | H 1.451 | V 0.823 | pL 0.010 | vL 0.001 | ∇ 0.021
U 114 | F 233472 | FPS 1473 | D 170 | rR:x̄σmM 0.93 0.03 0.85 0.97 | F:x̄σmM 19.9 7.6 8.0 42.0 | H 1.384 | V 0.821 | pL 0.001 | vL 0.002 | ∇ 0.021
U 115 | F 235520 | FPS 1442 | D 172 | rR:x̄σmM 0.93 0.03 0.82 0.97 | F:x̄σmM 19.3 7.2 8.0 51.0 | H 1.306 | V 0.838 | pL -0.011 | vL 0.001 | ∇ 0.019
U 116 | F 237568 | FPS 1466 | D 173 | rR:x̄σmM 0.94 0.02 0.87 0.97 | F:x̄σmM 17.9 6.0 8.0 35.0 | H 1.297 | V 0.848 | pL -0.006 | vL 0.001 | ∇ 0.020
U 117 | F 239616 | FPS 1454 | D 175 | rR:x̄σmM 0.94 0.02 0.86 0.97 | F:x̄σmM 17.4 5.7 8.0 40.0 | H 1.326 | V 0.854 | pL -0.002 | vL 0.001 | ∇ 0.014
U 118 | F 241664 | FPS 1456 | D 176 | rR:x̄σmM 0.93 0.02 0.86 0.97 | F:x̄σmM 18.9 6.2 9.0 38.0 | H 1.351 | V 0.841 | pL 0.006 | vL 0.001 | ∇ 0.022
U 119 | F 243712 | FPS 1472 | D 177 | rR:x̄σmM 0.94 0.02 0.83 0.97 | F:x̄σmM 17.4 6.3 8.0 47.0 | H 1.276 | V 0.855 | pL -0.004 | vL 0.001 | ∇ 0.021
U 120 | F 245760 | FPS 1450 | D 179 | rR:x̄σmM 0.94 0.02 0.88 0.97 | F:x̄σmM 16.4 4.4 9.0 32.0 | H 1.374 | V 0.861 | pL -0.006 | vL 0.001 | ∇ 0.015
Model successfully saved
U 121 | F 247808 | FPS 1479 | D 180 | rR:x̄σmM 0.94 0.02 0.88 0.97 | F:x̄σmM 17.2 5.9 8.0 34.0 | H 1.343 | V 0.855 | pL 0.005 | vL 0.001 | ∇ 0.016
U 122 | F 249856 | FPS 1468 | D 182 | rR:x̄σmM 0.94 0.02 0.87 0.96 | F:x̄σmM 17.9 5.3 10.0 36.0 | H 1.400 | V 0.849 | pL -0.004 | vL 0.001 | ∇ 0.014
U 123 | F 251904 | FPS 1468 | D 183 | rR:x̄σmM 0.93 0.02 0.86 0.97 | F:x̄σmM 18.8 6.6 8.0 38.0 | H 1.353 | V 0.838 | pL 0.007 | vL 0.001 | ∇ 0.021
U 124 | F 253952 | FPS 1476 | D 184 | rR:x̄σmM 0.93 0.03 0.82 0.97 | F:x̄σmM 19.8 7.8 8.0 51.0 | H 1.371 | V 0.834 | pL -0.002 | vL 0.001 | ∇ 0.026
U 125 | F 256000 | FPS 1441 | D 186 | rR:x̄σmM 0.93 0.03 0.81 0.97 | F:x̄σmM 18.9 7.6 7.0 52.0 | H 1.374 | V 0.843 | pL 0.011 | vL 0.001 | ∇ 0.023
U 126 | F 258048 | FPS 1470 | D 187 | rR:x̄σmM 0.93 0.02 0.86 0.97 | F:x̄σmM 18.9 6.9 8.0 39.0 | H 1.335 | V 0.843 | pL -0.001 | vL 0.001 | ∇ 0.017
U 127 | F 260096 | FPS 1457 | D 189 | rR:x̄σmM 0.94 0.02 0.87 0.97 | F:x̄σmM 17.2 5.8 8.0 35.0 | H 1.300 | V 0.851 | pL -0.003 | vL 0.001 | ∇ 0.014
U 128 | F 262144 | FPS 1441 | D 190 | rR:x̄σmM 0.94 0.02 0.89 0.97 | F:x̄σmM 18.0 5.3 9.0 30.0 | H 1.368 | V 0.849 | pL 0.001 | vL 0.001 | ∇ 0.015
U 129 | F 264192 | FPS 1470 | D 191 | rR:x̄σmM 0.93 0.02 0.86 0.96 | F:x̄σmM 18.1 5.4 10.0 39.0 | H 1.373 | V 0.848 | pL -0.002 | vL 0.001 | ∇ 0.016
U 130 | F 266240 | FPS 1446 | D 193 | rR:x̄σmM 0.93 0.02 0.84 0.97 | F:x̄σmM 18.7 6.7 9.0 45.0 | H 1.348 | V 0.843 | pL 0.002 | vL 0.001 | ∇ 0.023
Model successfully saved
U 131 | F 268288 | FPS 1466 | D 194 | rR:x̄σmM 0.93 0.02 0.86 0.96 | F:x̄σmM 18.4 5.8 10.0 40.0 | H 1.319 | V 0.843 | pL -0.005 | vL 0.001 | ∇ 0.019
U 132 | F 270336 | FPS 1456 | D 196 | rR:x̄σmM 0.94 0.02 0.87 0.97 | F:x̄σmM 17.3 5.6 9.0 37.0 | H 1.340 | V 0.853 | pL -0.008 | vL 0.001 | ∇ 0.015
U 133 | F 272384 | FPS 1469 | D 197 | rR:x̄σmM 0.94 0.02 0.83 0.97 | F:x̄σmM 17.8 6.3 8.0 48.0 | H 1.296 | V 0.853 | pL 0.005 | vL 0.001 | ∇ 0.021
U 134 | F 274432 | FPS 1449 | D 199 | rR:x̄σmM 0.94 0.02 0.88 0.97 | F:x̄σmM 17.6 5.3 8.0 33.0 | H 1.351 | V 0.851 | pL 0.001 | vL 0.001 | ∇ 0.021
U 135 | F 276480 | FPS 1444 | D 200 | rR:x̄σmM 0.94 0.02 0.86 0.97 | F:x̄σmM 17.2 5.7 9.0 40.0 | H 1.283 | V 0.855 | pL -0.007 | vL 0.001 | ∇ 0.028
U 136 | F 278528 | FPS 1458 | D 201 | rR:x̄σmM 0.94 0.02 0.86 0.97 | F:x̄σmM 17.0 5.4 8.0 39.0 | H 1.311 | V 0.857 | pL -0.004 | vL 0.001 | ∇ 0.017
U 137 | F 280576 | FPS 1467 | D 203 | rR:x̄σmM 0.94 0.02 0.87 0.97 | F:x̄σmM 17.2 5.6 8.0 35.0 | H 1.289 | V 0.858 | pL 0.002 | vL 0.001 | ∇ 0.016
U 138 | F 282624 | FPS 1475 | D 204 | rR:x̄σmM 0.94 0.02 0.86 0.97 | F:x̄σmM 17.5 5.9 7.0 39.0 | H 1.295 | V 0.852 | pL 0.004 | vL 0.001 | ∇ 0.015
U 139 | F 284672 | FPS 1481 | D 206 | rR:x̄σmM 0.94 0.02 0.89 0.97 | F:x̄σmM 16.7 4.3 7.0 30.0 | H 1.397 | V 0.857 | pL -0.010 | vL 0.001 | ∇ 0.013
U 140 | F 286720 | FPS 1469 | D 207 | rR:x̄σmM 0.93 0.02 0.86 0.96 | F:x̄σmM 18.7 6.2 10.0 39.0 | H 1.375 | V 0.847 | pL 0.008 | vL 0.001 | ∇ 0.016
Model successfully saved
U 141 | F 288768 | FPS 1490 | D 208 | rR:x̄σmM 0.93 0.02 0.87 0.97 | F:x̄σmM 19.3 6.6 9.0 35.0 | H 1.337 | V 0.837 | pL 0.001 | vL 0.001 | ∇ 0.019
U 142 | F 290816 | FPS 1465 | D 210 | rR:x̄σmM 0.94 0.02 0.86 0.97 | F:x̄σmM 18.0 6.1 8.0 40.0 | H 1.360 | V 0.846 | pL -0.003 | vL 0.001 | ∇ 0.018
U 143 | F 292864 | FPS 1485 | D 211 | rR:x̄σmM 0.94 0.03 0.81 0.97 | F:x̄σmM 17.8 7.0 8.0 52.0 | H 1.291 | V 0.846 | pL -0.004 | vL 0.001 | ∇ 0.019
U 144 | F 294912 | FPS 1468 | D 212 | rR:x̄σmM 0.94 0.02 0.87 0.97 | F:x̄σmM 17.7 6.2 8.0 37.0 | H 1.282 | V 0.845 | pL -0.007 | vL 0.001 | ∇ 0.017
U 145 | F 296960 | FPS 1467 | D 214 | rR:x̄σmM 0.94 0.02 0.86 0.97 | F:x̄σmM 17.7 6.2 9.0 40.0 | H 1.350 | V 0.852 | pL 0.000 | vL 0.001 | ∇ 0.018
U 146 | F 299008 | FPS 1477 | D 215 | rR:x̄σmM 0.94 0.02 0.85 0.97 | F:x̄σmM 17.7 5.7 9.0 42.0 | H 1.330 | V 0.852 | pL 0.002 | vL 0.001 | ∇ 0.016
U 147 | F 301056 | FPS 1445 | D 217 | rR:x̄σmM 0.94 0.02 0.88 0.97 | F:x̄σmM 17.5 5.3 7.0 33.0 | H 1.420 | V 0.854 | pL 0.005 | vL 0.001 | ∇ 0.016
U 148 | F 303104 | FPS 1485 | D 218 | rR:x̄σmM 0.93 0.02 0.86 0.97 | F:x̄σmM 18.7 5.9 9.0 39.0 | H 1.444 | V 0.850 | pL 0.012 | vL 0.001 | ∇ 0.020
U 149 | F 305152 | FPS 1479 | D 219 | rR:x̄σmM 0.93 0.03 0.81 0.97 | F:x̄σmM 20.3 7.2 7.0 54.0 | H 1.411 | V 0.836 | pL 0.009 | vL 0.001 | ∇ 0.019
U 150 | F 307200 | FPS 1470 | D 221 | rR:x̄σmM 0.92 0.03 0.84 0.96 | F:x̄σmM 21.0 7.4 10.0 44.0 | H 1.355 | V 0.827 | pL 0.006 | vL 0.001 | ∇ 0.022
Model successfully saved
U 151 | F 309248 | FPS 1476 | D 222 | rR:x̄σmM 0.93 0.03 0.81 0.97 | F:x̄σmM 18.8 7.0 9.0 52.0 | H 1.319 | V 0.842 | pL -0.001 | vL 0.001 | ∇ 0.020
U 152 | F 311296 | FPS 1475 | D 224 | rR:x̄σmM 0.94 0.02 0.87 0.97 | F:x̄σmM 17.0 5.4 7.0 35.0 | H 1.316 | V 0.849 | pL -0.010 | vL 0.001 | ∇ 0.018
U 153 | F 313344 | FPS 1476 | D 225 | rR:x̄σmM 0.93 0.02 0.86 0.97 | F:x̄σmM 18.5 6.7 9.0 40.0 | H 1.375 | V 0.843 | pL 0.002 | vL 0.001 | ∇ 0.020
U 154 | F 315392 | FPS 1493 | D 226 | rR:x̄σmM 0.93 0.02 0.87 0.97 | F:x̄σmM 18.8 6.2 8.0 36.0 | H 1.355 | V 0.844 | pL 0.007 | vL 0.001 | ∇ 0.019
U 155 | F 317440 | FPS 1459 | D 228 | rR:x̄σmM 0.93 0.02 0.88 0.97 | F:x̄σmM 18.2 5.6 8.0 33.0 | H 1.373 | V 0.849 | pL -0.003 | vL 0.001 | ∇ 0.013
U 156 | F 319488 | FPS 1480 | D 229 | rR:x̄σmM 0.94 0.02 0.88 0.97 | F:x̄σmM 17.6 5.7 9.0 33.0 | H 1.357 | V 0.849 | pL 0.001 | vL 0.001 | ∇ 0.017
U 157 | F 321536 | FPS 1458 | D 231 | rR:x̄σmM 0.93 0.02 0.86 0.97 | F:x̄σmM 18.5 6.0 8.0 38.0 | H 1.321 | V 0.847 | pL -0.002 | vL 0.001 | ∇ 0.022
U 158 | F 323584 | FPS 1470 | D 232 | rR:x̄σmM 0.94 0.02 0.87 0.97 | F:x̄σmM 16.7 5.6 8.0 36.0 | H 1.284 | V 0.858 | pL -0.006 | vL 0.001 | ∇ 0.014
U 159 | F 325632 | FPS 1486 | D 233 | rR:x̄σmM 0.94 0.02 0.87 0.97 | F:x̄σmM 16.9 6.1 8.0 37.0 | H 1.295 | V 0.852 | pL -0.001 | vL 0.001 | ∇ 0.019
U 160 | F 327680 | FPS 1455 | D 235 | rR:x̄σmM 0.94 0.02 0.82 0.97 | F:x̄σmM 17.4 6.5 8.0 49.0 | H 1.311 | V 0.853 | pL -0.001 | vL 0.001 | ∇ 0.014
Model successfully saved
U 161 | F 329728 | FPS 1480 | D 236 | rR:x̄σmM 0.94 0.02 0.87 0.97 | F:x̄σmM 17.6 5.8 8.0 37.0 | H 1.410 | V 0.854 | pL 0.002 | vL 0.001 | ∇ 0.014
U 162 | F 331776 | FPS 1489 | D 238 | rR:x̄σmM 0.93 0.02 0.86 0.97 | F:x̄σmM 20.0 6.3 8.0 38.0 | H 1.369 | V 0.838 | pL 0.018 | vL 0.001 | ∇ 0.022
U 163 | F 333824 | FPS 1461 | D 239 | rR:x̄σmM 0.93 0.02 0.84 0.96 | F:x̄σmM 19.5 6.9 10.0 44.0 | H 1.369 | V 0.840 | pL -0.002 | vL 0.001 | ∇ 0.017
U 164 | F 335872 | FPS 1470 | D 240 | rR:x̄σmM 0.93 0.02 0.87 0.97 | F:x̄σmM 18.6 5.9 8.0 37.0 | H 1.385 | V 0.848 | pL 0.001 | vL 0.001 | ∇ 0.019
U 165 | F 337920 | FPS 1469 | D 242 | rR:x̄σmM 0.93 0.02 0.85 0.97 | F:x̄σmM 19.7 6.1 8.0 41.0 | H 1.394 | V 0.843 | pL 0.007 | vL 0.001 | ∇ 0.020
U 166 | F 339968 | FPS 1488 | D 243 | rR:x̄σmM 0.93 0.02 0.81 0.97 | F:x̄σmM 19.5 6.7 8.0 54.0 | H 1.384 | V 0.839 | pL 0.010 | vL 0.001 | ∇ 0.017
U 167 | F 342016 | FPS 1477 | D 245 | rR:x̄σmM 0.93 0.02 0.87 0.97 | F:x̄σmM 19.6 5.8 9.0 37.0 | H 1.359 | V 0.836 | pL -0.009 | vL 0.001 | ∇ 0.018
U 168 | F 344064 | FPS 1445 | D 246 | rR:x̄σmM 0.94 0.02 0.89 0.97 | F:x̄σmM 17.7 5.1 7.0 31.0 | H 1.316 | V 0.844 | pL -0.013 | vL 0.001 | ∇ 0.018
U 169 | F 346112 | FPS 1465 | D 247 | rR:x̄σmM 0.94 0.02 0.85 0.97 | F:x̄σmM 17.9 5.5 9.0 41.0 | H 1.353 | V 0.851 | pL -0.005 | vL 0.001 | ∇ 0.016
U 170 | F 348160 | FPS 1455 | D 249 | rR:x̄σmM 0.93 0.04 0.64 0.97 | F:x̄σmM 18.8 10.1 9.0 101.0 | H 1.389 | V 0.841 | pL 0.012 | vL 0.002 | ∇ 0.028
Model successfully saved
U 171 | F 350208 | FPS 1493 | D 250 | rR:x̄σmM 0.93 0.02 0.84 0.97 | F:x̄σmM 19.0 6.4 8.0 44.0 | H 1.335 | V 0.837 | pL -0.000 | vL 0.001 | ∇ 0.019
U 172 | F 352256 | FPS 1480 | D 252 | rR:x̄σmM 0.94 0.02 0.87 0.97 | F:x̄σmM 17.7 5.8 8.0 37.0 | H 1.352 | V 0.846 | pL -0.009 | vL 0.001 | ∇ 0.014
U 173 | F 354304 | FPS 1452 | D 253 | rR:x̄σmM 0.94 0.02 0.86 0.97 | F:x̄σmM 17.6 6.2 8.0 40.0 | H 1.312 | V 0.849 | pL -0.004 | vL 0.001 | ∇ 0.020
U 174 | F 356352 | FPS 1468 | D 254 | rR:x̄σmM 0.94 0.02 0.87 0.97 | F:x̄σmM 16.4 5.2 9.0 35.0 | H 1.311 | V 0.858 | pL -0.008 | vL 0.001 | ∇ 0.016
U 175 | F 358400 | FPS 1446 | D 256 | rR:x̄σmM 0.94 0.02 0.90 0.97 | F:x̄σmM 17.2 4.6 8.0 29.0 | H 1.400 | V 0.858 | pL -0.001 | vL 0.001 | ∇ 0.011
U 176 | F 360448 | FPS 1475 | D 257 | rR:x̄σmM 0.93 0.02 0.86 0.97 | F:x̄σmM 18.7 6.0 9.0 39.0 | H 1.407 | V 0.848 | pL 0.009 | vL 0.001 | ∇ 0.020
U 177 | F 362496 | FPS 1465 | D 259 | rR:x̄σmM 0.93 0.03 0.83 0.97 | F:x̄σmM 18.9 7.0 9.0 48.0 | H 1.403 | V 0.845 | pL 0.012 | vL 0.001 | ∇ 0.021
U 178 | F 364544 | FPS 1449 | D 260 | rR:x̄σmM 0.93 0.02 0.82 0.97 | F:x̄σmM 18.2 6.2 7.0 49.0 | H 1.424 | V 0.851 | pL 0.005 | vL 0.001 | ∇ 0.017
U 179 | F 366592 | FPS 1464 | D 261 | rR:x̄σmM 0.93 0.02 0.87 0.97 | F:x̄σmM 19.2 6.5 8.0 36.0 | H 1.365 | V 0.840 | pL 0.004 | vL 0.001 | ∇ 0.015
U 180 | F 368640 | FPS 1459 | D 263 | rR:x̄σmM 0.93 0.03 0.80 0.97 | F:x̄σmM 19.5 7.5 8.0 56.0 | H 1.317 | V 0.835 | pL -0.004 | vL 0.001 | ∇ 0.022
Model successfully saved
U 181 | F 370688 | FPS 1486 | D 264 | rR:x̄σmM 0.94 0.02 0.88 0.97 | F:x̄σmM 17.6 5.6 9.0 34.0 | H 1.318 | V 0.852 | pL -0.005 | vL 0.001 | ∇ 0.019
U 182 | F 372736 | FPS 1465 | D 266 | rR:x̄σmM 0.94 0.02 0.87 0.97 | F:x̄σmM 17.7 5.5 9.0 37.0 | H 1.307 | V 0.849 | pL 0.002 | vL 0.001 | ∇ 0.016
U 183 | F 374784 | FPS 1452 | D 267 | rR:x̄σmM 0.93 0.02 0.86 0.97 | F:x̄σmM 18.2 5.9 8.0 40.0 | H 1.341 | V 0.852 | pL 0.001 | vL 0.001 | ∇ 0.016
U 184 | F 376832 | FPS 1474 | D 268 | rR:x̄σmM 0.94 0.02 0.89 0.97 | F:x̄σmM 17.1 5.3 7.0 31.0 | H 1.331 | V 0.849 | pL -0.002 | vL 0.001 | ∇ 0.018
U 185 | F 378880 | FPS 1450 | D 270 | rR:x̄σmM 0.93 0.03 0.75 0.97 | F:x̄σmM 18.6 7.0 8.0 69.0 | H 1.361 | V 0.850 | pL -0.000 | vL 0.001 | ∇ 0.013
U 186 | F 380928 | FPS 1463 | D 271 | rR:x̄σmM 0.93 0.02 0.86 0.97 | F:x̄σmM 18.8 5.7 8.0 38.0 | H 1.336 | V 0.846 | pL 0.007 | vL 0.001 | ∇ 0.019
U 187 | F 382976 | FPS 1457 | D 273 | rR:x̄σmM 0.94 0.02 0.88 0.97 | F:x̄σmM 17.3 5.4 9.0 34.0 | H 1.331 | V 0.855 | pL -0.002 | vL 0.001 | ∇ 0.015
U 188 | F 385024 | FPS 1449 | D 274 | rR:x̄σmM 0.93 0.02 0.80 0.97 | F:x̄σmM 18.4 6.9 9.0 56.0 | H 1.389 | V 0.846 | pL 0.004 | vL 0.001 | ∇ 0.022
U 189 | F 387072 | FPS 1470 | D 275 | rR:x̄σmM 0.94 0.02 0.85 0.97 | F:x̄σmM 17.9 6.2 7.0 42.0 | H 1.377 | V 0.847 | pL 0.003 | vL 0.001 | ∇ 0.017
U 190 | F 389120 | FPS 1431 | D 277 | rR:x̄σmM 0.93 0.02 0.85 0.97 | F:x̄σmM 19.6 6.6 9.0 42.0 | H 1.376 | V 0.825 | pL 0.010 | vL 0.001 | ∇ 0.027
Model successfully saved
U 191 | F 391168 | FPS 1491 | D 278 | rR:x̄σmM 0.93 0.04 0.62 0.97 | F:x̄σmM 20.1 10.5 9.0 106.0 | H 1.353 | V 0.833 | pL -0.008 | vL 0.002 | ∇ 0.019
U 192 | F 393216 | FPS 1470 | D 280 | rR:x̄σmM 0.94 0.02 0.87 0.97 | F:x̄σmM 17.5 5.6 8.0 35.0 | H 1.349 | V 0.851 | pL -0.005 | vL 0.001 | ∇ 0.016
U 193 | F 395264 | FPS 1465 | D 281 | rR:x̄σmM 0.94 0.02 0.88 0.97 | F:x̄σmM 17.5 5.3 8.0 33.0 | H 1.353 | V 0.852 | pL -0.001 | vL 0.001 | ∇ 0.017
U 194 | F 397312 | FPS 1470 | D 282 | rR:x̄σmM 0.94 0.02 0.89 0.97 | F:x̄σmM 17.5 5.3 9.0 31.0 | H 1.313 | V 0.853 | pL -0.001 | vL 0.001 | ∇ 0.013
U 195 | F 399360 | FPS 1472 | D 284 | rR:x̄σmM 0.94 0.02 0.87 0.97 | F:x̄σmM 17.0 5.8 8.0 35.0 | H 1.319 | V 0.854 | pL -0.001 | vL 0.001 | ∇ 0.018
U 196 | F 401408 | FPS 1481 | D 285 | rR:x̄σmM 0.93 0.02 0.85 0.97 | F:x̄σmM 18.4 5.7 9.0 41.0 | H 1.395 | V 0.851 | pL 0.006 | vL 0.001 | ∇ 0.016
U 197 | F 403456 | FPS 1476 | D 287 | rR:x̄σmM 0.93 0.02 0.85 0.97 | F:x̄σmM 18.9 6.0 8.0 43.0 | H 1.402 | V 0.846 | pL 0.005 | vL 0.001 | ∇ 0.018
U 198 | F 405504 | FPS 1466 | D 288 | rR:x̄σmM 0.93 0.02 0.86 0.97 | F:x̄σmM 18.9 6.3 9.0 40.0 | H 1.400 | V 0.838 | pL 0.001 | vL 0.001 | ∇ 0.014
U 199 | F 407552 | FPS 1489 | D 289 | rR:x̄σmM 0.93 0.02 0.85 0.97 | F:x̄σmM 18.4 5.7 8.0 41.0 | H 1.347 | V 0.847 | pL -0.001 | vL 0.001 | ∇ 0.013
U 200 | F 409600 | FPS 1465 | D 291 | rR:x̄σmM 0.94 0.02 0.81 0.97 | F:x̄σmM 17.9 6.6 8.0 53.0 | H 1.292 | V 0.853 | pL -0.001 | vL 0.001 | ∇ 0.019
Model successfully saved
U 201 | F 411648 | FPS 1465 | D 292 | rR:x̄σmM 0.94 0.02 0.89 0.97 | F:x̄σmM 15.9 5.1 8.0 31.0 | H 1.237 | V 0.864 | pL -0.002 | vL 0.001 | ∇ 0.016
U 202 | F 413696 | FPS 1462 | D 294 | rR:x̄σmM 0.94 0.02 0.84 0.97 | F:x̄σmM 16.7 5.4 7.0 45.0 | H 1.366 | V 0.862 | pL 0.005 | vL 0.001 | ∇ 0.018
U 203 | F 415744 | FPS 1443 | D 295 | rR:x̄σmM 0.94 0.02 0.86 0.97 | F:x̄σmM 17.4 5.6 8.0 39.0 | H 1.409 | V 0.858 | pL 0.013 | vL 0.001 | ∇ 0.018
U 204 | F 417792 | FPS 1460 | D 296 | rR:x̄σmM 0.93 0.02 0.87 0.97 | F:x̄σmM 18.3 5.4 7.0 37.0 | H 1.485 | V 0.849 | pL 0.013 | vL 0.001 | ∇ 0.014
U 205 | F 419840 | FPS 1449 | D 298 | rR:x̄σmM 0.92 0.03 0.85 0.97 | F:x̄σmM 21.5 7.2 9.0 42.0 | H 1.483 | V 0.832 | pL 0.016 | vL 0.001 | ∇ 0.018
U 206 | F 421888 | FPS 1487 | D 299 | rR:x̄σmM 0.92 0.03 0.83 0.96 | F:x̄σmM 22.5 7.5 11.0 46.0 | H 1.415 | V 0.823 | pL 0.013 | vL 0.001 | ∇ 0.021
U 207 | F 423936 | FPS 1451 | D 301 | rR:x̄σmM 0.93 0.02 0.82 0.97 | F:x̄σmM 19.1 6.8 8.0 49.0 | H 1.381 | V 0.832 | pL -0.015 | vL 0.002 | ∇ 0.025
U 208 | F 425984 | FPS 1465 | D 302 | rR:x̄σmM 0.93 0.02 0.87 0.96 | F:x̄σmM 18.8 5.7 10.0 35.0 | H 1.328 | V 0.832 | pL -0.001 | vL 0.002 | ∇ 0.022
U 209 | F 428032 | FPS 1469 | D 303 | rR:x̄σmM 0.93 0.04 0.59 0.97 | F:x̄σmM 18.2 10.2 8.0 114.0 | H 1.297 | V 0.847 | pL -0.013 | vL 0.001 | ∇ 0.014
U 210 | F 430080 | FPS 1446 | D 305 | rR:x̄σmM 0.94 0.02 0.86 0.97 | F:x̄σmM 17.8 6.2 9.0 38.0 | H 1.287 | V 0.849 | pL -0.000 | vL 0.001 | ∇ 0.014
Model successfully saved
U 211 | F 432128 | FPS 1449 | D 306 | rR:x̄σmM 0.94 0.02 0.86 0.97 | F:x̄σmM 16.5 5.0 8.0 39.0 | H 1.269 | V 0.859 | pL -0.007 | vL 0.001 | ∇ 0.012
U 212 | F 434176 | FPS 1465 | D 308 | rR:x̄σmM 0.94 0.02 0.89 0.97 | F:x̄σmM 15.9 4.6 7.0 31.0 | H 1.367 | V 0.867 | pL -0.001 | vL 0.001 | ∇ 0.011
U 213 | F 436224 | FPS 1483 | D 309 | rR:x̄σmM 0.94 0.02 0.87 0.97 | F:x̄σmM 17.7 5.2 9.0 36.0 | H 1.426 | V 0.857 | pL 0.010 | vL 0.001 | ∇ 0.013
U 214 | F 438272 | FPS 1487 | D 310 | rR:x̄σmM 0.93 0.02 0.87 0.97 | F:x̄σmM 19.2 6.2 9.0 35.0 | H 1.454 | V 0.845 | pL 0.017 | vL 0.001 | ∇ 0.019
U 215 | F 440320 | FPS 1460 | D 312 | rR:x̄σmM 0.92 0.03 0.80 0.97 | F:x̄σmM 21.3 8.0 8.0 55.0 | H 1.386 | V 0.823 | pL 0.008 | vL 0.001 | ∇ 0.018
U 216 | F 442368 | FPS 1485 | D 313 | rR:x̄σmM 0.93 0.02 0.85 0.97 | F:x̄σmM 18.8 6.7 9.0 42.0 | H 1.333 | V 0.833 | pL -0.012 | vL 0.001 | ∇ 0.018
U 217 | F 444416 | FPS 1470 | D 315 | rR:x̄σmM 0.93 0.02 0.86 0.97 | F:x̄σmM 18.4 6.6 8.0 39.0 | H 1.363 | V 0.839 | pL -0.012 | vL 0.001 | ∇ 0.016
U 218 | F 446464 | FPS 1471 | D 316 | rR:x̄σmM 0.94 0.02 0.89 0.97 | F:x̄σmM 17.1 5.3 8.0 31.0 | H 1.402 | V 0.857 | pL -0.002 | vL 0.001 | ∇ 0.015
U 219 | F 448512 | FPS 1487 | D 317 | rR:x̄σmM 0.94 0.02 0.86 0.97 | F:x̄σmM 17.9 6.4 8.0 38.0 | H 1.360 | V 0.852 | pL 0.005 | vL 0.001 | ∇ 0.013
U 220 | F 450560 | FPS 1466 | D 319 | rR:x̄σmM 0.94 0.02 0.85 0.97 | F:x̄σmM 17.9 6.2 9.0 42.0 | H 1.329 | V 0.851 | pL 0.001 | vL 0.001 | ∇ 0.018
Model successfully saved
U 221 | F 452608 | FPS 1488 | D 320 | rR:x̄σmM 0.93 0.02 0.86 0.97 | F:x̄σmM 18.3 5.9 9.0 38.0 | H 1.407 | V 0.839 | pL -0.004 | vL 0.001 | ∇ 0.011
U 222 | F 454656 | FPS 1465 | D 322 | rR:x̄σmM 0.93 0.02 0.82 0.97 | F:x̄σmM 18.9 6.0 8.0 50.0 | H 1.432 | V 0.845 | pL 0.001 | vL 0.001 | ∇ 0.013
U 223 | F 456704 | FPS 1473 | D 323 | rR:x̄σmM 0.93 0.03 0.81 0.97 | F:x̄σmM 20.7 7.6 7.0 53.0 | H 1.352 | V 0.834 | pL 0.012 | vL 0.001 | ∇ 0.017
U 224 | F 458752 | FPS 1478 | D 324 | rR:x̄σmM 0.94 0.02 0.86 0.97 | F:x̄σmM 17.7 5.8 7.0 39.0 | H 1.338 | V 0.845 | pL -0.011 | vL 0.001 | ∇ 0.017
U 225 | F 460800 | FPS 1479 | D 326 | rR:x̄σmM 0.94 0.02 0.82 0.97 | F:x̄σmM 17.8 6.7 9.0 51.0 | H 1.274 | V 0.849 | pL -0.006 | vL 0.001 | ∇ 0.016
U 226 | F 462848 | FPS 1480 | D 327 | rR:x̄σmM 0.94 0.02 0.88 0.97 | F:x̄σmM 16.4 4.5 8.0 33.0 | H 1.322 | V 0.862 | pL -0.008 | vL 0.001 | ∇ 0.017
U 227 | F 464896 | FPS 1495 | D 329 | rR:x̄σmM 0.94 0.02 0.89 0.97 | F:x̄σmM 17.2 4.4 9.0 31.0 | H 1.375 | V 0.854 | pL 0.012 | vL 0.001 | ∇ 0.017
U 228 | F 466944 | FPS 1462 | D 330 | rR:x̄σmM 0.93 0.04 0.59 0.97 | F:x̄σmM 19.0 10.7 9.0 114.0 | H 1.404 | V 0.850 | pL 0.005 | vL 0.001 | ∇ 0.012
U 229 | F 468992 | FPS 1492 | D 331 | rR:x̄σmM 0.93 0.02 0.82 0.97 | F:x̄σmM 19.0 6.4 9.0 49.0 | H 1.360 | V 0.838 | pL 0.007 | vL 0.001 | ∇ 0.016
U 230 | F 471040 | FPS 1461 | D 333 | rR:x̄σmM 0.93 0.02 0.85 0.97 | F:x̄σmM 18.2 5.3 9.0 42.0 | H 1.411 | V 0.848 | pL -0.009 | vL 0.001 | ∇ 0.012
Model successfully saved
U 231 | F 473088 | FPS 1481 | D 334 | rR:x̄σmM 0.93 0.03 0.81 0.97 | F:x̄σmM 19.7 7.1 8.0 53.0 | H 1.410 | V 0.838 | pL 0.004 | vL 0.001 | ∇ 0.016
U 232 | F 475136 | FPS 1440 | D 336 | rR:x̄σmM 0.93 0.02 0.85 0.97 | F:x̄σmM 18.3 6.3 9.0 41.0 | H 1.416 | V 0.842 | pL -0.004 | vL 0.001 | ∇ 0.015
U 233 | F 477184 | FPS 1441 | D 337 | rR:x̄σmM 0.93 0.02 0.87 0.97 | F:x̄σmM 18.6 5.8 7.0 36.0 | H 1.395 | V 0.848 | pL 0.002 | vL 0.001 | ∇ 0.013
U 234 | F 479232 | FPS 1484 | D 338 | rR:x̄σmM 0.93 0.02 0.88 0.97 | F:x̄σmM 18.5 5.7 8.0 32.0 | H 1.393 | V 0.835 | pL 0.010 | vL 0.001 | ∇ 0.045
U 235 | F 481280 | FPS 1469 | D 340 | rR:x̄σmM 0.93 0.05 0.51 0.97 | F:x̄σmM 20.4 13.9 8.0 137.0 | H 1.313 | V 0.828 | pL 0.005 | vL 0.002 | ∇ 0.023
U 236 | F 483328 | FPS 1471 | D 341 | rR:x̄σmM 0.94 0.02 0.85 0.97 | F:x̄σmM 17.6 6.1 8.0 42.0 | H 1.313 | V 0.845 | pL -0.017 | vL 0.001 | ∇ 0.019
U 237 | F 485376 | FPS 1483 | D 343 | rR:x̄σmM 0.93 0.02 0.85 0.97 | F:x̄σmM 18.1 6.0 8.0 42.0 | H 1.414 | V 0.846 | pL -0.001 | vL 0.001 | ∇ 0.013
U 238 | F 487424 | FPS 1450 | D 344 | rR:x̄σmM 0.93 0.02 0.86 0.97 | F:x̄σmM 19.1 6.0 8.0 39.0 | H 1.383 | V 0.845 | pL 0.004 | vL 0.001 | ∇ 0.016
U 239 | F 489472 | FPS 1475 | D 345 | rR:x̄σmM 0.93 0.02 0.86 0.97 | F:x̄σmM 18.6 6.1 9.0 40.0 | H 1.371 | V 0.844 | pL 0.003 | vL 0.001 | ∇ 0.017
U 240 | F 491520 | FPS 1456 | D 347 | rR:x̄σmM 0.93 0.02 0.85 0.97 | F:x̄σmM 19.1 6.3 9.0 42.0 | H 1.311 | V 0.839 | pL -0.002 | vL 0.001 | ∇ 0.014
Model successfully saved
U 241 | F 493568 | FPS 1467 | D 348 | rR:x̄σmM 0.94 0.02 0.88 0.97 | F:x̄σmM 17.3 5.3 8.0 33.0 | H 1.292 | V 0.855 | pL -0.010 | vL 0.001 | ∇ 0.015
U 242 | F 495616 | FPS 1459 | D 350 | rR:x̄σmM 0.94 0.02 0.86 0.97 | F:x̄σmM 17.3 6.0 8.0 38.0 | H 1.336 | V 0.851 | pL 0.001 | vL 0.001 | ∇ 0.016
U 243 | F 497664 | FPS 1439 | D 351 | rR:x̄σmM 0.94 0.02 0.84 0.97 | F:x̄σmM 17.6 6.8 7.0 45.0 | H 1.327 | V 0.850 | pL 0.004 | vL 0.001 | ∇ 0.017
U 244 | F 499712 | FPS 1476 | D 352 | rR:x̄σmM 0.94 0.02 0.86 0.97 | F:x̄σmM 18.0 6.1 8.0 40.0 | H 1.358 | V 0.849 | pL 0.001 | vL 0.001 | ∇ 0.014
U 245 | F 501760 | FPS 1464 | D 354 | rR:x̄σmM 0.94 0.02 0.87 0.97 | F:x̄σmM 18.0 6.1 8.0 37.0 | H 1.358 | V 0.850 | pL 0.000 | vL 0.001 | ∇ 0.016
U 246 | F 503808 | FPS 1485 | D 355 | rR:x̄σmM 0.94 0.02 0.86 0.97 | F:x̄σmM 17.4 5.5 7.0 38.0 | H 1.420 | V 0.855 | pL 0.004 | vL 0.001 | ∇ 0.013
U 247 | F 505856 | FPS 1491 | D 357 | rR:x̄σmM 0.93 0.02 0.86 0.97 | F:x̄σmM 19.5 5.8 9.0 40.0 | H 1.434 | V 0.842 | pL 0.007 | vL 0.001 | ∇ 0.019
U 248 | F 507904 | FPS 1475 | D 358 | rR:x̄σmM 0.93 0.03 0.83 0.97 | F:x̄σmM 20.0 7.8 8.0 48.0 | H 1.364 | V 0.827 | pL 0.004 | vL 0.001 | ∇ 0.016
U 249 | F 509952 | FPS 1475 | D 359 | rR:x̄σmM 0.94 0.02 0.82 0.97 | F:x̄σmM 17.9 6.2 8.0 51.0 | H 1.389 | V 0.848 | pL -0.009 | vL 0.001 | ∇ 0.011
U 250 | F 512000 | FPS 1481 | D 361 | rR:x̄σmM 0.93 0.02 0.80 0.97 | F:x̄σmM 19.0 6.8 9.0 55.0 | H 1.402 | V 0.842 | pL 0.007 | vL 0.001 | ∇ 0.015
Model successfully saved
U 251 | F 514048 | FPS 1499 | D 362 | rR:x̄σmM 0.93 0.02 0.86 0.97 | F:x̄σmM 18.9 6.3 9.0 39.0 | H 1.390 | V 0.840 | pL 0.004 | vL 0.001 | ∇ 0.012
U 252 | F 516096 | FPS 1486 | D 364 | rR:x̄σmM 0.93 0.02 0.88 0.97 | F:x̄σmM 19.0 5.9 8.0 34.0 | H 1.357 | V 0.845 | pL 0.001 | vL 0.001 | ∇ 0.011
U 253 | F 518144 | FPS 1466 | D 365 | rR:x̄σmM 0.94 0.02 0.87 0.97 | F:x̄σmM 17.9 5.3 8.0 37.0 | H 1.415 | V 0.849 | pL -0.003 | vL 0.001 | ∇ 0.011
U 254 | F 520192 | FPS 1461 | D 366 | rR:x̄σmM 0.93 0.02 0.85 0.97 | F:x̄σmM 19.5 5.7 8.0 42.0 | H 1.359 | V 0.838 | pL 0.004 | vL 0.001 | ∇ 0.012
U 255 | F 522240 | FPS 1473 | D 368 | rR:x̄σmM 0.93 0.02 0.87 0.97 | F:x̄σmM 18.8 6.1 8.0 37.0 | H 1.345 | V 0.842 | pL -0.005 | vL 0.001 | ∇ 0.013
U 256 | F 524288 | FPS 1474 | D 369 | rR:x̄σmM 0.94 0.02 0.87 0.97 | F:x̄σmM 17.9 5.1 9.0 35.0 | H 1.364 | V 0.846 | pL -0.009 | vL 0.001 | ∇ 0.013
U 257 | F 526336 | FPS 1482 | D 370 | rR:x̄σmM 0.93 0.02 0.86 0.96 | F:x̄σmM 18.7 6.6 10.0 39.0 | H 1.352 | V 0.844 | pL -0.003 | vL 0.001 | ∇ 0.018
U 258 | F 528384 | FPS 1459 | D 372 | rR:x̄σmM 0.94 0.02 0.83 0.97 | F:x̄σmM 17.2 6.1 8.0 46.0 | H 1.296 | V 0.852 | pL -0.009 | vL 0.001 | ∇ 0.015
U 259 | F 530432 | FPS 1470 | D 373 | rR:x̄σmM 0.94 0.02 0.85 0.97 | F:x̄σmM 18.1 5.9 8.0 42.0 | H 1.338 | V 0.848 | pL 0.000 | vL 0.001 | ∇ 0.012
U 260 | F 532480 | FPS 1456 | D 375 | rR:x̄σmM 0.94 0.02 0.87 0.97 | F:x̄σmM 17.4 5.7 9.0 37.0 | H 1.310 | V 0.853 | pL -0.000 | vL 0.001 | ∇ 0.015
Model successfully saved
U 261 | F 534528 | FPS 1449 | D 376 | rR:x̄σmM 0.94 0.02 0.86 0.97 | F:x̄σmM 18.0 5.5 8.0 39.0 | H 1.341 | V 0.852 | pL 0.003 | vL 0.001 | ∇ 0.013
U 262 | F 536576 | FPS 1471 | D 378 | rR:x̄σmM 0.94 0.02 0.81 0.97 | F:x̄σmM 17.7 6.0 8.0 54.0 | H 1.379 | V 0.854 | pL 0.002 | vL 0.001 | ∇ 0.014
U 263 | F 538624 | FPS 1455 | D 379 | rR:x̄σmM 0.93 0.02 0.83 0.97 | F:x̄σmM 19.6 6.3 9.0 46.0 | H 1.357 | V 0.842 | pL 0.012 | vL 0.001 | ∇ 0.018
U 264 | F 540672 | FPS 1481 | D 380 | rR:x̄σmM 0.93 0.02 0.83 0.97 | F:x̄σmM 18.2 6.9 9.0 46.0 | H 1.302 | V 0.842 | pL -0.002 | vL 0.001 | ∇ 0.017
U 265 | F 542720 | FPS 1456 | D 382 | rR:x̄σmM 0.94 0.02 0.89 0.97 | F:x̄σmM 16.8 5.1 8.0 31.0 | H 1.324 | V 0.856 | pL -0.015 | vL 0.001 | ∇ 0.015
U 266 | F 544768 | FPS 1466 | D 383 | rR:x̄σmM 0.94 0.02 0.83 0.97 | F:x̄σmM 17.2 6.3 7.0 48.0 | H 1.279 | V 0.854 | pL -0.000 | vL 0.001 | ∇ 0.012
U 267 | F 546816 | FPS 1473 | D 385 | rR:x̄σmM 0.94 0.02 0.90 0.97 | F:x̄σmM 16.9 4.4 7.0 28.0 | H 1.284 | V 0.860 | pL -0.008 | vL 0.001 | ∇ 0.012
U 268 | F 548864 | FPS 1457 | D 386 | rR:x̄σmM 0.94 0.02 0.89 0.97 | F:x̄σmM 16.7 5.1 8.0 30.0 | H 1.333 | V 0.861 | pL -0.001 | vL 0.001 | ∇ 0.010
U 269 | F 550912 | FPS 1475 | D 387 | rR:x̄σmM 0.93 0.02 0.82 0.97 | F:x̄σmM 18.3 6.8 8.0 51.0 | H 1.316 | V 0.849 | pL 0.011 | vL 0.001 | ∇ 0.013
U 270 | F 552960 | FPS 1445 | D 389 | rR:x̄σmM 0.94 0.02 0.87 0.97 | F:x̄σmM 17.4 5.1 8.0 37.0 | H 1.351 | V 0.854 | pL -0.001 | vL 0.001 | ∇ 0.011
Model successfully saved
U 271 | F 555008 | FPS 1462 | D 390 | rR:x̄σmM 0.94 0.02 0.87 0.97 | F:x̄σmM 17.8 6.1 8.0 37.0 | H 1.362 | V 0.849 | pL 0.001 | vL 0.001 | ∇ 0.014
U 272 | F 557056 | FPS 1467 | D 392 | rR:x̄σmM 0.94 0.02 0.86 0.97 | F:x̄σmM 17.0 5.8 8.0 38.0 | H 1.309 | V 0.849 | pL -0.004 | vL 0.001 | ∇ 0.013
U 273 | F 559104 | FPS 1453 | D 393 | rR:x̄σmM 0.94 0.02 0.80 0.97 | F:x̄σmM 17.7 6.4 8.0 55.0 | H 1.366 | V 0.849 | pL -0.000 | vL 0.001 | ∇ 0.015
U 274 | F 561152 | FPS 1460 | D 394 | rR:x̄σmM 0.94 0.02 0.85 0.97 | F:x̄σmM 17.2 6.2 8.0 42.0 | H 1.368 | V 0.856 | pL 0.002 | vL 0.001 | ∇ 0.015
U 275 | F 563200 | FPS 1441 | D 396 | rR:x̄σmM 0.93 0.02 0.87 0.97 | F:x̄σmM 19.1 6.2 7.0 36.0 | H 1.369 | V 0.846 | pL 0.009 | vL 0.001 | ∇ 0.013
U 276 | F 565248 | FPS 1185 | D 398 | rR:x̄σmM 0.93 0.02 0.86 0.96 | F:x̄σmM 19.5 6.1 10.0 39.0 | H 1.457 | V 0.842 | pL 0.007 | vL 0.001 | ∇ 0.016
U 277 | F 567296 | FPS 1219 | D 399 | rR:x̄σmM 0.93 0.02 0.86 0.96 | F:x̄σmM 20.2 6.2 10.0 38.0 | H 1.442 | V 0.837 | pL 0.008 | vL 0.001 | ∇ 0.015
U 278 | F 569344 | FPS 1259 | D 401 | rR:x̄σmM 0.93 0.02 0.88 0.97 | F:x̄σmM 19.6 6.3 8.0 34.0 | H 1.377 | V 0.836 | pL 0.001 | vL 0.001 | ∇ 0.016
U 279 | F 571392 | FPS 1321 | D 402 | rR:x̄σmM 0.93 0.02 0.86 0.96 | F:x̄σmM 18.1 5.8 10.0 38.0 | H 1.324 | V 0.845 | pL -0.011 | vL 0.001 | ∇ 0.013
U 280 | F 573440 | FPS 1376 | D 404 | rR:x̄σmM 0.93 0.02 0.88 0.97 | F:x̄σmM 18.9 5.4 8.0 32.0 | H 1.420 | V 0.840 | pL -0.003 | vL 0.001 | ∇ 0.011
Model successfully saved
U 281 | F 575488 | FPS 1435 | D 405 | rR:x̄σmM 0.93 0.02 0.85 0.97 | F:x̄σmM 19.4 6.8 8.0 41.0 | H 1.377 | V 0.836 | pL -0.000 | vL 0.001 | ∇ 0.014
U 282 | F 577536 | FPS 1367 | D 407 | rR:x̄σmM 0.93 0.02 0.86 0.97 | F:x̄σmM 18.5 5.9 9.0 38.0 | H 1.415 | V 0.847 | pL -0.006 | vL 0.001 | ∇ 0.011
U 283 | F 579584 | FPS 1487 | D 408 | rR:x̄σmM 0.93 0.02 0.87 0.97 | F:x̄σmM 18.7 6.1 9.0 36.0 | H 1.366 | V 0.844 | pL 0.002 | vL 0.001 | ∇ 0.013
U 284 | F 581632 | FPS 1505 | D 410 | rR:x̄σmM 0.94 0.02 0.87 0.97 | F:x̄σmM 18.0 5.5 7.0 35.0 | H 1.355 | V 0.846 | pL -0.004 | vL 0.001 | ∇ 0.012
U 285 | F 583680 | FPS 1479 | D 411 | rR:x̄σmM 0.93 0.02 0.88 0.97 | F:x̄σmM 18.4 5.8 9.0 34.0 | H 1.356 | V 0.849 | pL 0.002 | vL 0.001 | ∇ 0.014
U 286 | F 585728 | FPS 1507 | D 412 | rR:x̄σmM 0.93 0.02 0.84 0.97 | F:x̄σmM 18.3 6.0 8.0 45.0 | H 1.315 | V 0.846 | pL 0.002 | vL 0.001 | ∇ 0.013
U 287 | F 587776 | FPS 1469 | D 414 | rR:x̄σmM 0.94 0.02 0.82 0.97 | F:x̄σmM 17.6 6.3 7.0 49.0 | H 1.248 | V 0.850 | pL -0.002 | vL 0.001 | ∇ 0.012
U 288 | F 589824 | FPS 1481 | D 415 | rR:x̄σmM 0.94 0.02 0.88 0.97 | F:x̄σmM 16.5 5.0 8.0 34.0 | H 1.335 | V 0.857 | pL -0.009 | vL 0.001 | ∇ 0.011
U 289 | F 591872 | FPS 1481 | D 417 | rR:x̄σmM 0.94 0.02 0.86 0.97 | F:x̄σmM 17.9 5.5 8.0 38.0 | H 1.391 | V 0.851 | pL 0.004 | vL 0.001 | ∇ 0.014
U 290 | F 593920 | FPS 1462 | D 418 | rR:x̄σmM 0.93 0.03 0.82 0.97 | F:x̄σmM 18.9 7.0 9.0 49.0 | H 1.373 | V 0.845 | pL 0.008 | vL 0.001 | ∇ 0.014
Model successfully saved
U 291 | F 595968 | FPS 1475 | D 419 | rR:x̄σmM 0.94 0.02 0.87 0.97 | F:x̄σmM 17.8 6.2 7.0 37.0 | H 1.323 | V 0.848 | pL -0.001 | vL 0.001 | ∇ 0.015
U 292 | F 598016 | FPS 1438 | D 421 | rR:x̄σmM 0.93 0.02 0.82 0.97 | F:x̄σmM 18.3 6.7 7.0 50.0 | H 1.339 | V 0.843 | pL -0.003 | vL 0.001 | ∇ 0.014
U 293 | F 600064 | FPS 1451 | D 422 | rR:x̄σmM 0.94 0.02 0.85 0.97 | F:x̄σmM 17.8 5.2 8.0 43.0 | H 1.344 | V 0.851 | pL -0.001 | vL 0.001 | ∇ 0.012
U 294 | F 602112 | FPS 1447 | D 424 | rR:x̄σmM 0.94 0.02 0.87 0.97 | F:x̄σmM 17.4 5.4 8.0 35.0 | H 1.379 | V 0.852 | pL -0.000 | vL 0.001 | ∇ 0.013
U 295 | F 604160 | FPS 1445 | D 425 | rR:x̄σmM 0.93 0.02 0.87 0.97 | F:x̄σmM 18.2 5.8 9.0 37.0 | H 1.389 | V 0.838 | pL 0.008 | vL 0.001 | ∇ 0.027
U 296 | F 606208 | FPS 1452 | D 426 | rR:x̄σmM 0.93 0.06 0.30 0.97 | F:x̄σmM 19.7 17.8 7.0 194.0 | H 1.388 | V 0.842 | pL 0.006 | vL 0.003 | ∇ 0.021
U 297 | F 608256 | FPS 1463 | D 428 | rR:x̄σmM 0.93 0.02 0.84 0.96 | F:x̄σmM 18.8 6.0 10.0 45.0 | H 1.368 | V 0.842 | pL 0.001 | vL 0.001 | ∇ 0.014
U 298 | F 610304 | FPS 1447 | D 429 | rR:x̄σmM 0.93 0.02 0.87 0.96 | F:x̄σmM 18.7 5.8 10.0 37.0 | H 1.330 | V 0.844 | pL -0.003 | vL 0.001 | ∇ 0.013
U 299 | F 612352 | FPS 1456 | D 431 | rR:x̄σmM 0.94 0.02 0.88 0.97 | F:x̄σmM 17.6 5.4 9.0 34.0 | H 1.345 | V 0.848 | pL -0.007 | vL 0.001 | ∇ 0.011
U 300 | F 614400 | FPS 1434 | D 432 | rR:x̄σmM 0.94 0.02 0.83 0.97 | F:x̄σmM 17.6 6.2 7.0 48.0 | H 1.312 | V 0.849 | pL 0.002 | vL 0.001 | ∇ 0.012
Model successfully saved
U 301 | F 616448 | FPS 1465 | D 433 | rR:x̄σmM 0.94 0.02 0.90 0.96 | F:x̄σmM 17.3 4.3 10.0 29.0 | H 1.383 | V 0.856 | pL -0.002 | vL 0.001 | ∇ 0.010
U 302 | F 618496 | FPS 1466 | D 435 | rR:x̄σmM 0.93 0.02 0.86 0.97 | F:x̄σmM 19.4 6.4 9.0 38.0 | H 1.406 | V 0.843 | pL 0.012 | vL 0.001 | ∇ 0.012
U 303 | F 620544 | FPS 1472 | D 436 | rR:x̄σmM 0.93 0.02 0.86 0.97 | F:x̄σmM 18.3 6.1 8.0 39.0 | H 1.386 | V 0.844 | pL -0.001 | vL 0.001 | ∇ 0.012
U 304 | F 622592 | FPS 1451 | D 438 | rR:x̄σmM 0.93 0.02 0.86 0.97 | F:x̄σmM 19.1 6.2 8.0 38.0 | H 1.406 | V 0.841 | pL 0.001 | vL 0.001 | ∇ 0.014
U 305 | F 624640 | FPS 1452 | D 439 | rR:x̄σmM 0.93 0.02 0.84 0.97 | F:x̄σmM 19.6 6.1 7.0 44.0 | H 1.320 | V 0.840 | pL 0.005 | vL 0.001 | ∇ 0.015
U 306 | F 626688 | FPS 1461 | D 441 | rR:x̄σmM 0.94 0.02 0.87 0.97 | F:x̄σmM 18.0 5.4 9.0 36.0 | H 1.278 | V 0.843 | pL -0.014 | vL 0.001 | ∇ 0.018
U 307 | F 628736 | FPS 1443 | D 442 | rR:x̄σmM 0.94 0.02 0.88 0.97 | F:x̄σmM 16.7 4.8 8.0 34.0 | H 1.425 | V 0.863 | pL -0.005 | vL 0.001 | ∇ 0.016
U 308 | F 630784 | FPS 1264 | D 444 | rR:x̄σmM 0.93 0.03 0.82 0.97 | F:x̄σmM 20.4 7.5 8.0 50.0 | H 1.353 | V 0.847 | pL 0.025 | vL 0.001 | ∇ 0.017
U 309 | F 632832 | FPS 1462 | D 445 | rR:x̄σmM 0.94 0.02 0.88 0.97 | F:x̄σmM 17.2 4.6 9.0 34.0 | H 1.382 | V 0.853 | pL -0.006 | vL 0.001 | ∇ 0.010
U 310 | F 634880 | FPS 1468 | D 446 | rR:x̄σmM 0.93 0.02 0.85 0.97 | F:x̄σmM 19.1 5.8 7.0 42.0 | H 1.406 | V 0.848 | pL 0.011 | vL 0.001 | ∇ 0.021
Model successfully saved
U 311 | F 636928 | FPS 1445 | D 448 | rR:x̄σmM 0.93 0.02 0.87 0.97 | F:x̄σmM 19.1 6.4 8.0 37.0 | H 1.340 | V 0.842 | pL 0.004 | vL 0.001 | ∇ 0.020
U 312 | F 638976 | FPS 1298 | D 449 | rR:x̄σmM 0.93 0.02 0.84 0.97 | F:x̄σmM 18.3 6.7 9.0 44.0 | H 1.296 | V 0.838 | pL -0.009 | vL 0.001 | ∇ 0.015
U 313 | F 641024 | FPS 1378 | D 451 | rR:x̄σmM 0.94 0.02 0.88 0.97 | F:x̄σmM 16.3 5.2 9.0 33.0 | H 1.338 | V 0.857 | pL -0.005 | vL 0.001 | ∇ 0.017
U 314 | F 643072 | FPS 1466 | D 452 | rR:x̄σmM 0.93 0.03 0.76 0.97 | F:x̄σmM 18.2 7.7 8.0 67.0 | H 1.307 | V 0.848 | pL 0.004 | vL 0.001 | ∇ 0.021
U 315 | F 645120 | FPS 1438 | D 454 | rR:x̄σmM 0.94 0.02 0.84 0.97 | F:x̄σmM 17.7 6.2 9.0 44.0 | H 1.319 | V 0.848 | pL -0.004 | vL 0.001 | ∇ 0.015
U 316 | F 647168 | FPS 1322 | D 455 | rR:x̄σmM 0.94 0.02 0.88 0.97 | F:x̄σmM 17.3 5.7 9.0 34.0 | H 1.289 | V 0.852 | pL -0.005 | vL 0.001 | ∇ 0.010
U 317 | F 649216 | FPS 1175 | D 457 | rR:x̄σmM 0.94 0.02 0.87 0.97 | F:x̄σmM 17.8 6.4 8.0 37.0 | H 1.329 | V 0.851 | pL -0.001 | vL 0.001 | ∇ 0.018
U 318 | F 651264 | FPS 1029 | D 459 | rR:x̄σmM 0.94 0.02 0.85 0.96 | F:x̄σmM 16.9 4.9 10.0 41.0 | H 1.365 | V 0.859 | pL -0.000 | vL 0.001 | ∇ 0.012
U 319 | F 653312 | FPS 0933 | D 461 | rR:x̄σmM 0.93 0.02 0.84 0.97 | F:x̄σmM 18.9 6.4 9.0 45.0 | H 1.303 | V 0.847 | pL 0.008 | vL 0.001 | ∇ 0.013
U 320 | F 655360 | FPS 0842 | D 464 | rR:x̄σmM 0.94 0.02 0.90 0.97 | F:x̄σmM 17.8 5.2 8.0 29.0 | H 1.351 | V 0.846 | pL -0.004 | vL 0.001 | ∇ 0.013
Model successfully saved
U 321 | F 657408 | FPS 0800 | D 466 | rR:x̄σmM 0.94 0.02 0.88 0.97 | F:x̄σmM 17.1 5.3 7.0 33.0 | H 1.305 | V 0.856 | pL -0.008 | vL 0.001 | ∇ 0.015
U 322 | F 659456 | FPS 0809 | D 469 | rR:x̄σmM 0.94 0.02 0.86 0.96 | F:x̄σmM 17.7 5.9 10.0 39.0 | H 1.313 | V 0.851 | pL -0.006 | vL 0.001 | ∇ 0.013
U 323 | F 661504 | FPS 0828 | D 471 | rR:x̄σmM 0.94 0.02 0.88 0.97 | F:x̄σmM 17.3 5.7 8.0 33.0 | H 1.297 | V 0.852 | pL -0.003 | vL 0.001 | ∇ 0.012
U 324 | F 663552 | FPS 0767 | D 474 | rR:x̄σmM 0.94 0.02 0.89 0.97 | F:x̄σmM 17.5 5.1 9.0 31.0 | H 1.330 | V 0.855 | pL 0.001 | vL 0.001 | ∇ 0.009
U 325 | F 665600 | FPS 0872 | D 476 | rR:x̄σmM 0.93 0.02 0.85 0.97 | F:x̄σmM 18.1 5.7 9.0 41.0 | H 1.347 | V 0.852 | pL 0.010 | vL 0.001 | ∇ 0.012
U 326 | F 667648 | FPS 0885 | D 479 | rR:x̄σmM 0.93 0.02 0.85 0.96 | F:x̄σmM 19.3 6.6 10.0 43.0 | H 1.391 | V 0.840 | pL 0.003 | vL 0.001 | ∇ 0.016
U 327 | F 669696 | FPS 1159 | D 480 | rR:x̄σmM 0.93 0.02 0.87 0.97 | F:x̄σmM 18.8 5.3 9.0 37.0 | H 1.375 | V 0.846 | pL 0.000 | vL 0.001 | ∇ 0.015
U 328 | F 671744 | FPS 0932 | D 483 | rR:x̄σmM 0.94 0.02 0.84 0.97 | F:x̄σmM 18.0 5.6 7.0 44.0 | H 1.364 | V 0.849 | pL -0.002 | vL 0.001 | ∇ 0.013
U 329 | F 673792 | FPS 1148 | D 484 | rR:x̄σmM 0.93 0.03 0.85 0.97 | F:x̄σmM 19.3 7.0 8.0 42.0 | H 1.288 | V 0.841 | pL 0.002 | vL 0.001 | ∇ 0.014
U 330 | F 675840 | FPS 1274 | D 486 | rR:x̄σmM 0.94 0.02 0.88 0.97 | F:x̄σmM 16.5 5.2 9.0 34.0 | H 1.305 | V 0.855 | pL -0.014 | vL 0.001 | ∇ 0.015
Model successfully saved
U 331 | F 677888 | FPS 1266 | D 488 | rR:x̄σmM 0.94 0.02 0.87 0.97 | F:x̄σmM 17.2 5.2 9.0 37.0 | H 1.348 | V 0.853 | pL -0.005 | vL 0.001 | ∇ 0.010
U 332 | F 679936 | FPS 1285 | D 489 | rR:x̄σmM 0.94 0.02 0.86 0.97 | F:x̄σmM 17.2 5.0 9.0 39.0 | H 1.371 | V 0.856 | pL 0.002 | vL 0.001 | ∇ 0.010
U 333 | F 681984 | FPS 1275 | D 491 | rR:x̄σmM 0.93 0.02 0.86 0.97 | F:x̄σmM 18.9 6.2 9.0 38.0 | H 1.341 | V 0.848 | pL 0.006 | vL 0.001 | ∇ 0.013
U 334 | F 684032 | FPS 1338 | D 492 | rR:x̄σmM 0.94 0.02 0.86 0.97 | F:x̄σmM 17.6 6.4 7.0 38.0 | H 1.264 | V 0.851 | pL -0.001 | vL 0.001 | ∇ 0.014
U 335 | F 686080 | FPS 1407 | D 494 | rR:x̄σmM 0.94 0.02 0.88 0.97 | F:x̄σmM 16.7 5.0 7.0 34.0 | H 1.316 | V 0.859 | pL -0.005 | vL 0.001 | ∇ 0.016
U 336 | F 688128 | FPS 1304 | D 495 | rR:x̄σmM 0.94 0.02 0.87 0.97 | F:x̄σmM 17.3 5.2 9.0 36.0 | H 1.412 | V 0.861 | pL 0.009 | vL 0.001 | ∇ 0.010
U 337 | F 690176 | FPS 1338 | D 497 | rR:x̄σmM 0.93 0.02 0.87 0.96 | F:x̄σmM 19.4 5.9 10.0 35.0 | H 1.413 | V 0.842 | pL 0.013 | vL 0.001 | ∇ 0.016
U 338 | F 692224 | FPS 1257 | D 499 | rR:x̄σmM 0.93 0.02 0.83 0.96 | F:x̄σmM 19.3 6.3 11.0 46.0 | H 1.404 | V 0.841 | pL 0.005 | vL 0.001 | ∇ 0.014
U 339 | F 694272 | FPS 1189 | D 500 | rR:x̄σmM 0.93 0.02 0.88 0.97 | F:x̄σmM 18.2 5.5 8.0 34.0 | H 1.344 | V 0.843 | pL -0.004 | vL 0.001 | ∇ 0.015
U 340 | F 696320 | FPS 1172 | D 502 | rR:x̄σmM 0.93 0.02 0.78 0.97 | F:x̄σmM 18.2 6.7 8.0 60.0 | H 1.301 | V 0.847 | pL -0.005 | vL 0.001 | ∇ 0.013
Model successfully saved
U 341 | F 698368 | FPS 1325 | D 504 | rR:x̄σmM 0.94 0.02 0.89 0.97 | F:x̄σmM 17.1 4.8 9.0 31.0 | H 1.366 | V 0.855 | pL -0.007 | vL 0.001 | ∇ 0.010
U 342 | F 700416 | FPS 1259 | D 505 | rR:x̄σmM 0.94 0.02 0.86 0.97 | F:x̄σmM 17.3 5.2 7.0 40.0 | H 1.379 | V 0.855 | pL 0.001 | vL 0.001 | ∇ 0.011
U 343 | F 702464 | FPS 1400 | D 507 | rR:x̄σmM 0.93 0.02 0.87 0.97 | F:x̄σmM 18.5 5.8 9.0 35.0 | H 1.359 | V 0.847 | pL 0.002 | vL 0.001 | ∇ 0.011
U 344 | F 704512 | FPS 1393 | D 508 | rR:x̄σmM 0.94 0.02 0.88 0.97 | F:x̄σmM 18.0 5.5 8.0 32.0 | H 1.344 | V 0.848 | pL -0.003 | vL 0.001 | ∇ 0.016
U 345 | F 706560 | FPS 1388 | D 510 | rR:x̄σmM 0.94 0.02 0.87 0.97 | F:x̄σmM 17.7 5.8 8.0 35.0 | H 1.270 | V 0.848 | pL -0.014 | vL 0.001 | ∇ 0.011
U 346 | F 708608 | FPS 1353 | D 511 | rR:x̄σmM 0.94 0.02 0.87 0.97 | F:x̄σmM 16.4 5.2 8.0 35.0 | H 1.252 | V 0.858 | pL -0.013 | vL 0.001 | ∇ 0.010
U 347 | F 710656 | FPS 1389 | D 513 | rR:x̄σmM 0.94 0.02 0.90 0.97 | F:x̄σmM 16.6 4.6 8.0 28.0 | H 1.381 | V 0.863 | pL 0.001 | vL 0.001 | ∇ 0.008
U 348 | F 712704 | FPS 1383 | D 514 | rR:x̄σmM 0.93 0.02 0.86 0.97 | F:x̄σmM 18.5 5.4 8.0 40.0 | H 1.390 | V 0.852 | pL 0.012 | vL 0.001 | ∇ 0.016
U 349 | F 714752 | FPS 1398 | D 516 | rR:x̄σmM 0.93 0.02 0.85 0.97 | F:x̄σmM 19.1 6.5 8.0 41.0 | H 1.406 | V 0.842 | pL 0.006 | vL 0.001 | ∇ 0.011
U 350 | F 716800 | FPS 1362 | D 517 | rR:x̄σmM 0.93 0.03 0.86 0.97 | F:x̄σmM 19.4 7.0 9.0 39.0 | H 1.379 | V 0.838 | pL 0.005 | vL 0.001 | ∇ 0.015
Model successfully saved
U 351 | F 718848 | FPS 1399 | D 519 | rR:x̄σmM 0.93 0.02 0.86 0.97 | F:x̄σmM 19.6 6.0 8.0 39.0 | H 1.414 | V 0.835 | pL -0.002 | vL 0.001 | ∇ 0.013
U 352 | F 720896 | FPS 1386 | D 520 | rR:x̄σmM 0.93 0.03 0.79 0.97 | F:x̄σmM 19.8 7.6 8.0 59.0 | H 1.382 | V 0.834 | pL 0.001 | vL 0.001 | ∇ 0.025
U 353 | F 722944 | FPS 1386 | D 521 | rR:x̄σmM 0.93 0.02 0.86 0.97 | F:x̄σmM 18.1 5.9 7.0 38.0 | H 1.361 | V 0.844 | pL -0.010 | vL 0.001 | ∇ 0.011
U 354 | F 724992 | FPS 1377 | D 523 | rR:x̄σmM 0.93 0.02 0.81 0.97 | F:x̄σmM 18.7 6.9 8.0 53.0 | H 1.320 | V 0.838 | pL -0.001 | vL 0.001 | ∇ 0.014
U 355 | F 727040 | FPS 1384 | D 524 | rR:x̄σmM 0.94 0.02 0.86 0.97 | F:x̄σmM 17.7 5.7 8.0 40.0 | H 1.304 | V 0.852 | pL -0.006 | vL 0.001 | ∇ 0.013
U 356 | F 729088 | FPS 1395 | D 526 | rR:x̄σmM 0.94 0.02 0.86 0.97 | F:x̄σmM 17.6 5.9 7.0 38.0 | H 1.333 | V 0.850 | pL -0.006 | vL 0.001 | ∇ 0.012
U 357 | F 731136 | FPS 1394 | D 527 | rR:x̄σmM 0.94 0.02 0.88 0.97 | F:x̄σmM 16.6 5.1 8.0 33.0 | H 1.337 | V 0.859 | pL -0.006 | vL 0.001 | ∇ 0.010
U 358 | F 733184 | FPS 1374 | D 529 | rR:x̄σmM 0.94 0.02 0.87 0.97 | F:x̄σmM 17.5 5.4 9.0 36.0 | H 1.367 | V 0.856 | pL 0.003 | vL 0.001 | ∇ 0.010
U 359 | F 735232 | FPS 1395 | D 530 | rR:x̄σmM 0.93 0.02 0.85 0.97 | F:x̄σmM 18.5 5.6 9.0 42.0 | H 1.387 | V 0.848 | pL 0.006 | vL 0.001 | ∇ 0.016
U 360 | F 737280 | FPS 1265 | D 532 | rR:x̄σmM 0.93 0.02 0.86 0.97 | F:x̄σmM 19.0 6.3 8.0 40.0 | H 1.288 | V 0.844 | pL 0.005 | vL 0.001 | ∇ 0.014
Model successfully saved
U 361 | F 739328 | FPS 1340 | D 534 | rR:x̄σmM 0.94 0.02 0.85 0.97 | F:x̄σmM 17.9 5.8 9.0 41.0 | H 1.317 | V 0.846 | pL -0.010 | vL 0.001 | ∇ 0.013
U 362 | F 741376 | FPS 1271 | D 535 | rR:x̄σmM 0.94 0.02 0.87 0.97 | F:x̄σmM 17.0 5.4 8.0 37.0 | H 1.305 | V 0.851 | pL -0.010 | vL 0.001 | ∇ 0.014
U 363 | F 743424 | FPS 1323 | D 537 | rR:x̄σmM 0.94 0.02 0.87 0.97 | F:x̄σmM 17.3 5.2 7.0 35.0 | H 1.377 | V 0.856 | pL 0.001 | vL 0.001 | ∇ 0.011
U 364 | F 745472 | FPS 1384 | D 538 | rR:x̄σmM 0.93 0.02 0.86 0.97 | F:x̄σmM 18.7 6.2 7.0 39.0 | H 1.317 | V 0.846 | pL 0.014 | vL 0.001 | ∇ 0.012
U 365 | F 747520 | FPS 1323 | D 540 | rR:x̄σmM 0.94 0.02 0.87 0.97 | F:x̄σmM 17.7 5.5 9.0 35.0 | H 1.363 | V 0.851 | pL -0.001 | vL 0.001 | ∇ 0.010
U 366 | F 749568 | FPS 1152 | D 542 | rR:x̄σmM 0.93 0.02 0.85 0.97 | F:x̄σmM 18.4 6.7 8.0 42.0 | H 1.334 | V 0.849 | pL 0.002 | vL 0.001 | ∇ 0.011
U 367 | F 751616 | FPS 1335 | D 543 | rR:x̄σmM 0.94 0.02 0.84 0.97 | F:x̄σmM 17.8 6.1 8.0 44.0 | H 1.312 | V 0.850 | pL -0.001 | vL 0.001 | ∇ 0.012
U 368 | F 753664 | FPS 1057 | D 545 | rR:x̄σmM 0.94 0.02 0.86 0.97 | F:x̄σmM 16.9 5.2 8.0 40.0 | H 1.348 | V 0.859 | pL -0.001 | vL 0.001 | ∇ 0.013
U 369 | F 755712 | FPS 1054 | D 547 | rR:x̄σmM 0.93 0.02 0.86 0.97 | F:x̄σmM 18.3 5.6 8.0 38.0 | H 1.368 | V 0.846 | pL 0.002 | vL 0.001 | ∇ 0.011
U 370 | F 757760 | FPS 1081 | D 549 | rR:x̄σmM 0.93 0.02 0.86 0.97 | F:x̄σmM 18.3 6.4 8.0 38.0 | H 1.349 | V 0.844 | pL -0.000 | vL 0.001 | ∇ 0.014
Model successfully saved
U 371 | F 759808 | FPS 1098 | D 551 | rR:x̄σmM 0.93 0.02 0.88 0.97 | F:x̄σmM 18.2 5.4 8.0 34.0 | H 1.324 | V 0.843 | pL -0.006 | vL 0.001 | ∇ 0.010
U 372 | F 761856 | FPS 1062 | D 553 | rR:x̄σmM 0.94 0.02 0.84 0.96 | F:x̄σmM 17.9 6.4 10.0 45.0 | H 1.297 | V 0.847 | pL -0.004 | vL 0.001 | ∇ 0.010
U 373 | F 763904 | FPS 1077 | D 555 | rR:x̄σmM 0.94 0.02 0.87 0.97 | F:x̄σmM 16.9 4.7 7.0 36.0 | H 1.358 | V 0.863 | pL -0.009 | vL 0.001 | ∇ 0.011
U 374 | F 765952 | FPS 1094 | D 556 | rR:x̄σmM 0.94 0.02 0.89 0.97 | F:x̄σmM 17.4 5.0 9.0 31.0 | H 1.369 | V 0.856 | pL 0.003 | vL 0.001 | ∇ 0.010
U 375 | F 768000 | FPS 1162 | D 558 | rR:x̄σmM 0.93 0.02 0.86 0.97 | F:x̄σmM 18.4 5.3 9.0 39.0 | H 1.383 | V 0.850 | pL 0.005 | vL 0.001 | ∇ 0.011
U 376 | F 770048 | FPS 1137 | D 560 | rR:x̄σmM 0.93 0.02 0.85 0.96 | F:x̄σmM 19.5 6.4 10.0 43.0 | H 1.417 | V 0.841 | pL 0.006 | vL 0.001 | ∇ 0.013
U 377 | F 772096 | FPS 1180 | D 562 | rR:x̄σmM 0.93 0.02 0.86 0.97 | F:x̄σmM 18.8 5.8 7.0 40.0 | H 1.385 | V 0.844 | pL 0.002 | vL 0.001 | ∇ 0.010
U 378 | F 774144 | FPS 1205 | D 563 | rR:x̄σmM 0.93 0.02 0.87 0.97 | F:x̄σmM 18.3 5.6 8.0 36.0 | H 1.416 | V 0.848 | pL -0.002 | vL 0.001 | ∇ 0.009
U 379 | F 776192 | FPS 1288 | D 565 | rR:x̄σmM 0.93 0.02 0.83 0.97 | F:x̄σmM 19.1 6.8 9.0 46.0 | H 1.347 | V 0.841 | pL 0.004 | vL 0.001 | ∇ 0.010
U 380 | F 778240 | FPS 1354 | D 567 | rR:x̄σmM 0.94 0.02 0.84 0.97 | F:x̄σmM 16.7 5.4 7.0 45.0 | H 1.299 | V 0.853 | pL -0.010 | vL 0.001 | ∇ 0.011
Model successfully saved
U 381 | F 780288 | FPS 1380 | D 568 | rR:x̄σmM 0.94 0.02 0.87 0.97 | F:x̄σmM 17.3 5.5 7.0 36.0 | H 1.355 | V 0.854 | pL -0.005 | vL 0.001 | ∇ 0.012
U 382 | F 782336 | FPS 1381 | D 570 | rR:x̄σmM 0.93 0.02 0.87 0.97 | F:x̄σmM 18.2 5.9 8.0 35.0 | H 1.300 | V 0.851 | pL 0.005 | vL 0.001 | ∇ 0.010
U 383 | F 784384 | FPS 1385 | D 571 | rR:x̄σmM 0.94 0.02 0.88 0.97 | F:x̄σmM 16.9 4.9 8.0 32.0 | H 1.361 | V 0.858 | pL -0.005 | vL 0.001 | ∇ 0.012
U 384 | F 786432 | FPS 1383 | D 573 | rR:x̄σmM 0.94 0.02 0.85 0.97 | F:x̄σmM 17.8 6.1 8.0 41.0 | H 1.333 | V 0.851 | pL 0.005 | vL 0.001 | ∇ 0.014
U 385 | F 788480 | FPS 1395 | D 574 | rR:x̄σmM 0.94 0.02 0.85 0.97 | F:x̄σmM 17.6 6.2 7.0 43.0 | H 1.349 | V 0.847 | pL -0.002 | vL 0.001 | ∇ 0.015
U 386 | F 790528 | FPS 1386 | D 575 | rR:x̄σmM 0.94 0.02 0.86 0.97 | F:x̄σmM 17.9 5.6 8.0 38.0 | H 1.339 | V 0.849 | pL -0.004 | vL 0.001 | ∇ 0.012
U 387 | F 792576 | FPS 1366 | D 577 | rR:x̄σmM 0.94 0.02 0.87 0.97 | F:x̄σmM 17.7 5.5 8.0 36.0 | H 1.346 | V 0.851 | pL 0.003 | vL 0.001 | ∇ 0.014
U 388 | F 794624 | FPS 1306 | D 579 | rR:x̄σmM 0.94 0.02 0.89 0.97 | F:x̄σmM 17.4 4.9 9.0 30.0 | H 1.367 | V 0.854 | pL 0.001 | vL 0.001 | ∇ 0.012
U 389 | F 796672 | FPS 1178 | D 580 | rR:x̄σmM 0.93 0.02 0.87 0.96 | F:x̄σmM 18.3 5.3 10.0 36.0 | H 1.367 | V 0.851 | pL -0.000 | vL 0.001 | ∇ 0.011
U 390 | F 798720 | FPS 1446 | D 582 | rR:x̄σmM 0.94 0.02 0.87 0.97 | F:x̄σmM 17.5 6.2 8.0 37.0 | H 1.303 | V 0.848 | pL -0.003 | vL 0.001 | ∇ 0.013
Model successfully saved
U 391 | F 800768 | FPS 1482 | D 583 | rR:x̄σmM 0.94 0.02 0.88 0.97 | F:x̄σmM 17.8 5.2 8.0 33.0 | H 1.326 | V 0.850 | pL -0.004 | vL 0.001 | ∇ 0.014
U 392 | F 802816 | FPS 1450 | D 585 | rR:x̄σmM 0.94 0.02 0.85 0.97 | F:x̄σmM 17.6 6.0 9.0 41.0 | H 1.321 | V 0.856 | pL 0.005 | vL 0.001 | ∇ 0.014
U 393 | F 804864 | FPS 1465 | D 586 | rR:x̄σmM 0.94 0.02 0.87 0.97 | F:x̄σmM 17.7 5.3 9.0 35.0 | H 1.412 | V 0.854 | pL 0.007 | vL 0.001 | ∇ 0.010
U 394 | F 806912 | FPS 1482 | D 587 | rR:x̄σmM 0.93 0.02 0.86 0.97 | F:x̄σmM 19.3 6.0 8.0 40.0 | H 1.430 | V 0.847 | pL 0.011 | vL 0.001 | ∇ 0.009
U 395 | F 808960 | FPS 1409 | D 589 | rR:x̄σmM 0.92 0.03 0.76 0.97 | F:x̄σmM 20.9 8.2 8.0 67.0 | H 1.424 | V 0.831 | pL 0.010 | vL 0.001 | ∇ 0.014
U 396 | F 811008 | FPS 1452 | D 590 | rR:x̄σmM 0.93 0.02 0.87 0.97 | F:x̄σmM 19.3 5.8 8.0 36.0 | H 1.360 | V 0.837 | pL 0.002 | vL 0.001 | ∇ 0.011
U 397 | F 813056 | FPS 1468 | D 592 | rR:x̄σmM 0.94 0.02 0.87 0.97 | F:x̄σmM 18.0 6.0 9.0 35.0 | H 1.375 | V 0.844 | pL -0.012 | vL 0.001 | ∇ 0.010
U 398 | F 815104 | FPS 1450 | D 593 | rR:x̄σmM 0.93 0.02 0.88 0.97 | F:x̄σmM 18.6 5.7 9.0 34.0 | H 1.353 | V 0.848 | pL 0.001 | vL 0.001 | ∇ 0.012
U 399 | F 817152 | FPS 1458 | D 594 | rR:x̄σmM 0.93 0.02 0.87 0.97 | F:x̄σmM 18.1 5.9 9.0 35.0 | H 1.318 | V 0.845 | pL -0.002 | vL 0.001 | ∇ 0.013
U 400 | F 819200 | FPS 1465 | D 596 | rR:x̄σmM 0.93 0.02 0.84 0.97 | F:x̄σmM 18.1 6.0 8.0 45.0 | H 1.289 | V 0.846 | pL -0.005 | vL 0.001 | ∇ 0.013
Model successfully saved
U 401 | F 821248 | FPS 1435 | D 597 | rR:x̄σmM 0.94 0.02 0.85 0.97 | F:x̄σmM 17.7 5.4 9.0 42.0 | H 1.264 | V 0.852 | pL -0.004 | vL 0.001 | ∇ 0.016
U 402 | F 823296 | FPS 1464 | D 599 | rR:x̄σmM 0.94 0.02 0.88 0.97 | F:x̄σmM 16.6 5.1 8.0 33.0 | H 1.282 | V 0.856 | pL -0.013 | vL 0.001 | ∇ 0.011
U 403 | F 825344 | FPS 1450 | D 600 | rR:x̄σmM 0.94 0.02 0.88 0.97 | F:x̄σmM 17.0 5.2 7.0 34.0 | H 1.340 | V 0.858 | pL -0.004 | vL 0.001 | ∇ 0.011
U 404 | F 827392 | FPS 1463 | D 601 | rR:x̄σmM 0.94 0.02 0.87 0.96 | F:x̄σmM 17.3 4.8 10.0 36.0 | H 1.396 | V 0.853 | pL -0.003 | vL 0.001 | ∇ 0.009
U 405 | F 829440 | FPS 1461 | D 603 | rR:x̄σmM 0.94 0.02 0.87 0.97 | F:x̄σmM 17.9 5.2 8.0 36.0 | H 1.396 | V 0.854 | pL 0.005 | vL 0.001 | ∇ 0.012
U 406 | F 831488 | FPS 1475 | D 604 | rR:x̄σmM 0.93 0.02 0.87 0.97 | F:x̄σmM 18.9 5.7 9.0 36.0 | H 1.433 | V 0.847 | pL 0.012 | vL 0.001 | ∇ 0.012
U 407 | F 833536 | FPS 1439 | D 606 | rR:x̄σmM 0.93 0.02 0.87 0.96 | F:x̄σmM 19.9 6.0 10.0 35.0 | H 1.454 | V 0.841 | pL 0.008 | vL 0.001 | ∇ 0.011
U 408 | F 835584 | FPS 1444 | D 607 | rR:x̄σmM 0.93 0.02 0.88 0.96 | F:x̄σmM 18.4 5.1 10.0 34.0 | H 1.457 | V 0.847 | pL -0.003 | vL 0.001 | ∇ 0.009
U 409 | F 837632 | FPS 1471 | D 608 | rR:x̄σmM 0.92 0.02 0.86 0.97 | F:x̄σmM 21.0 6.2 9.0 40.0 | H 1.434 | V 0.834 | pL 0.013 | vL 0.001 | ∇ 0.017
U 410 | F 839680 | FPS 1464 | D 610 | rR:x̄σmM 0.93 0.03 0.84 0.97 | F:x̄σmM 19.8 7.1 8.0 44.0 | H 1.382 | V 0.836 | pL 0.003 | vL 0.001 | ∇ 0.014
Model successfully saved
U 411 | F 841728 | FPS 1466 | D 611 | rR:x̄σmM 0.94 0.02 0.87 0.97 | F:x̄σmM 17.6 5.5 8.0 36.0 | H 1.333 | V 0.852 | pL -0.006 | vL 0.001 | ∇ 0.013
U 412 | F 843776 | FPS 1469 | D 613 | rR:x̄σmM 0.94 0.02 0.87 0.97 | F:x̄σmM 16.6 5.8 7.0 37.0 | H 1.327 | V 0.857 | pL -0.008 | vL 0.001 | ∇ 0.011
U 413 | F 845824 | FPS 1462 | D 614 | rR:x̄σmM 0.94 0.02 0.87 0.97 | F:x̄σmM 17.1 5.6 8.0 36.0 | H 1.311 | V 0.857 | pL -0.003 | vL 0.001 | ∇ 0.013
U 414 | F 847872 | FPS 1468 | D 615 | rR:x̄σmM 0.94 0.02 0.87 0.97 | F:x̄σmM 17.8 5.7 7.0 37.0 | H 1.331 | V 0.849 | pL 0.000 | vL 0.001 | ∇ 0.010
U 415 | F 849920 | FPS 1451 | D 617 | rR:x̄σmM 0.94 0.01 0.91 0.97 | F:x̄σmM 16.5 4.1 8.0 26.0 | H 1.399 | V 0.865 | pL -0.005 | vL 0.001 | ∇ 0.013
U 416 | F 851968 | FPS 1472 | D 618 | rR:x̄σmM 0.94 0.02 0.86 0.97 | F:x̄σmM 18.1 6.0 9.0 38.0 | H 1.416 | V 0.855 | pL 0.017 | vL 0.001 | ∇ 0.016
U 417 | F 854016 | FPS 1464 | D 620 | rR:x̄σmM 0.93 0.03 0.82 0.97 | F:x̄σmM 20.1 7.1 9.0 49.0 | H 1.367 | V 0.839 | pL 0.013 | vL 0.001 | ∇ 0.016
U 418 | F 856064 | FPS 1453 | D 621 | rR:x̄σmM 0.94 0.02 0.83 0.97 | F:x̄σmM 17.9 6.1 9.0 46.0 | H 1.375 | V 0.843 | pL -0.003 | vL 0.001 | ∇ 0.015
U 419 | F 858112 | FPS 1470 | D 623 | rR:x̄σmM 0.93 0.03 0.83 0.97 | F:x̄σmM 19.5 7.2 7.0 46.0 | H 1.403 | V 0.844 | pL 0.001 | vL 0.001 | ∇ 0.009
U 420 | F 860160 | FPS 1450 | D 624 | rR:x̄σmM 0.94 0.02 0.84 0.97 | F:x̄σmM 17.8 6.0 7.0 45.0 | H 1.363 | V 0.845 | pL -0.003 | vL 0.001 | ∇ 0.010
Model successfully saved
U 421 | F 862208 | FPS 1467 | D 625 | rR:x̄σmM 0.94 0.02 0.88 0.97 | F:x̄σmM 17.5 5.2 8.0 34.0 | H 1.328 | V 0.854 | pL -0.009 | vL 0.001 | ∇ 0.010
U 422 | F 864256 | FPS 1465 | D 627 | rR:x̄σmM 0.94 0.02 0.88 0.97 | F:x̄σmM 17.8 5.7 7.0 34.0 | H 1.337 | V 0.851 | pL 0.001 | vL 0.001 | ∇ 0.016
U 423 | F 866304 | FPS 1466 | D 628 | rR:x̄σmM 0.94 0.02 0.89 0.97 | F:x̄σmM 17.2 4.7 9.0 30.0 | H 1.307 | V 0.855 | pL -0.006 | vL 0.001 | ∇ 0.009
U 424 | F 868352 | FPS 1455 | D 630 | rR:x̄σmM 0.94 0.02 0.87 0.97 | F:x̄σmM 16.8 5.4 8.0 35.0 | H 1.340 | V 0.857 | pL -0.003 | vL 0.001 | ∇ 0.011
U 425 | F 870400 | FPS 1461 | D 631 | rR:x̄σmM 0.93 0.02 0.89 0.97 | F:x̄σmM 18.5 5.2 9.0 31.0 | H 1.349 | V 0.850 | pL 0.007 | vL 0.001 | ∇ 0.010
U 426 | F 872448 | FPS 1471 | D 632 | rR:x̄σmM 0.93 0.02 0.87 0.97 | F:x̄σmM 18.9 6.0 8.0 37.0 | H 1.364 | V 0.848 | pL 0.004 | vL 0.001 | ∇ 0.011
U 427 | F 874496 | FPS 1459 | D 634 | rR:x̄σmM 0.93 0.02 0.87 0.97 | F:x̄σmM 18.4 5.9 8.0 37.0 | H 1.377 | V 0.844 | pL -0.001 | vL 0.001 | ∇ 0.013
U 428 | F 876544 | FPS 1287 | D 635 | rR:x̄σmM 0.93 0.02 0.87 0.97 | F:x̄σmM 18.6 5.9 8.0 36.0 | H 1.418 | V 0.843 | pL 0.006 | vL 0.001 | ∇ 0.015
U 429 | F 878592 | FPS 1314 | D 637 | rR:x̄σmM 0.92 0.03 0.85 0.96 | F:x̄σmM 21.0 7.7 10.0 43.0 | H 1.392 | V 0.831 | pL 0.005 | vL 0.001 | ∇ 0.018
U 430 | F 880640 | FPS 0964 | D 639 | rR:x̄σmM 0.93 0.02 0.83 0.97 | F:x̄σmM 18.6 6.8 7.0 48.0 | H 1.316 | V 0.842 | pL -0.000 | vL 0.001 | ∇ 0.012
Model successfully saved
U 431 | F 882688 | FPS 0689 | D 642 | rR:x̄σmM 0.93 0.02 0.87 0.97 | F:x̄σmM 18.7 6.2 9.0 35.0 | H 1.317 | V 0.843 | pL 0.000 | vL 0.001 | ∇ 0.012
U 432 | F 884736 | FPS 0861 | D 644 | rR:x̄σmM 0.94 0.02 0.87 0.97 | F:x̄σmM 17.9 6.0 7.0 35.0 | H 1.352 | V 0.846 | pL -0.005 | vL 0.001 | ∇ 0.012
U 433 | F 886784 | FPS 1072 | D 646 | rR:x̄σmM 0.94 0.02 0.86 0.97 | F:x̄σmM 17.5 5.5 8.0 39.0 | H 1.398 | V 0.852 | pL -0.000 | vL 0.001 | ∇ 0.011
U 434 | F 888832 | FPS 1029 | D 648 | rR:x̄σmM 0.93 0.02 0.86 0.97 | F:x̄σmM 18.4 6.2 9.0 40.0 | H 1.358 | V 0.848 | pL -0.001 | vL 0.001 | ∇ 0.010
U 435 | F 890880 | FPS 1056 | D 650 | rR:x̄σmM 0.94 0.02 0.85 0.97 | F:x̄σmM 17.1 5.7 8.0 41.0 | H 1.411 | V 0.851 | pL -0.003 | vL 0.001 | ∇ 0.010
U 436 | F 892928 | FPS 1110 | D 652 | rR:x̄σmM 0.93 0.02 0.85 0.97 | F:x̄σmM 18.4 6.4 9.0 43.0 | H 1.393 | V 0.848 | pL 0.008 | vL 0.001 | ∇ 0.010
U 437 | F 894976 | FPS 1365 | D 654 | rR:x̄σmM 0.93 0.02 0.86 0.97 | F:x̄σmM 19.2 6.0 9.0 38.0 | H 1.360 | V 0.845 | pL 0.006 | vL 0.001 | ∇ 0.011
U 438 | F 897024 | FPS 1445 | D 655 | rR:x̄σmM 0.93 0.02 0.83 0.96 | F:x̄σmM 19.2 6.4 10.0 48.0 | H 1.352 | V 0.841 | pL 0.004 | vL 0.001 | ∇ 0.012
U 439 | F 899072 | FPS 1469 | D 656 | rR:x̄σmM 0.94 0.02 0.83 0.97 | F:x̄σmM 17.9 5.8 9.0 48.0 | H 1.296 | V 0.848 | pL -0.001 | vL 0.001 | ∇ 0.015
U 440 | F 901120 | FPS 1456 | D 658 | rR:x̄σmM 0.94 0.02 0.88 0.97 | F:x̄σmM 16.8 5.2 8.0 34.0 | H 1.337 | V 0.858 | pL -0.009 | vL 0.001 | ∇ 0.009
Model successfully saved
U 441 | F 903168 | FPS 1487 | D 659 | rR:x̄σmM 0.94 0.02 0.89 0.97 | F:x̄σmM 16.6 4.4 9.0 31.0 | H 1.359 | V 0.863 | pL 0.000 | vL 0.001 | ∇ 0.012
U 442 | F 905216 | FPS 1433 | D 661 | rR:x̄σmM 0.94 0.02 0.87 0.96 | F:x̄σmM 18.0 5.0 10.0 35.0 | H 1.413 | V 0.858 | pL 0.013 | vL 0.001 | ∇ 0.010
U 443 | F 907264 | FPS 1466 | D 662 | rR:x̄σmM 0.93 0.02 0.83 0.96 | F:x̄σmM 19.5 6.6 10.0 46.0 | H 1.396 | V 0.836 | pL 0.010 | vL 0.001 | ∇ 0.019
U 444 | F 909312 | FPS 1479 | D 663 | rR:x̄σmM 0.93 0.02 0.82 0.96 | F:x̄σmM 19.6 6.4 10.0 51.0 | H 1.430 | V 0.838 | pL 0.003 | vL 0.001 | ∇ 0.011
U 445 | F 911360 | FPS 1475 | D 665 | rR:x̄σmM 0.93 0.02 0.86 0.97 | F:x̄σmM 20.1 6.7 9.0 40.0 | H 1.389 | V 0.837 | pL 0.004 | vL 0.001 | ∇ 0.012
U 446 | F 913408 | FPS 1482 | D 666 | rR:x̄σmM 0.93 0.03 0.83 0.97 | F:x̄σmM 20.1 7.2 8.0 47.0 | H 1.346 | V 0.835 | pL 0.004 | vL 0.001 | ∇ 0.015
U 447 | F 915456 | FPS 1484 | D 668 | rR:x̄σmM 0.94 0.02 0.88 0.97 | F:x̄σmM 17.2 5.3 9.0 33.0 | H 1.310 | V 0.856 | pL -0.009 | vL 0.001 | ∇ 0.012
U 448 | F 917504 | FPS 1450 | D 669 | rR:x̄σmM 0.94 0.02 0.87 0.97 | F:x̄σmM 16.5 4.7 7.0 35.0 | H 1.288 | V 0.860 | pL -0.009 | vL 0.001 | ∇ 0.013
U 449 | F 919552 | FPS 1485 | D 670 | rR:x̄σmM 0.94 0.02 0.86 0.97 | F:x̄σmM 16.8 5.2 9.0 40.0 | H 1.346 | V 0.855 | pL -0.004 | vL 0.001 | ∇ 0.013
U 450 | F 921600 | FPS 1465 | D 672 | rR:x̄σmM 0.94 0.02 0.90 0.97 | F:x̄σmM 17.8 4.7 8.0 29.0 | H 1.409 | V 0.857 | pL 0.008 | vL 0.001 | ∇ 0.011
Model successfully saved
U 451 | F 923648 | FPS 1482 | D 673 | rR:x̄σmM 0.92 0.03 0.80 0.97 | F:x̄σmM 21.0 8.7 9.0 55.0 | H 1.418 | V 0.830 | pL 0.019 | vL 0.001 | ∇ 0.017
U 452 | F 925696 | FPS 1480 | D 675 | rR:x̄σmM 0.93 0.02 0.86 0.97 | F:x̄σmM 18.8 6.0 7.0 39.0 | H 1.374 | V 0.839 | pL -0.004 | vL 0.001 | ∇ 0.012
U 453 | F 927744 | FPS 1467 | D 676 | rR:x̄σmM 0.93 0.02 0.83 0.97 | F:x̄σmM 18.3 6.0 8.0 46.0 | H 1.387 | V 0.848 | pL -0.001 | vL 0.001 | ∇ 0.009
U 454 | F 929792 | FPS 1479 | D 677 | rR:x̄σmM 0.94 0.02 0.87 0.97 | F:x̄σmM 17.8 5.4 9.0 37.0 | H 1.341 | V 0.853 | pL -0.004 | vL 0.001 | ∇ 0.009
U 455 | F 931840 | FPS 1468 | D 679 | rR:x̄σmM 0.94 0.02 0.87 0.97 | F:x̄σmM 17.4 5.2 9.0 35.0 | H 1.345 | V 0.853 | pL -0.004 | vL 0.001 | ∇ 0.011
U 456 | F 933888 | FPS 1483 | D 680 | rR:x̄σmM 0.94 0.02 0.88 0.97 | F:x̄σmM 17.9 5.4 8.0 34.0 | H 1.362 | V 0.857 | pL 0.005 | vL 0.001 | ∇ 0.010
U 457 | F 935936 | FPS 1486 | D 682 | rR:x̄σmM 0.93 0.02 0.87 0.97 | F:x̄σmM 18.8 5.6 9.0 36.0 | H 1.453 | V 0.845 | pL 0.006 | vL 0.001 | ∇ 0.009
U 458 | F 937984 | FPS 1477 | D 683 | rR:x̄σmM 0.93 0.02 0.86 0.97 | F:x̄σmM 19.7 6.5 8.0 40.0 | H 1.414 | V 0.837 | pL 0.011 | vL 0.001 | ∇ 0.014
U 459 | F 940032 | FPS 1486 | D 684 | rR:x̄σmM 0.93 0.02 0.85 0.97 | F:x̄σmM 20.2 6.4 9.0 41.0 | H 1.401 | V 0.834 | pL -0.001 | vL 0.001 | ∇ 0.016
U 460 | F 942080 | FPS 1475 | D 686 | rR:x̄σmM 0.93 0.02 0.86 0.97 | F:x̄σmM 18.7 6.0 8.0 39.0 | H 1.364 | V 0.843 | pL -0.008 | vL 0.001 | ∇ 0.010
Model successfully saved
U 461 | F 944128 | FPS 1468 | D 687 | rR:x̄σmM 0.94 0.02 0.88 0.97 | F:x̄σmM 17.8 5.4 8.0 34.0 | H 1.298 | V 0.845 | pL -0.011 | vL 0.001 | ∇ 0.010
U 462 | F 946176 | FPS 1474 | D 689 | rR:x̄σmM 0.94 0.02 0.88 0.97 | F:x̄σmM 16.1 4.9 8.0 34.0 | H 1.340 | V 0.863 | pL -0.008 | vL 0.001 | ∇ 0.014
U 463 | F 948224 | FPS 1464 | D 690 | rR:x̄σmM 0.94 0.02 0.87 0.97 | F:x̄σmM 17.8 5.9 9.0 35.0 | H 1.371 | V 0.853 | pL 0.003 | vL 0.001 | ∇ 0.010
U 464 | F 950272 | FPS 1490 | D 691 | rR:x̄σmM 0.94 0.02 0.86 0.97 | F:x̄σmM 17.4 5.6 9.0 40.0 | H 1.364 | V 0.852 | pL 0.001 | vL 0.001 | ∇ 0.012
U 465 | F 952320 | FPS 1465 | D 693 | rR:x̄σmM 0.94 0.02 0.88 0.97 | F:x̄σmM 17.9 5.8 8.0 33.0 | H 1.308 | V 0.851 | pL -0.002 | vL 0.001 | ∇ 0.009
U 466 | F 954368 | FPS 1475 | D 694 | rR:x̄σmM 0.94 0.02 0.87 0.97 | F:x̄σmM 16.1 5.3 7.0 36.0 | H 1.239 | V 0.861 | pL -0.006 | vL 0.001 | ∇ 0.012
U 467 | F 956416 | FPS 1483 | D 695 | rR:x̄σmM 0.94 0.02 0.89 0.97 | F:x̄σmM 16.3 4.8 9.0 30.0 | H 1.262 | V 0.861 | pL -0.012 | vL 0.001 | ∇ 0.009
U 468 | F 958464 | FPS 1447 | D 697 | rR:x̄σmM 0.94 0.02 0.88 0.97 | F:x̄σmM 16.5 4.5 8.0 34.0 | H 1.349 | V 0.861 | pL -0.004 | vL 0.001 | ∇ 0.011
U 469 | F 960512 | FPS 1482 | D 698 | rR:x̄σmM 0.94 0.02 0.85 0.97 | F:x̄σmM 17.5 5.1 8.0 41.0 | H 1.376 | V 0.856 | pL 0.007 | vL 0.001 | ∇ 0.012
U 470 | F 962560 | FPS 1476 | D 700 | rR:x̄σmM 0.93 0.02 0.86 0.97 | F:x̄σmM 18.7 5.7 7.0 40.0 | H 1.348 | V 0.847 | pL 0.002 | vL 0.001 | ∇ 0.011
Model successfully saved
U 471 | F 964608 | FPS 1477 | D 701 | rR:x̄σmM 0.94 0.02 0.88 0.97 | F:x̄σmM 17.6 5.1 9.0 33.0 | H 1.429 | V 0.846 | pL 0.005 | vL 0.001 | ∇ 0.021
U 472 | F 966656 | FPS 1459 | D 702 | rR:x̄σmM 0.93 0.04 0.64 0.97 | F:x̄σmM 19.9 10.7 9.0 99.0 | H 1.450 | V 0.843 | pL 0.007 | vL 0.001 | ∇ 0.012
U 473 | F 968704 | FPS 1467 | D 704 | rR:x̄σmM 0.93 0.02 0.86 0.97 | F:x̄σmM 20.1 6.3 8.0 39.0 | H 1.412 | V 0.839 | pL 0.011 | vL 0.001 | ∇ 0.013
U 474 | F 970752 | FPS 1475 | D 705 | rR:x̄σmM 0.93 0.03 0.86 0.97 | F:x̄σmM 20.0 7.2 8.0 39.0 | H 1.363 | V 0.833 | pL -0.000 | vL 0.001 | ∇ 0.012
U 475 | F 972800 | FPS 1480 | D 707 | rR:x̄σmM 0.93 0.02 0.85 0.97 | F:x̄σmM 18.7 6.3 8.0 41.0 | H 1.397 | V 0.835 | pL -0.010 | vL 0.001 | ∇ 0.012
U 476 | F 974848 | FPS 1427 | D 708 | rR:x̄σmM 0.93 0.02 0.87 0.97 | F:x̄σmM 18.7 6.7 9.0 37.0 | H 1.314 | V 0.840 | pL -0.007 | vL 0.001 | ∇ 0.010
U 477 | F 976896 | FPS 1330 | D 710 | rR:x̄σmM 0.94 0.02 0.87 0.97 | F:x̄σmM 17.1 5.6 8.0 37.0 | H 1.298 | V 0.851 | pL -0.012 | vL 0.001 | ∇ 0.013
U 478 | F 978944 | FPS 1460 | D 711 | rR:x̄σmM 0.94 0.02 0.82 0.97 | F:x̄σmM 17.8 6.1 8.0 50.0 | H 1.311 | V 0.851 | pL 0.004 | vL 0.001 | ∇ 0.012
U 479 | F 980992 | FPS 1472 | D 712 | rR:x̄σmM 0.94 0.02 0.88 0.97 | F:x̄σmM 17.8 5.1 9.0 34.0 | H 1.388 | V 0.853 | pL -0.001 | vL 0.001 | ∇ 0.009
U 480 | F 983040 | FPS 1453 | D 714 | rR:x̄σmM 0.93 0.02 0.84 0.97 | F:x̄σmM 19.4 6.8 8.0 44.0 | H 1.387 | V 0.840 | pL 0.011 | vL 0.001 | ∇ 0.015
Model successfully saved
U 481 | F 985088 | FPS 1486 | D 715 | rR:x̄σmM 0.93 0.02 0.86 0.97 | F:x̄σmM 18.3 6.1 8.0 39.0 | H 1.333 | V 0.848 | pL 0.000 | vL 0.001 | ∇ 0.010
U 482 | F 987136 | FPS 1483 | D 717 | rR:x̄σmM 0.94 0.02 0.88 0.97 | F:x̄σmM 17.9 5.9 9.0 34.0 | H 1.280 | V 0.847 | pL -0.002 | vL 0.001 | ∇ 0.011
U 483 | F 989184 | FPS 1471 | D 718 | rR:x̄σmM 0.94 0.02 0.86 0.97 | F:x̄σmM 18.0 6.3 9.0 40.0 | H 1.323 | V 0.848 | pL -0.003 | vL 0.001 | ∇ 0.011
U 484 | F 991232 | FPS 1460 | D 719 | rR:x̄σmM 0.94 0.02 0.89 0.97 | F:x̄σmM 17.1 5.1 8.0 31.0 | H 1.360 | V 0.850 | pL -0.003 | vL 0.001 | ∇ 0.011
U 485 | F 993280 | FPS 1453 | D 721 | rR:x̄σmM 0.93 0.02 0.86 0.97 | F:x̄σmM 18.2 5.9 7.0 38.0 | H 1.330 | V 0.848 | pL -0.003 | vL 0.001 | ∇ 0.010
U 486 | F 995328 | FPS 1484 | D 722 | rR:x̄σmM 0.94 0.02 0.85 0.97 | F:x̄σmM 17.4 5.1 8.0 42.0 | H 1.337 | V 0.857 | pL -0.006 | vL 0.001 | ∇ 0.008
U 487 | F 997376 | FPS 1486 | D 724 | rR:x̄σmM 0.94 0.02 0.87 0.97 | F:x̄σmM 17.5 5.6 7.0 36.0 | H 1.292 | V 0.854 | pL 0.003 | vL 0.001 | ∇ 0.010
U 488 | F 999424 | FPS 1468 | D 725 | rR:x̄σmM 0.94 0.02 0.87 0.97 | F:x̄σmM 17.2 5.1 7.0 37.0 | H 1.279 | V 0.856 | pL -0.005 | vL 0.001 | ∇ 0.011
U 489 | F 1001472 | FPS 1465 | D 726 | rR:x̄σmM 0.94 0.02 0.86 0.97 | F:x̄σmM 16.3 5.1 8.0 40.0 | H 1.310 | V 0.861 | pL -0.007 | vL 0.001 | ∇ 0.010
