/home/fabian_57/thesis_projects/curriculum-test/scripts/train.py --algo ppo --env MiniGrid-DoorKey-6x6-v0 --no-instr --tb --frames=1000000 --model DoorKey-6x6 --save-interval 10

Namespace(algo='ppo', batch_size=256, clip_eps=0.2, discount=0.99, entropy_coef=0.01, env='MiniGrid-DoorKey-6x6-v0', epochs=4, frames=1000000, frames_per_proc=None, gae_lambda=0.95, log_interval=1, lr=0.0007, max_grad_norm=0.5, model='DoorKey-6x6', no_instr=True, no_mem=False, optim_alpha=0.99, optim_eps=1e-05, procs=16, recurrence=1, save_interval=10, seed=1, tb=True, value_loss_coef=0.5)

Model successfully created

ACModel(
  (image_conv): Sequential(
    (0): Conv2d(3, 16, kernel_size=(2, 2), stride=(1, 1))
    (1): ReLU()
    (2): MaxPool2d(kernel_size=(2, 2), stride=2, padding=0, dilation=1, ceil_mode=False)
    (3): Conv2d(16, 32, kernel_size=(2, 2), stride=(1, 1))
    (4): ReLU()
    (5): Conv2d(32, 64, kernel_size=(2, 2), stride=(1, 1))
    (6): ReLU()
  )
  (memory_rnn): LSTMCell(64, 64)
  (actor): Sequential(
    (0): Linear(in_features=64, out_features=64, bias=True)
    (1): Tanh()
    (2): Linear(in_features=64, out_features=7, bias=True)
  )
  (critic): Sequential(
    (0): Linear(in_features=64, out_features=64, bias=True)
    (1): Tanh()
    (2): Linear(in_features=64, out_features=1, bias=True)
  )
)

CUDA available: True

U 1 | F 002048 | FPS 1057 | D 1 | rR:x̄σmM 0.05 0.18 0.00 0.76 | F:x̄σmM 6.0 23.2 0.0 96.0 | H 1.943 | V 0.085 | pL 0.008 | vL 0.002 | ∇ 0.010
U 2 | F 004096 | FPS 1517 | D 3 | rR:x̄σmM 0.05 0.18 0.00 0.76 | F:x̄σmM 6.0 23.2 0.0 96.0 | H 1.944 | V 0.076 | pL 0.013 | vL 0.000 | ∇ 0.004
U 3 | F 006144 | FPS 1532 | D 4 | rR:x̄σmM 0.05 0.18 0.00 0.76 | F:x̄σmM 343.5 63.9 96.0 360.0 | H 1.942 | V 0.058 | pL 0.019 | vL 0.000 | ∇ 0.005
U 4 | F 008192 | FPS 1536 | D 5 | rR:x̄σmM 0.00 0.00 0.00 0.00 | F:x̄σmM 360.0 0.0 360.0 360.0 | H 1.942 | V 0.040 | pL 0.008 | vL 0.000 | ∇ 0.002
U 5 | F 010240 | FPS 1527 | D 7 | rR:x̄σmM 0.00 0.00 0.00 0.00 | F:x̄σmM 360.0 0.0 360.0 360.0 | H 1.944 | V 0.032 | pL 0.005 | vL 0.000 | ∇ 0.002
U 6 | F 012288 | FPS 1534 | D 8 | rR:x̄σmM 0.00 0.00 0.00 0.00 | F:x̄σmM 360.0 0.0 360.0 360.0 | H 1.945 | V 0.023 | pL 0.008 | vL 0.000 | ∇ 0.003
U 7 | F 014336 | FPS 1532 | D 9 | rR:x̄σmM 0.00 0.00 0.00 0.00 | F:x̄σmM 360.0 0.0 360.0 360.0 | H 1.946 | V 0.018 | pL 0.003 | vL 0.000 | ∇ 0.001
U 8 | F 016384 | FPS 1519 | D 11 | rR:x̄σmM 0.03 0.12 0.00 0.50 | F:x̄σmM 350.1 38.5 201.0 360.0 | H 1.943 | V 0.015 | pL -0.001 | vL 0.001 | ∇ 0.006
U 9 | F 018432 | FPS 1534 | D 12 | rR:x̄σmM 0.05 0.13 0.00 0.50 | F:x̄σmM 347.6 38.7 201.0 360.0 | H 1.939 | V 0.024 | pL 0.004 | vL 0.000 | ∇ 0.004
U 10 | F 020480 | FPS 1523 | D 14 | rR:x̄σmM 0.09 0.22 0.00 0.73 | F:x̄σmM 330.7 76.8 108.0 360.0 | H 1.944 | V 0.030 | pL -0.007 | vL 0.003 | ∇ 0.012
Model successfully saved
U 11 | F 022528 | FPS 1516 | D 15 | rR:x̄σmM 0.08 0.23 0.00 0.73 | F:x̄σmM 331.1 76.9 108.0 360.0 | H 1.940 | V 0.014 | pL 0.002 | vL 0.000 | ∇ 0.005
U 12 | F 024576 | FPS 1527 | D 16 | rR:x̄σmM 0.09 0.24 0.00 0.83 | F:x̄σmM 328.4 84.8 66.0 360.0 | H 1.940 | V 0.026 | pL -0.003 | vL 0.002 | ∇ 0.019
U 13 | F 026624 | FPS 1539 | D 18 | rR:x̄σmM 0.05 0.20 0.00 0.83 | F:x̄σmM 341.6 71.2 66.0 360.0 | H 1.942 | V 0.015 | pL 0.003 | vL 0.000 | ∇ 0.003
U 14 | F 028672 | FPS 1516 | D 19 | rR:x̄σmM 0.08 0.22 0.00 0.83 | F:x̄σmM 332.5 77.3 66.0 360.0 | H 1.940 | V 0.002 | pL -0.004 | vL 0.001 | ∇ 0.006
U 15 | F 030720 | FPS 1534 | D 20 | rR:x̄σmM 0.04 0.11 0.00 0.47 | F:x̄σmM 350.7 35.3 214.0 360.0 | H 1.940 | V 0.010 | pL 0.001 | vL 0.000 | ∇ 0.008
U 16 | F 032768 | FPS 1530 | D 22 | rR:x̄σmM 0.04 0.12 0.00 0.50 | F:x̄σmM 349.7 39.2 198.0 360.0 | H 1.942 | V -0.002 | pL -0.007 | vL 0.001 | ∇ 0.007
U 17 | F 034816 | FPS 1509 | D 23 | rR:x̄σmM 0.10 0.22 0.00 0.75 | F:x̄σmM 327.9 73.2 100.0 360.0 | H 1.942 | V -0.009 | pL -0.005 | vL 0.000 | ∇ 0.008
U 18 | F 036864 | FPS 1528 | D 24 | rR:x̄σmM 0.10 0.22 0.00 0.75 | F:x̄σmM 327.9 73.2 100.0 360.0 | H 1.944 | V -0.012 | pL -0.002 | vL 0.000 | ∇ 0.002
U 19 | F 038912 | FPS 1526 | D 26 | rR:x̄σmM 0.00 0.00 0.00 0.00 | F:x̄σmM 360.0 0.0 360.0 360.0 | H 1.945 | V -0.008 | pL -0.002 | vL 0.000 | ∇ 0.002
U 20 | F 040960 | FPS 1501 | D 27 | rR:x̄σmM 0.01 0.03 0.00 0.14 | F:x̄σmM 359.1 3.6 345.0 360.0 | H 1.945 | V -0.006 | pL -0.003 | vL 0.000 | ∇ 0.002
Model successfully saved
U 21 | F 043008 | FPS 1542 | D 28 | rR:x̄σmM 0.01 0.03 0.00 0.14 | F:x̄σmM 359.1 3.6 345.0 360.0 | H 1.945 | V -0.004 | pL -0.001 | vL 0.000 | ∇ 0.001
U 22 | F 045056 | FPS 1507 | D 30 | rR:x̄σmM 0.01 0.03 0.00 0.14 | F:x̄σmM 359.1 3.6 345.0 360.0 | H 1.945 | V -0.002 | pL -0.000 | vL 0.000 | ∇ 0.001
U 23 | F 047104 | FPS 1515 | D 31 | rR:x̄σmM 0.00 0.00 0.00 0.00 | F:x̄σmM 360.0 0.0 360.0 360.0 | H 1.946 | V -0.002 | pL -0.000 | vL 0.000 | ∇ 0.001
U 24 | F 049152 | FPS 1527 | D 32 | rR:x̄σmM 0.03 0.13 0.00 0.54 | F:x̄σmM 349.1 42.4 185.0 360.0 | H 1.945 | V 0.003 | pL -0.005 | vL 0.001 | ∇ 0.006
U 25 | F 051200 | FPS 1517 | D 34 | rR:x̄σmM 0.03 0.13 0.00 0.54 | F:x̄σmM 349.1 42.4 185.0 360.0 | H 1.943 | V -0.002 | pL 0.000 | vL 0.000 | ∇ 0.002
U 26 | F 053248 | FPS 1534 | D 35 | rR:x̄σmM 0.07 0.20 0.00 0.64 | F:x̄σmM 335.5 65.2 143.0 360.0 | H 1.941 | V 0.005 | pL -0.006 | vL 0.001 | ∇ 0.007
U 27 | F 055296 | FPS 1519 | D 36 | rR:x̄σmM 0.04 0.16 0.00 0.64 | F:x̄σmM 346.4 52.5 143.0 360.0 | H 1.943 | V 0.007 | pL -0.001 | vL 0.000 | ∇ 0.002
U 28 | F 057344 | FPS 1519 | D 38 | rR:x̄σmM 0.04 0.16 0.00 0.64 | F:x̄σmM 346.4 52.5 143.0 360.0 | H 1.943 | V 0.005 | pL -0.000 | vL 0.000 | ∇ 0.003
U 29 | F 059392 | FPS 1511 | D 39 | rR:x̄σmM 0.00 0.00 0.00 0.00 | F:x̄σmM 360.0 0.0 360.0 360.0 | H 1.943 | V 0.007 | pL 0.002 | vL 0.000 | ∇ 0.002
U 30 | F 061440 | FPS 1521 | D 41 | rR:x̄σmM 0.00 0.00 0.00 0.00 | F:x̄σmM 360.0 0.0 360.0 360.0 | H 1.945 | V 0.002 | pL 0.001 | vL 0.000 | ∇ 0.002
Model successfully saved
U 31 | F 063488 | FPS 1509 | D 42 | rR:x̄σmM 0.00 0.00 0.00 0.00 | F:x̄σmM 360.0 0.0 360.0 360.0 | H 1.945 | V 0.004 | pL 0.001 | vL 0.000 | ∇ 0.001
U 32 | F 065536 | FPS 1503 | D 43 | rR:x̄σmM 0.00 0.00 0.00 0.00 | F:x̄σmM 360.0 0.0 360.0 360.0 | H 1.945 | V -0.000 | pL 0.000 | vL 0.000 | ∇ 0.000
U 33 | F 067584 | FPS 1533 | D 45 | rR:x̄σmM 0.03 0.10 0.00 0.43 | F:x̄σmM 351.8 31.7 229.0 360.0 | H 1.943 | V 0.003 | pL -0.004 | vL 0.000 | ∇ 0.005
U 34 | F 069632 | FPS 1509 | D 46 | rR:x̄σmM 0.03 0.10 0.00 0.43 | F:x̄σmM 351.8 31.7 229.0 360.0 | H 1.943 | V -0.001 | pL -0.000 | vL 0.000 | ∇ 0.001
U 35 | F 071680 | FPS 1531 | D 47 | rR:x̄σmM 0.07 0.20 0.00 0.73 | F:x̄σmM 336.2 66.4 110.0 360.0 | H 1.939 | V 0.004 | pL -0.006 | vL 0.001 | ∇ 0.012
U 36 | F 073728 | FPS 1517 | D 49 | rR:x̄σmM 0.05 0.18 0.00 0.73 | F:x̄σmM 344.4 60.5 110.0 360.0 | H 1.941 | V 0.013 | pL -0.003 | vL 0.001 | ∇ 0.008
U 37 | F 075776 | FPS 1516 | D 50 | rR:x̄σmM 0.06 0.18 0.00 0.73 | F:x̄σmM 341.8 60.7 110.0 360.0 | H 1.942 | V 0.013 | pL 0.003 | vL 0.000 | ∇ 0.005
U 38 | F 077824 | FPS 1516 | D 51 | rR:x̄σmM 0.04 0.12 0.00 0.45 | F:x̄σmM 348.6 35.0 219.0 360.0 | H 1.942 | V 0.011 | pL -0.001 | vL 0.000 | ∇ 0.006
U 39 | F 079872 | FPS 1513 | D 53 | rR:x̄σmM 0.06 0.15 0.00 0.47 | F:x̄σmM 341.9 48.0 211.0 360.0 | H 1.939 | V 0.017 | pL -0.001 | vL 0.001 | ∇ 0.013
U 40 | F 081920 | FPS 1518 | D 54 | rR:x̄σmM 0.06 0.15 0.00 0.47 | F:x̄σmM 341.8 48.0 211.0 360.0 | H 1.938 | V 0.010 | pL 0.002 | vL 0.000 | ∇ 0.002
Model successfully saved
U 41 | F 083968 | FPS 1532 | D 55 | rR:x̄σmM 0.04 0.12 0.00 0.47 | F:x̄σmM 350.6 36.1 211.0 360.0 | H 1.943 | V 0.005 | pL 0.001 | vL 0.000 | ∇ 0.001
U 42 | F 086016 | FPS 1511 | D 57 | rR:x̄σmM 0.02 0.05 0.00 0.18 | F:x̄σmM 357.9 7.7 328.0 360.0 | H 1.943 | V 0.000 | pL -0.002 | vL 0.000 | ∇ 0.002
U 43 | F 088064 | FPS 1540 | D 58 | rR:x̄σmM 0.06 0.21 0.00 0.84 | F:x̄σmM 339.4 71.8 63.0 360.0 | H 1.942 | V 0.006 | pL -0.007 | vL 0.002 | ∇ 0.010
U 44 | F 090112 | FPS 1524 | D 59 | rR:x̄σmM 0.10 0.22 0.00 0.84 | F:x̄σmM 329.4 74.2 63.0 360.0 | H 1.939 | V 0.016 | pL -0.002 | vL 0.001 | ∇ 0.007
U 45 | F 092160 | FPS 1516 | D 61 | rR:x̄σmM 0.09 0.22 0.00 0.84 | F:x̄σmM 331.4 74.6 63.0 360.0 | H 1.935 | V 0.023 | pL 0.002 | vL 0.001 | ∇ 0.006
U 46 | F 094208 | FPS 1522 | D 62 | rR:x̄σmM 0.06 0.15 0.00 0.54 | F:x̄σmM 342.7 47.5 186.0 360.0 | H 1.936 | V 0.019 | pL -0.000 | vL 0.000 | ∇ 0.005
U 47 | F 096256 | FPS 1526 | D 64 | rR:x̄σmM 0.15 0.27 0.00 0.76 | F:x̄σmM 308.9 91.8 96.0 360.0 | H 1.934 | V 0.037 | pL -0.010 | vL 0.003 | ∇ 0.012
U 48 | F 098304 | FPS 1515 | D 65 | rR:x̄σmM 0.20 0.31 0.00 0.80 | F:x̄σmM 291.5 105.8 81.0 360.0 | H 1.933 | V 0.042 | pL 0.002 | vL 0.001 | ∇ 0.008
U 49 | F 100352 | FPS 1522 | D 66 | rR:x̄σmM 0.13 0.27 0.00 0.80 | F:x̄σmM 317.2 92.9 81.0 360.0 | H 1.941 | V 0.007 | pL 0.003 | vL 0.000 | ∇ 0.003
U 50 | F 102400 | FPS 1527 | D 68 | rR:x̄σmM 0.05 0.20 0.00 0.85 | F:x̄σmM 341.4 72.1 62.0 360.0 | H 1.936 | V 0.014 | pL -0.006 | vL 0.002 | ∇ 0.007
Model successfully saved
U 51 | F 104448 | FPS 1527 | D 69 | rR:x̄σmM 0.08 0.23 0.00 0.85 | F:x̄σmM 331.3 79.7 62.0 360.0 | H 1.931 | V 0.018 | pL -0.000 | vL 0.001 | ∇ 0.005
U 52 | F 106496 | FPS 1533 | D 70 | rR:x̄σmM 0.16 0.30 0.00 0.86 | F:x̄σmM 306.3 102.9 58.0 360.0 | H 1.923 | V 0.032 | pL -0.001 | vL 0.002 | ∇ 0.015
U 53 | F 108544 | FPS 1510 | D 72 | rR:x̄σmM 0.11 0.25 0.00 0.86 | F:x̄σmM 322.2 86.6 58.0 360.0 | H 1.917 | V 0.028 | pL -0.001 | vL 0.002 | ∇ 0.009
U 54 | F 110592 | FPS 1503 | D 73 | rR:x̄σmM 0.21 0.32 0.00 0.84 | F:x̄σmM 286.6 111.2 63.0 360.0 | H 1.922 | V 0.026 | pL -0.018 | vL 0.004 | ∇ 0.022
U 55 | F 112640 | FPS 1540 | D 74 | rR:x̄σmM 0.30 0.32 0.00 0.84 | F:x̄σmM 258.4 110.6 63.0 360.0 | H 1.912 | V 0.043 | pL -0.012 | vL 0.003 | ∇ 0.014
U 56 | F 114688 | FPS 1510 | D 76 | rR:x̄σmM 0.31 0.29 0.00 0.76 | F:x̄σmM 257.5 98.1 96.0 360.0 | H 1.900 | V 0.075 | pL -0.011 | vL 0.004 | ∇ 0.018
U 57 | F 116736 | FPS 1516 | D 77 | rR:x̄σmM 0.27 0.31 0.00 0.76 | F:x̄σmM 271.1 104.6 96.0 360.0 | H 1.894 | V 0.073 | pL 0.001 | vL 0.004 | ∇ 0.022
U 58 | F 118784 | FPS 1520 | D 78 | rR:x̄σmM 0.28 0.33 0.00 0.79 | F:x̄σmM 265.6 111.7 83.0 360.0 | H 1.894 | V 0.072 | pL -0.002 | vL 0.002 | ∇ 0.014
U 59 | F 120832 | FPS 1528 | D 80 | rR:x̄σmM 0.19 0.32 0.00 0.79 | F:x̄σmM 295.9 111.2 83.0 360.0 | H 1.910 | V 0.050 | pL 0.004 | vL 0.001 | ∇ 0.010
U 60 | F 122880 | FPS 1524 | D 81 | rR:x̄σmM 0.20 0.32 0.00 0.92 | F:x̄σmM 291.8 111.2 34.0 360.0 | H 1.915 | V 0.056 | pL -0.005 | vL 0.005 | ∇ 0.025
Model successfully saved
U 61 | F 124928 | FPS 1538 | D 82 | rR:x̄σmM 0.24 0.31 0.00 0.92 | F:x̄σmM 279.9 106.0 34.0 360.0 | H 1.914 | V 0.065 | pL 0.003 | vL 0.002 | ∇ 0.015
U 62 | F 126976 | FPS 1513 | D 84 | rR:x̄σmM 0.22 0.29 0.00 0.92 | F:x̄σmM 287.9 98.4 34.0 360.0 | H 1.918 | V 0.068 | pL 0.009 | vL 0.001 | ∇ 0.011
U 63 | F 129024 | FPS 1540 | D 85 | rR:x̄σmM 0.14 0.19 0.00 0.61 | F:x̄σmM 320.3 58.4 155.0 360.0 | H 1.925 | V 0.058 | pL 0.008 | vL 0.001 | ∇ 0.008
U 64 | F 131072 | FPS 1530 | D 86 | rR:x̄σmM 0.21 0.28 0.00 0.89 | F:x̄σmM 292.9 95.9 42.0 360.0 | H 1.919 | V 0.062 | pL -0.007 | vL 0.002 | ∇ 0.014
U 65 | F 133120 | FPS 1509 | D 88 | rR:x̄σmM 0.26 0.32 0.00 0.89 | F:x̄σmM 273.4 110.6 42.0 360.0 | H 1.915 | V 0.064 | pL -0.003 | vL 0.002 | ∇ 0.013
U 66 | F 135168 | FPS 1529 | D 89 | rR:x̄σmM 0.20 0.32 0.00 0.89 | F:x̄σmM 290.6 109.8 42.0 360.0 | H 1.919 | V 0.056 | pL 0.005 | vL 0.002 | ∇ 0.012
U 67 | F 137216 | FPS 1532 | D 91 | rR:x̄σmM 0.16 0.28 0.00 0.87 | F:x̄σmM 306.8 98.0 51.0 360.0 | H 1.905 | V 0.067 | pL -0.007 | vL 0.004 | ∇ 0.014
U 68 | F 139264 | FPS 1520 | D 92 | rR:x̄σmM 0.26 0.34 0.00 0.87 | F:x̄σmM 272.1 120.0 51.0 360.0 | H 1.885 | V 0.081 | pL -0.005 | vL 0.002 | ∇ 0.018
U 69 | F 141312 | FPS 1524 | D 93 | rR:x̄σmM 0.40 0.36 0.00 0.89 | F:x̄σmM 223.9 129.0 42.0 360.0 | H 1.882 | V 0.115 | pL -0.011 | vL 0.007 | ∇ 0.031
U 70 | F 143360 | FPS 1522 | D 95 | rR:x̄σmM 0.38 0.35 0.00 0.86 | F:x̄σmM 232.8 122.3 55.0 360.0 | H 1.853 | V 0.136 | pL -0.006 | vL 0.006 | ∇ 0.031
Model successfully saved
U 71 | F 145408 | FPS 1517 | D 96 | rR:x̄σmM 0.45 0.33 0.00 0.94 | F:x̄σmM 209.5 119.1 22.0 360.0 | H 1.835 | V 0.166 | pL -0.004 | vL 0.005 | ∇ 0.030
U 72 | F 147456 | FPS 1527 | D 97 | rR:x̄σmM 0.62 0.29 0.00 0.94 | F:x̄σmM 149.0 108.9 23.0 360.0 | H 1.756 | V 0.262 | pL -0.036 | vL 0.012 | ∇ 0.049
U 73 | F 149504 | FPS 1529 | D 99 | rR:x̄σmM 0.72 0.21 0.00 0.91 | F:x̄σmM 110.6 77.6 35.0 360.0 | H 1.710 | V 0.324 | pL -0.046 | vL 0.009 | ∇ 0.040
U 74 | F 151552 | FPS 1509 | D 100 | rR:x̄σmM 0.78 0.14 0.42 0.93 | F:x̄σmM 89.6 54.7 30.0 231.0 | H 1.639 | V 0.388 | pL -0.039 | vL 0.009 | ∇ 0.061
U 75 | F 153600 | FPS 1462 | D 101 | rR:x̄σmM 0.79 0.16 0.39 0.95 | F:x̄σmM 82.5 63.6 19.0 243.0 | H 1.621 | V 0.428 | pL -0.007 | vL 0.007 | ∇ 0.038
U 76 | F 155648 | FPS 1515 | D 103 | rR:x̄σmM 0.76 0.22 0.00 0.95 | F:x̄σmM 92.5 82.5 19.0 360.0 | H 1.652 | V 0.429 | pL 0.012 | vL 0.007 | ∇ 0.055
U 77 | F 157696 | FPS 1509 | D 104 | rR:x̄σmM 0.68 0.22 0.00 0.93 | F:x̄σmM 124.1 82.3 28.0 360.0 | H 1.693 | V 0.410 | pL 0.001 | vL 0.007 | ∇ 0.052
U 78 | F 159744 | FPS 1531 | D 105 | rR:x̄σmM 0.80 0.15 0.34 0.94 | F:x̄σmM 81.2 58.9 22.0 266.0 | H 1.640 | V 0.474 | pL -0.033 | vL 0.008 | ∇ 0.049
U 79 | F 161792 | FPS 1508 | D 107 | rR:x̄σmM 0.84 0.09 0.48 0.94 | F:x̄σmM 62.6 37.1 23.0 207.0 | H 1.578 | V 0.562 | pL -0.047 | vL 0.006 | ∇ 0.052
U 80 | F 163840 | FPS 1520 | D 108 | rR:x̄σmM 0.87 0.06 0.68 0.95 | F:x̄σmM 52.0 25.4 19.0 128.0 | H 1.529 | V 0.603 | pL -0.033 | vL 0.005 | ∇ 0.044
Model successfully saved
U 81 | F 165888 | FPS 1531 | D 109 | rR:x̄σmM 0.89 0.06 0.68 0.95 | F:x̄σmM 45.3 23.9 18.0 130.0 | H 1.509 | V 0.655 | pL -0.036 | vL 0.004 | ∇ 0.038
U 82 | F 167936 | FPS 1488 | D 111 | rR:x̄σmM 0.90 0.05 0.74 0.96 | F:x̄σmM 41.2 20.0 15.0 105.0 | H 1.511 | V 0.678 | pL -0.015 | vL 0.004 | ∇ 0.044
U 83 | F 169984 | FPS 1511 | D 112 | rR:x̄σmM 0.90 0.08 0.46 0.96 | F:x̄σmM 41.7 30.5 17.0 217.0 | H 1.488 | V 0.698 | pL -0.018 | vL 0.004 | ∇ 0.038
U 84 | F 172032 | FPS 1523 | D 114 | rR:x̄σmM 0.91 0.04 0.73 0.96 | F:x̄σmM 37.4 17.4 14.0 107.0 | H 1.463 | V 0.730 | pL -0.022 | vL 0.003 | ∇ 0.026
U 85 | F 174080 | FPS 1505 | D 115 | rR:x̄σmM 0.91 0.03 0.84 0.97 | F:x̄σmM 35.5 12.9 11.0 65.0 | H 1.465 | V 0.741 | pL -0.010 | vL 0.002 | ∇ 0.023
U 86 | F 176128 | FPS 1520 | D 116 | rR:x̄σmM 0.92 0.04 0.74 0.97 | F:x̄σmM 32.0 15.6 13.0 103.0 | H 1.448 | V 0.766 | pL -0.017 | vL 0.002 | ∇ 0.030
U 87 | F 178176 | FPS 1508 | D 118 | rR:x̄σmM 0.93 0.03 0.81 0.96 | F:x̄σmM 29.3 10.5 14.0 74.0 | H 1.477 | V 0.785 | pL 0.002 | vL 0.002 | ∇ 0.025
U 88 | F 180224 | FPS 1505 | D 119 | rR:x̄σmM 0.91 0.04 0.76 0.96 | F:x̄σmM 34.3 17.5 14.0 97.0 | H 1.473 | V 0.758 | pL 0.013 | vL 0.002 | ∇ 0.032
U 89 | F 182272 | FPS 1501 | D 120 | rR:x̄σmM 0.92 0.04 0.80 0.97 | F:x̄σmM 33.2 15.6 11.0 82.0 | H 1.448 | V 0.752 | pL -0.004 | vL 0.002 | ∇ 0.029
U 90 | F 184320 | FPS 1503 | D 122 | rR:x̄σmM 0.92 0.03 0.81 0.97 | F:x̄σmM 30.1 13.8 11.0 77.0 | H 1.398 | V 0.764 | pL -0.017 | vL 0.002 | ∇ 0.039
Model successfully saved
U 91 | F 186368 | FPS 1499 | D 123 | rR:x̄σmM 0.93 0.03 0.82 0.96 | F:x̄σmM 27.8 11.0 14.0 72.0 | H 1.377 | V 0.791 | pL -0.018 | vL 0.002 | ∇ 0.031
U 92 | F 188416 | FPS 1517 | D 124 | rR:x̄σmM 0.93 0.03 0.82 0.97 | F:x̄σmM 26.3 11.9 11.0 71.0 | H 1.406 | V 0.797 | pL -0.016 | vL 0.002 | ∇ 0.033
U 93 | F 190464 | FPS 1496 | D 126 | rR:x̄σmM 0.93 0.03 0.82 0.97 | F:x̄σmM 27.5 10.3 11.0 71.0 | H 1.404 | V 0.801 | pL -0.002 | vL 0.002 | ∇ 0.033
U 94 | F 192512 | FPS 1518 | D 127 | rR:x̄σmM 0.93 0.02 0.85 0.97 | F:x̄σmM 26.3 9.0 12.0 59.0 | H 1.439 | V 0.807 | pL -0.011 | vL 0.001 | ∇ 0.028
U 95 | F 194560 | FPS 1520 | D 129 | rR:x̄σmM 0.93 0.02 0.85 0.96 | F:x̄σmM 29.8 9.3 14.0 59.0 | H 1.411 | V 0.801 | pL 0.013 | vL 0.001 | ∇ 0.021
U 96 | F 196608 | FPS 1503 | D 130 | rR:x̄σmM 0.92 0.03 0.83 0.97 | F:x̄σmM 30.3 10.7 12.0 66.0 | H 1.407 | V 0.794 | pL 0.009 | vL 0.001 | ∇ 0.022
U 97 | F 198656 | FPS 1519 | D 131 | rR:x̄σmM 0.93 0.03 0.85 0.97 | F:x̄σmM 28.3 11.4 11.0 60.0 | H 1.396 | V 0.785 | pL 0.003 | vL 0.002 | ∇ 0.028
U 98 | F 200704 | FPS 1512 | D 133 | rR:x̄σmM 0.92 0.03 0.81 0.97 | F:x̄σmM 30.0 13.4 12.0 78.0 | H 1.398 | V 0.787 | pL -0.001 | vL 0.002 | ∇ 0.032
U 99 | F 202752 | FPS 1506 | D 134 | rR:x̄σmM 0.93 0.03 0.79 0.97 | F:x̄σmM 27.4 12.1 11.0 85.0 | H 1.352 | V 0.800 | pL -0.007 | vL 0.002 | ∇ 0.022
U 100 | F 204800 | FPS 1502 | D 135 | rR:x̄σmM 0.93 0.03 0.75 0.98 | F:x̄σmM 26.0 12.6 10.0 100.0 | H 1.377 | V 0.805 | pL -0.000 | vL 0.002 | ∇ 0.030
Model successfully saved
U 101 | F 206848 | FPS 1507 | D 137 | rR:x̄σmM 0.93 0.04 0.78 0.98 | F:x̄σmM 28.7 14.2 10.0 89.0 | H 1.398 | V 0.795 | pL 0.010 | vL 0.002 | ∇ 0.044
U 102 | F 208896 | FPS 1496 | D 138 | rR:x̄σmM 0.93 0.03 0.85 0.98 | F:x̄σmM 26.7 10.3 10.0 61.0 | H 1.370 | V 0.807 | pL -0.007 | vL 0.001 | ∇ 0.024
U 103 | F 210944 | FPS 1513 | D 139 | rR:x̄σmM 0.93 0.02 0.87 0.98 | F:x̄σmM 26.0 9.1 9.0 54.0 | H 1.339 | V 0.806 | pL 0.002 | vL 0.002 | ∇ 0.029
U 104 | F 212992 | FPS 1494 | D 141 | rR:x̄σmM 0.94 0.02 0.84 0.97 | F:x̄σmM 24.1 9.0 11.0 63.0 | H 1.313 | V 0.817 | pL -0.018 | vL 0.001 | ∇ 0.028
U 105 | F 215040 | FPS 1508 | D 142 | rR:x̄σmM 0.94 0.02 0.88 0.97 | F:x̄σmM 24.2 8.4 11.0 50.0 | H 1.351 | V 0.825 | pL -0.003 | vL 0.001 | ∇ 0.022
U 106 | F 217088 | FPS 1513 | D 144 | rR:x̄σmM 0.94 0.02 0.89 0.98 | F:x̄σmM 24.3 7.7 9.0 43.0 | H 1.446 | V 0.828 | pL 0.006 | vL 0.001 | ∇ 0.023
U 107 | F 219136 | FPS 1499 | D 145 | rR:x̄σmM 0.93 0.02 0.87 0.96 | F:x̄σmM 26.1 8.0 14.0 51.0 | H 1.508 | V 0.819 | pL 0.010 | vL 0.001 | ∇ 0.018
U 108 | F 221184 | FPS 1524 | D 146 | rR:x̄σmM 0.93 0.02 0.84 0.97 | F:x̄σmM 27.5 9.7 11.0 64.0 | H 1.513 | V 0.802 | pL 0.010 | vL 0.001 | ∇ 0.024
U 109 | F 223232 | FPS 1502 | D 148 | rR:x̄σmM 0.92 0.03 0.82 0.98 | F:x̄σmM 31.3 12.4 10.0 70.0 | H 1.503 | V 0.786 | pL 0.009 | vL 0.002 | ∇ 0.028
U 110 | F 225280 | FPS 1481 | D 149 | rR:x̄σmM 0.92 0.03 0.83 0.97 | F:x̄σmM 32.8 12.7 12.0 68.0 | H 1.513 | V 0.759 | pL 0.007 | vL 0.002 | ∇ 0.028
Model successfully saved
U 111 | F 227328 | FPS 1520 | D 150 | rR:x̄σmM 0.92 0.03 0.81 0.97 | F:x̄σmM 30.7 12.7 12.0 74.0 | H 1.488 | V 0.767 | pL -0.008 | vL 0.002 | ∇ 0.026
U 112 | F 229376 | FPS 1499 | D 152 | rR:x̄σmM 0.93 0.02 0.85 0.96 | F:x̄σmM 28.2 9.9 16.0 62.0 | H 1.447 | V 0.791 | pL -0.005 | vL 0.002 | ∇ 0.030
U 113 | F 231424 | FPS 1499 | D 153 | rR:x̄σmM 0.92 0.08 0.25 0.97 | F:x̄σmM 30.7 34.0 11.0 302.0 | H 1.479 | V 0.788 | pL 0.006 | vL 0.003 | ∇ 0.036
U 114 | F 233472 | FPS 1506 | D 154 | rR:x̄σmM 0.92 0.05 0.61 0.97 | F:x̄σmM 31.4 19.7 13.0 157.0 | H 1.439 | V 0.781 | pL 0.014 | vL 0.002 | ∇ 0.030
U 115 | F 235520 | FPS 1488 | D 156 | rR:x̄σmM 0.93 0.02 0.86 0.97 | F:x̄σmM 26.6 9.8 12.0 58.0 | H 1.408 | V 0.801 | pL -0.004 | vL 0.001 | ∇ 0.020
U 116 | F 237568 | FPS 1513 | D 157 | rR:x̄σmM 0.93 0.02 0.86 0.98 | F:x̄σmM 26.2 9.2 10.0 55.0 | H 1.406 | V 0.810 | pL -0.005 | vL 0.002 | ∇ 0.021
U 117 | F 239616 | FPS 1523 | D 159 | rR:x̄σmM 0.93 0.02 0.85 0.96 | F:x̄σmM 27.1 9.0 15.0 60.0 | H 1.410 | V 0.806 | pL -0.002 | vL 0.001 | ∇ 0.018
U 118 | F 241664 | FPS 1491 | D 160 | rR:x̄σmM 0.93 0.02 0.86 0.98 | F:x̄σmM 26.0 9.3 8.0 57.0 | H 1.428 | V 0.810 | pL -0.005 | vL 0.001 | ∇ 0.019
U 119 | F 243712 | FPS 1522 | D 161 | rR:x̄σmM 0.93 0.03 0.84 0.98 | F:x̄σmM 26.3 10.0 10.0 63.0 | H 1.393 | V 0.813 | pL -0.000 | vL 0.002 | ∇ 0.022
U 120 | F 245760 | FPS 1518 | D 163 | rR:x̄σmM 0.94 0.02 0.88 0.97 | F:x̄σmM 25.8 8.7 11.0 47.0 | H 1.444 | V 0.817 | pL 0.001 | vL 0.001 | ∇ 0.022
Model successfully saved
U 121 | F 247808 | FPS 1497 | D 164 | rR:x̄σmM 0.93 0.02 0.86 0.97 | F:x̄σmM 27.7 9.3 12.0 57.0 | H 1.457 | V 0.806 | pL 0.007 | vL 0.001 | ∇ 0.020
U 122 | F 249856 | FPS 1512 | D 165 | rR:x̄σmM 0.93 0.02 0.87 0.97 | F:x̄σmM 27.1 9.8 11.0 53.0 | H 1.418 | V 0.806 | pL -0.002 | vL 0.001 | ∇ 0.017
U 123 | F 251904 | FPS 1498 | D 167 | rR:x̄σmM 0.94 0.03 0.79 0.98 | F:x̄σmM 25.9 10.6 10.0 83.0 | H 1.407 | V 0.804 | pL -0.001 | vL 0.002 | ∇ 0.024
U 124 | F 253952 | FPS 1490 | D 168 | rR:x̄σmM 0.94 0.03 0.81 0.97 | F:x̄σmM 25.8 11.2 12.0 76.0 | H 1.400 | V 0.805 | pL -0.004 | vL 0.002 | ∇ 0.020
U 125 | F 256000 | FPS 1513 | D 169 | rR:x̄σmM 0.94 0.03 0.79 0.97 | F:x̄σmM 24.8 11.1 12.0 86.0 | H 1.431 | V 0.820 | pL -0.005 | vL 0.001 | ∇ 0.017
U 126 | F 258048 | FPS 1497 | D 171 | rR:x̄σmM 0.94 0.02 0.89 0.98 | F:x̄σmM 25.9 6.8 9.0 45.0 | H 1.422 | V 0.822 | pL 0.003 | vL 0.001 | ∇ 0.019
U 127 | F 260096 | FPS 1511 | D 172 | rR:x̄σmM 0.94 0.02 0.88 0.97 | F:x̄σmM 25.6 8.4 12.0 50.0 | H 1.443 | V 0.814 | pL -0.000 | vL 0.001 | ∇ 0.019
U 128 | F 262144 | FPS 1518 | D 174 | rR:x̄σmM 0.93 0.03 0.86 0.97 | F:x̄σmM 28.6 10.7 13.0 57.0 | H 1.426 | V 0.790 | pL 0.008 | vL 0.002 | ∇ 0.035
U 129 | F 264192 | FPS 1494 | D 175 | rR:x̄σmM 0.93 0.03 0.82 0.97 | F:x̄σmM 26.6 11.4 13.0 72.0 | H 1.394 | V 0.797 | pL -0.013 | vL 0.002 | ∇ 0.027
U 130 | F 266240 | FPS 1481 | D 176 | rR:x̄σmM 0.94 0.02 0.84 0.97 | F:x̄σmM 23.7 9.4 11.0 64.0 | H 1.304 | V 0.823 | pL -0.021 | vL 0.001 | ∇ 0.023
Model successfully saved
U 131 | F 268288 | FPS 1505 | D 178 | rR:x̄σmM 0.94 0.02 0.88 0.98 | F:x̄σmM 23.2 7.5 10.0 48.0 | H 1.394 | V 0.833 | pL -0.006 | vL 0.001 | ∇ 0.018
U 132 | F 270336 | FPS 1503 | D 179 | rR:x̄σmM 0.94 0.02 0.87 0.98 | F:x̄σmM 24.8 9.2 10.0 51.0 | H 1.394 | V 0.823 | pL 0.009 | vL 0.001 | ∇ 0.021
U 133 | F 272384 | FPS 1511 | D 180 | rR:x̄σmM 0.94 0.02 0.82 0.98 | F:x̄σmM 24.6 9.6 10.0 73.0 | H 1.422 | V 0.825 | pL 0.005 | vL 0.001 | ∇ 0.019
U 134 | F 274432 | FPS 1503 | D 182 | rR:x̄σmM 0.94 0.02 0.83 0.97 | F:x̄σmM 25.4 9.4 12.0 68.0 | H 1.454 | V 0.820 | pL 0.007 | vL 0.001 | ∇ 0.018
U 135 | F 276480 | FPS 1512 | D 183 | rR:x̄σmM 0.93 0.02 0.86 0.97 | F:x̄σmM 27.2 9.5 12.0 57.0 | H 1.465 | V 0.813 | pL 0.012 | vL 0.002 | ∇ 0.023
U 136 | F 278528 | FPS 1516 | D 185 | rR:x̄σmM 0.93 0.02 0.86 0.98 | F:x̄σmM 26.7 9.9 10.0 56.0 | H 1.443 | V 0.804 | pL 0.006 | vL 0.002 | ∇ 0.026
U 137 | F 280576 | FPS 1496 | D 186 | rR:x̄σmM 0.93 0.03 0.81 0.96 | F:x̄σmM 27.3 12.4 14.0 75.0 | H 1.409 | V 0.794 | pL 0.006 | vL 0.002 | ∇ 0.022
U 138 | F 282624 | FPS 1517 | D 187 | rR:x̄σmM 0.93 0.03 0.78 0.97 | F:x̄σmM 28.8 12.6 11.0 89.0 | H 1.380 | V 0.805 | pL 0.003 | vL 0.002 | ∇ 0.029
U 139 | F 284672 | FPS 1524 | D 189 | rR:x̄σmM 0.94 0.02 0.87 0.97 | F:x̄σmM 25.9 8.2 12.0 53.0 | H 1.403 | V 0.811 | pL 0.001 | vL 0.001 | ∇ 0.018
U 140 | F 286720 | FPS 1495 | D 190 | rR:x̄σmM 0.94 0.02 0.86 0.98 | F:x̄σmM 26.0 8.1 10.0 57.0 | H 1.401 | V 0.822 | pL -0.002 | vL 0.001 | ∇ 0.017
Model successfully saved
U 141 | F 288768 | FPS 1518 | D 191 | rR:x̄σmM 0.94 0.02 0.90 0.98 | F:x̄σmM 23.9 7.0 9.0 39.0 | H 1.371 | V 0.822 | pL -0.006 | vL 0.001 | ∇ 0.018
U 142 | F 290816 | FPS 1504 | D 193 | rR:x̄σmM 0.94 0.02 0.81 0.97 | F:x̄σmM 25.1 9.3 11.0 75.0 | H 1.365 | V 0.821 | pL 0.001 | vL 0.002 | ∇ 0.024
U 143 | F 292864 | FPS 1504 | D 194 | rR:x̄σmM 0.94 0.02 0.89 0.97 | F:x̄σmM 24.4 7.4 12.0 42.0 | H 1.314 | V 0.823 | pL -0.005 | vL 0.001 | ∇ 0.016
U 144 | F 294912 | FPS 1518 | D 195 | rR:x̄σmM 0.94 0.02 0.88 0.98 | F:x̄σmM 23.1 8.2 10.0 50.0 | H 1.351 | V 0.827 | pL -0.006 | vL 0.001 | ∇ 0.015
U 145 | F 296960 | FPS 1500 | D 197 | rR:x̄σmM 0.94 0.02 0.87 0.97 | F:x̄σmM 23.9 8.0 11.0 54.0 | H 1.393 | V 0.827 | pL 0.000 | vL 0.001 | ∇ 0.020
U 146 | F 299008 | FPS 1502 | D 198 | rR:x̄σmM 0.94 0.02 0.87 0.97 | F:x̄σmM 25.1 9.5 11.0 53.0 | H 1.366 | V 0.820 | pL 0.003 | vL 0.001 | ∇ 0.018
U 147 | F 301056 | FPS 1514 | D 199 | rR:x̄σmM 0.94 0.02 0.88 0.97 | F:x̄σmM 24.2 6.2 11.0 47.0 | H 1.442 | V 0.823 | pL -0.006 | vL 0.001 | ∇ 0.014
U 148 | F 303104 | FPS 1487 | D 201 | rR:x̄σmM 0.93 0.02 0.84 0.96 | F:x̄σmM 26.9 9.7 14.0 63.0 | H 1.433 | V 0.808 | pL 0.008 | vL 0.001 | ∇ 0.017
U 149 | F 305152 | FPS 1527 | D 202 | rR:x̄σmM 0.94 0.02 0.88 0.98 | F:x̄σmM 24.0 8.3 9.0 50.0 | H 1.374 | V 0.815 | pL -0.004 | vL 0.001 | ∇ 0.022
U 150 | F 307200 | FPS 1518 | D 204 | rR:x̄σmM 0.93 0.03 0.75 0.97 | F:x̄σmM 27.7 12.1 11.0 99.0 | H 1.421 | V 0.800 | pL -0.007 | vL 0.002 | ∇ 0.021
Model successfully saved
U 151 | F 309248 | FPS 1501 | D 205 | rR:x̄σmM 0.94 0.02 0.86 0.97 | F:x̄σmM 25.6 8.8 13.0 58.0 | H 1.396 | V 0.818 | pL -0.001 | vL 0.001 | ∇ 0.019
U 152 | F 311296 | FPS 1512 | D 206 | rR:x̄σmM 0.94 0.03 0.81 0.98 | F:x̄σmM 25.2 10.8 10.0 75.0 | H 1.389 | V 0.813 | pL 0.005 | vL 0.002 | ∇ 0.023
U 153 | F 313344 | FPS 1510 | D 208 | rR:x̄σmM 0.94 0.02 0.82 0.97 | F:x̄σmM 25.9 9.5 13.0 72.0 | H 1.404 | V 0.815 | pL -0.003 | vL 0.001 | ∇ 0.020
U 154 | F 315392 | FPS 1491 | D 209 | rR:x̄σmM 0.94 0.02 0.85 0.97 | F:x̄σmM 24.8 8.5 11.0 59.0 | H 1.390 | V 0.817 | pL -0.004 | vL 0.001 | ∇ 0.018
U 155 | F 317440 | FPS 1503 | D 210 | rR:x̄σmM 0.94 0.02 0.88 0.97 | F:x̄σmM 23.9 7.5 11.0 46.0 | H 1.419 | V 0.829 | pL -0.004 | vL 0.001 | ∇ 0.017
U 156 | F 319488 | FPS 1506 | D 212 | rR:x̄σmM 0.93 0.02 0.86 0.97 | F:x̄σmM 26.3 7.9 12.0 55.0 | H 1.446 | V 0.815 | pL 0.010 | vL 0.001 | ∇ 0.018
U 157 | F 321536 | FPS 1508 | D 213 | rR:x̄σmM 0.93 0.03 0.81 0.97 | F:x̄σmM 26.7 10.5 12.0 76.0 | H 1.459 | V 0.805 | pL -0.000 | vL 0.002 | ∇ 0.020
U 158 | F 323584 | FPS 1477 | D 215 | rR:x̄σmM 0.93 0.03 0.81 0.98 | F:x̄σmM 28.3 11.9 10.0 75.0 | H 1.500 | V 0.795 | pL 0.006 | vL 0.002 | ∇ 0.030
U 159 | F 325632 | FPS 1183 | D 216 | rR:x̄σmM 0.93 0.03 0.83 0.97 | F:x̄σmM 27.7 11.2 12.0 66.0 | H 1.486 | V 0.807 | pL 0.009 | vL 0.001 | ∇ 0.020
U 160 | F 327680 | FPS 1272 | D 218 | rR:x̄σmM 0.92 0.04 0.69 0.97 | F:x̄σmM 30.1 15.4 11.0 124.0 | H 1.485 | V 0.788 | pL 0.013 | vL 0.002 | ∇ 0.027
Model successfully saved
U 161 | F 329728 | FPS 1274 | D 220 | rR:x̄σmM 0.93 0.02 0.85 0.98 | F:x̄σmM 27.8 9.9 10.0 59.0 | H 1.401 | V 0.808 | pL -0.003 | vL 0.001 | ∇ 0.022
U 162 | F 331776 | FPS 1259 | D 221 | rR:x̄σmM 0.94 0.02 0.89 0.97 | F:x̄σmM 25.5 8.0 11.0 45.0 | H 1.389 | V 0.820 | pL 0.001 | vL 0.001 | ∇ 0.016
U 163 | F 333824 | FPS 1409 | D 223 | rR:x̄σmM 0.94 0.02 0.88 0.97 | F:x̄σmM 25.7 8.0 12.0 49.0 | H 1.449 | V 0.819 | pL -0.002 | vL 0.001 | ∇ 0.016
U 164 | F 335872 | FPS 1438 | D 224 | rR:x̄σmM 0.94 0.03 0.74 0.97 | F:x̄σmM 25.7 13.0 11.0 105.0 | H 1.382 | V 0.814 | pL 0.014 | vL 0.002 | ∇ 0.025
U 165 | F 337920 | FPS 1349 | D 226 | rR:x̄σmM 0.93 0.03 0.83 0.97 | F:x̄σmM 27.7 10.3 11.0 68.0 | H 1.413 | V 0.803 | pL -0.002 | vL 0.002 | ∇ 0.020
U 166 | F 339968 | FPS 1514 | D 227 | rR:x̄σmM 0.94 0.02 0.87 0.97 | F:x̄σmM 25.5 7.9 13.0 53.0 | H 1.390 | V 0.813 | pL -0.007 | vL 0.001 | ∇ 0.015
U 167 | F 342016 | FPS 1528 | D 228 | rR:x̄σmM 0.94 0.02 0.88 0.97 | F:x̄σmM 24.1 7.7 11.0 48.0 | H 1.352 | V 0.823 | pL -0.010 | vL 0.001 | ∇ 0.021
U 168 | F 344064 | FPS 1528 | D 230 | rR:x̄σmM 0.94 0.02 0.90 0.97 | F:x̄σmM 22.4 6.0 11.0 38.0 | H 1.395 | V 0.839 | pL -0.001 | vL 0.001 | ∇ 0.016
U 169 | F 346112 | FPS 1493 | D 231 | rR:x̄σmM 0.93 0.02 0.88 0.96 | F:x̄σmM 26.2 8.7 14.0 47.0 | H 1.441 | V 0.825 | pL 0.016 | vL 0.001 | ∇ 0.017
U 170 | F 348160 | FPS 1514 | D 232 | rR:x̄σmM 0.94 0.02 0.89 0.97 | F:x̄σmM 24.6 7.3 11.0 43.0 | H 1.461 | V 0.832 | pL 0.006 | vL 0.001 | ∇ 0.013
Model successfully saved
U 171 | F 350208 | FPS 1520 | D 234 | rR:x̄σmM 0.93 0.02 0.87 0.97 | F:x̄σmM 26.3 9.1 11.0 54.0 | H 1.408 | V 0.817 | pL 0.009 | vL 0.001 | ∇ 0.021
U 172 | F 352256 | FPS 1487 | D 235 | rR:x̄σmM 0.94 0.02 0.85 0.97 | F:x̄σmM 25.3 8.9 13.0 61.0 | H 1.433 | V 0.815 | pL -0.004 | vL 0.001 | ∇ 0.017
U 173 | F 354304 | FPS 1517 | D 236 | rR:x̄σmM 0.94 0.03 0.79 0.98 | F:x̄σmM 25.6 10.5 10.0 83.0 | H 1.389 | V 0.809 | pL -0.002 | vL 0.002 | ∇ 0.020
U 174 | F 356352 | FPS 1482 | D 238 | rR:x̄σmM 0.94 0.02 0.89 0.97 | F:x̄σmM 22.7 7.5 12.0 45.0 | H 1.410 | V 0.835 | pL -0.010 | vL 0.001 | ∇ 0.017
U 175 | F 358400 | FPS 1496 | D 239 | rR:x̄σmM 0.94 0.02 0.86 0.97 | F:x̄σmM 25.0 7.8 12.0 58.0 | H 1.427 | V 0.824 | pL 0.005 | vL 0.001 | ∇ 0.022
U 176 | F 360448 | FPS 1489 | D 241 | rR:x̄σmM 0.93 0.02 0.87 0.97 | F:x̄σmM 26.2 8.7 11.0 52.0 | H 1.398 | V 0.815 | pL 0.008 | vL 0.001 | ∇ 0.021
U 177 | F 362496 | FPS 1492 | D 242 | rR:x̄σmM 0.93 0.02 0.85 0.97 | F:x̄σmM 26.3 9.9 13.0 59.0 | H 1.375 | V 0.815 | pL 0.001 | vL 0.002 | ∇ 0.020
U 178 | F 364544 | FPS 1491 | D 243 | rR:x̄σmM 0.94 0.02 0.90 0.98 | F:x̄σmM 22.4 6.4 8.0 39.0 | H 1.352 | V 0.826 | pL -0.015 | vL 0.001 | ∇ 0.021
U 179 | F 366592 | FPS 1511 | D 245 | rR:x̄σmM 0.94 0.02 0.88 0.98 | F:x̄σmM 23.4 7.9 10.0 46.0 | H 1.338 | V 0.826 | pL -0.008 | vL 0.001 | ∇ 0.019
U 180 | F 368640 | FPS 1494 | D 246 | rR:x̄σmM 0.94 0.02 0.88 0.98 | F:x̄σmM 23.5 8.6 8.0 48.0 | H 1.308 | V 0.825 | pL 0.002 | vL 0.002 | ∇ 0.018
Model successfully saved
U 181 | F 370688 | FPS 1512 | D 247 | rR:x̄σmM 0.94 0.02 0.86 0.97 | F:x̄σmM 22.9 7.1 12.0 55.0 | H 1.419 | V 0.817 | pL -0.000 | vL 0.001 | ∇ 0.017
U 182 | F 372736 | FPS 1488 | D 249 | rR:x̄σmM 0.93 0.06 0.46 0.97 | F:x̄σmM 26.5 24.3 11.0 218.0 | H 1.449 | V 0.819 | pL 0.010 | vL 0.002 | ∇ 0.025
U 183 | F 374784 | FPS 1503 | D 250 | rR:x̄σmM 0.93 0.02 0.87 0.98 | F:x̄σmM 26.4 8.8 10.0 54.0 | H 1.463 | V 0.816 | pL 0.015 | vL 0.001 | ∇ 0.020
U 184 | F 376832 | FPS 1516 | D 251 | rR:x̄σmM 0.93 0.03 0.82 0.98 | F:x̄σmM 26.2 10.5 10.0 71.0 | H 1.440 | V 0.812 | pL -0.004 | vL 0.002 | ∇ 0.021
U 185 | F 378880 | FPS 1518 | D 253 | rR:x̄σmM 0.94 0.02 0.87 0.98 | F:x̄σmM 25.6 8.2 9.0 52.0 | H 1.376 | V 0.813 | pL -0.002 | vL 0.001 | ∇ 0.018
U 186 | F 380928 | FPS 1524 | D 254 | rR:x̄σmM 0.94 0.02 0.88 0.97 | F:x̄σmM 24.7 7.6 13.0 48.0 | H 1.457 | V 0.815 | pL 0.002 | vL 0.001 | ∇ 0.020
U 187 | F 382976 | FPS 1508 | D 256 | rR:x̄σmM 0.94 0.02 0.89 0.98 | F:x̄σmM 23.5 7.7 10.0 45.0 | H 1.406 | V 0.818 | pL 0.002 | vL 0.002 | ∇ 0.027
U 188 | F 385024 | FPS 1510 | D 257 | rR:x̄σmM 0.93 0.08 0.23 0.98 | F:x̄σmM 28.8 33.0 10.0 307.0 | H 1.512 | V 0.820 | pL 0.012 | vL 0.003 | ∇ 0.023
U 189 | F 387072 | FPS 1526 | D 258 | rR:x̄σmM 0.93 0.02 0.85 0.96 | F:x̄σmM 29.3 8.3 14.0 59.0 | H 1.509 | V 0.813 | pL 0.017 | vL 0.001 | ∇ 0.020
U 190 | F 389120 | FPS 1501 | D 260 | rR:x̄σmM 0.92 0.03 0.85 0.97 | F:x̄σmM 30.6 12.1 12.0 62.0 | H 1.515 | V 0.777 | pL 0.020 | vL 0.002 | ∇ 0.028
Model successfully saved
U 191 | F 391168 | FPS 1491 | D 261 | rR:x̄σmM 0.92 0.04 0.75 0.97 | F:x̄σmM 31.4 14.9 11.0 101.0 | H 1.434 | V 0.777 | pL -0.004 | vL 0.002 | ∇ 0.022
U 192 | F 393216 | FPS 1487 | D 262 | rR:x̄σmM 0.93 0.03 0.81 0.97 | F:x̄σmM 26.8 11.3 11.0 77.0 | H 1.359 | V 0.791 | pL -0.019 | vL 0.002 | ∇ 0.026
U 193 | F 395264 | FPS 1489 | D 264 | rR:x̄σmM 0.95 0.02 0.88 0.98 | F:x̄σmM 21.6 6.9 9.0 48.0 | H 1.302 | V 0.836 | pL -0.026 | vL 0.001 | ∇ 0.023
U 194 | F 397312 | FPS 1489 | D 265 | rR:x̄σmM 0.95 0.02 0.88 0.98 | F:x̄σmM 21.6 7.5 10.0 47.0 | H 1.445 | V 0.841 | pL 0.004 | vL 0.001 | ∇ 0.014
U 195 | F 399360 | FPS 1509 | D 267 | rR:x̄σmM 0.94 0.02 0.88 0.97 | F:x̄σmM 24.7 8.4 13.0 49.0 | H 1.392 | V 0.832 | pL 0.017 | vL 0.001 | ∇ 0.020
U 196 | F 401408 | FPS 1486 | D 268 | rR:x̄σmM 0.93 0.02 0.86 0.98 | F:x̄σmM 26.2 9.5 10.0 55.0 | H 1.426 | V 0.830 | pL 0.012 | vL 0.001 | ∇ 0.018
U 197 | F 403456 | FPS 1521 | D 269 | rR:x̄σmM 0.94 0.02 0.88 0.98 | F:x̄σmM 24.3 8.8 9.0 50.0 | H 1.416 | V 0.813 | pL 0.001 | vL 0.002 | ∇ 0.020
U 198 | F 405504 | FPS 1513 | D 271 | rR:x̄σmM 0.94 0.03 0.74 0.97 | F:x̄σmM 23.9 11.3 11.0 103.0 | H 1.356 | V 0.823 | pL -0.011 | vL 0.001 | ∇ 0.018
U 199 | F 407552 | FPS 1507 | D 272 | rR:x̄σmM 0.94 0.02 0.87 0.97 | F:x̄σmM 23.7 8.0 11.0 51.0 | H 1.405 | V 0.816 | pL -0.006 | vL 0.001 | ∇ 0.023
U 200 | F 409600 | FPS 1521 | D 273 | rR:x̄σmM 0.94 0.02 0.87 0.98 | F:x̄σmM 24.1 8.4 10.0 54.0 | H 1.436 | V 0.834 | pL -0.005 | vL 0.001 | ∇ 0.015
Model successfully saved
U 201 | F 411648 | FPS 1512 | D 275 | rR:x̄σmM 0.94 0.02 0.84 0.98 | F:x̄σmM 24.6 8.7 10.0 64.0 | H 1.386 | V 0.826 | pL 0.010 | vL 0.001 | ∇ 0.021
U 202 | F 413696 | FPS 1489 | D 276 | rR:x̄σmM 0.94 0.02 0.86 0.97 | F:x̄σmM 24.2 8.4 11.0 55.0 | H 1.425 | V 0.824 | pL -0.004 | vL 0.001 | ∇ 0.016
U 203 | F 415744 | FPS 1509 | D 277 | rR:x̄σmM 0.94 0.02 0.87 0.96 | F:x̄σmM 24.7 7.9 14.0 51.0 | H 1.390 | V 0.824 | pL -0.003 | vL 0.001 | ∇ 0.018
U 204 | F 417792 | FPS 1498 | D 279 | rR:x̄σmM 0.94 0.02 0.90 0.97 | F:x̄σmM 22.7 6.3 12.0 40.0 | H 1.433 | V 0.837 | pL -0.001 | vL 0.001 | ∇ 0.014
U 205 | F 419840 | FPS 1484 | D 280 | rR:x̄σmM 0.93 0.02 0.88 0.97 | F:x̄σmM 26.1 8.0 11.0 46.0 | H 1.497 | V 0.821 | pL 0.009 | vL 0.001 | ∇ 0.020
U 206 | F 421888 | FPS 1439 | D 282 | rR:x̄σmM 0.93 0.02 0.84 0.96 | F:x̄σmM 29.6 9.2 15.0 64.0 | H 1.479 | V 0.801 | pL 0.015 | vL 0.001 | ∇ 0.024
U 207 | F 423936 | FPS 1498 | D 283 | rR:x̄σmM 0.93 0.02 0.86 0.97 | F:x̄σmM 28.4 9.5 13.0 57.0 | H 1.477 | V 0.791 | pL -0.005 | vL 0.002 | ∇ 0.019
U 208 | F 425984 | FPS 1515 | D 284 | rR:x̄σmM 0.93 0.03 0.85 0.97 | F:x̄σmM 27.6 10.2 12.0 59.0 | H 1.406 | V 0.787 | pL -0.004 | vL 0.002 | ∇ 0.024
U 209 | F 428032 | FPS 1489 | D 286 | rR:x̄σmM 0.94 0.02 0.88 0.98 | F:x̄σmM 24.5 8.3 10.0 50.0 | H 1.357 | V 0.803 | pL -0.013 | vL 0.002 | ∇ 0.026
U 210 | F 430080 | FPS 1474 | D 287 | rR:x̄σmM 0.93 0.07 0.33 0.97 | F:x̄σmM 27.3 27.9 11.0 268.0 | H 1.392 | V 0.817 | pL 0.004 | vL 0.002 | ∇ 0.023
Model successfully saved
U 211 | F 432128 | FPS 1497 | D 288 | rR:x̄σmM 0.94 0.02 0.87 0.98 | F:x̄σmM 22.9 6.8 10.0 53.0 | H 1.456 | V 0.843 | pL 0.004 | vL 0.001 | ∇ 0.015
U 212 | F 434176 | FPS 1493 | D 290 | rR:x̄σmM 0.93 0.02 0.87 0.97 | F:x̄σmM 27.5 9.0 12.0 52.0 | H 1.433 | V 0.826 | pL 0.026 | vL 0.001 | ∇ 0.024
U 213 | F 436224 | FPS 1502 | D 291 | rR:x̄σmM 0.93 0.02 0.85 0.97 | F:x̄σmM 26.1 9.8 11.0 60.0 | H 1.454 | V 0.809 | pL 0.004 | vL 0.001 | ∇ 0.023
U 214 | F 438272 | FPS 1508 | D 293 | rR:x̄σmM 0.93 0.03 0.81 0.98 | F:x̄σmM 28.0 11.7 9.0 78.0 | H 1.445 | V 0.792 | pL 0.002 | vL 0.002 | ∇ 0.029
U 215 | F 440320 | FPS 1486 | D 294 | rR:x̄σmM 0.93 0.02 0.87 0.98 | F:x̄σmM 27.1 9.4 10.0 54.0 | H 1.394 | V 0.803 | pL -0.009 | vL 0.002 | ∇ 0.024
U 216 | F 442368 | FPS 1502 | D 295 | rR:x̄σmM 0.93 0.02 0.85 0.98 | F:x̄σmM 26.3 8.6 10.0 62.0 | H 1.395 | V 0.807 | pL -0.010 | vL 0.001 | ∇ 0.018
U 217 | F 444416 | FPS 1496 | D 297 | rR:x̄σmM 0.94 0.02 0.88 0.98 | F:x̄σmM 23.7 7.3 10.0 48.0 | H 1.407 | V 0.826 | pL -0.006 | vL 0.001 | ∇ 0.013
U 218 | F 446464 | FPS 1476 | D 298 | rR:x̄σmM 0.94 0.02 0.82 0.98 | F:x̄σmM 24.7 9.3 10.0 71.0 | H 1.418 | V 0.823 | pL 0.002 | vL 0.001 | ∇ 0.020
U 219 | F 448512 | FPS 1505 | D 299 | rR:x̄σmM 0.94 0.02 0.89 0.97 | F:x̄σmM 25.1 6.9 11.0 42.0 | H 1.416 | V 0.827 | pL -0.004 | vL 0.001 | ∇ 0.013
U 220 | F 450560 | FPS 1493 | D 301 | rR:x̄σmM 0.94 0.02 0.89 0.97 | F:x̄σmM 24.4 6.5 13.0 44.0 | H 1.422 | V 0.823 | pL 0.005 | vL 0.001 | ∇ 0.014
Model successfully saved
U 221 | F 452608 | FPS 1503 | D 302 | rR:x̄σmM 0.94 0.02 0.88 0.98 | F:x̄σmM 25.1 8.3 10.0 49.0 | H 1.415 | V 0.818 | pL -0.001 | vL 0.001 | ∇ 0.018
U 222 | F 454656 | FPS 1483 | D 304 | rR:x̄σmM 0.94 0.02 0.87 0.98 | F:x̄σmM 25.0 7.6 9.0 52.0 | H 1.452 | V 0.829 | pL 0.002 | vL 0.001 | ∇ 0.015
U 223 | F 456704 | FPS 1486 | D 305 | rR:x̄σmM 0.93 0.03 0.86 0.97 | F:x̄σmM 26.8 10.0 12.0 56.0 | H 1.435 | V 0.814 | pL 0.010 | vL 0.001 | ∇ 0.017
U 224 | F 458752 | FPS 1485 | D 306 | rR:x̄σmM 0.94 0.02 0.88 0.97 | F:x̄σmM 24.4 8.3 11.0 48.0 | H 1.389 | V 0.812 | pL -0.005 | vL 0.001 | ∇ 0.018
U 225 | F 460800 | FPS 1482 | D 308 | rR:x̄σmM 0.94 0.02 0.87 0.98 | F:x̄σmM 23.7 8.7 10.0 52.0 | H 1.407 | V 0.827 | pL -0.013 | vL 0.001 | ∇ 0.015
U 226 | F 462848 | FPS 1474 | D 309 | rR:x̄σmM 0.94 0.02 0.87 0.97 | F:x̄σmM 24.4 7.9 12.0 54.0 | H 1.396 | V 0.828 | pL 0.003 | vL 0.001 | ∇ 0.015
U 227 | F 464896 | FPS 1514 | D 310 | rR:x̄σmM 0.94 0.02 0.87 0.97 | F:x̄σmM 23.9 7.3 12.0 53.0 | H 1.398 | V 0.830 | pL 0.002 | vL 0.001 | ∇ 0.015
U 228 | F 466944 | FPS 1499 | D 312 | rR:x̄σmM 0.94 0.02 0.88 0.97 | F:x̄σmM 25.7 8.0 12.0 48.0 | H 1.441 | V 0.821 | pL 0.001 | vL 0.001 | ∇ 0.019
U 229 | F 468992 | FPS 1515 | D 313 | rR:x̄σmM 0.94 0.02 0.88 0.97 | F:x̄σmM 25.1 8.2 11.0 49.0 | H 1.406 | V 0.814 | pL 0.006 | vL 0.001 | ∇ 0.016
U 230 | F 471040 | FPS 1510 | D 315 | rR:x̄σmM 0.94 0.02 0.82 0.97 | F:x̄σmM 25.0 9.4 11.0 72.0 | H 1.387 | V 0.822 | pL -0.008 | vL 0.001 | ∇ 0.016
Model successfully saved
U 231 | F 473088 | FPS 1483 | D 316 | rR:x̄σmM 0.94 0.02 0.89 0.98 | F:x̄σmM 23.3 7.1 10.0 43.0 | H 1.426 | V 0.822 | pL -0.003 | vL 0.001 | ∇ 0.020
U 232 | F 475136 | FPS 1505 | D 317 | rR:x̄σmM 0.94 0.03 0.72 0.97 | F:x̄σmM 24.9 12.5 11.0 113.0 | H 1.432 | V 0.822 | pL -0.003 | vL 0.001 | ∇ 0.016
U 233 | F 477184 | FPS 1501 | D 319 | rR:x̄σmM 0.94 0.02 0.88 0.98 | F:x̄σmM 23.1 7.5 9.0 47.0 | H 1.429 | V 0.835 | pL -0.004 | vL 0.001 | ∇ 0.014
U 234 | F 479232 | FPS 1497 | D 320 | rR:x̄σmM 0.94 0.02 0.89 0.97 | F:x̄σmM 23.2 7.2 11.0 43.0 | H 1.424 | V 0.835 | pL 0.006 | vL 0.001 | ∇ 0.016
U 235 | F 481280 | FPS 1516 | D 321 | rR:x̄σmM 0.93 0.02 0.86 0.97 | F:x̄σmM 26.1 9.0 13.0 56.0 | H 1.393 | V 0.816 | pL 0.009 | vL 0.001 | ∇ 0.018
U 236 | F 483328 | FPS 1494 | D 323 | rR:x̄σmM 0.94 0.02 0.88 0.97 | F:x̄σmM 23.9 7.7 12.0 48.0 | H 1.351 | V 0.818 | pL -0.005 | vL 0.001 | ∇ 0.020
U 237 | F 485376 | FPS 1505 | D 324 | rR:x̄σmM 0.94 0.02 0.86 0.97 | F:x̄σmM 24.3 8.8 11.0 56.0 | H 1.348 | V 0.821 | pL -0.006 | vL 0.001 | ∇ 0.019
U 238 | F 487424 | FPS 1508 | D 326 | rR:x̄σmM 0.94 0.02 0.87 0.97 | F:x̄σmM 23.7 8.2 11.0 52.0 | H 1.406 | V 0.832 | pL -0.008 | vL 0.001 | ∇ 0.016
U 239 | F 489472 | FPS 1482 | D 327 | rR:x̄σmM 0.94 0.02 0.89 0.98 | F:x̄σmM 23.3 7.4 9.0 44.0 | H 1.416 | V 0.830 | pL 0.005 | vL 0.001 | ∇ 0.014
U 240 | F 491520 | FPS 1511 | D 328 | rR:x̄σmM 0.94 0.02 0.87 0.98 | F:x̄σmM 25.1 7.4 10.0 54.0 | H 1.483 | V 0.821 | pL 0.004 | vL 0.001 | ∇ 0.016
Model successfully saved
U 241 | F 493568 | FPS 1524 | D 330 | rR:x̄σmM 0.93 0.03 0.83 0.97 | F:x̄σmM 28.5 11.4 12.0 67.0 | H 1.415 | V 0.806 | pL 0.013 | vL 0.001 | ∇ 0.018
U 242 | F 495616 | FPS 1486 | D 331 | rR:x̄σmM 0.94 0.02 0.86 0.98 | F:x̄σmM 25.0 8.7 8.0 55.0 | H 1.385 | V 0.817 | pL -0.006 | vL 0.001 | ∇ 0.023
U 243 | F 497664 | FPS 1507 | D 332 | rR:x̄σmM 0.94 0.02 0.87 0.97 | F:x̄σmM 25.5 8.8 11.0 54.0 | H 1.378 | V 0.814 | pL -0.009 | vL 0.001 | ∇ 0.018
U 244 | F 499712 | FPS 1481 | D 334 | rR:x̄σmM 0.94 0.02 0.89 0.97 | F:x̄σmM 22.9 7.0 11.0 42.0 | H 1.372 | V 0.828 | pL -0.011 | vL 0.001 | ∇ 0.013
U 245 | F 501760 | FPS 1483 | D 335 | rR:x̄σmM 0.94 0.02 0.85 0.97 | F:x̄σmM 23.6 9.0 11.0 62.0 | H 1.388 | V 0.831 | pL 0.002 | vL 0.001 | ∇ 0.017
U 246 | F 503808 | FPS 1475 | D 337 | rR:x̄σmM 0.94 0.02 0.88 0.98 | F:x̄σmM 24.5 7.7 9.0 50.0 | H 1.432 | V 0.826 | pL 0.007 | vL 0.001 | ∇ 0.016
U 247 | F 505856 | FPS 1492 | D 338 | rR:x̄σmM 0.94 0.02 0.88 0.97 | F:x̄σmM 25.9 8.6 12.0 49.0 | H 1.499 | V 0.820 | pL 0.007 | vL 0.001 | ∇ 0.015
U 248 | F 507904 | FPS 1502 | D 339 | rR:x̄σmM 0.93 0.03 0.83 0.97 | F:x̄σmM 28.0 10.8 11.0 66.0 | H 1.433 | V 0.797 | pL 0.006 | vL 0.002 | ∇ 0.022
U 249 | F 509952 | FPS 1518 | D 341 | rR:x̄σmM 0.94 0.02 0.87 0.98 | F:x̄σmM 24.2 8.9 10.0 52.0 | H 1.343 | V 0.817 | pL -0.014 | vL 0.002 | ∇ 0.026
U 250 | F 512000 | FPS 1481 | D 342 | rR:x̄σmM 0.94 0.02 0.88 0.97 | F:x̄σmM 22.9 7.4 11.0 49.0 | H 1.373 | V 0.825 | pL -0.014 | vL 0.001 | ∇ 0.015
Model successfully saved
U 251 | F 514048 | FPS 1506 | D 343 | rR:x̄σmM 0.94 0.02 0.88 0.97 | F:x̄σmM 23.2 8.1 11.0 50.0 | H 1.344 | V 0.839 | pL 0.003 | vL 0.001 | ∇ 0.018
U 252 | F 516096 | FPS 1496 | D 345 | rR:x̄σmM 0.94 0.02 0.90 0.98 | F:x̄σmM 23.2 6.3 8.0 39.0 | H 1.403 | V 0.839 | pL 0.006 | vL 0.001 | ∇ 0.013
U 253 | F 518144 | FPS 1468 | D 346 | rR:x̄σmM 0.94 0.02 0.89 0.98 | F:x̄σmM 24.1 7.4 10.0 43.0 | H 1.488 | V 0.833 | pL 0.011 | vL 0.001 | ∇ 0.012
U 254 | F 520192 | FPS 1524 | D 348 | rR:x̄σmM 0.93 0.02 0.87 0.98 | F:x̄σmM 26.3 8.5 10.0 54.0 | H 1.466 | V 0.819 | pL 0.014 | vL 0.001 | ∇ 0.017
U 255 | F 522240 | FPS 1507 | D 349 | rR:x̄σmM 0.93 0.03 0.83 0.97 | F:x̄σmM 29.0 10.5 11.0 67.0 | H 1.434 | V 0.795 | pL 0.012 | vL 0.002 | ∇ 0.023
U 256 | F 524288 | FPS 1502 | D 350 | rR:x̄σmM 0.93 0.03 0.77 0.97 | F:x̄σmM 27.0 10.6 12.0 91.0 | H 1.410 | V 0.812 | pL -0.005 | vL 0.001 | ∇ 0.014
U 257 | F 526336 | FPS 1487 | D 352 | rR:x̄σmM 0.94 0.02 0.88 0.97 | F:x̄σmM 24.2 7.9 12.0 46.0 | H 1.353 | V 0.821 | pL -0.011 | vL 0.001 | ∇ 0.014
U 258 | F 528384 | FPS 1476 | D 353 | rR:x̄σmM 0.94 0.02 0.88 0.97 | F:x̄σmM 22.8 7.7 11.0 49.0 | H 1.366 | V 0.831 | pL -0.005 | vL 0.001 | ∇ 0.015
U 259 | F 530432 | FPS 1486 | D 354 | rR:x̄σmM 0.94 0.02 0.87 0.97 | F:x̄σmM 25.2 8.0 11.0 54.0 | H 1.418 | V 0.824 | pL 0.001 | vL 0.001 | ∇ 0.014
U 260 | F 532480 | FPS 1478 | D 356 | rR:x̄σmM 0.94 0.02 0.89 0.97 | F:x̄σmM 24.5 6.7 12.0 43.0 | H 1.434 | V 0.829 | pL -0.002 | vL 0.001 | ∇ 0.012
Model successfully saved
U 261 | F 534528 | FPS 1465 | D 357 | rR:x̄σmM 0.94 0.02 0.87 0.97 | F:x̄σmM 25.9 8.7 12.0 52.0 | H 1.398 | V 0.820 | pL 0.007 | vL 0.001 | ∇ 0.014
U 262 | F 536576 | FPS 1488 | D 359 | rR:x̄σmM 0.94 0.02 0.89 0.97 | F:x̄σmM 24.1 8.2 12.0 45.0 | H 1.389 | V 0.822 | pL -0.003 | vL 0.001 | ∇ 0.016
U 263 | F 538624 | FPS 1469 | D 360 | rR:x̄σmM 0.94 0.02 0.89 0.98 | F:x̄σmM 23.7 7.9 10.0 44.0 | H 1.398 | V 0.822 | pL -0.001 | vL 0.001 | ∇ 0.016
U 264 | F 540672 | FPS 1497 | D 361 | rR:x̄σmM 0.94 0.02 0.87 0.97 | F:x̄σmM 25.4 8.5 13.0 54.0 | H 1.369 | V 0.822 | pL -0.005 | vL 0.001 | ∇ 0.017
U 265 | F 542720 | FPS 1494 | D 363 | rR:x̄σmM 0.94 0.02 0.88 0.97 | F:x̄σmM 23.8 7.1 12.0 47.0 | H 1.376 | V 0.822 | pL -0.006 | vL 0.001 | ∇ 0.017
U 266 | F 544768 | FPS 1482 | D 364 | rR:x̄σmM 0.94 0.02 0.88 0.97 | F:x̄σmM 23.3 7.3 11.0 47.0 | H 1.367 | V 0.833 | pL -0.007 | vL 0.001 | ∇ 0.014
U 267 | F 546816 | FPS 1501 | D 365 | rR:x̄σmM 0.94 0.02 0.86 0.98 | F:x̄σmM 24.6 7.4 9.0 58.0 | H 1.362 | V 0.828 | pL -0.002 | vL 0.001 | ∇ 0.015
U 268 | F 548864 | FPS 1488 | D 367 | rR:x̄σmM 0.94 0.02 0.90 0.97 | F:x̄σmM 23.6 7.0 11.0 40.0 | H 1.437 | V 0.826 | pL -0.002 | vL 0.001 | ∇ 0.014
U 269 | F 550912 | FPS 1509 | D 368 | rR:x̄σmM 0.94 0.02 0.86 0.98 | F:x̄σmM 25.8 7.7 10.0 55.0 | H 1.405 | V 0.822 | pL 0.006 | vL 0.001 | ∇ 0.016
U 270 | F 552960 | FPS 1484 | D 370 | rR:x̄σmM 0.94 0.02 0.88 0.98 | F:x̄σmM 25.2 7.8 10.0 47.0 | H 1.459 | V 0.821 | pL 0.004 | vL 0.001 | ∇ 0.017
Model successfully saved
U 271 | F 555008 | FPS 1470 | D 371 | rR:x̄σmM 0.94 0.02 0.87 0.98 | F:x̄σmM 25.7 9.3 9.0 54.0 | H 1.449 | V 0.821 | pL 0.005 | vL 0.001 | ∇ 0.018
U 272 | F 557056 | FPS 1489 | D 372 | rR:x̄σmM 0.94 0.02 0.85 0.97 | F:x̄σmM 25.3 9.5 12.0 60.0 | H 1.381 | V 0.811 | pL -0.003 | vL 0.001 | ∇ 0.016
U 273 | F 559104 | FPS 1500 | D 374 | rR:x̄σmM 0.94 0.02 0.85 0.97 | F:x̄σmM 25.1 8.8 11.0 62.0 | H 1.383 | V 0.818 | pL -0.011 | vL 0.001 | ∇ 0.016
U 274 | F 561152 | FPS 1475 | D 375 | rR:x̄σmM 0.94 0.02 0.89 0.98 | F:x̄σmM 22.8 7.0 9.0 44.0 | H 1.369 | V 0.832 | pL -0.008 | vL 0.001 | ∇ 0.014
U 275 | F 563200 | FPS 1512 | D 376 | rR:x̄σmM 0.94 0.02 0.87 0.98 | F:x̄σmM 25.0 8.0 9.0 52.0 | H 1.369 | V 0.826 | pL 0.005 | vL 0.001 | ∇ 0.018
U 276 | F 565248 | FPS 1499 | D 378 | rR:x̄σmM 0.94 0.02 0.86 0.98 | F:x̄σmM 22.9 7.5 10.0 56.0 | H 1.439 | V 0.838 | pL -0.000 | vL 0.001 | ∇ 0.015
U 277 | F 567296 | FPS 1527 | D 379 | rR:x̄σmM 0.93 0.02 0.86 0.96 | F:x̄σmM 26.5 8.6 15.0 57.0 | H 1.453 | V 0.822 | pL 0.017 | vL 0.001 | ∇ 0.017
U 278 | F 569344 | FPS 1492 | D 381 | rR:x̄σmM 0.94 0.02 0.87 0.97 | F:x̄σmM 25.9 8.8 12.0 52.0 | H 1.419 | V 0.814 | pL -0.000 | vL 0.001 | ∇ 0.016
U 279 | F 571392 | FPS 1481 | D 382 | rR:x̄σmM 0.94 0.02 0.89 0.96 | F:x̄σmM 25.9 8.1 14.0 43.0 | H 1.411 | V 0.813 | pL 0.001 | vL 0.001 | ∇ 0.019
U 280 | F 573440 | FPS 1497 | D 383 | rR:x̄σmM 0.94 0.02 0.88 0.97 | F:x̄σmM 24.7 8.7 11.0 47.0 | H 1.387 | V 0.822 | pL -0.001 | vL 0.001 | ∇ 0.016
Model successfully saved
U 281 | F 575488 | FPS 1506 | D 385 | rR:x̄σmM 0.94 0.02 0.88 0.97 | F:x̄σmM 24.1 7.4 11.0 47.0 | H 1.447 | V 0.825 | pL -0.005 | vL 0.001 | ∇ 0.015
U 282 | F 577536 | FPS 1507 | D 386 | rR:x̄σmM 0.94 0.02 0.86 0.97 | F:x̄σmM 24.4 7.8 12.0 55.0 | H 1.465 | V 0.822 | pL -0.000 | vL 0.001 | ∇ 0.017
U 283 | F 579584 | FPS 1513 | D 387 | rR:x̄σmM 0.93 0.02 0.88 0.97 | F:x̄σmM 26.1 8.2 12.0 46.0 | H 1.460 | V 0.808 | pL 0.002 | vL 0.001 | ∇ 0.018
U 284 | F 581632 | FPS 1497 | D 389 | rR:x̄σmM 0.93 0.02 0.87 0.98 | F:x̄σmM 27.3 9.3 10.0 53.0 | H 1.411 | V 0.804 | pL 0.001 | vL 0.001 | ∇ 0.016
U 285 | F 583680 | FPS 1495 | D 390 | rR:x̄σmM 0.93 0.02 0.85 0.97 | F:x̄σmM 27.0 9.6 11.0 59.0 | H 1.368 | V 0.812 | pL -0.002 | vL 0.001 | ∇ 0.017
U 286 | F 585728 | FPS 1510 | D 392 | rR:x̄σmM 0.94 0.02 0.88 0.97 | F:x̄σmM 23.8 7.3 12.0 49.0 | H 1.409 | V 0.828 | pL -0.006 | vL 0.001 | ∇ 0.018
U 287 | F 587776 | FPS 1500 | D 393 | rR:x̄σmM 0.94 0.02 0.87 0.98 | F:x̄σmM 23.9 8.7 10.0 52.0 | H 1.395 | V 0.826 | pL 0.002 | vL 0.001 | ∇ 0.014
U 288 | F 589824 | FPS 1515 | D 394 | rR:x̄σmM 0.94 0.02 0.81 0.97 | F:x̄σmM 24.3 9.6 11.0 75.0 | H 1.415 | V 0.824 | pL 0.003 | vL 0.001 | ∇ 0.021
U 289 | F 591872 | FPS 1513 | D 396 | rR:x̄σmM 0.93 0.02 0.88 0.97 | F:x̄σmM 26.1 8.1 12.0 47.0 | H 1.452 | V 0.815 | pL 0.004 | vL 0.001 | ∇ 0.018
U 290 | F 593920 | FPS 1496 | D 397 | rR:x̄σmM 0.93 0.02 0.88 0.98 | F:x̄σmM 26.5 7.8 9.0 47.0 | H 1.427 | V 0.819 | pL -0.002 | vL 0.001 | ∇ 0.014
Model successfully saved
U 291 | F 595968 | FPS 1515 | D 398 | rR:x̄σmM 0.94 0.02 0.87 0.97 | F:x̄σmM 24.2 8.3 11.0 53.0 | H 1.386 | V 0.820 | pL -0.004 | vL 0.001 | ∇ 0.014
U 292 | F 598016 | FPS 1490 | D 400 | rR:x̄σmM 0.94 0.02 0.87 0.98 | F:x̄σmM 25.3 8.1 10.0 52.0 | H 1.397 | V 0.816 | pL -0.006 | vL 0.001 | ∇ 0.015
U 293 | F 600064 | FPS 1485 | D 401 | rR:x̄σmM 0.94 0.02 0.90 0.97 | F:x̄σmM 24.2 7.9 11.0 41.0 | H 1.380 | V 0.822 | pL -0.006 | vL 0.001 | ∇ 0.016
U 294 | F 602112 | FPS 1466 | D 403 | rR:x̄σmM 0.94 0.02 0.89 0.97 | F:x̄σmM 23.2 6.7 11.0 42.0 | H 1.372 | V 0.835 | pL -0.004 | vL 0.001 | ∇ 0.012
U 295 | F 604160 | FPS 1503 | D 404 | rR:x̄σmM 0.94 0.02 0.89 0.97 | F:x̄σmM 22.7 6.7 11.0 43.0 | H 1.465 | V 0.834 | pL -0.004 | vL 0.001 | ∇ 0.015
U 296 | F 606208 | FPS 1508 | D 405 | rR:x̄σmM 0.94 0.02 0.86 0.97 | F:x̄σmM 25.4 8.9 11.0 55.0 | H 1.432 | V 0.821 | pL 0.006 | vL 0.001 | ∇ 0.014
U 297 | F 608256 | FPS 1483 | D 407 | rR:x̄σmM 0.94 0.02 0.88 0.97 | F:x̄σmM 24.9 7.5 11.0 47.0 | H 1.423 | V 0.821 | pL -0.001 | vL 0.001 | ∇ 0.014
U 298 | F 610304 | FPS 1316 | D 408 | rR:x̄σmM 0.94 0.02 0.87 0.97 | F:x̄σmM 25.1 9.0 13.0 53.0 | H 1.423 | V 0.818 | pL -0.005 | vL 0.001 | ∇ 0.015
U 299 | F 612352 | FPS 1526 | D 410 | rR:x̄σmM 0.94 0.02 0.86 0.98 | F:x̄σmM 24.1 8.6 10.0 57.0 | H 1.396 | V 0.821 | pL -0.007 | vL 0.001 | ∇ 0.013
U 300 | F 614400 | FPS 1501 | D 411 | rR:x̄σmM 0.94 0.02 0.88 0.98 | F:x̄σmM 23.4 6.9 9.0 47.0 | H 1.406 | V 0.830 | pL -0.002 | vL 0.001 | ∇ 0.016
Model successfully saved
U 301 | F 616448 | FPS 1521 | D 412 | rR:x̄σmM 0.94 0.02 0.89 0.97 | F:x̄σmM 24.3 7.7 11.0 43.0 | H 1.500 | V 0.831 | pL 0.005 | vL 0.001 | ∇ 0.016
U 302 | F 618496 | FPS 1514 | D 414 | rR:x̄σmM 0.93 0.02 0.88 0.97 | F:x̄σmM 26.4 8.3 12.0 47.0 | H 1.513 | V 0.826 | pL 0.018 | vL 0.001 | ∇ 0.017
U 303 | F 620544 | FPS 1497 | D 415 | rR:x̄σmM 0.92 0.03 0.77 0.98 | F:x̄σmM 30.9 12.8 10.0 93.0 | H 1.544 | V 0.787 | pL 0.021 | vL 0.002 | ∇ 0.028
U 304 | F 622592 | FPS 1519 | D 416 | rR:x̄σmM 0.91 0.03 0.82 0.97 | F:x̄σmM 34.3 13.5 11.0 73.0 | H 1.508 | V 0.762 | pL 0.013 | vL 0.002 | ∇ 0.031
U 305 | F 624640 | FPS 1491 | D 418 | rR:x̄σmM 0.93 0.03 0.82 0.98 | F:x̄σmM 29.3 11.9 10.0 73.0 | H 1.423 | V 0.787 | pL -0.011 | vL 0.002 | ∇ 0.020
U 306 | F 626688 | FPS 1475 | D 419 | rR:x̄σmM 0.94 0.02 0.85 0.97 | F:x̄σmM 24.9 9.8 11.0 62.0 | H 1.380 | V 0.802 | pL -0.018 | vL 0.001 | ∇ 0.018
U 307 | F 628736 | FPS 1480 | D 420 | rR:x̄σmM 0.94 0.02 0.88 0.98 | F:x̄σmM 23.2 7.2 10.0 46.0 | H 1.381 | V 0.836 | pL -0.015 | vL 0.001 | ∇ 0.016
U 308 | F 630784 | FPS 1513 | D 422 | rR:x̄σmM 0.94 0.02 0.88 0.98 | F:x̄σmM 24.2 7.7 9.0 46.0 | H 1.402 | V 0.831 | pL 0.005 | vL 0.001 | ∇ 0.017
U 309 | F 632832 | FPS 1527 | D 423 | rR:x̄σmM 0.94 0.02 0.87 0.98 | F:x̄σmM 25.3 9.4 10.0 53.0 | H 1.388 | V 0.819 | pL 0.005 | vL 0.001 | ∇ 0.019
U 310 | F 634880 | FPS 1522 | D 425 | rR:x̄σmM 0.94 0.02 0.90 0.98 | F:x̄σmM 24.2 7.2 7.0 41.0 | H 1.401 | V 0.820 | pL 0.004 | vL 0.001 | ∇ 0.014
Model successfully saved
U 311 | F 636928 | FPS 1514 | D 426 | rR:x̄σmM 0.94 0.02 0.83 0.97 | F:x̄σmM 24.4 9.1 11.0 67.0 | H 1.427 | V 0.829 | pL -0.001 | vL 0.001 | ∇ 0.013
U 312 | F 638976 | FPS 1517 | D 427 | rR:x̄σmM 0.94 0.02 0.87 0.98 | F:x̄σmM 24.2 8.9 9.0 52.0 | H 1.433 | V 0.829 | pL 0.005 | vL 0.001 | ∇ 0.017
U 313 | F 641024 | FPS 1522 | D 429 | rR:x̄σmM 0.94 0.02 0.89 0.97 | F:x̄σmM 25.0 7.0 11.0 42.0 | H 1.421 | V 0.826 | pL 0.002 | vL 0.001 | ∇ 0.013
U 314 | F 643072 | FPS 1502 | D 430 | rR:x̄σmM 0.93 0.03 0.84 0.98 | F:x̄σmM 26.0 10.6 10.0 64.0 | H 1.431 | V 0.812 | pL 0.006 | vL 0.001 | ∇ 0.018
U 315 | F 645120 | FPS 1524 | D 431 | rR:x̄σmM 0.94 0.02 0.85 0.97 | F:x̄σmM 24.4 8.4 11.0 62.0 | H 1.384 | V 0.820 | pL -0.006 | vL 0.001 | ∇ 0.019
U 316 | F 647168 | FPS 1525 | D 433 | rR:x̄σmM 0.94 0.02 0.88 0.97 | F:x̄σmM 24.5 7.9 11.0 46.0 | H 1.456 | V 0.816 | pL 0.009 | vL 0.001 | ∇ 0.026
U 317 | F 649216 | FPS 1510 | D 434 | rR:x̄σmM 0.93 0.04 0.61 0.97 | F:x̄σmM 26.7 16.4 13.0 155.0 | H 1.436 | V 0.816 | pL -0.001 | vL 0.002 | ∇ 0.016
U 318 | F 651264 | FPS 1514 | D 435 | rR:x̄σmM 0.93 0.02 0.87 0.97 | F:x̄σmM 26.6 9.9 11.0 52.0 | H 1.430 | V 0.809 | pL 0.005 | vL 0.001 | ∇ 0.017
U 319 | F 653312 | FPS 1499 | D 437 | rR:x̄σmM 0.93 0.02 0.85 0.97 | F:x̄σmM 27.2 9.2 11.0 60.0 | H 1.397 | V 0.803 | pL 0.004 | vL 0.001 | ∇ 0.023
U 320 | F 655360 | FPS 1499 | D 438 | rR:x̄σmM 0.94 0.02 0.88 0.97 | F:x̄σmM 25.6 8.6 11.0 50.0 | H 1.373 | V 0.813 | pL -0.013 | vL 0.001 | ∇ 0.014
Model successfully saved
U 321 | F 657408 | FPS 1507 | D 439 | rR:x̄σmM 0.94 0.02 0.88 0.97 | F:x̄σmM 23.5 7.2 12.0 47.0 | H 1.368 | V 0.823 | pL -0.010 | vL 0.001 | ∇ 0.016
U 322 | F 659456 | FPS 1475 | D 441 | rR:x̄σmM 0.94 0.02 0.85 0.98 | F:x̄σmM 23.2 9.1 10.0 61.0 | H 1.378 | V 0.836 | pL -0.003 | vL 0.001 | ∇ 0.014
U 323 | F 661504 | FPS 1522 | D 442 | rR:x̄σmM 0.94 0.02 0.88 0.97 | F:x̄σmM 23.1 7.8 11.0 48.0 | H 1.380 | V 0.832 | pL 0.005 | vL 0.001 | ∇ 0.016
U 324 | F 663552 | FPS 1518 | D 444 | rR:x̄σmM 0.94 0.02 0.83 0.97 | F:x̄σmM 23.5 7.9 12.0 67.0 | H 1.386 | V 0.837 | pL -0.001 | vL 0.001 | ∇ 0.013
U 325 | F 665600 | FPS 1506 | D 445 | rR:x̄σmM 0.94 0.02 0.88 0.97 | F:x̄σmM 24.8 8.3 11.0 46.0 | H 1.389 | V 0.821 | pL 0.006 | vL 0.001 | ∇ 0.016
U 326 | F 667648 | FPS 1527 | D 446 | rR:x̄σmM 0.94 0.02 0.85 0.97 | F:x̄σmM 25.2 9.2 12.0 62.0 | H 1.434 | V 0.821 | pL -0.002 | vL 0.001 | ∇ 0.013
U 327 | F 669696 | FPS 1499 | D 448 | rR:x̄σmM 0.94 0.02 0.90 0.97 | F:x̄σmM 23.0 6.5 12.0 39.0 | H 1.422 | V 0.836 | pL -0.004 | vL 0.001 | ∇ 0.013
U 328 | F 671744 | FPS 1480 | D 449 | rR:x̄σmM 0.94 0.02 0.88 0.97 | F:x̄σmM 24.5 6.5 12.0 47.0 | H 1.477 | V 0.831 | pL 0.007 | vL 0.001 | ∇ 0.012
U 329 | F 673792 | FPS 1523 | D 450 | rR:x̄σmM 0.93 0.03 0.86 0.97 | F:x̄σmM 27.2 10.4 11.0 55.0 | H 1.430 | V 0.813 | pL 0.013 | vL 0.002 | ∇ 0.018
U 330 | F 675840 | FPS 1495 | D 452 | rR:x̄σmM 0.94 0.02 0.86 0.98 | F:x̄σmM 25.1 9.0 9.0 57.0 | H 1.386 | V 0.809 | pL -0.010 | vL 0.001 | ∇ 0.019
Model successfully saved
U 331 | F 677888 | FPS 1502 | D 453 | rR:x̄σmM 0.94 0.02 0.88 0.98 | F:x̄σmM 24.2 9.3 8.0 50.0 | H 1.338 | V 0.813 | pL -0.011 | vL 0.001 | ∇ 0.018
U 332 | F 679936 | FPS 1504 | D 455 | rR:x̄σmM 0.94 0.02 0.85 0.98 | F:x̄σmM 23.5 8.7 10.0 59.0 | H 1.412 | V 0.830 | pL -0.007 | vL 0.001 | ∇ 0.015
U 333 | F 681984 | FPS 1489 | D 456 | rR:x̄σmM 0.94 0.02 0.86 0.97 | F:x̄σmM 24.9 7.3 11.0 55.0 | H 1.437 | V 0.833 | pL 0.011 | vL 0.001 | ∇ 0.015
U 334 | F 684032 | FPS 1510 | D 457 | rR:x̄σmM 0.93 0.02 0.87 0.97 | F:x̄σmM 27.0 9.5 11.0 53.0 | H 1.429 | V 0.813 | pL 0.012 | vL 0.001 | ∇ 0.016
U 335 | F 686080 | FPS 1511 | D 459 | rR:x̄σmM 0.94 0.02 0.88 0.97 | F:x̄σmM 24.5 8.1 13.0 50.0 | H 1.413 | V 0.816 | pL 0.002 | vL 0.001 | ∇ 0.016
U 336 | F 688128 | FPS 1488 | D 460 | rR:x̄σmM 0.93 0.03 0.80 0.97 | F:x̄σmM 26.2 11.0 11.0 80.0 | H 1.397 | V 0.814 | pL -0.002 | vL 0.001 | ∇ 0.020
U 337 | F 690176 | FPS 1517 | D 461 | rR:x̄σmM 0.94 0.02 0.88 0.98 | F:x̄σmM 24.3 8.6 10.0 50.0 | H 1.364 | V 0.815 | pL -0.014 | vL 0.001 | ∇ 0.017
U 338 | F 692224 | FPS 1526 | D 463 | rR:x̄σmM 0.94 0.02 0.87 0.97 | F:x̄σmM 23.8 7.7 11.0 52.0 | H 1.368 | V 0.827 | pL -0.009 | vL 0.001 | ∇ 0.014
U 339 | F 694272 | FPS 1510 | D 464 | rR:x̄σmM 0.94 0.02 0.88 0.97 | F:x̄σmM 24.2 7.5 13.0 46.0 | H 1.424 | V 0.826 | pL 0.004 | vL 0.001 | ∇ 0.012
U 340 | F 696320 | FPS 1506 | D 465 | rR:x̄σmM 0.94 0.02 0.86 0.98 | F:x̄σmM 25.6 9.2 8.0 57.0 | H 1.416 | V 0.821 | pL 0.005 | vL 0.001 | ∇ 0.016
Model successfully saved
U 341 | F 698368 | FPS 1492 | D 467 | rR:x̄σmM 0.94 0.02 0.88 0.98 | F:x̄σmM 24.0 8.2 9.0 48.0 | H 1.418 | V 0.824 | pL -0.002 | vL 0.001 | ∇ 0.013
U 342 | F 700416 | FPS 1500 | D 468 | rR:x̄σmM 0.94 0.02 0.87 0.97 | F:x̄σmM 23.8 7.8 11.0 53.0 | H 1.401 | V 0.831 | pL -0.003 | vL 0.001 | ∇ 0.016
U 343 | F 702464 | FPS 1514 | D 470 | rR:x̄σmM 0.94 0.02 0.88 0.97 | F:x̄σmM 25.5 8.0 13.0 47.0 | H 1.419 | V 0.818 | pL 0.004 | vL 0.001 | ∇ 0.016
U 344 | F 704512 | FPS 1500 | D 471 | rR:x̄σmM 0.94 0.02 0.80 0.97 | F:x̄σmM 25.3 9.9 12.0 80.0 | H 1.410 | V 0.828 | pL 0.006 | vL 0.001 | ∇ 0.013
U 345 | F 706560 | FPS 1521 | D 472 | rR:x̄σmM 0.94 0.02 0.86 0.97 | F:x̄σmM 25.4 8.1 12.0 55.0 | H 1.469 | V 0.817 | pL 0.004 | vL 0.001 | ∇ 0.014
U 346 | F 708608 | FPS 1529 | D 474 | rR:x̄σmM 0.93 0.02 0.85 0.97 | F:x̄σmM 26.3 8.9 12.0 62.0 | H 1.421 | V 0.818 | pL 0.003 | vL 0.001 | ∇ 0.020
U 347 | F 710656 | FPS 1496 | D 475 | rR:x̄σmM 0.94 0.02 0.87 0.98 | F:x̄σmM 24.7 8.2 10.0 54.0 | H 1.438 | V 0.822 | pL 0.001 | vL 0.001 | ∇ 0.014
U 348 | F 712704 | FPS 1500 | D 476 | rR:x̄σmM 0.93 0.02 0.88 0.96 | F:x̄σmM 26.8 7.8 14.0 49.0 | H 1.446 | V 0.810 | pL 0.003 | vL 0.001 | ∇ 0.020
U 349 | F 714752 | FPS 1514 | D 478 | rR:x̄σmM 0.94 0.02 0.85 0.97 | F:x̄σmM 25.8 8.8 11.0 59.0 | H 1.406 | V 0.815 | pL -0.010 | vL 0.001 | ∇ 0.013
U 350 | F 716800 | FPS 1501 | D 479 | rR:x̄σmM 0.94 0.02 0.88 0.97 | F:x̄σmM 23.8 7.3 11.0 49.0 | H 1.415 | V 0.823 | pL -0.010 | vL 0.001 | ∇ 0.015
Model successfully saved
U 351 | F 718848 | FPS 1508 | D 480 | rR:x̄σmM 0.94 0.02 0.90 0.98 | F:x̄σmM 24.9 6.9 10.0 41.0 | H 1.455 | V 0.828 | pL 0.005 | vL 0.001 | ∇ 0.014
U 352 | F 720896 | FPS 1507 | D 482 | rR:x̄σmM 0.93 0.02 0.88 0.97 | F:x̄σmM 26.0 8.0 12.0 49.0 | H 1.440 | V 0.819 | pL 0.006 | vL 0.001 | ∇ 0.014
U 353 | F 722944 | FPS 1479 | D 483 | rR:x̄σmM 0.94 0.02 0.88 0.97 | F:x̄σmM 24.8 8.7 11.0 49.0 | H 1.468 | V 0.817 | pL 0.007 | vL 0.001 | ∇ 0.018
U 354 | F 724992 | FPS 1519 | D 485 | rR:x̄σmM 0.93 0.03 0.81 0.97 | F:x̄σmM 27.9 11.0 12.0 78.0 | H 1.438 | V 0.813 | pL 0.006 | vL 0.001 | ∇ 0.017
U 355 | F 727040 | FPS 1493 | D 486 | rR:x̄σmM 0.94 0.03 0.86 0.98 | F:x̄σmM 25.1 10.6 10.0 55.0 | H 1.357 | V 0.812 | pL -0.002 | vL 0.001 | ∇ 0.014
U 356 | F 729088 | FPS 1514 | D 487 | rR:x̄σmM 0.94 0.02 0.88 0.97 | F:x̄σmM 24.2 8.0 11.0 48.0 | H 1.398 | V 0.823 | pL -0.009 | vL 0.001 | ∇ 0.023
U 357 | F 731136 | FPS 1507 | D 489 | rR:x̄σmM 0.95 0.02 0.86 0.98 | F:x̄σmM 21.7 7.4 9.0 57.0 | H 1.418 | V 0.845 | pL 0.002 | vL 0.001 | ∇ 0.018
U 358 | F 733184 | FPS 1494 | D 490 | rR:x̄σmM 0.94 0.02 0.88 0.97 | F:x̄σmM 24.6 8.2 12.0 50.0 | H 1.434 | V 0.832 | pL 0.013 | vL 0.001 | ∇ 0.015
U 359 | F 735232 | FPS 1521 | D 491 | rR:x̄σmM 0.94 0.02 0.88 0.97 | F:x̄σmM 24.5 8.2 12.0 46.0 | H 1.422 | V 0.821 | pL -0.001 | vL 0.001 | ∇ 0.016
U 360 | F 737280 | FPS 1513 | D 493 | rR:x̄σmM 0.94 0.02 0.88 0.97 | F:x̄σmM 25.8 8.6 12.0 50.0 | H 1.368 | V 0.818 | pL 0.008 | vL 0.001 | ∇ 0.021
Model successfully saved
U 361 | F 739328 | FPS 1496 | D 494 | rR:x̄σmM 0.94 0.02 0.87 0.97 | F:x̄σmM 24.6 8.3 12.0 51.0 | H 1.384 | V 0.821 | pL -0.010 | vL 0.001 | ∇ 0.014
U 362 | F 741376 | FPS 1505 | D 495 | rR:x̄σmM 0.94 0.02 0.85 0.97 | F:x̄σmM 23.7 9.2 13.0 61.0 | H 1.373 | V 0.829 | pL -0.005 | vL 0.001 | ∇ 0.013
U 363 | F 743424 | FPS 1483 | D 497 | rR:x̄σmM 0.94 0.02 0.89 0.97 | F:x̄σmM 22.8 6.6 13.0 45.0 | H 1.406 | V 0.834 | pL -0.001 | vL 0.001 | ∇ 0.011
U 364 | F 745472 | FPS 1488 | D 498 | rR:x̄σmM 0.94 0.02 0.89 0.97 | F:x̄σmM 24.1 7.3 11.0 44.0 | H 1.384 | V 0.829 | pL 0.005 | vL 0.001 | ∇ 0.018
U 365 | F 747520 | FPS 1497 | D 500 | rR:x̄σmM 0.94 0.02 0.89 0.97 | F:x̄σmM 23.5 6.5 12.0 44.0 | H 1.449 | V 0.832 | pL -0.001 | vL 0.001 | ∇ 0.015
U 366 | F 749568 | FPS 1495 | D 501 | rR:x̄σmM 0.94 0.02 0.89 0.97 | F:x̄σmM 25.1 7.6 11.0 43.0 | H 1.487 | V 0.818 | pL 0.003 | vL 0.001 | ∇ 0.014
U 367 | F 751616 | FPS 1513 | D 502 | rR:x̄σmM 0.93 0.02 0.85 0.97 | F:x̄σmM 27.6 9.6 11.0 59.0 | H 1.417 | V 0.812 | pL 0.008 | vL 0.001 | ∇ 0.015
U 368 | F 753664 | FPS 1498 | D 504 | rR:x̄σmM 0.94 0.02 0.89 0.97 | F:x̄σmM 24.2 7.5 11.0 45.0 | H 1.399 | V 0.822 | pL -0.011 | vL 0.001 | ∇ 0.018
U 369 | F 755712 | FPS 1498 | D 505 | rR:x̄σmM 0.94 0.02 0.89 0.98 | F:x̄σmM 23.3 7.1 9.0 45.0 | H 1.409 | V 0.835 | pL 0.001 | vL 0.001 | ∇ 0.012
U 370 | F 757760 | FPS 1504 | D 506 | rR:x̄σmM 0.94 0.02 0.86 0.97 | F:x̄σmM 25.2 9.0 11.0 55.0 | H 1.373 | V 0.821 | pL 0.006 | vL 0.001 | ∇ 0.014
Model successfully saved
U 371 | F 759808 | FPS 1491 | D 508 | rR:x̄σmM 0.94 0.02 0.88 0.98 | F:x̄σmM 24.0 8.3 8.0 47.0 | H 1.361 | V 0.819 | pL -0.003 | vL 0.001 | ∇ 0.017
U 372 | F 761856 | FPS 1504 | D 509 | rR:x̄σmM 0.94 0.02 0.89 0.97 | F:x̄σmM 23.7 7.4 11.0 45.0 | H 1.333 | V 0.826 | pL -0.007 | vL 0.001 | ∇ 0.016
U 373 | F 763904 | FPS 1526 | D 511 | rR:x̄σmM 0.94 0.02 0.86 0.98 | F:x̄σmM 23.1 7.8 10.0 57.0 | H 1.383 | V 0.836 | pL -0.006 | vL 0.001 | ∇ 0.013
U 374 | F 765952 | FPS 1512 | D 512 | rR:x̄σmM 0.94 0.01 0.89 0.96 | F:x̄σmM 24.8 5.5 15.0 45.0 | H 1.429 | V 0.830 | pL 0.006 | vL 0.001 | ∇ 0.013
U 375 | F 768000 | FPS 1536 | D 513 | rR:x̄σmM 0.94 0.02 0.90 0.96 | F:x̄σmM 24.5 6.1 14.0 40.0 | H 1.480 | V 0.830 | pL 0.004 | vL 0.001 | ∇ 0.014
U 376 | F 770048 | FPS 1525 | D 515 | rR:x̄σmM 0.93 0.02 0.88 0.97 | F:x̄σmM 26.5 7.5 13.0 50.0 | H 1.493 | V 0.821 | pL 0.010 | vL 0.001 | ∇ 0.014
U 377 | F 772096 | FPS 1504 | D 516 | rR:x̄σmM 0.93 0.02 0.88 0.97 | F:x̄σmM 27.3 8.2 12.0 50.0 | H 1.454 | V 0.805 | pL 0.005 | vL 0.001 | ∇ 0.014
U 378 | F 774144 | FPS 1523 | D 517 | rR:x̄σmM 0.93 0.02 0.88 0.97 | F:x̄σmM 26.7 8.5 12.0 47.0 | H 1.422 | V 0.804 | pL -0.010 | vL 0.001 | ∇ 0.017
U 379 | F 776192 | FPS 1534 | D 519 | rR:x̄σmM 0.94 0.02 0.87 0.97 | F:x̄σmM 24.7 8.4 12.0 51.0 | H 1.348 | V 0.814 | pL -0.013 | vL 0.001 | ∇ 0.021
U 380 | F 778240 | FPS 1511 | D 520 | rR:x̄σmM 0.94 0.02 0.86 0.98 | F:x̄σmM 22.8 8.2 10.0 57.0 | H 1.359 | V 0.832 | pL -0.016 | vL 0.001 | ∇ 0.016
Model successfully saved
U 381 | F 780288 | FPS 1530 | D 521 | rR:x̄σmM 0.95 0.01 0.89 0.98 | F:x̄σmM 21.3 6.0 9.0 43.0 | H 1.421 | V 0.848 | pL -0.006 | vL 0.001 | ∇ 0.013
U 382 | F 782336 | FPS 1514 | D 523 | rR:x̄σmM 0.94 0.02 0.88 0.97 | F:x̄σmM 25.7 7.8 12.0 47.0 | H 1.401 | V 0.823 | pL 0.013 | vL 0.001 | ∇ 0.016
U 383 | F 784384 | FPS 1505 | D 524 | rR:x̄σmM 0.94 0.02 0.88 0.97 | F:x̄σmM 24.2 6.6 12.0 46.0 | H 1.449 | V 0.825 | pL -0.001 | vL 0.001 | ∇ 0.014
U 384 | F 786432 | FPS 1528 | D 525 | rR:x̄σmM 0.94 0.02 0.82 0.98 | F:x̄σmM 25.1 9.4 9.0 72.0 | H 1.411 | V 0.830 | pL 0.006 | vL 0.001 | ∇ 0.018
U 385 | F 788480 | FPS 1503 | D 527 | rR:x̄σmM 0.94 0.02 0.87 0.97 | F:x̄σmM 25.7 8.4 13.0 54.0 | H 1.431 | V 0.810 | pL 0.004 | vL 0.001 | ∇ 0.016
U 386 | F 790528 | FPS 1503 | D 528 | rR:x̄σmM 0.94 0.02 0.86 0.97 | F:x̄σmM 24.7 9.0 12.0 57.0 | H 1.374 | V 0.824 | pL -0.005 | vL 0.001 | ∇ 0.018
U 387 | F 792576 | FPS 1517 | D 529 | rR:x̄σmM 0.94 0.02 0.87 0.97 | F:x̄σmM 23.4 8.4 11.0 53.0 | H 1.393 | V 0.836 | pL 0.003 | vL 0.001 | ∇ 0.016
U 388 | F 794624 | FPS 1508 | D 531 | rR:x̄σmM 0.94 0.02 0.88 0.97 | F:x̄σmM 23.6 6.7 13.0 47.0 | H 1.421 | V 0.828 | pL 0.003 | vL 0.001 | ∇ 0.013
U 389 | F 796672 | FPS 1506 | D 532 | rR:x̄σmM 0.94 0.02 0.86 0.97 | F:x̄σmM 25.4 8.6 13.0 58.0 | H 1.450 | V 0.821 | pL 0.002 | vL 0.001 | ∇ 0.013
U 390 | F 798720 | FPS 1517 | D 534 | rR:x̄σmM 0.94 0.02 0.88 0.97 | F:x̄σmM 25.1 7.3 12.0 46.0 | H 1.359 | V 0.815 | pL -0.006 | vL 0.001 | ∇ 0.016
Model successfully saved
U 391 | F 800768 | FPS 1501 | D 535 | rR:x̄σmM 0.94 0.02 0.88 0.97 | F:x̄σmM 23.9 8.8 11.0 48.0 | H 1.391 | V 0.823 | pL -0.009 | vL 0.001 | ∇ 0.014
U 392 | F 802816 | FPS 1510 | D 536 | rR:x̄σmM 0.94 0.02 0.84 0.98 | F:x̄σmM 22.8 8.3 9.0 65.0 | H 1.353 | V 0.835 | pL -0.003 | vL 0.001 | ∇ 0.016
U 393 | F 804864 | FPS 1489 | D 538 | rR:x̄σmM 0.94 0.02 0.89 0.97 | F:x̄σmM 23.9 7.2 12.0 42.0 | H 1.416 | V 0.826 | pL 0.001 | vL 0.001 | ∇ 0.012
U 394 | F 806912 | FPS 1442 | D 539 | rR:x̄σmM 0.94 0.02 0.88 0.97 | F:x̄σmM 23.2 6.9 12.0 48.0 | H 1.433 | V 0.838 | pL 0.001 | vL 0.001 | ∇ 0.014
U 395 | F 808960 | FPS 1327 | D 541 | rR:x̄σmM 0.94 0.02 0.88 0.97 | F:x̄σmM 24.7 6.4 13.0 48.0 | H 1.449 | V 0.829 | pL 0.004 | vL 0.001 | ∇ 0.011
U 396 | F 811008 | FPS 1489 | D 542 | rR:x̄σmM 0.93 0.02 0.87 0.98 | F:x̄σmM 27.3 8.5 10.0 52.0 | H 1.443 | V 0.816 | pL 0.010 | vL 0.001 | ∇ 0.014
U 397 | F 813056 | FPS 1475 | D 543 | rR:x̄σmM 0.94 0.02 0.89 0.97 | F:x̄σmM 25.0 6.9 12.0 44.0 | H 1.430 | V 0.820 | pL -0.002 | vL 0.001 | ∇ 0.014
U 398 | F 815104 | FPS 1330 | D 545 | rR:x̄σmM 0.93 0.02 0.86 0.97 | F:x̄σmM 27.5 9.5 13.0 58.0 | H 1.370 | V 0.810 | pL 0.004 | vL 0.001 | ∇ 0.015
U 399 | F 817152 | FPS 1202 | D 547 | rR:x̄σmM 0.94 0.02 0.87 0.97 | F:x̄σmM 24.6 9.2 11.0 53.0 | H 1.320 | V 0.813 | pL -0.010 | vL 0.001 | ∇ 0.023
U 400 | F 819200 | FPS 1452 | D 548 | rR:x̄σmM 0.94 0.02 0.89 0.98 | F:x̄σmM 22.6 6.4 10.0 42.0 | H 1.329 | V 0.831 | pL -0.016 | vL 0.001 | ∇ 0.017
Model successfully saved
U 401 | F 821248 | FPS 1251 | D 550 | rR:x̄σmM 0.94 0.02 0.90 0.98 | F:x̄σmM 23.4 6.8 8.0 41.0 | H 1.327 | V 0.840 | pL 0.007 | vL 0.001 | ∇ 0.013
U 402 | F 823296 | FPS 1491 | D 551 | rR:x̄σmM 0.95 0.02 0.89 0.98 | F:x̄σmM 21.9 6.7 9.0 42.0 | H 1.425 | V 0.841 | pL 0.000 | vL 0.001 | ∇ 0.012
U 403 | F 825344 | FPS 1507 | D 552 | rR:x̄σmM 0.94 0.02 0.90 0.98 | F:x̄σmM 24.7 7.8 10.0 40.0 | H 1.389 | V 0.829 | pL 0.011 | vL 0.001 | ∇ 0.014
U 404 | F 827392 | FPS 1495 | D 554 | rR:x̄σmM 0.94 0.02 0.87 0.98 | F:x̄σmM 23.2 7.9 7.0 52.0 | H 1.411 | V 0.822 | pL 0.003 | vL 0.001 | ∇ 0.023
U 405 | F 829440 | FPS 1481 | D 555 | rR:x̄σmM 0.94 0.04 0.62 0.97 | F:x̄σmM 26.0 15.8 11.0 150.0 | H 1.387 | V 0.823 | pL 0.001 | vL 0.001 | ∇ 0.015
U 406 | F 831488 | FPS 1501 | D 557 | rR:x̄σmM 0.94 0.02 0.86 0.97 | F:x̄σmM 24.8 8.2 13.0 55.0 | H 1.440 | V 0.824 | pL 0.001 | vL 0.001 | ∇ 0.013
U 407 | F 833536 | FPS 1493 | D 558 | rR:x̄σmM 0.94 0.02 0.88 0.98 | F:x̄σmM 25.0 7.4 10.0 47.0 | H 1.425 | V 0.830 | pL 0.004 | vL 0.001 | ∇ 0.014
U 408 | F 835584 | FPS 1508 | D 559 | rR:x̄σmM 0.94 0.02 0.89 0.97 | F:x̄σmM 25.0 6.9 11.0 44.0 | H 1.453 | V 0.818 | pL 0.004 | vL 0.001 | ∇ 0.012
U 409 | F 837632 | FPS 1507 | D 561 | rR:x̄σmM 0.93 0.02 0.87 0.97 | F:x̄σmM 26.3 8.6 12.0 51.0 | H 1.418 | V 0.814 | pL -0.004 | vL 0.001 | ∇ 0.017
U 410 | F 839680 | FPS 1502 | D 562 | rR:x̄σmM 0.94 0.02 0.88 0.97 | F:x̄σmM 24.6 6.9 13.0 49.0 | H 1.423 | V 0.827 | pL -0.000 | vL 0.001 | ∇ 0.014
Model successfully saved
U 411 | F 841728 | FPS 1512 | D 563 | rR:x̄σmM 0.94 0.02 0.89 0.97 | F:x̄σmM 25.1 7.4 11.0 43.0 | H 1.382 | V 0.824 | pL 0.003 | vL 0.001 | ∇ 0.013
U 412 | F 843776 | FPS 1464 | D 565 | rR:x̄σmM 0.94 0.02 0.88 0.97 | F:x̄σmM 23.6 7.8 11.0 49.0 | H 1.425 | V 0.828 | pL -0.006 | vL 0.001 | ∇ 0.014
U 413 | F 845824 | FPS 1389 | D 566 | rR:x̄σmM 0.94 0.02 0.89 0.98 | F:x̄σmM 23.8 6.7 10.0 42.0 | H 1.389 | V 0.831 | pL -0.002 | vL 0.001 | ∇ 0.012
U 414 | F 847872 | FPS 1332 | D 568 | rR:x̄σmM 0.94 0.02 0.86 0.98 | F:x̄σmM 24.9 8.2 10.0 58.0 | H 1.440 | V 0.821 | pL -0.001 | vL 0.001 | ∇ 0.014
U 415 | F 849920 | FPS 1509 | D 569 | rR:x̄σmM 0.93 0.02 0.87 0.98 | F:x̄σmM 26.8 8.8 9.0 54.0 | H 1.428 | V 0.810 | pL 0.007 | vL 0.001 | ∇ 0.015
U 416 | F 851968 | FPS 1502 | D 571 | rR:x̄σmM 0.94 0.02 0.89 0.97 | F:x̄σmM 24.1 7.6 12.0 45.0 | H 1.390 | V 0.827 | pL -0.004 | vL 0.001 | ∇ 0.019
U 417 | F 854016 | FPS 1498 | D 572 | rR:x̄σmM 0.94 0.02 0.88 0.97 | F:x̄σmM 23.2 7.2 11.0 46.0 | H 1.393 | V 0.835 | pL -0.004 | vL 0.001 | ∇ 0.012
U 418 | F 856064 | FPS 1495 | D 573 | rR:x̄σmM 0.94 0.02 0.90 0.97 | F:x̄σmM 23.1 6.6 11.0 38.0 | H 1.445 | V 0.832 | pL -0.002 | vL 0.001 | ∇ 0.012
U 419 | F 858112 | FPS 1509 | D 575 | rR:x̄σmM 0.94 0.02 0.85 0.97 | F:x̄σmM 25.5 8.7 12.0 59.0 | H 1.429 | V 0.827 | pL 0.011 | vL 0.001 | ∇ 0.013
U 420 | F 860160 | FPS 1490 | D 576 | rR:x̄σmM 0.94 0.02 0.87 0.98 | F:x̄σmM 23.9 8.4 10.0 53.0 | H 1.423 | V 0.827 | pL -0.001 | vL 0.001 | ∇ 0.013
Model successfully saved
U 421 | F 862208 | FPS 1508 | D 577 | rR:x̄σmM 0.94 0.02 0.88 0.98 | F:x̄σmM 24.2 8.7 8.0 48.0 | H 1.376 | V 0.824 | pL 0.001 | vL 0.001 | ∇ 0.015
U 422 | F 864256 | FPS 1496 | D 579 | rR:x̄σmM 0.94 0.02 0.81 0.98 | F:x̄σmM 23.6 9.3 8.0 75.0 | H 1.379 | V 0.822 | pL -0.006 | vL 0.001 | ∇ 0.015
U 423 | F 866304 | FPS 1492 | D 580 | rR:x̄σmM 0.94 0.02 0.88 0.98 | F:x̄σmM 23.8 7.3 10.0 48.0 | H 1.365 | V 0.833 | pL 0.001 | vL 0.001 | ∇ 0.011
U 424 | F 868352 | FPS 1502 | D 582 | rR:x̄σmM 0.94 0.02 0.86 0.98 | F:x̄σmM 24.0 8.4 9.0 55.0 | H 1.401 | V 0.827 | pL 0.002 | vL 0.001 | ∇ 0.013
U 425 | F 870400 | FPS 1503 | D 583 | rR:x̄σmM 0.94 0.02 0.86 0.98 | F:x̄σmM 24.2 8.1 9.0 55.0 | H 1.433 | V 0.821 | pL 0.003 | vL 0.001 | ∇ 0.017
U 426 | F 872448 | FPS 1501 | D 584 | rR:x̄σmM 0.94 0.02 0.83 0.98 | F:x̄σmM 26.0 9.1 10.0 68.0 | H 1.417 | V 0.829 | pL 0.006 | vL 0.001 | ∇ 0.013
U 427 | F 874496 | FPS 1503 | D 586 | rR:x̄σmM 0.94 0.02 0.90 0.98 | F:x̄σmM 24.1 6.9 9.0 41.0 | H 1.406 | V 0.827 | pL -0.002 | vL 0.001 | ∇ 0.013
U 428 | F 876544 | FPS 1482 | D 587 | rR:x̄σmM 0.94 0.02 0.87 0.98 | F:x̄σmM 24.9 8.7 10.0 52.0 | H 1.367 | V 0.825 | pL 0.004 | vL 0.001 | ∇ 0.016
U 429 | F 878592 | FPS 1493 | D 588 | rR:x̄σmM 0.94 0.02 0.84 0.97 | F:x̄σmM 24.3 8.2 11.0 63.0 | H 1.347 | V 0.822 | pL -0.003 | vL 0.001 | ∇ 0.016
U 430 | F 880640 | FPS 1488 | D 590 | rR:x̄σmM 0.94 0.02 0.89 0.98 | F:x̄σmM 22.7 7.2 8.0 44.0 | H 1.363 | V 0.833 | pL -0.008 | vL 0.001 | ∇ 0.014
Model successfully saved
U 431 | F 882688 | FPS 1472 | D 591 | rR:x̄σmM 0.94 0.02 0.88 0.98 | F:x̄σmM 23.6 7.5 10.0 46.0 | H 1.399 | V 0.831 | pL 0.004 | vL 0.001 | ∇ 0.013
U 432 | F 884736 | FPS 1487 | D 593 | rR:x̄σmM 0.94 0.02 0.87 0.98 | F:x̄σmM 22.6 7.5 10.0 51.0 | H 1.368 | V 0.836 | pL 0.002 | vL 0.001 | ∇ 0.014
U 433 | F 886784 | FPS 1477 | D 594 | rR:x̄σmM 0.94 0.02 0.87 0.98 | F:x̄σmM 23.3 8.2 9.0 52.0 | H 1.370 | V 0.832 | pL 0.000 | vL 0.001 | ∇ 0.018
U 434 | F 888832 | FPS 1499 | D 595 | rR:x̄σmM 0.94 0.02 0.89 0.97 | F:x̄σmM 23.8 7.4 11.0 45.0 | H 1.428 | V 0.832 | pL -0.001 | vL 0.001 | ∇ 0.013
U 435 | F 890880 | FPS 1500 | D 597 | rR:x̄σmM 0.94 0.02 0.85 0.97 | F:x̄σmM 24.4 8.5 12.0 60.0 | H 1.439 | V 0.826 | pL -0.000 | vL 0.001 | ∇ 0.014
U 436 | F 892928 | FPS 1487 | D 598 | rR:x̄σmM 0.94 0.02 0.89 0.97 | F:x̄σmM 24.3 7.2 13.0 44.0 | H 1.425 | V 0.828 | pL -0.000 | vL 0.001 | ∇ 0.013
U 437 | F 894976 | FPS 1494 | D 599 | rR:x̄σmM 0.94 0.02 0.88 0.97 | F:x̄σmM 24.5 8.6 11.0 47.0 | H 1.402 | V 0.830 | pL 0.008 | vL 0.001 | ∇ 0.014
U 438 | F 897024 | FPS 1497 | D 601 | rR:x̄σmM 0.94 0.02 0.89 0.98 | F:x̄σmM 24.5 7.0 10.0 42.0 | H 1.411 | V 0.823 | pL -0.001 | vL 0.001 | ∇ 0.011
U 439 | F 899072 | FPS 1485 | D 602 | rR:x̄σmM 0.94 0.02 0.86 0.97 | F:x̄σmM 24.3 7.7 12.0 57.0 | H 1.419 | V 0.826 | pL 0.001 | vL 0.001 | ∇ 0.013
U 440 | F 901120 | FPS 1508 | D 604 | rR:x̄σmM 0.94 0.02 0.88 0.97 | F:x̄σmM 24.5 7.8 13.0 47.0 | H 1.419 | V 0.827 | pL 0.004 | vL 0.001 | ∇ 0.022
Model successfully saved
U 441 | F 903168 | FPS 1498 | D 605 | rR:x̄σmM 0.94 0.02 0.88 0.98 | F:x̄σmM 24.8 9.6 9.0 49.0 | H 1.362 | V 0.819 | pL -0.001 | vL 0.001 | ∇ 0.012
U 442 | F 905216 | FPS 1496 | D 606 | rR:x̄σmM 0.94 0.02 0.89 0.97 | F:x̄σmM 23.0 7.5 11.0 45.0 | H 1.337 | V 0.830 | pL -0.009 | vL 0.001 | ∇ 0.012
U 443 | F 907264 | FPS 1510 | D 608 | rR:x̄σmM 0.94 0.02 0.85 0.98 | F:x̄σmM 22.3 8.1 10.0 61.0 | H 1.360 | V 0.830 | pL -0.004 | vL 0.001 | ∇ 0.012
U 444 | F 909312 | FPS 1472 | D 609 | rR:x̄σmM 0.94 0.02 0.87 0.98 | F:x̄σmM 22.5 8.8 10.0 53.0 | H 1.385 | V 0.839 | pL 0.001 | vL 0.001 | ∇ 0.012
U 445 | F 911360 | FPS 1514 | D 610 | rR:x̄σmM 0.94 0.02 0.88 0.98 | F:x̄σmM 24.6 6.9 9.0 47.0 | H 1.406 | V 0.828 | pL 0.004 | vL 0.001 | ∇ 0.014
U 446 | F 913408 | FPS 1500 | D 612 | rR:x̄σmM 0.94 0.02 0.89 0.98 | F:x̄σmM 25.4 7.5 9.0 45.0 | H 1.426 | V 0.823 | pL 0.006 | vL 0.001 | ∇ 0.014
U 447 | F 915456 | FPS 1490 | D 613 | rR:x̄σmM 0.94 0.02 0.88 0.98 | F:x̄σmM 24.4 8.6 10.0 46.0 | H 1.424 | V 0.828 | pL 0.004 | vL 0.001 | ∇ 0.013
U 448 | F 917504 | FPS 1508 | D 615 | rR:x̄σmM 0.94 0.02 0.88 0.97 | F:x̄σmM 24.2 7.7 11.0 48.0 | H 1.436 | V 0.822 | pL -0.001 | vL 0.001 | ∇ 0.014
U 449 | F 919552 | FPS 1489 | D 616 | rR:x̄σmM 0.93 0.02 0.86 0.97 | F:x̄σmM 26.4 9.3 11.0 58.0 | H 1.387 | V 0.813 | pL 0.005 | vL 0.001 | ∇ 0.015
U 450 | F 921600 | FPS 1507 | D 617 | rR:x̄σmM 0.94 0.02 0.89 0.97 | F:x̄σmM 24.3 7.4 13.0 45.0 | H 1.348 | V 0.826 | pL -0.008 | vL 0.001 | ∇ 0.012
Model successfully saved
U 451 | F 923648 | FPS 1507 | D 619 | rR:x̄σmM 0.94 0.02 0.88 0.98 | F:x̄σmM 22.6 6.8 9.0 46.0 | H 1.415 | V 0.832 | pL -0.007 | vL 0.001 | ∇ 0.010
U 452 | F 925696 | FPS 1496 | D 620 | rR:x̄σmM 0.94 0.02 0.88 0.97 | F:x̄σmM 23.4 7.4 12.0 47.0 | H 1.447 | V 0.832 | pL 0.002 | vL 0.001 | ∇ 0.012
U 453 | F 927744 | FPS 1512 | D 621 | rR:x̄σmM 0.94 0.02 0.86 0.97 | F:x̄σmM 24.6 7.7 11.0 56.0 | H 1.467 | V 0.830 | pL 0.004 | vL 0.001 | ∇ 0.012
U 454 | F 929792 | FPS 1505 | D 623 | rR:x̄σmM 0.94 0.02 0.87 0.97 | F:x̄σmM 26.0 7.1 12.0 52.0 | H 1.444 | V 0.823 | pL 0.006 | vL 0.001 | ∇ 0.013
U 455 | F 931840 | FPS 1502 | D 624 | rR:x̄σmM 0.93 0.02 0.88 0.97 | F:x̄σmM 26.5 8.1 11.0 48.0 | H 1.457 | V 0.815 | pL 0.008 | vL 0.001 | ∇ 0.016
U 456 | F 933888 | FPS 1508 | D 625 | rR:x̄σmM 0.93 0.02 0.85 0.98 | F:x̄σmM 27.1 8.8 10.0 60.0 | H 1.444 | V 0.807 | pL 0.002 | vL 0.001 | ∇ 0.016
U 457 | F 935936 | FPS 1498 | D 627 | rR:x̄σmM 0.94 0.02 0.86 0.97 | F:x̄σmM 25.4 8.5 12.0 56.0 | H 1.410 | V 0.813 | pL -0.011 | vL 0.001 | ∇ 0.018
U 458 | F 937984 | FPS 1476 | D 628 | rR:x̄σmM 0.94 0.02 0.89 0.97 | F:x̄σmM 24.0 6.5 13.0 42.0 | H 1.419 | V 0.820 | pL -0.015 | vL 0.001 | ∇ 0.016
U 459 | F 940032 | FPS 1508 | D 630 | rR:x̄σmM 0.94 0.02 0.88 0.98 | F:x̄σmM 25.2 8.8 9.0 48.0 | H 1.413 | V 0.818 | pL 0.003 | vL 0.001 | ∇ 0.014
U 460 | F 942080 | FPS 1484 | D 631 | rR:x̄σmM 0.94 0.02 0.89 0.97 | F:x̄σmM 23.2 6.3 12.0 42.0 | H 1.450 | V 0.836 | pL -0.004 | vL 0.001 | ∇ 0.012
Model successfully saved
U 461 | F 944128 | FPS 1510 | D 632 | rR:x̄σmM 0.94 0.02 0.86 0.97 | F:x̄σmM 25.5 8.9 12.0 55.0 | H 1.436 | V 0.821 | pL 0.007 | vL 0.001 | ∇ 0.013
U 462 | F 946176 | FPS 1496 | D 634 | rR:x̄σmM 0.93 0.02 0.88 0.97 | F:x̄σmM 26.4 7.9 12.0 47.0 | H 1.422 | V 0.811 | pL 0.006 | vL 0.001 | ∇ 0.018
U 463 | F 948224 | FPS 1482 | D 635 | rR:x̄σmM 0.94 0.02 0.84 0.98 | F:x̄σmM 24.5 8.8 8.0 64.0 | H 1.388 | V 0.821 | pL -0.012 | vL 0.001 | ∇ 0.016
U 464 | F 950272 | FPS 1497 | D 636 | rR:x̄σmM 0.94 0.02 0.89 0.97 | F:x̄σmM 22.3 6.4 11.0 45.0 | H 1.391 | V 0.837 | pL -0.009 | vL 0.001 | ∇ 0.011
U 465 | F 952320 | FPS 1483 | D 638 | rR:x̄σmM 0.94 0.02 0.90 0.98 | F:x̄σmM 23.7 6.5 10.0 40.0 | H 1.386 | V 0.837 | pL 0.001 | vL 0.001 | ∇ 0.010
U 466 | F 954368 | FPS 1455 | D 639 | rR:x̄σmM 0.94 0.02 0.90 0.97 | F:x̄σmM 23.8 6.8 11.0 41.0 | H 1.414 | V 0.827 | pL 0.002 | vL 0.001 | ∇ 0.012
U 467 | F 956416 | FPS 1489 | D 641 | rR:x̄σmM 0.94 0.02 0.87 0.98 | F:x̄σmM 23.7 8.3 8.0 54.0 | H 1.452 | V 0.831 | pL 0.002 | vL 0.001 | ∇ 0.013
U 468 | F 958464 | FPS 1491 | D 642 | rR:x̄σmM 0.93 0.03 0.83 0.97 | F:x̄σmM 27.7 10.4 11.0 67.0 | H 1.446 | V 0.812 | pL 0.010 | vL 0.001 | ∇ 0.015
U 469 | F 960512 | FPS 1505 | D 643 | rR:x̄σmM 0.93 0.02 0.87 0.97 | F:x̄σmM 26.7 9.1 12.0 52.0 | H 1.465 | V 0.806 | pL 0.002 | vL 0.001 | ∇ 0.017
U 470 | F 962560 | FPS 1511 | D 645 | rR:x̄σmM 0.93 0.02 0.86 0.97 | F:x̄σmM 26.6 9.2 12.0 58.0 | H 1.376 | V 0.809 | pL -0.002 | vL 0.001 | ∇ 0.015
Model successfully saved
U 471 | F 964608 | FPS 1480 | D 646 | rR:x̄σmM 0.94 0.02 0.87 0.97 | F:x̄σmM 24.3 8.6 11.0 53.0 | H 1.360 | V 0.825 | pL -0.010 | vL 0.001 | ∇ 0.016
U 472 | F 966656 | FPS 1494 | D 648 | rR:x̄σmM 0.94 0.02 0.88 0.97 | F:x̄σmM 23.9 7.2 11.0 48.0 | H 1.372 | V 0.832 | pL -0.000 | vL 0.001 | ∇ 0.015
U 473 | F 968704 | FPS 1488 | D 649 | rR:x̄σmM 0.94 0.01 0.90 0.98 | F:x̄σmM 22.8 5.7 10.0 39.0 | H 1.317 | V 0.829 | pL 0.002 | vL 0.001 | ∇ 0.018
U 474 | F 970752 | FPS 1491 | D 650 | rR:x̄σmM 0.94 0.03 0.69 0.98 | F:x̄σmM 23.4 12.8 8.0 126.0 | H 1.339 | V 0.831 | pL -0.011 | vL 0.001 | ∇ 0.013
U 475 | F 972800 | FPS 1495 | D 652 | rR:x̄σmM 0.94 0.02 0.88 0.97 | F:x̄σmM 22.3 7.2 11.0 50.0 | H 1.355 | V 0.835 | pL -0.009 | vL 0.001 | ∇ 0.013
U 476 | F 974848 | FPS 1490 | D 653 | rR:x̄σmM 0.94 0.02 0.89 0.97 | F:x̄σmM 23.0 7.2 11.0 43.0 | H 1.359 | V 0.837 | pL 0.002 | vL 0.001 | ∇ 0.012
U 477 | F 976896 | FPS 1498 | D 654 | rR:x̄σmM 0.94 0.02 0.89 0.97 | F:x̄σmM 23.4 8.2 11.0 45.0 | H 1.395 | V 0.823 | pL 0.002 | vL 0.001 | ∇ 0.018
U 478 | F 978944 | FPS 1503 | D 656 | rR:x̄σmM 0.94 0.03 0.73 0.98 | F:x̄σmM 24.3 12.8 10.0 109.0 | H 1.369 | V 0.829 | pL -0.004 | vL 0.001 | ∇ 0.014
U 479 | F 980992 | FPS 1484 | D 657 | rR:x̄σmM 0.94 0.02 0.89 0.96 | F:x̄σmM 24.0 6.5 15.0 44.0 | H 1.417 | V 0.832 | pL -0.000 | vL 0.001 | ∇ 0.012
U 480 | F 983040 | FPS 1510 | D 658 | rR:x̄σmM 0.94 0.02 0.88 0.97 | F:x̄σmM 24.9 7.8 12.0 46.0 | H 1.440 | V 0.821 | pL 0.007 | vL 0.001 | ∇ 0.017
Model successfully saved
U 481 | F 985088 | FPS 1491 | D 660 | rR:x̄σmM 0.94 0.02 0.87 0.98 | F:x̄σmM 25.2 9.1 8.0 52.0 | H 1.463 | V 0.818 | pL 0.004 | vL 0.001 | ∇ 0.015
U 482 | F 987136 | FPS 1506 | D 661 | rR:x̄σmM 0.93 0.02 0.84 0.96 | F:x̄σmM 26.9 9.2 14.0 63.0 | H 1.416 | V 0.815 | pL 0.006 | vL 0.001 | ∇ 0.016
U 483 | F 989184 | FPS 1514 | D 663 | rR:x̄σmM 0.93 0.02 0.87 0.97 | F:x̄σmM 27.3 8.5 12.0 53.0 | H 1.446 | V 0.809 | pL 0.002 | vL 0.001 | ∇ 0.018
U 484 | F 991232 | FPS 1489 | D 664 | rR:x̄σmM 0.94 0.02 0.87 0.97 | F:x̄σmM 25.7 8.3 13.0 51.0 | H 1.435 | V 0.811 | pL -0.001 | vL 0.001 | ∇ 0.016
U 485 | F 993280 | FPS 1505 | D 665 | rR:x̄σmM 0.93 0.02 0.86 0.97 | F:x̄σmM 26.0 9.7 11.0 58.0 | H 1.401 | V 0.816 | pL -0.007 | vL 0.001 | ∇ 0.015
U 486 | F 995328 | FPS 1493 | D 667 | rR:x̄σmM 0.94 0.02 0.89 0.97 | F:x̄σmM 23.9 7.8 11.0 45.0 | H 1.376 | V 0.831 | pL -0.002 | vL 0.001 | ∇ 0.013
U 487 | F 997376 | FPS 1489 | D 668 | rR:x̄σmM 0.94 0.02 0.88 0.97 | F:x̄σmM 23.4 7.0 11.0 46.0 | H 1.420 | V 0.832 | pL 0.001 | vL 0.001 | ∇ 0.012
U 488 | F 999424 | FPS 1492 | D 669 | rR:x̄σmM 0.94 0.02 0.88 0.97 | F:x̄σmM 24.8 8.8 11.0 50.0 | H 1.426 | V 0.823 | pL 0.006 | vL 0.001 | ∇ 0.014
U 489 | F 1001472 | FPS 1500 | D 671 | rR:x̄σmM 0.94 0.02 0.88 0.98 | F:x̄σmM 24.3 8.8 10.0 50.0 | H 1.377 | V 0.822 | pL -0.000 | vL 0.001 | ∇ 0.016
