/home/fabian_57/thesis_projects/curriculum-test/scripts/train.py --procs 40 --strat 0.0 --sigma 0.15 --algo=ppo --env MiniGrid-DoorKey-16x16-v0 --no-instr --tb --frames=25000000 --model DK16-strat-basic-DK16-gigar --save-interval 10 --ending-acc 0.9 --ending-acc-window 50 --save-frames 1000000 --discount 0.99 --reward-multiplier 0.9 --max-steps 2560 --strat-method gigar

Namespace(algo='ppo', batch_size=256, clip_eps=0.2, discount=0.99, ending_acc=0.9, ending_acc_window=50, entropy_coef=0.01, env='MiniGrid-DoorKey-16x16-v0', epochs=4, frames=25000000, frames_per_proc=None, gae_lambda=0.95, log_interval=1, lr=0.0007, max_grad_norm=0.5, max_steps=2560, model='DK16-strat-basic-DK16-gigar', no_instr=True, no_mem=False, optim_alpha=0.99, optim_eps=1e-05, procs=40, recurrence=1, reward_multiplier=0.9, save_frames=1000000, save_interval=10, seed=1, sigma=0.15, strat=0.0, strat_method='gigar', tb=True, use_min=False, value_loss_coef=0.5)

Model successfully created

ACModel(
  (image_conv): Sequential(
    (0): Conv2d(3, 16, kernel_size=(2, 2), stride=(1, 1))
    (1): ReLU()
    (2): MaxPool2d(kernel_size=(2, 2), stride=2, padding=0, dilation=1, ceil_mode=False)
    (3): Conv2d(16, 32, kernel_size=(2, 2), stride=(1, 1))
    (4): ReLU()
    (5): Conv2d(32, 64, kernel_size=(2, 2), stride=(1, 1))
    (6): ReLU()
  )
  (memory_rnn): LSTMCell(64, 64)
  (actor): Sequential(
    (0): Linear(in_features=64, out_features=64, bias=True)
    (1): Tanh()
    (2): Linear(in_features=64, out_features=7, bias=True)
  )
  (critic): Sequential(
    (0): Linear(in_features=64, out_features=64, bias=True)
    (1): Tanh()
    (2): Linear(in_features=64, out_features=1, bias=True)
  )
)

CUDA available: True

U 1 | F 005120 | FPS 1290 | D 3 | rR:x̄σmM 0.00 0.00 0.00 0.00 | H 1.945 | V 0.076 | pL 0.013 | vL 0.000 | ∇ 0.003 | Games 0 | Strat 0.0
U 2 | F 010240 | FPS 1743 | D 6 | rR:x̄σmM 0.00 0.00 0.00 0.00 | H 1.945 | V 0.071 | pL 0.012 | vL 0.000 | ∇ 0.002 | Games 0 | Strat 0.0
U 3 | F 015360 | FPS 1583 | D 10 | rR:x̄σmM 0.00 0.00 0.00 0.00 | H 1.945 | V 0.055 | pL 0.010 | vL 0.000 | ∇ 0.002 | Games 0 | Strat 0.0
U 4 | F 020480 | FPS 1690 | D 13 | rR:x̄σmM 0.00 0.00 0.00 0.00 | H 1.945 | V 0.044 | pL 0.008 | vL 0.000 | ∇ 0.001 | Games 0 | Strat 0.0
U 5 | F 025600 | FPS 1691 | D 16 | rR:x̄σmM 0.00 0.00 0.00 0.00 | H 1.946 | V 0.035 | pL 0.006 | vL 0.000 | ∇ 0.001 | Games 0 | Strat 0.0
U 6 | F 030720 | FPS 1675 | D 19 | rR:x̄σmM 0.00 0.00 0.00 0.00 | H 1.946 | V 0.028 | pL 0.005 | vL 0.000 | ∇ 0.001 | Games 0 | Strat 0.0
U 7 | F 035840 | FPS 1674 | D 22 | rR:x̄σmM 0.00 0.00 0.00 0.00 | H 1.946 | V 0.022 | pL 0.004 | vL 0.000 | ∇ 0.001 | Games 0 | Strat 0.0
U 8 | F 040960 | FPS 1645 | D 25 | rR:x̄σmM 0.00 0.00 0.00 0.00 | H 1.946 | V 0.018 | pL 0.003 | vL 0.000 | ∇ 0.001 | Games 0 | Strat 0.0
U 9 | F 046080 | FPS 1644 | D 28 | rR:x̄σmM 0.00 0.00 0.00 0.00 | H 1.946 | V 0.014 | pL 0.002 | vL 0.000 | ∇ 0.001 | Games 0 | Strat 0.0
U 10 | F 051200 | FPS 1597 | D 31 | rR:x̄σmM 0.00 0.00 0.00 0.00 | H 1.946 | V 0.011 | pL 0.002 | vL 0.000 | ∇ 0.000 | Games 0 | Strat 0.0
Model successfully saved
U 11 | F 056320 | FPS 1650 | D 34 | rR:x̄σmM 0.00 0.00 0.00 0.00 | H 1.946 | V 0.009 | pL 0.002 | vL 0.000 | ∇ 0.000 | Games 0 | Strat 0.0
U 12 | F 061440 | FPS 1627 | D 38 | rR:x̄σmM 0.00 0.00 0.00 0.00 | H 1.946 | V 0.007 | pL 0.001 | vL 0.000 | ∇ 0.000 | Games 0 | Strat 0.0
U 13 | F 066560 | FPS 1644 | D 41 | rR:x̄σmM 0.01 0.07 0.00 0.44 | H 1.943 | V 0.007 | pL -0.000 | vL 0.000 | ∇ 0.005 | Games 1 | Strat 0.0
U 14 | F 071680 | FPS 1627 | D 44 | rR:x̄σmM 0.01 0.07 0.00 0.44 | H 1.945 | V 0.011 | pL 0.002 | vL 0.000 | ∇ 0.002 | Games 0 | Strat 0.0
U 15 | F 076800 | FPS 1639 | D 47 | rR:x̄σmM 0.01 0.07 0.00 0.44 | H 1.946 | V 0.001 | pL 0.001 | vL 0.000 | ∇ 0.001 | Games 0 | Strat 0.0
U 16 | F 081920 | FPS 1639 | D 50 | rR:x̄σmM 0.01 0.07 0.00 0.44 | H 1.946 | V 0.000 | pL 0.000 | vL 0.000 | ∇ 0.000 | Games 0 | Strat 0.0
U 17 | F 087040 | FPS 1644 | D 53 | rR:x̄σmM 0.01 0.07 0.00 0.44 | H 1.946 | V 0.001 | pL 0.000 | vL 0.000 | ∇ 0.000 | Games 0 | Strat 0.0
U 18 | F 092160 | FPS 1638 | D 56 | rR:x̄σmM 0.01 0.07 0.00 0.44 | H 1.946 | V 0.001 | pL 0.000 | vL 0.000 | ∇ 0.000 | Games 0 | Strat 0.0
U 19 | F 097280 | FPS 1643 | D 59 | rR:x̄σmM 0.01 0.07 0.00 0.44 | H 1.946 | V 0.001 | pL 0.000 | vL 0.000 | ∇ 0.000 | Games 0 | Strat 0.0
U 20 | F 102400 | FPS 1617 | D 63 | rR:x̄σmM 0.01 0.07 0.00 0.44 | H 1.946 | V 0.001 | pL -0.000 | vL 0.000 | ∇ 0.001 | Games 39 | Strat 0.0
Model successfully saved
U 21 | F 107520 | FPS 1648 | D 66 | rR:x̄σmM 0.01 0.07 0.00 0.44 | H 1.946 | V 0.001 | pL 0.000 | vL 0.000 | ∇ 0.000 | Games 0 | Strat 0.0
U 22 | F 112640 | FPS 1642 | D 69 | rR:x̄σmM 0.01 0.07 0.00 0.44 | H 1.946 | V 0.001 | pL 0.000 | vL 0.000 | ∇ 0.000 | Games 0 | Strat 0.0
U 23 | F 117760 | FPS 1654 | D 72 | rR:x̄σmM 0.01 0.07 0.00 0.44 | H 1.946 | V 0.001 | pL 0.000 | vL 0.000 | ∇ 0.000 | Games 0 | Strat 0.0
U 24 | F 122880 | FPS 1628 | D 75 | rR:x̄σmM 0.01 0.07 0.00 0.44 | H 1.946 | V 0.001 | pL 0.000 | vL 0.000 | ∇ 0.000 | Games 0 | Strat 0.0
U 25 | F 128000 | FPS 1624 | D 78 | rR:x̄σmM 0.01 0.07 0.00 0.44 | H 1.946 | V 0.001 | pL 0.000 | vL 0.000 | ∇ 0.000 | Games 0 | Strat 0.0
U 26 | F 133120 | FPS 1626 | D 81 | rR:x̄σmM 0.01 0.07 0.00 0.44 | H 1.946 | V 0.000 | pL 0.000 | vL 0.000 | ∇ 0.000 | Games 0 | Strat 0.0
U 27 | F 138240 | FPS 1619 | D 85 | rR:x̄σmM 0.01 0.07 0.00 0.44 | H 1.946 | V 0.000 | pL 0.000 | vL 0.000 | ∇ 0.000 | Games 0 | Strat 0.0
U 28 | F 143360 | FPS 1623 | D 88 | rR:x̄σmM 0.01 0.07 0.00 0.44 | H 1.946 | V 0.000 | pL 0.000 | vL 0.000 | ∇ 0.000 | Games 0 | Strat 0.0
U 29 | F 148480 | FPS 1638 | D 91 | rR:x̄σmM 0.02 0.10 0.00 0.62 | H 1.943 | V 0.002 | pL -0.002 | vL 0.000 | ∇ 0.008 | Games 1 | Strat 0.0
U 30 | F 153600 | FPS 1639 | D 94 | rR:x̄σmM 0.03 0.13 0.00 0.62 | H 1.945 | V 0.008 | pL -0.001 | vL 0.000 | ∇ 0.004 | Games 1 | Strat 0.0
Model successfully saved
U 31 | F 158720 | FPS 1651 | D 97 | rR:x̄σmM 0.03 0.13 0.00 0.62 | H 1.945 | V -0.023 | pL -0.004 | vL 0.000 | ∇ 0.001 | Games 0 | Strat 0.0
U 32 | F 163840 | FPS 1638 | D 100 | rR:x̄σmM 0.03 0.13 0.00 0.62 | H 1.945 | V -0.020 | pL -0.003 | vL 0.000 | ∇ 0.001 | Games 0 | Strat 0.0
U 33 | F 168960 | FPS 1619 | D 103 | rR:x̄σmM 0.03 0.13 0.00 0.62 | H 1.946 | V -0.015 | pL -0.003 | vL 0.000 | ∇ 0.001 | Games 1 | Strat 0.0
U 34 | F 174080 | FPS 1637 | D 107 | rR:x̄σmM 0.03 0.13 0.00 0.62 | H 1.946 | V -0.012 | pL -0.002 | vL 0.000 | ∇ 0.000 | Games 0 | Strat 0.0
U 35 | F 179200 | FPS 1634 | D 110 | rR:x̄σmM 0.03 0.13 0.00 0.62 | H 1.946 | V -0.009 | pL -0.002 | vL 0.000 | ∇ 0.001 | Games 0 | Strat 0.0
U 36 | F 184320 | FPS 1605 | D 113 | rR:x̄σmM 0.03 0.13 0.00 0.62 | H 1.946 | V -0.006 | pL -0.001 | vL 0.000 | ∇ 0.000 | Games 0 | Strat 0.0
U 37 | F 189440 | FPS 1630 | D 116 | rR:x̄σmM 0.03 0.13 0.00 0.62 | H 1.946 | V -0.005 | pL -0.001 | vL 0.000 | ∇ 0.000 | Games 0 | Strat 0.0
U 38 | F 194560 | FPS 1532 | D 119 | rR:x̄σmM 0.03 0.13 0.00 0.62 | H 1.946 | V -0.004 | pL -0.001 | vL 0.000 | ∇ 0.000 | Games 0 | Strat 0.0
U 39 | F 199680 | FPS 1258 | D 123 | rR:x̄σmM 0.03 0.13 0.00 0.62 | H 1.946 | V -0.001 | pL -0.000 | vL 0.000 | ∇ 0.001 | Games 0 | Strat 0.0
U 40 | F 204800 | FPS 1448 | D 127 | rR:x̄σmM 0.03 0.13 0.00 0.62 | H 1.946 | V -0.003 | pL -0.001 | vL 0.000 | ∇ 0.001 | Games 37 | Strat 0.0
Model successfully saved
U 41 | F 209920 | FPS 1520 | D 130 | rR:x̄σmM 0.03 0.13 0.00 0.62 | H 1.946 | V -0.000 | pL -0.000 | vL 0.000 | ∇ 0.000 | Games 0 | Strat 0.0
U 42 | F 215040 | FPS 1563 | D 134 | rR:x̄σmM 0.03 0.13 0.00 0.62 | H 1.946 | V -0.000 | pL -0.000 | vL 0.000 | ∇ 0.000 | Games 0 | Strat 0.0
U 43 | F 220160 | FPS 1579 | D 137 | rR:x̄σmM 0.03 0.13 0.00 0.62 | H 1.946 | V 0.000 | pL 0.000 | vL 0.000 | ∇ 0.000 | Games 0 | Strat 0.0
U 44 | F 225280 | FPS 1594 | D 140 | rR:x̄σmM 0.03 0.13 0.00 0.62 | H 1.946 | V 0.000 | pL 0.000 | vL 0.000 | ∇ 0.000 | Games 0 | Strat 0.0
U 45 | F 230400 | FPS 1562 | D 143 | rR:x̄σmM 0.03 0.13 0.00 0.62 | H 1.946 | V 0.001 | pL 0.000 | vL 0.000 | ∇ 0.000 | Games 0 | Strat 0.0
U 46 | F 235520 | FPS 1579 | D 147 | rR:x̄σmM 0.03 0.13 0.00 0.62 | H 1.946 | V 0.001 | pL 0.000 | vL 0.000 | ∇ 0.000 | Games 0 | Strat 0.0
U 47 | F 240640 | FPS 1605 | D 150 | rR:x̄σmM 0.03 0.13 0.00 0.62 | H 1.946 | V 0.001 | pL 0.000 | vL 0.000 | ∇ 0.000 | Games 0 | Strat 0.0
U 48 | F 245760 | FPS 1584 | D 153 | rR:x̄σmM 0.03 0.13 0.00 0.62 | H 1.946 | V 0.001 | pL 0.000 | vL 0.000 | ∇ 0.000 | Games 0 | Strat 0.0
U 49 | F 250880 | FPS 1579 | D 156 | rR:x̄σmM 0.01 0.09 0.00 0.55 | H 1.946 | V 0.002 | pL 0.000 | vL 0.000 | ∇ 0.000 | Games 1 | Strat 0.0
U 50 | F 256000 | FPS 1498 | D 160 | rR:x̄σmM 0.01 0.09 0.00 0.58 | H 1.945 | V 0.002 | pL -0.002 | vL 0.000 | ∇ 0.003 | Games 2 | Strat 0.0
Model successfully saved
U 51 | F 261120 | FPS 1470 | D 163 | rR:x̄σmM 0.01 0.09 0.00 0.58 | H 1.946 | V -0.000 | pL -0.000 | vL 0.000 | ∇ 0.001 | Games 0 | Strat 0.0
U 52 | F 266240 | FPS 1612 | D 166 | rR:x̄σmM 0.01 0.09 0.00 0.58 | H 1.946 | V -0.003 | pL -0.000 | vL 0.000 | ∇ 0.001 | Games 0 | Strat 0.0
U 53 | F 271360 | FPS 1607 | D 170 | rR:x̄σmM 0.01 0.09 0.00 0.58 | H 1.946 | V -0.002 | pL -0.000 | vL 0.000 | ∇ 0.000 | Games 1 | Strat 0.0
U 54 | F 276480 | FPS 1607 | D 173 | rR:x̄σmM 0.01 0.09 0.00 0.58 | H 1.946 | V -0.002 | pL -0.000 | vL 0.000 | ∇ 0.000 | Games 0 | Strat 0.0
U 55 | F 281600 | FPS 1630 | D 176 | rR:x̄σmM 0.01 0.09 0.00 0.58 | H 1.946 | V -0.001 | pL -0.000 | vL 0.000 | ∇ 0.000 | Games 0 | Strat 0.0
U 56 | F 286720 | FPS 1603 | D 179 | rR:x̄σmM 0.01 0.09 0.00 0.58 | H 1.946 | V -0.001 | pL -0.000 | vL 0.000 | ∇ 0.000 | Games 0 | Strat 0.0
U 57 | F 291840 | FPS 1607 | D 182 | rR:x̄σmM 0.02 0.10 0.00 0.58 | H 1.946 | V 0.000 | pL -0.001 | vL 0.000 | ∇ 0.002 | Games 1 | Strat 0.0
U 58 | F 296960 | FPS 1570 | D 186 | rR:x̄σmM 0.02 0.10 0.00 0.58 | H 1.946 | V 0.005 | pL -0.000 | vL 0.000 | ∇ 0.002 | Games 0 | Strat 0.0
U 59 | F 302080 | FPS 1587 | D 189 | rR:x̄σmM 0.03 0.10 0.00 0.58 | H 1.946 | V 0.000 | pL -0.000 | vL 0.000 | ∇ 0.001 | Games 1 | Strat 0.0
U 60 | F 307200 | FPS 1599 | D 192 | rR:x̄σmM 0.03 0.10 0.00 0.58 | H 1.946 | V 0.000 | pL 0.000 | vL 0.000 | ∇ 0.001 | Games 34 | Strat 0.0
Model successfully saved
U 61 | F 312320 | FPS 1637 | D 195 | rR:x̄σmM 0.03 0.10 0.00 0.58 | H 1.946 | V -0.000 | pL -0.000 | vL 0.000 | ∇ 0.000 | Games 0 | Strat 0.0
U 62 | F 317440 | FPS 1605 | D 198 | rR:x̄σmM 0.03 0.10 0.00 0.58 | H 1.946 | V -0.001 | pL -0.000 | vL 0.000 | ∇ 0.000 | Games 0 | Strat 0.0
U 63 | F 322560 | FPS 1590 | D 202 | rR:x̄σmM 0.03 0.10 0.00 0.58 | H 1.946 | V 0.000 | pL -0.000 | vL 0.000 | ∇ 0.000 | Games 0 | Strat 0.0
U 64 | F 327680 | FPS 1643 | D 205 | rR:x̄σmM 0.03 0.10 0.00 0.58 | H 1.946 | V 0.001 | pL 0.000 | vL 0.000 | ∇ 0.000 | Games 0 | Strat 0.0
U 65 | F 332800 | FPS 1650 | D 208 | rR:x̄σmM 0.03 0.10 0.00 0.58 | H 1.946 | V 0.001 | pL 0.000 | vL 0.000 | ∇ 0.000 | Games 0 | Strat 0.0
U 66 | F 337920 | FPS 1655 | D 211 | rR:x̄σmM 0.03 0.10 0.00 0.58 | H 1.946 | V 0.001 | pL 0.000 | vL 0.000 | ∇ 0.000 | Games 0 | Strat 0.0
U 67 | F 343040 | FPS 1643 | D 214 | rR:x̄σmM 0.03 0.10 0.00 0.58 | H 1.946 | V 0.002 | pL 0.000 | vL 0.000 | ∇ 0.000 | Games 0 | Strat 0.0
U 68 | F 348160 | FPS 1646 | D 217 | rR:x̄σmM 0.03 0.10 0.00 0.58 | H 1.946 | V 0.002 | pL 0.000 | vL 0.000 | ∇ 0.000 | Games 0 | Strat 0.0
U 69 | F 353280 | FPS 1650 | D 220 | rR:x̄σmM 0.03 0.10 0.00 0.58 | H 1.946 | V 0.002 | pL 0.000 | vL 0.000 | ∇ 0.000 | Games 1 | Strat 0.0
U 70 | F 358400 | FPS 1639 | D 223 | rR:x̄σmM 0.03 0.10 0.00 0.57 | H 1.944 | V 0.003 | pL -0.002 | vL 0.000 | ∇ 0.003 | Games 3 | Strat 0.0
Model successfully saved
U 71 | F 363520 | FPS 1653 | D 226 | rR:x̄σmM 0.03 0.10 0.00 0.57 | H 1.945 | V 0.007 | pL 0.001 | vL 0.000 | ∇ 0.001 | Games 0 | Strat 0.0
U 72 | F 368640 | FPS 1635 | D 230 | rR:x̄σmM 0.03 0.12 0.00 0.57 | H 1.945 | V 0.003 | pL -0.001 | vL 0.000 | ∇ 0.003 | Games 1 | Strat 0.0
U 73 | F 373760 | FPS 1630 | D 233 | rR:x̄σmM 0.04 0.13 0.00 0.57 | H 1.944 | V 0.007 | pL -0.002 | vL 0.000 | ∇ 0.008 | Games 2 | Strat 0.0
U 74 | F 378880 | FPS 1601 | D 236 | rR:x̄σmM 0.05 0.14 0.00 0.57 | H 1.944 | V 0.005 | pL 0.001 | vL 0.000 | ∇ 0.002 | Games 1 | Strat 0.0
U 75 | F 384000 | FPS 1602 | D 239 | rR:x̄σmM 0.05 0.14 0.00 0.57 | H 1.944 | V 0.000 | pL -0.001 | vL 0.000 | ∇ 0.002 | Games 0 | Strat 0.0
U 76 | F 389120 | FPS 1622 | D 242 | rR:x̄σmM 0.06 0.15 0.00 0.57 | H 1.944 | V 0.001 | pL -0.001 | vL 0.000 | ∇ 0.002 | Games 1 | Strat 0.0
U 77 | F 394240 | FPS 1629 | D 245 | rR:x̄σmM 0.06 0.15 0.00 0.57 | H 1.943 | V 0.003 | pL 0.000 | vL 0.000 | ∇ 0.001 | Games 1 | Strat 0.0
U 78 | F 399360 | FPS 1632 | D 249 | rR:x̄σmM 0.06 0.15 0.00 0.57 | H 1.943 | V 0.001 | pL -0.000 | vL 0.000 | ∇ 0.001 | Games 1 | Strat 0.0
U 79 | F 404480 | FPS 1639 | D 252 | rR:x̄σmM 0.06 0.15 0.00 0.57 | H 1.946 | V 0.003 | pL 0.001 | vL 0.000 | ∇ 0.000 | Games 0 | Strat 0.0
U 80 | F 409600 | FPS 1612 | D 255 | rR:x̄σmM 0.06 0.15 0.00 0.57 | H 1.946 | V 0.001 | pL 0.000 | vL 0.000 | ∇ 0.000 | Games 29 | Strat 0.0
Model successfully saved
U 81 | F 414720 | FPS 1623 | D 258 | rR:x̄σmM 0.06 0.15 0.00 0.57 | H 1.946 | V 0.000 | pL 0.000 | vL 0.000 | ∇ 0.000 | Games 0 | Strat 0.0
U 82 | F 419840 | FPS 1578 | D 261 | rR:x̄σmM 0.06 0.15 0.00 0.57 | H 1.946 | V -0.001 | pL -0.000 | vL 0.000 | ∇ 0.000 | Games 0 | Strat 0.0
U 83 | F 424960 | FPS 1633 | D 264 | rR:x̄σmM 0.06 0.15 0.00 0.57 | H 1.946 | V -0.001 | pL -0.000 | vL 0.000 | ∇ 0.000 | Games 0 | Strat 0.0
U 84 | F 430080 | FPS 1657 | D 268 | rR:x̄σmM 0.06 0.15 0.00 0.57 | H 1.946 | V -0.000 | pL -0.000 | vL 0.000 | ∇ 0.001 | Games 0 | Strat 0.0
U 85 | F 435200 | FPS 1627 | D 271 | rR:x̄σmM 0.08 0.18 0.00 0.66 | H 1.945 | V 0.001 | pL -0.001 | vL 0.000 | ∇ 0.002 | Games 1 | Strat 0.0
U 86 | F 440320 | FPS 1598 | D 274 | rR:x̄σmM 0.08 0.18 0.00 0.66 | H 1.946 | V 0.001 | pL 0.000 | vL 0.000 | ∇ 0.000 | Games 0 | Strat 0.0
U 87 | F 445440 | FPS 1613 | D 277 | rR:x̄σmM 0.08 0.18 0.00 0.66 | H 1.946 | V 0.002 | pL 0.000 | vL 0.000 | ∇ 0.000 | Games 0 | Strat 0.0
U 88 | F 450560 | FPS 1639 | D 280 | rR:x̄σmM 0.08 0.18 0.00 0.66 | H 1.946 | V 0.000 | pL 0.000 | vL 0.000 | ∇ 0.000 | Games 0 | Strat 0.0
U 89 | F 455680 | FPS 1633 | D 283 | rR:x̄σmM 0.08 0.18 0.00 0.66 | H 1.946 | V 0.000 | pL 0.000 | vL 0.000 | ∇ 0.000 | Games 1 | Strat 0.0
U 90 | F 460800 | FPS 1601 | D 287 | rR:x̄σmM 0.05 0.14 0.00 0.66 | H 1.946 | V -0.000 | pL -0.000 | vL 0.000 | ∇ 0.000 | Games 3 | Strat 0.0
Model successfully saved
U 91 | F 465920 | FPS 1452 | D 290 | rR:x̄σmM 0.05 0.14 0.00 0.66 | H 1.946 | V -0.000 | pL -0.000 | vL 0.000 | ∇ 0.000 | Games 0 | Strat 0.0
U 92 | F 471040 | FPS 1638 | D 293 | rR:x̄σmM 0.04 0.13 0.00 0.66 | H 1.946 | V -0.000 | pL -0.000 | vL 0.000 | ∇ 0.000 | Games 1 | Strat 0.0
U 93 | F 476160 | FPS 1600 | D 296 | rR:x̄σmM 0.04 0.17 0.00 0.86 | H 1.942 | V 0.003 | pL -0.003 | vL 0.001 | ∇ 0.005 | Games 3 | Strat 0.0
U 94 | F 481280 | FPS 1625 | D 300 | rR:x̄σmM 0.04 0.17 0.00 0.86 | H 1.942 | V 0.002 | pL 0.000 | vL 0.000 | ∇ 0.004 | Games 2 | Strat 0.0
U 95 | F 486400 | FPS 1590 | D 303 | rR:x̄σmM 0.04 0.17 0.00 0.86 | H 1.945 | V -0.009 | pL -0.001 | vL 0.000 | ∇ 0.001 | Games 0 | Strat 0.0
U 96 | F 491520 | FPS 1583 | D 306 | rR:x̄σmM 0.04 0.17 0.00 0.86 | H 1.945 | V -0.009 | pL -0.002 | vL 0.000 | ∇ 0.000 | Games 0 | Strat 0.0
U 97 | F 496640 | FPS 1628 | D 309 | rR:x̄σmM 0.04 0.17 0.00 0.86 | H 1.946 | V -0.009 | pL -0.002 | vL 0.000 | ∇ 0.000 | Games 0 | Strat 0.0
U 98 | F 501760 | FPS 1608 | D 312 | rR:x̄σmM 0.04 0.17 0.00 0.86 | H 1.946 | V -0.007 | pL -0.001 | vL 0.000 | ∇ 0.001 | Games 1 | Strat 0.0
U 99 | F 506880 | FPS 1534 | D 316 | rR:x̄σmM 0.04 0.17 0.00 0.86 | H 1.945 | V -0.006 | pL -0.001 | vL 0.000 | ∇ 0.001 | Games 0 | Strat 0.0
U 100 | F 512000 | FPS 1528 | D 319 | rR:x̄σmM 0.03 0.14 0.00 0.86 | H 1.944 | V -0.005 | pL -0.002 | vL 0.000 | ∇ 0.001 | Games 29 | Strat 0.0
Model successfully saved
U 101 | F 517120 | FPS 1587 | D 322 | rR:x̄σmM 0.03 0.14 0.00 0.86 | H 1.946 | V -0.006 | pL -0.001 | vL 0.000 | ∇ 0.000 | Games 0 | Strat 0.0
U 102 | F 522240 | FPS 1618 | D 325 | rR:x̄σmM 0.03 0.14 0.00 0.86 | H 1.946 | V -0.006 | pL -0.001 | vL 0.000 | ∇ 0.001 | Games 0 | Strat 0.0
U 103 | F 527360 | FPS 1627 | D 329 | rR:x̄σmM 0.03 0.14 0.00 0.86 | H 1.946 | V -0.005 | pL -0.001 | vL 0.000 | ∇ 0.000 | Games 0 | Strat 0.0
U 104 | F 532480 | FPS 1633 | D 332 | rR:x̄σmM 0.03 0.14 0.00 0.86 | H 1.945 | V -0.004 | pL -0.001 | vL 0.000 | ∇ 0.000 | Games 0 | Strat 0.0
U 105 | F 537600 | FPS 1636 | D 335 | rR:x̄σmM 0.05 0.18 0.00 0.86 | H 1.943 | V -0.002 | pL -0.004 | vL 0.001 | ∇ 0.004 | Games 2 | Strat 0.0
U 106 | F 542720 | FPS 1591 | D 338 | rR:x̄σmM 0.05 0.18 0.00 0.86 | H 1.946 | V 0.004 | pL 0.001 | vL 0.000 | ∇ 0.000 | Games 0 | Strat 0.0
U 107 | F 547840 | FPS 1635 | D 341 | rR:x̄σmM 0.05 0.18 0.00 0.86 | H 1.945 | V 0.006 | pL 0.001 | vL 0.000 | ∇ 0.001 | Games 0 | Strat 0.0
U 108 | F 552960 | FPS 1643 | D 344 | rR:x̄σmM 0.05 0.18 0.00 0.86 | H 1.946 | V 0.007 | pL 0.001 | vL 0.000 | ∇ 0.000 | Games 0 | Strat 0.0
U 109 | F 558080 | FPS 1647 | D 347 | rR:x̄σmM 0.05 0.18 0.00 0.86 | H 1.944 | V 0.007 | pL 0.001 | vL 0.000 | ∇ 0.003 | Games 1 | Strat 0.0
U 110 | F 563200 | FPS 1632 | D 351 | rR:x̄σmM 0.07 0.20 0.00 0.86 | H 1.944 | V 0.001 | pL -0.002 | vL 0.000 | ∇ 0.004 | Games 4 | Strat 0.0
Model successfully saved
U 111 | F 568320 | FPS 1639 | D 354 | rR:x̄σmM 0.07 0.20 0.00 0.86 | H 1.946 | V 0.003 | pL 0.000 | vL 0.000 | ∇ 0.000 | Games 0 | Strat 0.0
U 112 | F 573440 | FPS 1642 | D 357 | rR:x̄σmM 0.05 0.16 0.00 0.79 | H 1.946 | V 0.003 | pL 0.001 | vL 0.000 | ∇ 0.000 | Games 1 | Strat 0.0
U 113 | F 578560 | FPS 1621 | D 360 | rR:x̄σmM 0.04 0.16 0.00 0.79 | H 1.945 | V 0.004 | pL 0.001 | vL 0.000 | ∇ 0.001 | Games 3 | Strat 0.0
U 114 | F 583680 | FPS 1626 | D 363 | rR:x̄σmM 0.05 0.17 0.00 0.79 | H 1.945 | V 0.001 | pL -0.001 | vL 0.000 | ∇ 0.002 | Games 2 | Strat 0.0
U 115 | F 588800 | FPS 1614 | D 366 | rR:x̄σmM 0.05 0.17 0.00 0.79 | H 1.946 | V -0.002 | pL -0.000 | vL 0.000 | ∇ 0.000 | Games 0 | Strat 0.0
U 116 | F 593920 | FPS 1627 | D 370 | rR:x̄σmM 0.06 0.17 0.00 0.79 | H 1.945 | V 0.002 | pL -0.001 | vL 0.000 | ∇ 0.002 | Games 1 | Strat 0.0
U 117 | F 599040 | FPS 1611 | D 373 | rR:x̄σmM 0.06 0.17 0.00 0.79 | H 1.946 | V 0.001 | pL -0.000 | vL 0.000 | ∇ 0.001 | Games 0 | Strat 0.0
U 118 | F 604160 | FPS 1611 | D 376 | rR:x̄σmM 0.07 0.18 0.00 0.79 | H 1.944 | V 0.002 | pL -0.001 | vL 0.000 | ∇ 0.002 | Games 2 | Strat 0.0
U 119 | F 609280 | FPS 1633 | D 379 | rR:x̄σmM 0.07 0.18 0.00 0.79 | H 1.946 | V -0.000 | pL -0.000 | vL 0.000 | ∇ 0.001 | Games 0 | Strat 0.0
U 120 | F 614400 | FPS 1634 | D 382 | rR:x̄σmM 0.07 0.18 0.00 0.79 | H 1.945 | V -0.002 | pL -0.001 | vL 0.000 | ∇ 0.001 | Games 25 | Strat 0.0
Model successfully saved
U 121 | F 619520 | FPS 1629 | D 385 | rR:x̄σmM 0.07 0.18 0.00 0.79 | H 1.946 | V -0.000 | pL -0.000 | vL 0.000 | ∇ 0.000 | Games 0 | Strat 0.0
U 122 | F 624640 | FPS 1642 | D 388 | rR:x̄σmM 0.07 0.18 0.00 0.79 | H 1.946 | V 0.001 | pL 0.000 | vL 0.000 | ∇ 0.000 | Games 0 | Strat 0.0
U 123 | F 629760 | FPS 1641 | D 392 | rR:x̄σmM 0.07 0.18 0.00 0.79 | H 1.946 | V 0.002 | pL 0.000 | vL 0.000 | ∇ 0.000 | Games 0 | Strat 0.0
U 124 | F 634880 | FPS 1629 | D 395 | rR:x̄σmM 0.07 0.18 0.00 0.79 | H 1.946 | V 0.003 | pL 0.001 | vL 0.000 | ∇ 0.000 | Games 0 | Strat 0.0
U 125 | F 640000 | FPS 1620 | D 398 | rR:x̄σmM 0.06 0.15 0.00 0.57 | H 1.945 | V 0.003 | pL -0.001 | vL 0.000 | ∇ 0.002 | Games 2 | Strat 0.0
U 126 | F 645120 | FPS 1584 | D 401 | rR:x̄σmM 0.06 0.15 0.00 0.57 | H 1.946 | V -0.002 | pL -0.000 | vL 0.000 | ∇ 0.000 | Games 0 | Strat 0.0
U 127 | F 650240 | FPS 1632 | D 404 | rR:x̄σmM 0.06 0.15 0.00 0.57 | H 1.946 | V -0.001 | pL -0.000 | vL 0.000 | ∇ 0.000 | Games 0 | Strat 0.0
U 128 | F 655360 | FPS 1633 | D 407 | rR:x̄σmM 0.07 0.17 0.00 0.63 | H 1.945 | V 0.002 | pL -0.002 | vL 0.000 | ∇ 0.002 | Games 1 | Strat 0.0
U 129 | F 660480 | FPS 1626 | D 411 | rR:x̄σmM 0.07 0.17 0.00 0.63 | H 1.946 | V -0.010 | pL -0.002 | vL 0.000 | ∇ 0.001 | Games 1 | Strat 0.0
U 130 | F 665600 | FPS 1621 | D 414 | rR:x̄σmM 0.06 0.15 0.00 0.63 | H 1.946 | V -0.008 | pL -0.002 | vL 0.000 | ∇ 0.000 | Games 4 | Strat 0.0
Model successfully saved
U 131 | F 670720 | FPS 1628 | D 417 | rR:x̄σmM 0.06 0.15 0.00 0.63 | H 1.946 | V -0.006 | pL -0.001 | vL 0.000 | ∇ 0.000 | Games 0 | Strat 0.0
U 132 | F 675840 | FPS 1634 | D 420 | rR:x̄σmM 0.06 0.15 0.00 0.63 | H 1.946 | V -0.002 | pL -0.000 | vL 0.000 | ∇ 0.001 | Games 0 | Strat 0.0
U 133 | F 680960 | FPS 1623 | D 423 | rR:x̄σmM 0.06 0.15 0.00 0.63 | H 1.946 | V -0.002 | pL -0.000 | vL 0.000 | ∇ 0.000 | Games 3 | Strat 0.0
U 134 | F 686080 | FPS 1622 | D 426 | rR:x̄σmM 0.04 0.13 0.00 0.63 | H 1.946 | V 0.000 | pL -0.000 | vL 0.000 | ∇ 0.000 | Games 2 | Strat 0.0
U 135 | F 691200 | FPS 1637 | D 429 | rR:x̄σmM 0.04 0.13 0.00 0.63 | H 1.946 | V 0.000 | pL 0.000 | vL 0.000 | ∇ 0.000 | Games 0 | Strat 0.0
U 136 | F 696320 | FPS 1639 | D 433 | rR:x̄σmM 0.04 0.13 0.00 0.63 | H 1.946 | V 0.001 | pL 0.000 | vL 0.000 | ∇ 0.000 | Games 1 | Strat 0.0
U 137 | F 701440 | FPS 1616 | D 436 | rR:x̄σmM 0.04 0.13 0.00 0.63 | H 1.946 | V 0.001 | pL 0.000 | vL 0.000 | ∇ 0.001 | Games 0 | Strat 0.0
U 138 | F 706560 | FPS 1609 | D 439 | rR:x̄σmM 0.03 0.12 0.00 0.63 | H 1.945 | V 0.003 | pL -0.000 | vL 0.000 | ∇ 0.001 | Games 3 | Strat 0.0
U 139 | F 711680 | FPS 1621 | D 442 | rR:x̄σmM 0.03 0.12 0.00 0.63 | H 1.946 | V 0.002 | pL 0.000 | vL 0.000 | ∇ 0.000 | Games 0 | Strat 0.0
U 140 | F 716800 | FPS 1603 | D 445 | rR:x̄σmM 0.03 0.12 0.00 0.63 | H 1.946 | V 0.001 | pL 0.000 | vL 0.000 | ∇ 0.000 | Games 23 | Strat 0.0
Model successfully saved
U 141 | F 721920 | FPS 1633 | D 448 | rR:x̄σmM 0.03 0.11 0.00 0.63 | H 1.945 | V 0.002 | pL -0.001 | vL 0.000 | ∇ 0.001 | Games 1 | Strat 0.0
U 142 | F 727040 | FPS 1627 | D 452 | rR:x̄σmM 0.03 0.11 0.00 0.63 | H 1.946 | V -0.001 | pL -0.000 | vL 0.000 | ∇ 0.000 | Games 0 | Strat 0.0
U 143 | F 732160 | FPS 1628 | D 455 | rR:x̄σmM 0.04 0.14 0.00 0.63 | H 1.944 | V 0.002 | pL -0.002 | vL 0.000 | ∇ 0.002 | Games 1 | Strat 0.0
U 144 | F 737280 | FPS 1636 | D 458 | rR:x̄σmM 0.04 0.15 0.00 0.72 | H 1.942 | V 0.000 | pL -0.003 | vL 0.000 | ∇ 0.004 | Games 1 | Strat 0.0
U 145 | F 742400 | FPS 1642 | D 461 | rR:x̄σmM 0.04 0.15 0.00 0.72 | H 1.945 | V -0.006 | pL -0.001 | vL 0.000 | ∇ 0.001 | Games 1 | Strat 0.0
U 146 | F 747520 | FPS 1626 | D 464 | rR:x̄σmM 0.04 0.15 0.00 0.72 | H 1.945 | V -0.000 | pL -0.000 | vL 0.000 | ∇ 0.000 | Games 0 | Strat 0.0
U 147 | F 752640 | FPS 1633 | D 467 | rR:x̄σmM 0.04 0.15 0.00 0.72 | H 1.946 | V -0.000 | pL 0.000 | vL 0.000 | ∇ 0.000 | Games 0 | Strat 0.0
U 148 | F 757760 | FPS 1634 | D 470 | rR:x̄σmM 0.04 0.15 0.00 0.72 | H 1.946 | V 0.001 | pL 0.000 | vL 0.000 | ∇ 0.000 | Games 1 | Strat 0.0
U 149 | F 762880 | FPS 1585 | D 474 | rR:x̄σmM 0.04 0.15 0.00 0.72 | H 1.946 | V 0.001 | pL 0.000 | vL 0.000 | ∇ 0.000 | Games 1 | Strat 0.0
U 150 | F 768000 | FPS 1633 | D 477 | rR:x̄σmM 0.04 0.15 0.00 0.72 | H 1.946 | V 0.002 | pL 0.001 | vL 0.000 | ∇ 0.001 | Games 4 | Strat 0.0
Model successfully saved
U 151 | F 773120 | FPS 1601 | D 480 | rR:x̄σmM 0.04 0.15 0.00 0.72 | H 1.945 | V 0.005 | pL 0.000 | vL 0.000 | ∇ 0.001 | Games 0 | Strat 0.0
U 152 | F 778240 | FPS 1620 | D 483 | rR:x̄σmM 0.06 0.16 0.00 0.72 | H 1.943 | V 0.005 | pL -0.001 | vL 0.000 | ∇ 0.002 | Games 1 | Strat 0.0
U 153 | F 783360 | FPS 1621 | D 486 | rR:x̄σmM 0.06 0.16 0.00 0.72 | H 1.945 | V 0.007 | pL 0.001 | vL 0.000 | ∇ 0.001 | Games 2 | Strat 0.0
U 154 | F 788480 | FPS 1649 | D 489 | rR:x̄σmM 0.06 0.16 0.00 0.72 | H 1.943 | V 0.005 | pL 0.001 | vL 0.000 | ∇ 0.001 | Games 2 | Strat 0.0
U 155 | F 793600 | FPS 1643 | D 493 | rR:x̄σmM 0.06 0.17 0.00 0.72 | H 1.942 | V 0.007 | pL -0.000 | vL 0.000 | ∇ 0.002 | Games 1 | Strat 0.0
U 156 | F 798720 | FPS 1627 | D 496 | rR:x̄σmM 0.07 0.17 0.00 0.72 | H 1.940 | V 0.009 | pL -0.001 | vL 0.000 | ∇ 0.003 | Games 3 | Strat 0.0
U 157 | F 803840 | FPS 1641 | D 499 | rR:x̄σmM 0.09 0.19 0.00 0.72 | H 1.942 | V 0.011 | pL -0.001 | vL 0.000 | ∇ 0.003 | Games 1 | Strat 0.0
U 158 | F 808960 | FPS 1632 | D 502 | rR:x̄σmM 0.09 0.19 0.00 0.72 | H 1.945 | V -0.013 | pL -0.002 | vL 0.000 | ∇ 0.002 | Games 2 | Strat 0.0
U 159 | F 814080 | FPS 1625 | D 505 | rR:x̄σmM 0.09 0.19 0.00 0.72 | H 1.943 | V -0.005 | pL -0.002 | vL 0.000 | ∇ 0.001 | Games 1 | Strat 0.0
U 160 | F 819200 | FPS 1582 | D 508 | rR:x̄σmM 0.09 0.19 0.00 0.72 | H 1.945 | V -0.002 | pL -0.000 | vL 0.000 | ∇ 0.001 | Games 18 | Strat 0.0
Model successfully saved
U 161 | F 824320 | FPS 1661 | D 511 | rR:x̄σmM 0.07 0.18 0.00 0.72 | H 1.946 | V -0.002 | pL -0.000 | vL 0.000 | ∇ 0.000 | Games 1 | Strat 0.0
U 162 | F 829440 | FPS 1652 | D 515 | rR:x̄σmM 0.07 0.18 0.00 0.72 | H 1.946 | V -0.002 | pL -0.000 | vL 0.000 | ∇ 0.000 | Games 0 | Strat 0.0
U 163 | F 834560 | FPS 1633 | D 518 | rR:x̄σmM 0.06 0.15 0.00 0.67 | H 1.946 | V -0.001 | pL -0.000 | vL 0.000 | ∇ 0.000 | Games 1 | Strat 0.0
U 164 | F 839680 | FPS 1641 | D 521 | rR:x̄σmM 0.06 0.15 0.00 0.67 | H 1.946 | V 0.000 | pL -0.000 | vL 0.000 | ∇ 0.001 | Games 1 | Strat 0.0
U 165 | F 844800 | FPS 1619 | D 524 | rR:x̄σmM 0.06 0.15 0.00 0.67 | H 1.945 | V 0.001 | pL 0.000 | vL 0.000 | ∇ 0.000 | Games 1 | Strat 0.0
U 166 | F 849920 | FPS 1627 | D 527 | rR:x̄σmM 0.06 0.15 0.00 0.67 | H 1.946 | V 0.001 | pL 0.000 | vL 0.000 | ∇ 0.000 | Games 0 | Strat 0.0
U 167 | F 855040 | FPS 1620 | D 530 | rR:x̄σmM 0.06 0.15 0.00 0.67 | H 1.946 | V 0.000 | pL 0.000 | vL 0.000 | ∇ 0.000 | Games 0 | Strat 0.0
U 168 | F 860160 | FPS 1646 | D 533 | rR:x̄σmM 0.06 0.15 0.00 0.67 | H 1.946 | V 0.001 | pL 0.000 | vL 0.000 | ∇ 0.000 | Games 1 | Strat 0.0
U 169 | F 865280 | FPS 1640 | D 537 | rR:x̄σmM 0.06 0.15 0.00 0.67 | H 1.946 | V 0.001 | pL 0.000 | vL 0.000 | ∇ 0.000 | Games 1 | Strat 0.0
U 170 | F 870400 | FPS 1616 | D 540 | rR:x̄σmM 0.06 0.15 0.00 0.67 | H 1.944 | V 0.002 | pL -0.002 | vL 0.000 | ∇ 0.003 | Games 4 | Strat 0.0
Model successfully saved
U 171 | F 875520 | FPS 1633 | D 543 | rR:x̄σmM 0.06 0.15 0.00 0.67 | H 1.943 | V 0.003 | pL 0.001 | vL 0.000 | ∇ 0.002 | Games 1 | Strat 0.0
U 172 | F 880640 | FPS 1643 | D 546 | rR:x̄σmM 0.06 0.15 0.00 0.67 | H 1.946 | V 0.003 | pL 0.000 | vL 0.000 | ∇ 0.000 | Games 0 | Strat 0.0
U 173 | F 885760 | FPS 1627 | D 549 | rR:x̄σmM 0.06 0.15 0.00 0.67 | H 1.946 | V 0.003 | pL 0.001 | vL 0.000 | ∇ 0.000 | Games 2 | Strat 0.0
U 174 | F 890880 | FPS 1629 | D 552 | rR:x̄σmM 0.05 0.15 0.00 0.67 | H 1.946 | V 0.003 | pL 0.000 | vL 0.000 | ∇ 0.000 | Games 2 | Strat 0.0
U 175 | F 896000 | FPS 1639 | D 555 | rR:x̄σmM 0.05 0.15 0.00 0.67 | H 1.946 | V 0.003 | pL 0.000 | vL 0.000 | ∇ 0.000 | Games 1 | Strat 0.0
U 176 | F 901120 | FPS 1645 | D 558 | rR:x̄σmM 0.02 0.09 0.00 0.56 | H 1.946 | V 0.003 | pL 0.000 | vL 0.000 | ∇ 0.000 | Games 3 | Strat 0.0
U 177 | F 906240 | FPS 1630 | D 562 | rR:x̄σmM 0.03 0.10 0.00 0.56 | H 1.944 | V 0.004 | pL -0.001 | vL 0.000 | ∇ 0.001 | Games 2 | Strat 0.0
U 178 | F 911360 | FPS 1638 | D 565 | rR:x̄σmM 0.03 0.10 0.00 0.56 | H 1.944 | V 0.002 | pL 0.000 | vL 0.000 | ∇ 0.001 | Games 3 | Strat 0.0
U 179 | F 916480 | FPS 1636 | D 568 | rR:x̄σmM 0.03 0.10 0.00 0.56 | H 1.946 | V -0.000 | pL -0.000 | vL 0.000 | ∇ 0.000 | Games 1 | Strat 0.0
U 180 | F 921600 | FPS 1618 | D 571 | rR:x̄σmM 0.05 0.15 0.00 0.72 | H 1.944 | V 0.003 | pL -0.002 | vL 0.000 | ∇ 0.002 | Games 16 | Strat 0.0
Model successfully saved
U 181 | F 926720 | FPS 1626 | D 574 | rR:x̄σmM 0.05 0.15 0.00 0.72 | H 1.946 | V 0.000 | pL 0.000 | vL 0.000 | ∇ 0.000 | Games 1 | Strat 0.0
U 182 | F 931840 | FPS 1637 | D 577 | rR:x̄σmM 0.05 0.15 0.00 0.72 | H 1.946 | V -0.001 | pL -0.000 | vL 0.000 | ∇ 0.000 | Games 0 | Strat 0.0
U 183 | F 936960 | FPS 1637 | D 580 | rR:x̄σmM 0.05 0.15 0.00 0.72 | H 1.944 | V 0.002 | pL -0.000 | vL 0.000 | ∇ 0.002 | Games 2 | Strat 0.0
U 184 | F 942080 | FPS 1642 | D 584 | rR:x̄σmM 0.05 0.15 0.00 0.72 | H 1.946 | V -0.004 | pL -0.001 | vL 0.000 | ∇ 0.000 | Games 0 | Strat 0.0
U 185 | F 947200 | FPS 1629 | D 587 | rR:x̄σmM 0.05 0.15 0.00 0.72 | H 1.946 | V -0.006 | pL -0.001 | vL 0.000 | ∇ 0.000 | Games 1 | Strat 0.0
U 186 | F 952320 | FPS 1622 | D 590 | rR:x̄σmM 0.05 0.15 0.00 0.72 | H 1.943 | V -0.001 | pL -0.000 | vL 0.000 | ∇ 0.003 | Games 0 | Strat 0.0
U 187 | F 957440 | FPS 1627 | D 593 | rR:x̄σmM 0.05 0.15 0.00 0.72 | H 1.941 | V -0.009 | pL -0.002 | vL 0.000 | ∇ 0.002 | Games 0 | Strat 0.0
U 188 | F 962560 | FPS 1608 | D 596 | rR:x̄σmM 0.05 0.15 0.00 0.72 | H 1.944 | V -0.014 | pL -0.002 | vL 0.000 | ∇ 0.001 | Games 1 | Strat 0.0
U 189 | F 967680 | FPS 1621 | D 599 | rR:x̄σmM 0.05 0.15 0.00 0.72 | H 1.944 | V -0.009 | pL -0.002 | vL 0.000 | ∇ 0.001 | Games 1 | Strat 0.0
U 190 | F 972800 | FPS 1625 | D 603 | rR:x̄σmM 0.03 0.12 0.00 0.72 | H 1.945 | V -0.007 | pL -0.001 | vL 0.000 | ∇ 0.001 | Games 4 | Strat 0.0
Model successfully saved
U 191 | F 977920 | FPS 1597 | D 606 | rR:x̄σmM 0.03 0.12 0.00 0.72 | H 1.945 | V -0.004 | pL -0.001 | vL 0.000 | ∇ 0.000 | Games 1 | Strat 0.0
U 192 | F 983040 | FPS 1633 | D 609 | rR:x̄σmM 0.03 0.12 0.00 0.72 | H 1.946 | V -0.004 | pL -0.001 | vL 0.000 | ∇ 0.000 | Games 0 | Strat 0.0
U 193 | F 988160 | FPS 1627 | D 612 | rR:x̄σmM 0.03 0.12 0.00 0.72 | H 1.946 | V -0.004 | pL -0.001 | vL 0.000 | ∇ 0.000 | Games 2 | Strat 0.0
U 194 | F 993280 | FPS 1621 | D 615 | rR:x̄σmM 0.03 0.12 0.00 0.72 | H 1.946 | V -0.003 | pL -0.000 | vL 0.000 | ∇ 0.000 | Games 1 | Strat 0.0
U 195 | F 998400 | FPS 1620 | D 618 | rR:x̄σmM 0.03 0.12 0.00 0.72 | H 1.946 | V -0.003 | pL -0.000 | vL 0.000 | ∇ 0.000 | Games 1 | Strat 0.0
U 196 | F 1003520 | FPS 1640 | D 622 | rR:x̄σmM 0.03 0.12 0.00 0.72 | H 1.946 | V -0.003 | pL -0.000 | vL 0.000 | ∇ 0.000 | Games 3 | Strat 0.0
U 197 | F 1008640 | FPS 1628 | D 625 | rR:x̄σmM 0.03 0.12 0.00 0.72 | H 1.946 | V -0.002 | pL -0.000 | vL 0.000 | ∇ 0.000 | Games 2 | Strat 0.0
U 198 | F 1013760 | FPS 1640 | D 628 | rR:x̄σmM 0.02 0.11 0.00 0.72 | H 1.946 | V -0.002 | pL -0.000 | vL 0.000 | ∇ 0.000 | Games 3 | Strat 0.0
U 199 | F 1018880 | FPS 1636 | D 631 | rR:x̄σmM 0.02 0.11 0.00 0.72 | H 1.946 | V -0.002 | pL -0.000 | vL 0.000 | ∇ 0.000 | Games 1 | Strat 0.0
U 200 | F 1024000 | FPS 1636 | D 634 | rR:x̄σmM 0.01 0.03 0.00 0.15 | H 1.946 | V -0.002 | pL -0.001 | vL 0.000 | ∇ 0.001 | Games 16 | Strat 0.0
Model successfully saved
U 201 | F 1029120 | FPS 1637 | D 637 | rR:x̄σmM 0.01 0.03 0.00 0.15 | H 1.946 | V -0.002 | pL -0.000 | vL 0.000 | ∇ 0.000 | Games 1 | Strat 0.0
U 202 | F 1034240 | FPS 1372 | D 641 | rR:x̄σmM 0.01 0.03 0.00 0.15 | H 1.946 | V -0.002 | pL -0.000 | vL 0.000 | ∇ 0.000 | Games 0 | Strat 0.0
U 203 | F 1039360 | FPS 1438 | D 644 | rR:x̄σmM 0.00 0.02 0.00 0.14 | H 1.946 | V -0.001 | pL -0.000 | vL 0.000 | ∇ 0.000 | Games 2 | Strat 0.0
U 204 | F 1044480 | FPS 1537 | D 648 | rR:x̄σmM 0.00 0.02 0.00 0.14 | H 1.946 | V -0.002 | pL -0.000 | vL 0.000 | ∇ 0.000 | Games 0 | Strat 0.0
U 205 | F 1049600 | FPS 1560 | D 651 | rR:x̄σmM 0.00 0.02 0.00 0.14 | H 1.946 | V -0.001 | pL -0.000 | vL 0.000 | ∇ 0.000 | Games 1 | Strat 0.0
U 206 | F 1054720 | FPS 1641 | D 654 | rR:x̄σmM 0.00 0.02 0.00 0.14 | H 1.946 | V -0.001 | pL -0.000 | vL 0.000 | ∇ 0.000 | Games 0 | Strat 0.0
U 207 | F 1059840 | FPS 1630 | D 657 | rR:x̄σmM 0.00 0.02 0.00 0.14 | H 1.946 | V -0.001 | pL -0.000 | vL 0.000 | ∇ 0.000 | Games 0 | Strat 0.0
U 208 | F 1064960 | FPS 1623 | D 661 | rR:x̄σmM 0.01 0.03 0.00 0.15 | H 1.945 | V -0.001 | pL -0.001 | vL 0.000 | ∇ 0.001 | Games 2 | Strat 0.0
U 209 | F 1070080 | FPS 1633 | D 664 | rR:x̄σmM 0.01 0.03 0.00 0.15 | H 1.946 | V -0.001 | pL -0.000 | vL 0.000 | ∇ 0.000 | Games 0 | Strat 0.0
U 210 | F 1075200 | FPS 1631 | D 667 | rR:x̄σmM 0.01 0.03 0.00 0.15 | H 1.946 | V -0.001 | pL -0.000 | vL 0.000 | ∇ 0.000 | Games 4 | Strat 0.0
Model successfully saved
U 211 | F 1080320 | FPS 1640 | D 670 | rR:x̄σmM 0.02 0.09 0.00 0.54 | H 1.944 | V 0.001 | pL -0.002 | vL 0.000 | ∇ 0.003 | Games 2 | Strat 0.0
U 212 | F 1085440 | FPS 1627 | D 673 | rR:x̄σmM 0.02 0.09 0.00 0.54 | H 1.946 | V -0.005 | pL -0.001 | vL 0.000 | ∇ 0.001 | Games 0 | Strat 0.0
U 213 | F 1090560 | FPS 1628 | D 676 | rR:x̄σmM 0.02 0.09 0.00 0.54 | H 1.946 | V -0.006 | pL -0.001 | vL 0.000 | ∇ 0.000 | Games 2 | Strat 0.0
U 214 | F 1095680 | FPS 1627 | D 679 | rR:x̄σmM 0.02 0.09 0.00 0.54 | H 1.946 | V -0.006 | pL -0.001 | vL 0.000 | ∇ 0.000 | Games 1 | Strat 0.0
U 215 | F 1100800 | FPS 1649 | D 683 | rR:x̄σmM 0.02 0.09 0.00 0.54 | H 1.945 | V -0.002 | pL -0.000 | vL 0.000 | ∇ 0.001 | Games 1 | Strat 0.0
U 216 | F 1105920 | FPS 1637 | D 686 | rR:x̄σmM 0.03 0.10 0.00 0.54 | H 1.945 | V -0.001 | pL -0.001 | vL 0.000 | ∇ 0.001 | Games 4 | Strat 0.0
U 217 | F 1111040 | FPS 1633 | D 689 | rR:x̄σmM 0.03 0.10 0.00 0.54 | H 1.946 | V -0.006 | pL -0.001 | vL 0.000 | ∇ 0.000 | Games 2 | Strat 0.0
U 218 | F 1116160 | FPS 1627 | D 692 | rR:x̄σmM 0.02 0.10 0.00 0.54 | H 1.946 | V -0.004 | pL -0.001 | vL 0.000 | ∇ 0.000 | Games 3 | Strat 0.0
U 219 | F 1121280 | FPS 1635 | D 695 | rR:x̄σmM 0.02 0.10 0.00 0.54 | H 1.946 | V -0.004 | pL -0.001 | vL 0.000 | ∇ 0.000 | Games 1 | Strat 0.0
U 220 | F 1126400 | FPS 1612 | D 698 | rR:x̄σmM 0.02 0.10 0.00 0.54 | H 1.946 | V -0.002 | pL -0.001 | vL 0.000 | ∇ 0.000 | Games 15 | Strat 0.0
Model successfully saved
U 221 | F 1131520 | FPS 1604 | D 701 | rR:x̄σmM 0.02 0.10 0.00 0.54 | H 1.946 | V -0.001 | pL -0.000 | vL 0.000 | ∇ 0.000 | Games 0 | Strat 0.0
U 222 | F 1136640 | FPS 1612 | D 705 | rR:x̄σmM 0.02 0.10 0.00 0.54 | H 1.946 | V -0.001 | pL -0.000 | vL 0.000 | ∇ 0.000 | Games 0 | Strat 0.0
U 223 | F 1141760 | FPS 1589 | D 708 | rR:x̄σmM 0.02 0.10 0.00 0.54 | H 1.946 | V -0.000 | pL -0.000 | vL 0.000 | ∇ 0.000 | Games 2 | Strat 0.0
U 224 | F 1146880 | FPS 1634 | D 711 | rR:x̄σmM 0.04 0.12 0.00 0.54 | H 1.944 | V 0.001 | pL -0.002 | vL 0.000 | ∇ 0.002 | Games 1 | Strat 0.0
U 225 | F 1152000 | FPS 1626 | D 714 | rR:x̄σmM 0.05 0.15 0.00 0.59 | H 1.944 | V 0.004 | pL -0.002 | vL 0.000 | ∇ 0.002 | Games 2 | Strat 0.0
U 226 | F 1157120 | FPS 1626 | D 717 | rR:x̄σmM 0.06 0.17 0.00 0.59 | H 1.943 | V -0.004 | pL -0.002 | vL 0.000 | ∇ 0.002 | Games 1 | Strat 0.0
U 227 | F 1162240 | FPS 1645 | D 720 | rR:x̄σmM 0.06 0.17 0.00 0.59 | H 1.946 | V -0.004 | pL -0.001 | vL 0.000 | ∇ 0.000 | Games 0 | Strat 0.0
U 228 | F 1167360 | FPS 1648 | D 724 | rR:x̄σmM 0.06 0.17 0.00 0.59 | H 1.946 | V -0.003 | pL -0.000 | vL 0.000 | ∇ 0.000 | Games 2 | Strat 0.0
U 229 | F 1172480 | FPS 1638 | D 727 | rR:x̄σmM 0.06 0.17 0.00 0.59 | H 1.946 | V -0.002 | pL -0.000 | vL 0.000 | ∇ 0.000 | Games 0 | Strat 0.0
U 230 | F 1177600 | FPS 1599 | D 730 | rR:x̄σmM 0.05 0.15 0.00 0.59 | H 1.946 | V 0.000 | pL 0.000 | vL 0.000 | ∇ 0.000 | Games 4 | Strat 0.0
Model successfully saved
U 231 | F 1182720 | FPS 1643 | D 733 | rR:x̄σmM 0.05 0.15 0.00 0.59 | H 1.946 | V -0.001 | pL -0.000 | vL 0.000 | ∇ 0.000 | Games 2 | Strat 0.0
U 232 | F 1187840 | FPS 1602 | D 736 | rR:x̄σmM 0.05 0.15 0.00 0.59 | H 1.946 | V -0.000 | pL -0.000 | vL 0.000 | ∇ 0.000 | Games 0 | Strat 0.0
U 233 | F 1192960 | FPS 1628 | D 739 | rR:x̄σmM 0.05 0.15 0.00 0.59 | H 1.946 | V -0.000 | pL -0.000 | vL 0.000 | ∇ 0.000 | Games 1 | Strat 0.0
U 234 | F 1198080 | FPS 1635 | D 742 | rR:x̄σmM 0.05 0.15 0.00 0.59 | H 1.945 | V 0.002 | pL -0.000 | vL 0.000 | ∇ 0.001 | Games 1 | Strat 0.0
U 235 | F 1203200 | FPS 1633 | D 746 | rR:x̄σmM 0.04 0.15 0.00 0.59 | H 1.944 | V 0.003 | pL 0.000 | vL 0.000 | ∇ 0.001 | Games 1 | Strat 0.0
U 236 | F 1208320 | FPS 1633 | D 749 | rR:x̄σmM 0.06 0.17 0.00 0.61 | H 1.940 | V 0.001 | pL -0.002 | vL 0.000 | ∇ 0.004 | Games 3 | Strat 0.0
U 237 | F 1213440 | FPS 1622 | D 752 | rR:x̄σmM 0.08 0.20 0.00 0.73 | H 1.942 | V 0.005 | pL -0.002 | vL 0.000 | ∇ 0.003 | Games 3 | Strat 0.0
U 238 | F 1218560 | FPS 1614 | D 755 | rR:x̄σmM 0.08 0.20 0.00 0.73 | H 1.942 | V 0.007 | pL -0.000 | vL 0.000 | ∇ 0.003 | Games 3 | Strat 0.0
U 239 | F 1223680 | FPS 1630 | D 758 | rR:x̄σmM 0.10 0.23 0.00 0.84 | H 1.939 | V -0.002 | pL -0.003 | vL 0.000 | ∇ 0.005 | Games 2 | Strat 0.0
U 240 | F 1228800 | FPS 1621 | D 761 | rR:x̄σmM 0.08 0.22 0.00 0.84 | H 1.944 | V 0.002 | pL 0.000 | vL 0.000 | ∇ 0.001 | Games 15 | Strat 0.0
Model successfully saved
U 241 | F 1233920 | FPS 1638 | D 765 | rR:x̄σmM 0.08 0.22 0.00 0.84 | H 1.946 | V -0.002 | pL -0.000 | vL 0.000 | ∇ 0.000 | Games 0 | Strat 0.0
U 242 | F 1239040 | FPS 1629 | D 768 | rR:x̄σmM 0.08 0.22 0.00 0.84 | H 1.946 | V 0.000 | pL 0.000 | vL 0.000 | ∇ 0.000 | Games 0 | Strat 0.0
U 243 | F 1244160 | FPS 1635 | D 771 | rR:x̄σmM 0.07 0.21 0.00 0.84 | H 1.946 | V 0.001 | pL 0.000 | vL 0.000 | ∇ 0.000 | Games 2 | Strat 0.0
U 244 | F 1249280 | FPS 1622 | D 774 | rR:x̄σmM 0.05 0.19 0.00 0.84 | H 1.946 | V 0.001 | pL 0.000 | vL 0.000 | ∇ 0.000 | Games 1 | Strat 0.0
U 245 | F 1254400 | FPS 1626 | D 777 | rR:x̄σmM 0.05 0.19 0.00 0.84 | H 1.946 | V 0.001 | pL 0.000 | vL 0.000 | ∇ 0.000 | Games 2 | Strat 0.0
U 246 | F 1259520 | FPS 1612 | D 780 | rR:x̄σmM 0.05 0.19 0.00 0.84 | H 1.946 | V 0.001 | pL 0.000 | vL 0.000 | ∇ 0.000 | Games 1 | Strat 0.0
U 247 | F 1264640 | FPS 1634 | D 783 | rR:x̄σmM 0.05 0.19 0.00 0.84 | H 1.946 | V 0.001 | pL 0.000 | vL 0.000 | ∇ 0.000 | Games 0 | Strat 0.0
U 248 | F 1269760 | FPS 1635 | D 787 | rR:x̄σmM 0.05 0.19 0.00 0.84 | H 1.946 | V 0.001 | pL 0.000 | vL 0.000 | ∇ 0.000 | Games 1 | Strat 0.0
U 249 | F 1274880 | FPS 1634 | D 790 | rR:x̄σmM 0.05 0.19 0.00 0.84 | H 1.946 | V 0.001 | pL 0.000 | vL 0.000 | ∇ 0.000 | Games 0 | Strat 0.0
U 250 | F 1280000 | FPS 1634 | D 793 | rR:x̄σmM 0.05 0.19 0.00 0.84 | H 1.946 | V 0.001 | pL 0.000 | vL 0.000 | ∇ 0.000 | Games 4 | Strat 0.0
Model successfully saved
U 251 | F 1285120 | FPS 1639 | D 796 | rR:x̄σmM 0.05 0.19 0.00 0.84 | H 1.946 | V 0.001 | pL 0.000 | vL 0.000 | ∇ 0.000 | Games 1 | Strat 0.0
U 252 | F 1290240 | FPS 1628 | D 799 | rR:x̄σmM 0.06 0.20 0.00 0.84 | H 1.941 | V 0.004 | pL -0.001 | vL 0.000 | ∇ 0.003 | Games 1 | Strat 0.0
U 253 | F 1295360 | FPS 1627 | D 802 | rR:x̄σmM 0.06 0.20 0.00 0.84 | H 1.946 | V 0.004 | pL 0.001 | vL 0.000 | ∇ 0.000 | Games 1 | Strat 0.0
U 254 | F 1300480 | FPS 1626 | D 805 | rR:x̄σmM 0.06 0.20 0.00 0.84 | H 1.946 | V 0.004 | pL 0.001 | vL 0.000 | ∇ 0.000 | Games 1 | Strat 0.0
U 255 | F 1305600 | FPS 1637 | D 809 | rR:x̄σmM 0.06 0.20 0.00 0.84 | H 1.946 | V 0.004 | pL 0.001 | vL 0.000 | ∇ 0.000 | Games 1 | Strat 0.0
U 256 | F 1310720 | FPS 1617 | D 812 | rR:x̄σmM 0.03 0.14 0.00 0.84 | H 1.944 | V 0.005 | pL 0.000 | vL 0.000 | ∇ 0.001 | Games 2 | Strat 0.0
U 257 | F 1315840 | FPS 1629 | D 815 | rR:x̄σmM 0.04 0.15 0.00 0.84 | H 1.942 | V 0.007 | pL 0.001 | vL 0.000 | ∇ 0.002 | Games 4 | Strat 0.0
U 258 | F 1320960 | FPS 1625 | D 818 | rR:x̄σmM 0.02 0.07 0.00 0.34 | H 1.946 | V 0.007 | pL 0.001 | vL 0.000 | ∇ 0.000 | Games 2 | Strat 0.0
U 259 | F 1326080 | FPS 1508 | D 821 | rR:x̄σmM 0.02 0.07 0.00 0.34 | H 1.946 | V 0.002 | pL 0.000 | vL 0.000 | ∇ 0.000 | Games 2 | Strat 0.0
U 260 | F 1331200 | FPS 1634 | D 825 | rR:x̄σmM 0.02 0.07 0.00 0.34 | H 1.940 | V 0.004 | pL 0.001 | vL 0.000 | ∇ 0.002 | Games 14 | Strat 0.0
Model successfully saved
U 261 | F 1336320 | FPS 1606 | D 828 | rR:x̄σmM 0.02 0.07 0.00 0.34 | H 1.945 | V 0.006 | pL 0.001 | vL 0.000 | ∇ 0.001 | Games 0 | Strat 0.0
U 262 | F 1341440 | FPS 1624 | D 831 | rR:x̄σmM 0.02 0.07 0.00 0.34 | H 1.945 | V 0.005 | pL 0.001 | vL 0.000 | ∇ 0.001 | Games 0 | Strat 0.0
U 263 | F 1346560 | FPS 1612 | D 834 | rR:x̄σmM 0.02 0.07 0.00 0.34 | H 1.945 | V 0.003 | pL 0.001 | vL 0.000 | ∇ 0.000 | Games 2 | Strat 0.0
U 264 | F 1351680 | FPS 1633 | D 837 | rR:x̄σmM 0.02 0.07 0.00 0.34 | H 1.946 | V 0.003 | pL 0.001 | vL 0.000 | ∇ 0.000 | Games 1 | Strat 0.0
U 265 | F 1356800 | FPS 1625 | D 840 | rR:x̄σmM 0.02 0.07 0.00 0.34 | H 1.946 | V 0.002 | pL 0.000 | vL 0.000 | ∇ 0.000 | Games 2 | Strat 0.0
U 266 | F 1361920 | FPS 1602 | D 844 | rR:x̄σmM 0.02 0.07 0.00 0.34 | H 1.946 | V 0.001 | pL 0.000 | vL 0.000 | ∇ 0.000 | Games 1 | Strat 0.0
U 267 | F 1367040 | FPS 1623 | D 847 | rR:x̄σmM 0.02 0.07 0.00 0.34 | H 1.946 | V 0.001 | pL 0.000 | vL 0.000 | ∇ 0.000 | Games 0 | Strat 0.0
U 268 | F 1372160 | FPS 1629 | D 850 | rR:x̄σmM 0.02 0.07 0.00 0.34 | H 1.946 | V 0.001 | pL 0.000 | vL 0.000 | ∇ 0.000 | Games 1 | Strat 0.0
U 269 | F 1377280 | FPS 1617 | D 853 | rR:x̄σmM 0.02 0.07 0.00 0.34 | H 1.946 | V 0.001 | pL 0.000 | vL 0.000 | ∇ 0.000 | Games 0 | Strat 0.0
U 270 | F 1382400 | FPS 1622 | D 856 | rR:x̄σmM 0.02 0.07 0.00 0.34 | H 1.946 | V 0.001 | pL 0.000 | vL 0.000 | ∇ 0.000 | Games 4 | Strat 0.0
Model successfully saved
U 271 | F 1387520 | FPS 1631 | D 859 | rR:x̄σmM 0.02 0.07 0.00 0.34 | H 1.946 | V 0.000 | pL 0.000 | vL 0.000 | ∇ 0.000 | Games 1 | Strat 0.0
U 272 | F 1392640 | FPS 1636 | D 863 | rR:x̄σmM 0.01 0.04 0.00 0.27 | H 1.945 | V 0.002 | pL -0.000 | vL 0.000 | ∇ 0.001 | Games 1 | Strat 0.0
U 273 | F 1397760 | FPS 1617 | D 866 | rR:x̄σmM 0.02 0.10 0.00 0.59 | H 1.944 | V 0.003 | pL -0.002 | vL 0.000 | ∇ 0.004 | Games 2 | Strat 0.0
U 274 | F 1402880 | FPS 1630 | D 869 | rR:x̄σmM 0.03 0.10 0.00 0.59 | H 1.944 | V -0.000 | pL -0.001 | vL 0.000 | ∇ 0.002 | Games 2 | Strat 0.0
U 275 | F 1408000 | FPS 1642 | D 872 | rR:x̄σmM 0.03 0.10 0.00 0.59 | H 1.945 | V 0.001 | pL -0.000 | vL 0.000 | ∇ 0.002 | Games 1 | Strat 0.0
U 276 | F 1413120 | FPS 1632 | D 875 | rR:x̄σmM 0.02 0.10 0.00 0.59 | H 1.945 | V 0.002 | pL 0.000 | vL 0.000 | ∇ 0.001 | Games 2 | Strat 0.0
U 277 | F 1418240 | FPS 1630 | D 878 | rR:x̄σmM 0.03 0.13 0.00 0.59 | H 1.942 | V 0.002 | pL -0.002 | vL 0.000 | ∇ 0.002 | Games 4 | Strat 0.0
U 278 | F 1423360 | FPS 1624 | D 881 | rR:x̄σmM 0.04 0.13 0.00 0.59 | H 1.944 | V 0.001 | pL -0.000 | vL 0.000 | ∇ 0.001 | Games 3 | Strat 0.0
U 279 | F 1428480 | FPS 1626 | D 885 | rR:x̄σmM 0.04 0.13 0.00 0.59 | H 1.946 | V -0.001 | pL -0.000 | vL 0.000 | ∇ 0.000 | Games 2 | Strat 0.0
U 280 | F 1433600 | FPS 1605 | D 888 | rR:x̄σmM 0.04 0.13 0.00 0.59 | H 1.946 | V -0.000 | pL -0.000 | vL 0.000 | ∇ 0.000 | Games 13 | Strat 0.0
Model successfully saved
U 281 | F 1438720 | FPS 1616 | D 891 | rR:x̄σmM 0.04 0.13 0.00 0.59 | H 1.946 | V 0.001 | pL 0.000 | vL 0.000 | ∇ 0.000 | Games 0 | Strat 0.0
U 282 | F 1443840 | FPS 1627 | D 894 | rR:x̄σmM 0.04 0.13 0.00 0.59 | H 1.942 | V 0.004 | pL -0.000 | vL 0.000 | ∇ 0.001 | Games 0 | Strat 0.0
U 283 | F 1448960 | FPS 1619 | D 897 | rR:x̄σmM 0.06 0.16 0.00 0.59 | H 1.944 | V 0.001 | pL -0.000 | vL 0.000 | ∇ 0.001 | Games 4 | Strat 0.0
U 284 | F 1454080 | FPS 1612 | D 900 | rR:x̄σmM 0.06 0.16 0.00 0.59 | H 1.946 | V 0.002 | pL 0.000 | vL 0.000 | ∇ 0.000 | Games 0 | Strat 0.0
U 285 | F 1459200 | FPS 1630 | D 904 | rR:x̄σmM 0.07 0.17 0.00 0.59 | H 1.944 | V 0.003 | pL -0.001 | vL 0.000 | ∇ 0.002 | Games 2 | Strat 0.0
U 286 | F 1464320 | FPS 1631 | D 907 | rR:x̄σmM 0.09 0.19 0.00 0.59 | H 1.942 | V 0.006 | pL -0.001 | vL 0.000 | ∇ 0.003 | Games 2 | Strat 0.0
U 287 | F 1469440 | FPS 1639 | D 910 | rR:x̄σmM 0.10 0.20 0.00 0.60 | H 1.944 | V 0.000 | pL -0.001 | vL 0.000 | ∇ 0.002 | Games 1 | Strat 0.0
U 288 | F 1474560 | FPS 1610 | D 913 | rR:x̄σmM 0.12 0.22 0.00 0.67 | H 1.943 | V -0.001 | pL -0.002 | vL 0.000 | ∇ 0.002 | Games 1 | Strat 0.0
U 289 | F 1479680 | FPS 1624 | D 916 | rR:x̄σmM 0.12 0.22 0.00 0.67 | H 1.945 | V -0.002 | pL 0.000 | vL 0.000 | ∇ 0.001 | Games 0 | Strat 0.0
U 290 | F 1484800 | FPS 1616 | D 919 | rR:x̄σmM 0.10 0.21 0.00 0.67 | H 1.945 | V -0.001 | pL -0.000 | vL 0.000 | ∇ 0.000 | Games 4 | Strat 0.0
Model successfully saved
U 291 | F 1489920 | FPS 1633 | D 922 | rR:x̄σmM 0.11 0.21 0.00 0.67 | H 1.944 | V 0.001 | pL -0.001 | vL 0.000 | ∇ 0.002 | Games 2 | Strat 0.0
U 292 | F 1495040 | FPS 1598 | D 926 | rR:x̄σmM 0.11 0.21 0.00 0.67 | H 1.945 | V -0.001 | pL -0.000 | vL 0.000 | ∇ 0.001 | Games 1 | Strat 0.0
U 293 | F 1500160 | FPS 1612 | D 929 | rR:x̄σmM 0.13 0.24 0.00 0.84 | H 1.942 | V 0.001 | pL -0.002 | vL 0.000 | ∇ 0.004 | Games 2 | Strat 0.0
U 294 | F 1505280 | FPS 1614 | D 932 | rR:x̄σmM 0.11 0.23 0.00 0.84 | H 1.944 | V -0.006 | pL -0.001 | vL 0.000 | ∇ 0.001 | Games 1 | Strat 0.0
U 295 | F 1510400 | FPS 1580 | D 935 | rR:x̄σmM 0.12 0.23 0.00 0.84 | H 1.945 | V -0.002 | pL -0.001 | vL 0.000 | ∇ 0.002 | Games 2 | Strat 0.0
U 296 | F 1515520 | FPS 1449 | D 939 | rR:x̄σmM 0.12 0.23 0.00 0.84 | H 1.946 | V 0.000 | pL 0.000 | vL 0.000 | ∇ 0.000 | Games 1 | Strat 0.0
U 297 | F 1520640 | FPS 1651 | D 942 | rR:x̄σmM 0.12 0.23 0.00 0.84 | H 1.946 | V -0.000 | pL -0.000 | vL 0.000 | ∇ 0.000 | Games 4 | Strat 0.0
U 298 | F 1525760 | FPS 1643 | D 945 | rR:x̄σmM 0.12 0.23 0.00 0.84 | H 1.946 | V -0.000 | pL -0.000 | vL 0.000 | ∇ 0.000 | Games 1 | Strat 0.0
U 299 | F 1530880 | FPS 1636 | D 948 | rR:x̄σmM 0.12 0.23 0.00 0.84 | H 1.946 | V 0.000 | pL -0.000 | vL 0.000 | ∇ 0.000 | Games 2 | Strat 0.0
U 300 | F 1536000 | FPS 1628 | D 951 | rR:x̄σmM 0.10 0.22 0.00 0.84 | H 1.945 | V 0.001 | pL 0.000 | vL 0.000 | ∇ 0.001 | Games 11 | Strat 0.0
Model successfully saved
U 301 | F 1541120 | FPS 1625 | D 954 | rR:x̄σmM 0.12 0.23 0.00 0.84 | H 1.942 | V 0.003 | pL -0.002 | vL 0.000 | ∇ 0.003 | Games 2 | Strat 0.0
U 302 | F 1546240 | FPS 1618 | D 958 | rR:x̄σmM 0.12 0.23 0.00 0.84 | H 1.946 | V -0.003 | pL -0.000 | vL 0.000 | ∇ 0.000 | Games 0 | Strat 0.0
U 303 | F 1551360 | FPS 1626 | D 961 | rR:x̄σmM 0.11 0.22 0.00 0.84 | H 1.944 | V 0.002 | pL -0.002 | vL 0.000 | ∇ 0.002 | Games 5 | Strat 0.0
U 304 | F 1556480 | FPS 1641 | D 964 | rR:x̄σmM 0.11 0.22 0.00 0.84 | H 1.946 | V -0.005 | pL -0.001 | vL 0.000 | ∇ 0.001 | Games 0 | Strat 0.0
U 305 | F 1561600 | FPS 1640 | D 967 | rR:x̄σmM 0.09 0.21 0.00 0.84 | H 1.946 | V -0.001 | pL -0.000 | vL 0.000 | ∇ 0.001 | Games 1 | Strat 0.0
U 306 | F 1566720 | FPS 1628 | D 970 | rR:x̄σmM 0.09 0.21 0.00 0.84 | H 1.942 | V 0.002 | pL -0.002 | vL 0.000 | ∇ 0.004 | Games 3 | Strat 0.0
U 307 | F 1571840 | FPS 1642 | D 973 | rR:x̄σmM 0.10 0.21 0.00 0.84 | H 1.943 | V 0.004 | pL -0.000 | vL 0.000 | ∇ 0.002 | Games 2 | Strat 0.0
U 308 | F 1576960 | FPS 1641 | D 976 | rR:x̄σmM 0.10 0.21 0.00 0.84 | H 1.943 | V 0.006 | pL -0.000 | vL 0.000 | ∇ 0.002 | Games 2 | Strat 0.0
U 309 | F 1582080 | FPS 1640 | D 980 | rR:x̄σmM 0.10 0.21 0.00 0.84 | H 1.946 | V 0.005 | pL 0.001 | vL 0.000 | ∇ 0.001 | Games 0 | Strat 0.0
U 310 | F 1587200 | FPS 1631 | D 983 | rR:x̄σmM 0.10 0.21 0.00 0.84 | H 1.946 | V 0.005 | pL 0.001 | vL 0.000 | ∇ 0.000 | Games 1 | Strat 0.0
Model successfully saved
U 311 | F 1592320 | FPS 1635 | D 986 | rR:x̄σmM 0.08 0.18 0.00 0.61 | H 1.944 | V 0.006 | pL 0.000 | vL 0.000 | ∇ 0.001 | Games 3 | Strat 0.0
U 312 | F 1597440 | FPS 1616 | D 989 | rR:x̄σmM 0.07 0.17 0.00 0.61 | H 1.945 | V 0.004 | pL 0.000 | vL 0.000 | ∇ 0.001 | Games 1 | Strat 0.0
U 313 | F 1602560 | FPS 1636 | D 992 | rR:x̄σmM 0.07 0.17 0.00 0.61 | H 1.945 | V 0.001 | pL 0.000 | vL 0.000 | ∇ 0.000 | Games 1 | Strat 0.0
U 314 | F 1607680 | FPS 1633 | D 995 | rR:x̄σmM 0.07 0.17 0.00 0.61 | H 1.946 | V 0.002 | pL 0.000 | vL 0.000 | ∇ 0.000 | Games 0 | Strat 0.0
U 315 | F 1612800 | FPS 1631 | D 998 | rR:x̄σmM 0.08 0.18 0.00 0.61 | H 1.943 | V 0.002 | pL -0.001 | vL 0.000 | ∇ 0.002 | Games 3 | Strat 0.0
U 316 | F 1617920 | FPS 1622 | D 1002 | rR:x̄σmM 0.09 0.18 0.00 0.61 | H 1.943 | V 0.002 | pL -0.001 | vL 0.000 | ∇ 0.002 | Games 1 | Strat 0.0
U 317 | F 1623040 | FPS 1600 | D 1005 | rR:x̄σmM 0.09 0.18 0.00 0.61 | H 1.946 | V 0.000 | pL -0.000 | vL 0.000 | ∇ 0.000 | Games 3 | Strat 0.0
U 318 | F 1628160 | FPS 1609 | D 1008 | rR:x̄σmM 0.09 0.18 0.00 0.61 | H 1.945 | V 0.002 | pL -0.001 | vL 0.000 | ∇ 0.001 | Games 1 | Strat 0.0
U 319 | F 1633280 | FPS 1622 | D 1011 | rR:x̄σmM 0.10 0.18 0.00 0.61 | H 1.942 | V 0.002 | pL -0.001 | vL 0.000 | ∇ 0.002 | Games 4 | Strat 0.0
U 320 | F 1638400 | FPS 1397 | D 1015 | rR:x̄σmM 0.08 0.17 0.00 0.61 | H 1.945 | V 0.002 | pL 0.000 | vL 0.000 | ∇ 0.001 | Games 9 | Strat 0.0
Model successfully saved
U 321 | F 1643520 | FPS 1181 | D 1019 | rR:x̄σmM 0.08 0.17 0.00 0.61 | H 1.946 | V -0.001 | pL -0.000 | vL 0.000 | ∇ 0.000 | Games 1 | Strat 0.0
U 322 | F 1648640 | FPS 1626 | D 1022 | rR:x̄σmM 0.08 0.17 0.00 0.61 | H 1.945 | V -0.001 | pL -0.000 | vL 0.000 | ∇ 0.000 | Games 0 | Strat 0.0
U 323 | F 1653760 | FPS 1637 | D 1025 | rR:x̄σmM 0.08 0.15 0.00 0.61 | H 1.945 | V -0.001 | pL -0.001 | vL 0.000 | ∇ 0.001 | Games 5 | Strat 0.0
U 324 | F 1658880 | FPS 1541 | D 1029 | rR:x̄σmM 0.08 0.15 0.00 0.61 | H 1.946 | V -0.001 | pL -0.000 | vL 0.000 | ∇ 0.000 | Games 0 | Strat 0.0
U 325 | F 1664000 | FPS 1345 | D 1033 | rR:x̄σmM 0.08 0.15 0.00 0.61 | H 1.946 | V -0.001 | pL -0.000 | vL 0.000 | ∇ 0.000 | Games 1 | Strat 0.0
U 326 | F 1669120 | FPS 1166 | D 1037 | rR:x̄σmM 0.06 0.12 0.00 0.47 | H 1.946 | V 0.000 | pL 0.000 | vL 0.000 | ∇ 0.001 | Games 2 | Strat 0.0
U 327 | F 1674240 | FPS 1431 | D 1041 | rR:x̄σmM 0.05 0.12 0.00 0.47 | H 1.946 | V -0.001 | pL -0.000 | vL 0.000 | ∇ 0.000 | Games 2 | Strat 0.0
U 328 | F 1679360 | FPS 1408 | D 1044 | rR:x̄σmM 0.04 0.10 0.00 0.41 | H 1.946 | V -0.000 | pL -0.000 | vL 0.000 | ∇ 0.000 | Games 2 | Strat 0.0
U 329 | F 1684480 | FPS 1228 | D 1048 | rR:x̄σmM 0.04 0.10 0.00 0.41 | H 1.946 | V 0.000 | pL -0.000 | vL 0.000 | ∇ 0.000 | Games 0 | Strat 0.0
U 330 | F 1689600 | FPS 1171 | D 1053 | rR:x̄σmM 0.04 0.10 0.00 0.41 | H 1.946 | V 0.001 | pL 0.000 | vL 0.000 | ∇ 0.000 | Games 1 | Strat 0.0
Model successfully saved
U 331 | F 1694720 | FPS 1485 | D 1056 | rR:x̄σmM 0.05 0.12 0.00 0.52 | H 1.944 | V 0.003 | pL -0.001 | vL 0.000 | ∇ 0.002 | Games 4 | Strat 0.0
U 332 | F 1699840 | FPS 1479 | D 1060 | rR:x̄σmM 0.05 0.12 0.00 0.52 | H 1.946 | V 0.001 | pL 0.000 | vL 0.000 | ∇ 0.000 | Games 1 | Strat 0.0
U 333 | F 1704960 | FPS 1645 | D 1063 | rR:x̄σmM 0.05 0.12 0.00 0.52 | H 1.946 | V 0.001 | pL 0.000 | vL 0.000 | ∇ 0.000 | Games 1 | Strat 0.0
U 334 | F 1710080 | FPS 1641 | D 1066 | rR:x̄σmM 0.05 0.12 0.00 0.52 | H 1.946 | V 0.001 | pL 0.000 | vL 0.000 | ∇ 0.000 | Games 0 | Strat 0.0
U 335 | F 1715200 | FPS 1604 | D 1069 | rR:x̄σmM 0.04 0.12 0.00 0.52 | H 1.943 | V 0.002 | pL -0.001 | vL 0.000 | ∇ 0.002 | Games 4 | Strat 0.0
U 336 | F 1720320 | FPS 1610 | D 1072 | rR:x̄σmM 0.04 0.12 0.00 0.52 | H 1.946 | V -0.003 | pL -0.001 | vL 0.000 | ∇ 0.001 | Games 1 | Strat 0.0
U 337 | F 1725440 | FPS 1630 | D 1075 | rR:x̄σmM 0.04 0.11 0.00 0.52 | H 1.946 | V -0.002 | pL -0.000 | vL 0.000 | ∇ 0.000 | Games 3 | Strat 0.0
U 338 | F 1730560 | FPS 1616 | D 1079 | rR:x̄σmM 0.03 0.11 0.00 0.52 | H 1.946 | V -0.001 | pL -0.000 | vL 0.000 | ∇ 0.001 | Games 1 | Strat 0.0
U 339 | F 1735680 | FPS 1592 | D 1082 | rR:x̄σmM 0.05 0.16 0.00 0.72 | H 1.944 | V 0.002 | pL -0.001 | vL 0.000 | ∇ 0.002 | Games 5 | Strat 0.0
U 340 | F 1740800 | FPS 1628 | D 1085 | rR:x̄σmM 0.05 0.16 0.00 0.72 | H 1.946 | V -0.001 | pL 0.000 | vL 0.000 | ∇ 0.000 | Games 8 | Strat 0.0
Model successfully saved
U 341 | F 1745920 | FPS 1617 | D 1088 | rR:x̄σmM 0.06 0.17 0.00 0.72 | H 1.944 | V 0.004 | pL -0.001 | vL 0.000 | ∇ 0.003 | Games 2 | Strat 0.0
U 342 | F 1751040 | FPS 1645 | D 1091 | rR:x̄σmM 0.06 0.17 0.00 0.72 | H 1.945 | V -0.006 | pL -0.002 | vL 0.000 | ∇ 0.001 | Games 0 | Strat 0.0
U 343 | F 1756160 | FPS 1637 | D 1094 | rR:x̄σmM 0.08 0.21 0.00 0.83 | H 1.942 | V -0.006 | pL -0.004 | vL 0.001 | ∇ 0.006 | Games 6 | Strat 0.0
U 344 | F 1761280 | FPS 1640 | D 1098 | rR:x̄σmM 0.08 0.21 0.00 0.83 | H 1.945 | V 0.006 | pL 0.001 | vL 0.000 | ∇ 0.001 | Games 0 | Strat 0.0
U 345 | F 1766400 | FPS 1621 | D 1101 | rR:x̄σmM 0.10 0.24 0.00 0.83 | H 1.941 | V 0.013 | pL -0.001 | vL 0.000 | ∇ 0.004 | Games 2 | Strat 0.0
U 346 | F 1771520 | FPS 1608 | D 1104 | rR:x̄σmM 0.10 0.24 0.00 0.83 | H 1.945 | V 0.011 | pL 0.001 | vL 0.000 | ∇ 0.001 | Games 1 | Strat 0.0
U 347 | F 1776640 | FPS 1607 | D 1107 | rR:x̄σmM 0.09 0.23 0.00 0.83 | H 1.944 | V 0.013 | pL 0.002 | vL 0.000 | ∇ 0.001 | Games 3 | Strat 0.0
U 348 | F 1781760 | FPS 1622 | D 1110 | rR:x̄σmM 0.09 0.23 0.00 0.83 | H 1.945 | V 0.010 | pL 0.002 | vL 0.000 | ∇ 0.001 | Games 1 | Strat 0.0
U 349 | F 1786880 | FPS 1637 | D 1113 | rR:x̄σmM 0.09 0.23 0.00 0.83 | H 1.944 | V 0.010 | pL 0.002 | vL 0.000 | ∇ 0.001 | Games 0 | Strat 0.0
U 350 | F 1792000 | FPS 1624 | D 1117 | rR:x̄σmM 0.09 0.23 0.00 0.83 | H 1.945 | V 0.009 | pL 0.001 | vL 0.000 | ∇ 0.001 | Games 1 | Strat 0.0
Model successfully saved
U 351 | F 1797120 | FPS 1633 | D 1120 | rR:x̄σmM 0.11 0.24 0.00 0.83 | H 1.940 | V 0.013 | pL -0.001 | vL 0.000 | ∇ 0.003 | Games 4 | Strat 0.0
U 352 | F 1802240 | FPS 1636 | D 1123 | rR:x̄σmM 0.11 0.24 0.00 0.83 | H 1.944 | V 0.005 | pL 0.000 | vL 0.000 | ∇ 0.001 | Games 1 | Strat 0.0
U 353 | F 1807360 | FPS 1630 | D 1126 | rR:x̄σmM 0.12 0.24 0.00 0.83 | H 1.941 | V 0.007 | pL -0.001 | vL 0.000 | ∇ 0.003 | Games 3 | Strat 0.0
U 354 | F 1812480 | FPS 1636 | D 1129 | rR:x̄σmM 0.12 0.24 0.00 0.83 | H 1.945 | V 0.005 | pL 0.001 | vL 0.000 | ∇ 0.001 | Games 0 | Strat 0.0
U 355 | F 1817600 | FPS 1626 | D 1132 | rR:x̄σmM 0.12 0.24 0.00 0.83 | H 1.946 | V 0.005 | pL 0.001 | vL 0.000 | ∇ 0.000 | Games 3 | Strat 0.0
U 356 | F 1822720 | FPS 1635 | D 1135 | rR:x̄σmM 0.11 0.22 0.00 0.83 | H 1.944 | V 0.005 | pL 0.000 | vL 0.000 | ∇ 0.001 | Games 2 | Strat 0.0
U 357 | F 1827840 | FPS 1632 | D 1138 | rR:x̄σmM 0.12 0.23 0.00 0.83 | H 1.944 | V 0.007 | pL -0.001 | vL 0.000 | ∇ 0.002 | Games 2 | Strat 0.0
U 358 | F 1832960 | FPS 1639 | D 1142 | rR:x̄σmM 0.12 0.23 0.00 0.83 | H 1.945 | V 0.005 | pL 0.001 | vL 0.000 | ∇ 0.001 | Games 1 | Strat 0.0
U 359 | F 1838080 | FPS 1635 | D 1145 | rR:x̄σmM 0.12 0.23 0.00 0.83 | H 1.945 | V 0.006 | pL 0.001 | vL 0.000 | ∇ 0.001 | Games 4 | Strat 0.0
U 360 | F 1843200 | FPS 1642 | D 1148 | rR:x̄σmM 0.11 0.21 0.00 0.83 | H 1.946 | V 0.005 | pL 0.001 | vL 0.000 | ∇ 0.000 | Games 6 | Strat 0.0
Model successfully saved
U 361 | F 1848320 | FPS 1636 | D 1151 | rR:x̄σmM 0.11 0.21 0.00 0.83 | H 1.945 | V 0.004 | pL 0.001 | vL 0.000 | ∇ 0.001 | Games 1 | Strat 0.0
U 362 | F 1853440 | FPS 1631 | D 1154 | rR:x̄σmM 0.11 0.21 0.00 0.83 | H 1.946 | V 0.003 | pL 0.001 | vL 0.000 | ∇ 0.000 | Games 0 | Strat 0.0
U 363 | F 1858560 | FPS 1640 | D 1157 | rR:x̄σmM 0.06 0.13 0.00 0.52 | H 1.946 | V 0.002 | pL 0.000 | vL 0.000 | ∇ 0.000 | Games 6 | Strat 0.0
U 364 | F 1863680 | FPS 1624 | D 1160 | rR:x̄σmM 0.06 0.13 0.00 0.52 | H 1.946 | V 0.002 | pL 0.000 | vL 0.000 | ∇ 0.000 | Games 0 | Strat 0.0
U 365 | F 1868800 | FPS 1639 | D 1164 | rR:x̄σmM 0.06 0.13 0.00 0.52 | H 1.946 | V 0.002 | pL 0.000 | vL 0.000 | ∇ 0.000 | Games 1 | Strat 0.0
U 366 | F 1873920 | FPS 1622 | D 1167 | rR:x̄σmM 0.06 0.13 0.00 0.52 | H 1.946 | V 0.002 | pL 0.000 | vL 0.000 | ∇ 0.000 | Games 1 | Strat 0.0
U 367 | F 1879040 | FPS 1616 | D 1170 | rR:x̄σmM 0.05 0.13 0.00 0.52 | H 1.945 | V 0.002 | pL 0.000 | vL 0.000 | ∇ 0.001 | Games 3 | Strat 0.0
U 368 | F 1884160 | FPS 1633 | D 1173 | rR:x̄σmM 0.05 0.13 0.00 0.52 | H 1.946 | V 0.002 | pL 0.000 | vL 0.000 | ∇ 0.000 | Games 1 | Strat 0.0
U 369 | F 1889280 | FPS 1635 | D 1176 | rR:x̄σmM 0.05 0.13 0.00 0.52 | H 1.946 | V 0.002 | pL 0.000 | vL 0.000 | ∇ 0.000 | Games 0 | Strat 0.0
U 370 | F 1894400 | FPS 1632 | D 1179 | rR:x̄σmM 0.05 0.13 0.00 0.52 | H 1.946 | V 0.002 | pL 0.000 | vL 0.000 | ∇ 0.000 | Games 1 | Strat 0.0
Model successfully saved
U 371 | F 1899520 | FPS 1634 | D 1182 | rR:x̄σmM 0.04 0.11 0.00 0.45 | H 1.945 | V 0.002 | pL 0.000 | vL 0.000 | ∇ 0.000 | Games 4 | Strat 0.0
U 372 | F 1904640 | FPS 1650 | D 1186 | rR:x̄σmM 0.03 0.11 0.00 0.49 | H 1.944 | V 0.003 | pL -0.001 | vL 0.000 | ∇ 0.001 | Games 2 | Strat 0.0
U 373 | F 1909760 | FPS 1624 | D 1189 | rR:x̄σmM 0.03 0.11 0.00 0.49 | H 1.946 | V -0.000 | pL -0.000 | vL 0.000 | ∇ 0.000 | Games 3 | Strat 0.0
U 374 | F 1914880 | FPS 1618 | D 1192 | rR:x̄σmM 0.03 0.11 0.00 0.49 | H 1.946 | V -0.000 | pL -0.000 | vL 0.000 | ∇ 0.000 | Games 0 | Strat 0.0
U 375 | F 1920000 | FPS 1623 | D 1195 | rR:x̄σmM 0.03 0.10 0.00 0.49 | H 1.946 | V -0.000 | pL -0.000 | vL 0.000 | ∇ 0.000 | Games 3 | Strat 0.0
U 376 | F 1925120 | FPS 1630 | D 1198 | rR:x̄σmM 0.03 0.10 0.00 0.49 | H 1.946 | V -0.000 | pL 0.000 | vL 0.000 | ∇ 0.000 | Games 2 | Strat 0.0
U 377 | F 1930240 | FPS 1625 | D 1201 | rR:x̄σmM 0.01 0.08 0.00 0.49 | H 1.946 | V -0.000 | pL -0.000 | vL 0.000 | ∇ 0.000 | Games 2 | Strat 0.0
U 378 | F 1935360 | FPS 1648 | D 1204 | rR:x̄σmM 0.01 0.08 0.00 0.49 | H 1.946 | V 0.000 | pL 0.000 | vL 0.000 | ∇ 0.000 | Games 1 | Strat 0.0
U 379 | F 1940480 | FPS 1630 | D 1208 | rR:x̄σmM 0.01 0.08 0.00 0.49 | H 1.946 | V 0.000 | pL 0.000 | vL 0.000 | ∇ 0.000 | Games 4 | Strat 0.0
U 380 | F 1945600 | FPS 1630 | D 1211 | rR:x̄σmM 0.04 0.14 0.00 0.71 | H 1.943 | V 0.004 | pL -0.003 | vL 0.000 | ∇ 0.003 | Games 8 | Strat 0.0
Model successfully saved
U 381 | F 1950720 | FPS 1625 | D 1214 | rR:x̄σmM 0.04 0.14 0.00 0.71 | H 1.946 | V 0.001 | pL 0.000 | vL 0.000 | ∇ 0.000 | Games 0 | Strat 0.0
U 382 | F 1955840 | FPS 1635 | D 1217 | rR:x̄σmM 0.04 0.14 0.00 0.71 | H 1.942 | V 0.003 | pL -0.001 | vL 0.000 | ∇ 0.003 | Games 0 | Strat 0.0
U 383 | F 1960960 | FPS 1613 | D 1220 | rR:x̄σmM 0.04 0.14 0.00 0.71 | H 1.944 | V 0.007 | pL 0.000 | vL 0.000 | ∇ 0.002 | Games 6 | Strat 0.0
U 384 | F 1966080 | FPS 1630 | D 1223 | rR:x̄σmM 0.06 0.16 0.00 0.71 | H 1.944 | V -0.001 | pL -0.001 | vL 0.000 | ∇ 0.002 | Games 1 | Strat 0.0
U 385 | F 1971200 | FPS 1592 | D 1227 | rR:x̄σmM 0.06 0.16 0.00 0.71 | H 1.945 | V -0.005 | pL -0.001 | vL 0.000 | ∇ 0.001 | Games 1 | Strat 0.0
U 386 | F 1976320 | FPS 1635 | D 1230 | rR:x̄σmM 0.06 0.16 0.00 0.71 | H 1.946 | V -0.003 | pL -0.001 | vL 0.000 | ∇ 0.000 | Games 1 | Strat 0.0
U 387 | F 1981440 | FPS 1625 | D 1233 | rR:x̄σmM 0.06 0.16 0.00 0.71 | H 1.946 | V -0.002 | pL -0.000 | vL 0.000 | ∇ 0.000 | Games 2 | Strat 0.0
U 388 | F 1986560 | FPS 1644 | D 1236 | rR:x̄σmM 0.06 0.16 0.00 0.71 | H 1.946 | V -0.001 | pL -0.000 | vL 0.000 | ∇ 0.000 | Games 1 | Strat 0.0
U 389 | F 1991680 | FPS 1613 | D 1239 | rR:x̄σmM 0.06 0.16 0.00 0.71 | H 1.946 | V -0.001 | pL -0.000 | vL 0.000 | ∇ 0.000 | Games 0 | Strat 0.0
U 390 | F 1996800 | FPS 1643 | D 1242 | rR:x̄σmM 0.05 0.16 0.00 0.71 | H 1.946 | V -0.000 | pL -0.000 | vL 0.000 | ∇ 0.000 | Games 1 | Strat 0.0
Model successfully saved
U 391 | F 2001920 | FPS 1635 | D 1245 | rR:x̄σmM 0.04 0.14 0.00 0.71 | H 1.946 | V 0.000 | pL 0.000 | vL 0.000 | ∇ 0.000 | Games 4 | Strat 0.0
U 392 | F 2007040 | FPS 1649 | D 1249 | rR:x̄σmM 0.04 0.14 0.00 0.71 | H 1.946 | V 0.000 | pL 0.000 | vL 0.000 | ∇ 0.000 | Games 1 | Strat 0.0
U 393 | F 2012160 | FPS 1626 | D 1252 | rR:x̄σmM 0.04 0.14 0.00 0.71 | H 1.946 | V -0.001 | pL -0.000 | vL 0.000 | ∇ 0.000 | Games 2 | Strat 0.0
U 394 | F 2017280 | FPS 1633 | D 1255 | rR:x̄σmM 0.04 0.14 0.00 0.71 | H 1.946 | V -0.000 | pL -0.000 | vL 0.000 | ∇ 0.000 | Games 0 | Strat 0.0
U 395 | F 2022400 | FPS 1634 | D 1258 | rR:x̄σmM 0.04 0.14 0.00 0.71 | H 1.946 | V -0.000 | pL 0.000 | vL 0.000 | ∇ 0.000 | Games 3 | Strat 0.0
U 396 | F 2027520 | FPS 1642 | D 1261 | rR:x̄σmM 0.05 0.15 0.00 0.71 | H 1.945 | V 0.001 | pL -0.001 | vL 0.000 | ∇ 0.001 | Games 3 | Strat 0.0
U 397 | F 2032640 | FPS 1631 | D 1264 | rR:x̄σmM 0.05 0.15 0.00 0.71 | H 1.944 | V 0.002 | pL 0.000 | vL 0.000 | ∇ 0.001 | Games 2 | Strat 0.0
U 398 | F 2037760 | FPS 1628 | D 1267 | rR:x̄σmM 0.06 0.15 0.00 0.71 | H 1.944 | V 0.000 | pL -0.001 | vL 0.000 | ∇ 0.001 | Games 2 | Strat 0.0
U 399 | F 2042880 | FPS 1626 | D 1271 | rR:x̄σmM 0.04 0.11 0.00 0.46 | H 1.946 | V -0.001 | pL -0.000 | vL 0.000 | ∇ 0.000 | Games 4 | Strat 0.0
U 400 | F 2048000 | FPS 1636 | D 1274 | rR:x̄σmM 0.03 0.10 0.00 0.46 | H 1.946 | V -0.001 | pL -0.000 | vL 0.000 | ∇ 0.000 | Games 7 | Strat 0.0
Model successfully saved
U 401 | F 2053120 | FPS 1641 | D 1277 | rR:x̄σmM 0.03 0.10 0.00 0.46 | H 1.946 | V -0.000 | pL -0.000 | vL 0.000 | ∇ 0.000 | Games 0 | Strat 0.0
U 402 | F 2058240 | FPS 1630 | D 1280 | rR:x̄σmM 0.05 0.13 0.00 0.52 | H 1.940 | V 0.004 | pL -0.003 | vL 0.000 | ∇ 0.003 | Games 2 | Strat 0.0
U 403 | F 2063360 | FPS 1645 | D 1283 | rR:x̄σmM 0.04 0.11 0.00 0.52 | H 1.946 | V -0.003 | pL -0.000 | vL 0.000 | ∇ 0.000 | Games 5 | Strat 0.0
U 404 | F 2068480 | FPS 1650 | D 1286 | rR:x̄σmM 0.04 0.11 0.00 0.52 | H 1.946 | V -0.007 | pL -0.001 | vL 0.000 | ∇ 0.000 | Games 1 | Strat 0.0
U 405 | F 2073600 | FPS 1646 | D 1289 | rR:x̄σmM 0.04 0.11 0.00 0.52 | H 1.946 | V -0.004 | pL -0.001 | vL 0.000 | ∇ 0.000 | Games 1 | Strat 0.0
U 406 | F 2078720 | FPS 1635 | D 1292 | rR:x̄σmM 0.04 0.11 0.00 0.52 | H 1.946 | V -0.003 | pL -0.001 | vL 0.000 | ∇ 0.000 | Games 1 | Strat 0.0
U 407 | F 2083840 | FPS 1638 | D 1296 | rR:x̄σmM 0.04 0.11 0.00 0.52 | H 1.946 | V -0.001 | pL -0.000 | vL 0.000 | ∇ 0.000 | Games 2 | Strat 0.0
U 408 | F 2088960 | FPS 1639 | D 1299 | rR:x̄σmM 0.04 0.11 0.00 0.52 | H 1.946 | V 0.000 | pL 0.000 | vL 0.000 | ∇ 0.000 | Games 0 | Strat 0.0
U 409 | F 2094080 | FPS 1632 | D 1302 | rR:x̄σmM 0.04 0.11 0.00 0.52 | H 1.946 | V 0.000 | pL 0.000 | vL 0.000 | ∇ 0.000 | Games 0 | Strat 0.0
U 410 | F 2099200 | FPS 1626 | D 1305 | rR:x̄σmM 0.04 0.11 0.00 0.52 | H 1.946 | V 0.001 | pL 0.000 | vL 0.000 | ∇ 0.000 | Games 1 | Strat 0.0
Model successfully saved
U 411 | F 2104320 | FPS 1628 | D 1308 | rR:x̄σmM 0.05 0.13 0.00 0.52 | H 1.940 | V 0.006 | pL -0.001 | vL 0.000 | ∇ 0.003 | Games 5 | Strat 0.0
U 412 | F 2109440 | FPS 1638 | D 1311 | rR:x̄σmM 0.05 0.13 0.00 0.52 | H 1.945 | V 0.001 | pL -0.000 | vL 0.000 | ∇ 0.001 | Games 1 | Strat 0.0
U 413 | F 2114560 | FPS 1627 | D 1314 | rR:x̄σmM 0.07 0.15 0.00 0.56 | H 1.940 | V 0.006 | pL -0.002 | vL 0.000 | ∇ 0.002 | Games 3 | Strat 0.0
U 414 | F 2119680 | FPS 1635 | D 1318 | rR:x̄σmM 0.08 0.17 0.00 0.62 | H 1.945 | V -0.002 | pL -0.000 | vL 0.000 | ∇ 0.001 | Games 1 | Strat 0.0
U 415 | F 2124800 | FPS 1639 | D 1321 | rR:x̄σmM 0.08 0.17 0.00 0.62 | H 1.946 | V 0.003 | pL 0.000 | vL 0.000 | ∇ 0.000 | Games 2 | Strat 0.0
U 416 | F 2129920 | FPS 1648 | D 1324 | rR:x̄σmM 0.07 0.17 0.00 0.62 | H 1.946 | V 0.000 | pL 0.000 | vL 0.000 | ∇ 0.000 | Games 3 | Strat 0.0
U 417 | F 2135040 | FPS 1634 | D 1327 | rR:x̄σmM 0.07 0.17 0.00 0.62 | H 1.946 | V 0.001 | pL 0.000 | vL 0.000 | ∇ 0.000 | Games 2 | Strat 0.0
U 418 | F 2140160 | FPS 1643 | D 1330 | rR:x̄σmM 0.07 0.17 0.00 0.62 | H 1.946 | V 0.001 | pL 0.000 | vL 0.000 | ∇ 0.000 | Games 1 | Strat 0.0
U 419 | F 2145280 | FPS 1627 | D 1333 | rR:x̄σmM 0.09 0.20 0.00 0.72 | H 1.943 | V 0.006 | pL -0.002 | vL 0.000 | ∇ 0.003 | Games 5 | Strat 0.0
U 420 | F 2150400 | FPS 1637 | D 1336 | rR:x̄σmM 0.06 0.18 0.00 0.72 | H 1.945 | V -0.000 | pL -0.000 | vL 0.000 | ∇ 0.001 | Games 7 | Strat 0.0
Model successfully saved
U 421 | F 2155520 | FPS 1593 | D 1340 | rR:x̄σmM 0.07 0.18 0.00 0.72 | H 1.944 | V 0.000 | pL -0.001 | vL 0.000 | ∇ 0.002 | Games 1 | Strat 0.0
U 422 | F 2160640 | FPS 1635 | D 1343 | rR:x̄σmM 0.07 0.18 0.00 0.72 | H 1.946 | V -0.004 | pL -0.001 | vL 0.000 | ∇ 0.000 | Games 2 | Strat 0.0
U 423 | F 2165760 | FPS 1610 | D 1346 | rR:x̄σmM 0.07 0.18 0.00 0.72 | H 1.946 | V -0.005 | pL -0.001 | vL 0.000 | ∇ 0.000 | Games 3 | Strat 0.0
U 424 | F 2170880 | FPS 1618 | D 1349 | rR:x̄σmM 0.07 0.18 0.00 0.72 | H 1.946 | V -0.001 | pL -0.000 | vL 0.000 | ∇ 0.000 | Games 1 | Strat 0.0
U 425 | F 2176000 | FPS 1618 | D 1352 | rR:x̄σmM 0.07 0.18 0.00 0.72 | H 1.945 | V 0.001 | pL -0.000 | vL 0.000 | ∇ 0.001 | Games 0 | Strat 0.0
U 426 | F 2181120 | FPS 1612 | D 1355 | rR:x̄σmM 0.07 0.18 0.00 0.72 | H 1.945 | V -0.000 | pL -0.000 | vL 0.000 | ∇ 0.001 | Games 1 | Strat 0.0
U 427 | F 2186240 | FPS 1618 | D 1359 | rR:x̄σmM 0.07 0.18 0.00 0.72 | H 1.945 | V 0.000 | pL -0.000 | vL 0.000 | ∇ 0.001 | Games 2 | Strat 0.0
U 428 | F 2191360 | FPS 1640 | D 1362 | rR:x̄σmM 0.07 0.18 0.00 0.72 | H 1.946 | V 0.001 | pL 0.000 | vL 0.000 | ∇ 0.000 | Games 0 | Strat 0.0
U 429 | F 2196480 | FPS 1626 | D 1365 | rR:x̄σmM 0.07 0.18 0.00 0.72 | H 1.946 | V 0.001 | pL 0.000 | vL 0.000 | ∇ 0.000 | Games 0 | Strat 0.0
U 430 | F 2201600 | FPS 1632 | D 1368 | rR:x̄σmM 0.07 0.18 0.00 0.72 | H 1.946 | V 0.001 | pL 0.000 | vL 0.000 | ∇ 0.000 | Games 1 | Strat 0.0
Model successfully saved
U 431 | F 2206720 | FPS 1617 | D 1371 | rR:x̄σmM 0.06 0.17 0.00 0.72 | H 1.946 | V 0.002 | pL 0.000 | vL 0.000 | ∇ 0.000 | Games 5 | Strat 0.0
U 432 | F 2211840 | FPS 1639 | D 1374 | rR:x̄σmM 0.06 0.17 0.00 0.72 | H 1.946 | V 0.001 | pL -0.000 | vL 0.000 | ∇ 0.000 | Games 1 | Strat 0.0
U 433 | F 2216960 | FPS 1626 | D 1377 | rR:x̄σmM 0.03 0.13 0.00 0.72 | H 1.945 | V 0.002 | pL -0.000 | vL 0.000 | ∇ 0.001 | Games 3 | Strat 0.0
U 434 | F 2222080 | FPS 1625 | D 1381 | rR:x̄σmM 0.03 0.13 0.00 0.72 | H 1.946 | V -0.003 | pL -0.001 | vL 0.000 | ∇ 0.000 | Games 1 | Strat 0.0
U 435 | F 2227200 | FPS 1406 | D 1384 | rR:x̄σmM 0.04 0.13 0.00 0.72 | H 1.945 | V 0.001 | pL -0.001 | vL 0.000 | ∇ 0.002 | Games 3 | Strat 0.0
U 436 | F 2232320 | FPS 1408 | D 1388 | rR:x̄σmM 0.04 0.13 0.00 0.72 | H 1.946 | V -0.001 | pL -0.000 | vL 0.000 | ∇ 0.000 | Games 3 | Strat 0.0
U 437 | F 2237440 | FPS 1543 | D 1391 | rR:x̄σmM 0.04 0.13 0.00 0.72 | H 1.946 | V -0.001 | pL -0.000 | vL 0.000 | ∇ 0.000 | Games 2 | Strat 0.0
U 438 | F 2242560 | FPS 1532 | D 1395 | rR:x̄σmM 0.04 0.13 0.00 0.72 | H 1.943 | V 0.002 | pL -0.001 | vL 0.000 | ∇ 0.002 | Games 1 | Strat 0.0
U 439 | F 2247680 | FPS 1654 | D 1398 | rR:x̄σmM 0.05 0.13 0.00 0.64 | H 1.943 | V 0.002 | pL -0.002 | vL 0.000 | ∇ 0.003 | Games 6 | Strat 0.0
U 440 | F 2252800 | FPS 1577 | D 1401 | rR:x̄σmM 0.04 0.13 0.00 0.64 | H 1.945 | V -0.002 | pL -0.001 | vL 0.000 | ∇ 0.001 | Games 6 | Strat 0.0
Model successfully saved
U 441 | F 2257920 | FPS 1633 | D 1404 | rR:x̄σmM 0.04 0.13 0.00 0.64 | H 1.946 | V -0.005 | pL -0.001 | vL 0.000 | ∇ 0.000 | Games 0 | Strat 0.0
U 442 | F 2263040 | FPS 1614 | D 1407 | rR:x̄σmM 0.04 0.13 0.00 0.64 | H 1.945 | V -0.002 | pL -0.001 | vL 0.000 | ∇ 0.001 | Games 2 | Strat 0.0
U 443 | F 2268160 | FPS 1631 | D 1410 | rR:x̄σmM 0.06 0.16 0.00 0.67 | H 1.944 | V 0.002 | pL -0.002 | vL 0.000 | ∇ 0.003 | Games 4 | Strat 0.0
U 444 | F 2273280 | FPS 1621 | D 1413 | rR:x̄σmM 0.06 0.16 0.00 0.67 | H 1.946 | V -0.004 | pL -0.001 | vL 0.000 | ∇ 0.000 | Games 1 | Strat 0.0
U 445 | F 2278400 | FPS 1626 | D 1417 | rR:x̄σmM 0.06 0.16 0.00 0.67 | H 1.946 | V -0.004 | pL -0.001 | vL 0.000 | ∇ 0.001 | Games 0 | Strat 0.0
U 446 | F 2283520 | FPS 1615 | D 1420 | rR:x̄σmM 0.06 0.16 0.00 0.67 | H 1.946 | V -0.002 | pL -0.000 | vL 0.000 | ∇ 0.000 | Games 1 | Strat 0.0
U 447 | F 2288640 | FPS 1610 | D 1423 | rR:x̄σmM 0.06 0.16 0.00 0.67 | H 1.946 | V -0.003 | pL -0.000 | vL 0.000 | ∇ 0.000 | Games 2 | Strat 0.0
U 448 | F 2293760 | FPS 1623 | D 1426 | rR:x̄σmM 0.06 0.16 0.00 0.67 | H 1.946 | V -0.002 | pL -0.000 | vL 0.000 | ∇ 0.000 | Games 0 | Strat 0.0
U 449 | F 2298880 | FPS 1588 | D 1429 | rR:x̄σmM 0.06 0.16 0.00 0.67 | H 1.946 | V -0.002 | pL -0.000 | vL 0.000 | ∇ 0.000 | Games 0 | Strat 0.0
U 450 | F 2304000 | FPS 1591 | D 1433 | rR:x̄σmM 0.06 0.16 0.00 0.67 | H 1.946 | V -0.002 | pL -0.000 | vL 0.000 | ∇ 0.000 | Games 1 | Strat 0.0
Model successfully saved
U 451 | F 2309120 | FPS 1610 | D 1436 | rR:x̄σmM 0.06 0.16 0.00 0.67 | H 1.946 | V -0.001 | pL -0.000 | vL 0.000 | ∇ 0.000 | Games 4 | Strat 0.0
U 452 | F 2314240 | FPS 1589 | D 1439 | rR:x̄σmM 0.05 0.15 0.00 0.67 | H 1.946 | V -0.001 | pL -0.000 | vL 0.000 | ∇ 0.000 | Games 1 | Strat 0.0
U 453 | F 2319360 | FPS 1381 | D 1443 | rR:x̄σmM 0.05 0.15 0.00 0.67 | H 1.946 | V -0.001 | pL -0.000 | vL 0.000 | ∇ 0.000 | Games 3 | Strat 0.0
U 454 | F 2324480 | FPS 1625 | D 1446 | rR:x̄σmM 0.05 0.15 0.00 0.67 | H 1.946 | V -0.001 | pL -0.000 | vL 0.000 | ∇ 0.000 | Games 1 | Strat 0.0
U 455 | F 2329600 | FPS 1634 | D 1449 | rR:x̄σmM 0.04 0.15 0.00 0.67 | H 1.946 | V -0.000 | pL -0.000 | vL 0.000 | ∇ 0.000 | Games 3 | Strat 0.0
U 456 | F 2334720 | FPS 1359 | D 1453 | rR:x̄σmM 0.04 0.15 0.00 0.67 | H 1.946 | V 0.000 | pL -0.000 | vL 0.000 | ∇ 0.000 | Games 2 | Strat 0.0
U 457 | F 2339840 | FPS 1587 | D 1456 | rR:x̄σmM 0.05 0.16 0.00 0.67 | H 1.944 | V 0.002 | pL -0.001 | vL 0.000 | ∇ 0.002 | Games 3 | Strat 0.0
U 458 | F 2344960 | FPS 1633 | D 1459 | rR:x̄σmM 0.05 0.15 0.00 0.67 | H 1.946 | V -0.005 | pL -0.001 | vL 0.000 | ∇ 0.000 | Games 1 | Strat 0.0
U 459 | F 2350080 | FPS 1638 | D 1462 | rR:x̄σmM 0.03 0.12 0.00 0.67 | H 1.946 | V -0.006 | pL -0.001 | vL 0.000 | ∇ 0.001 | Games 6 | Strat 0.0
U 460 | F 2355200 | FPS 1637 | D 1465 | rR:x̄σmM 0.03 0.13 0.00 0.67 | H 1.943 | V -0.002 | pL -0.001 | vL 0.000 | ∇ 0.001 | Games 7 | Strat 0.0
Model successfully saved
U 461 | F 2360320 | FPS 1648 | D 1469 | rR:x̄σmM 0.03 0.13 0.00 0.67 | H 1.945 | V -0.006 | pL -0.001 | vL 0.000 | ∇ 0.001 | Games 0 | Strat 0.0
U 462 | F 2365440 | FPS 1642 | D 1472 | rR:x̄σmM 0.03 0.13 0.00 0.67 | H 1.945 | V -0.007 | pL -0.001 | vL 0.000 | ∇ 0.001 | Games 2 | Strat 0.0
U 463 | F 2370560 | FPS 1616 | D 1475 | rR:x̄σmM 0.02 0.07 0.00 0.41 | H 1.945 | V -0.002 | pL -0.001 | vL 0.000 | ∇ 0.001 | Games 3 | Strat 0.0
U 464 | F 2375680 | FPS 1617 | D 1478 | rR:x̄σmM 0.02 0.07 0.00 0.41 | H 1.945 | V 0.001 | pL 0.000 | vL 0.000 | ∇ 0.000 | Games 0 | Strat 0.0
U 465 | F 2380800 | FPS 1638 | D 1481 | rR:x̄σmM 0.02 0.07 0.00 0.41 | H 1.945 | V 0.001 | pL 0.000 | vL 0.000 | ∇ 0.001 | Games 0 | Strat 0.0
U 466 | F 2385920 | FPS 1631 | D 1484 | rR:x̄σmM 0.02 0.08 0.00 0.41 | H 1.944 | V 0.002 | pL -0.001 | vL 0.000 | ∇ 0.001 | Games 2 | Strat 0.0
U 467 | F 2391040 | FPS 1632 | D 1487 | rR:x̄σmM 0.02 0.08 0.00 0.41 | H 1.944 | V 0.004 | pL 0.000 | vL 0.000 | ∇ 0.001 | Games 2 | Strat 0.0
U 468 | F 2396160 | FPS 1641 | D 1491 | rR:x̄σmM 0.03 0.09 0.00 0.41 | H 1.945 | V -0.002 | pL -0.001 | vL 0.000 | ∇ 0.001 | Games 1 | Strat 0.0
U 469 | F 2401280 | FPS 1657 | D 1494 | rR:x̄σmM 0.03 0.09 0.00 0.41 | H 1.946 | V -0.002 | pL -0.001 | vL 0.000 | ∇ 0.001 | Games 0 | Strat 0.0
U 470 | F 2406400 | FPS 1629 | D 1497 | rR:x̄σmM 0.03 0.09 0.00 0.41 | H 1.946 | V 0.000 | pL -0.000 | vL 0.000 | ∇ 0.001 | Games 0 | Strat 0.0
Model successfully saved
U 471 | F 2411520 | FPS 1638 | D 1500 | rR:x̄σmM 0.03 0.09 0.00 0.41 | H 1.945 | V 0.003 | pL -0.000 | vL 0.000 | ∇ 0.001 | Games 4 | Strat 0.0
U 472 | F 2416640 | FPS 1641 | D 1503 | rR:x̄σmM 0.05 0.12 0.00 0.55 | H 1.944 | V 0.004 | pL -0.001 | vL 0.000 | ∇ 0.002 | Games 2 | Strat 0.0
U 473 | F 2421760 | FPS 1644 | D 1506 | rR:x̄σmM 0.05 0.12 0.00 0.55 | H 1.945 | V 0.005 | pL 0.001 | vL 0.000 | ∇ 0.001 | Games 2 | Strat 0.0
U 474 | F 2426880 | FPS 1633 | D 1509 | rR:x̄σmM 0.05 0.12 0.00 0.55 | H 1.946 | V 0.005 | pL 0.001 | vL 0.000 | ∇ 0.000 | Games 1 | Strat 0.0
U 475 | F 2432000 | FPS 1637 | D 1512 | rR:x̄σmM 0.05 0.12 0.00 0.55 | H 1.946 | V 0.004 | pL 0.001 | vL 0.000 | ∇ 0.000 | Games 3 | Strat 0.0
U 476 | F 2437120 | FPS 1652 | D 1516 | rR:x̄σmM 0.04 0.11 0.00 0.55 | H 1.946 | V 0.003 | pL 0.001 | vL 0.000 | ∇ 0.000 | Games 2 | Strat 0.0
U 477 | F 2442240 | FPS 1634 | D 1519 | rR:x̄σmM 0.06 0.15 0.00 0.72 | H 1.938 | V 0.008 | pL -0.002 | vL 0.000 | ∇ 0.004 | Games 5 | Strat 0.0
U 478 | F 2447360 | FPS 1623 | D 1522 | rR:x̄σmM 0.06 0.15 0.00 0.72 | H 1.945 | V -0.007 | pL -0.001 | vL 0.000 | ∇ 0.001 | Games 1 | Strat 0.0
U 479 | F 2452480 | FPS 1615 | D 1525 | rR:x̄σmM 0.06 0.15 0.00 0.72 | H 1.945 | V -0.008 | pL -0.002 | vL 0.000 | ∇ 0.001 | Games 6 | Strat 0.0
U 480 | F 2457600 | FPS 1629 | D 1528 | rR:x̄σmM 0.07 0.16 0.00 0.72 | H 1.943 | V -0.003 | pL -0.002 | vL 0.000 | ∇ 0.001 | Games 7 | Strat 0.0
Model successfully saved
U 481 | F 2462720 | FPS 1629 | D 1531 | rR:x̄σmM 0.09 0.21 0.00 0.90 | H 1.943 | V -0.003 | pL -0.004 | vL 0.000 | ∇ 0.004 | Games 1 | Strat 0.0
U 482 | F 2467840 | FPS 1632 | D 1534 | rR:x̄σmM 0.09 0.21 0.00 0.90 | H 1.945 | V -0.002 | pL -0.001 | vL 0.000 | ∇ 0.001 | Games 1 | Strat 0.0
U 483 | F 2472960 | FPS 1635 | D 1538 | rR:x̄σmM 0.08 0.21 0.00 0.90 | H 1.945 | V -0.003 | pL -0.000 | vL 0.000 | ∇ 0.001 | Games 3 | Strat 0.0
U 484 | F 2478080 | FPS 1644 | D 1541 | rR:x̄σmM 0.08 0.21 0.00 0.90 | H 1.945 | V -0.003 | pL -0.001 | vL 0.000 | ∇ 0.000 | Games 0 | Strat 0.0
U 485 | F 2483200 | FPS 1623 | D 1544 | rR:x̄σmM 0.10 0.22 0.00 0.90 | H 1.942 | V 0.002 | pL -0.002 | vL 0.000 | ∇ 0.003 | Games 1 | Strat 0.0
U 486 | F 2488320 | FPS 1641 | D 1547 | rR:x̄σmM 0.10 0.23 0.00 0.90 | H 1.943 | V -0.000 | pL -0.001 | vL 0.000 | ∇ 0.003 | Games 3 | Strat 0.0
U 487 | F 2493440 | FPS 1631 | D 1550 | rR:x̄σmM 0.10 0.23 0.00 0.90 | H 1.944 | V -0.011 | pL -0.003 | vL 0.000 | ∇ 0.002 | Games 1 | Strat 0.0
U 488 | F 2498560 | FPS 1644 | D 1553 | rR:x̄σmM 0.11 0.24 0.00 0.90 | H 1.944 | V -0.009 | pL -0.003 | vL 0.000 | ∇ 0.001 | Games 2 | Strat 0.0
U 489 | F 2503680 | FPS 1645 | D 1556 | rR:x̄σmM 0.11 0.24 0.00 0.90 | H 1.946 | V -0.007 | pL -0.001 | vL 0.000 | ∇ 0.001 | Games 0 | Strat 0.0
U 490 | F 2508800 | FPS 1639 | D 1559 | rR:x̄σmM 0.11 0.24 0.00 0.90 | H 1.943 | V -0.003 | pL -0.003 | vL 0.000 | ∇ 0.005 | Games 0 | Strat 0.0
Model successfully saved
U 491 | F 2513920 | FPS 1649 | D 1563 | rR:x̄σmM 0.13 0.25 0.00 0.90 | H 1.942 | V 0.011 | pL 0.001 | vL 0.000 | ∇ 0.002 | Games 5 | Strat 0.0
U 492 | F 2519040 | FPS 1642 | D 1566 | rR:x̄σmM 0.13 0.25 0.00 0.90 | H 1.944 | V -0.003 | pL -0.002 | vL 0.000 | ∇ 0.003 | Games 2 | Strat 0.0
U 493 | F 2524160 | FPS 1636 | D 1569 | rR:x̄σmM 0.13 0.25 0.00 0.90 | H 1.940 | V 0.019 | pL 0.003 | vL 0.000 | ∇ 0.003 | Games 2 | Strat 0.0
U 494 | F 2529280 | FPS 1637 | D 1572 | rR:x̄σmM 0.13 0.25 0.00 0.90 | H 1.943 | V 0.005 | pL 0.001 | vL 0.000 | ∇ 0.002 | Games 1 | Strat 0.0
U 495 | F 2534400 | FPS 1636 | D 1575 | rR:x̄σmM 0.12 0.25 0.00 0.90 | H 1.944 | V -0.001 | pL 0.000 | vL 0.000 | ∇ 0.002 | Games 3 | Strat 0.0
U 496 | F 2539520 | FPS 1635 | D 1578 | rR:x̄σmM 0.11 0.23 0.00 0.90 | H 1.946 | V -0.001 | pL -0.000 | vL 0.000 | ∇ 0.000 | Games 1 | Strat 0.0
U 497 | F 2544640 | FPS 1635 | D 1581 | rR:x̄σmM 0.11 0.23 0.00 0.90 | H 1.946 | V -0.003 | pL -0.000 | vL 0.000 | ∇ 0.000 | Games 4 | Strat 0.0
U 498 | F 2549760 | FPS 1589 | D 1585 | rR:x̄σmM 0.11 0.23 0.00 0.90 | H 1.945 | V -0.001 | pL -0.001 | vL 0.000 | ∇ 0.001 | Games 1 | Strat 0.0
U 499 | F 2554880 | FPS 1038 | D 1590 | rR:x̄σmM 0.10 0.23 0.00 0.90 | H 1.942 | V 0.009 | pL 0.000 | vL 0.000 | ∇ 0.003 | Games 4 | Strat 0.0
U 500 | F 2560000 | FPS 1620 | D 1593 | rR:x̄σmM 0.08 0.19 0.00 0.64 | H 1.939 | V 0.012 | pL 0.001 | vL 0.000 | ∇ 0.002 | Games 6 | Strat 0.0
Model successfully saved
U 501 | F 2565120 | FPS 1637 | D 1596 | rR:x̄σmM 0.11 0.22 0.00 0.82 | H 1.939 | V 0.012 | pL -0.001 | vL 0.000 | ∇ 0.003 | Games 2 | Strat 0.0
U 502 | F 2570240 | FPS 1620 | D 1599 | rR:x̄σmM 0.11 0.22 0.00 0.82 | H 1.940 | V 0.005 | pL -0.001 | vL 0.000 | ∇ 0.002 | Games 1 | Strat 0.0
U 503 | F 2575360 | FPS 1629 | D 1602 | rR:x̄σmM 0.10 0.23 0.00 0.82 | H 1.943 | V 0.001 | pL 0.000 | vL 0.000 | ∇ 0.001 | Games 4 | Strat 0.0
U 504 | F 2580480 | FPS 1624 | D 1605 | rR:x̄σmM 0.10 0.23 0.00 0.82 | H 1.945 | V 0.003 | pL 0.000 | vL 0.000 | ∇ 0.001 | Games 0 | Strat 0.0
U 505 | F 2585600 | FPS 1643 | D 1608 | rR:x̄σmM 0.10 0.23 0.00 0.82 | H 1.945 | V 0.004 | pL 0.000 | vL 0.000 | ∇ 0.001 | Games 1 | Strat 0.0
U 506 | F 2590720 | FPS 1642 | D 1612 | rR:x̄σmM 0.09 0.23 0.00 0.82 | H 1.943 | V 0.005 | pL -0.001 | vL 0.000 | ∇ 0.003 | Games 4 | Strat 0.0
U 507 | F 2595840 | FPS 1643 | D 1615 | rR:x̄σmM 0.09 0.23 0.00 0.82 | H 1.943 | V 0.005 | pL 0.001 | vL 0.000 | ∇ 0.002 | Games 0 | Strat 0.0
U 508 | F 2600960 | FPS 1615 | D 1618 | rR:x̄σmM 0.12 0.26 0.00 0.92 | H 1.939 | V 0.009 | pL -0.003 | vL 0.001 | ∇ 0.005 | Games 5 | Strat 0.0
U 509 | F 2606080 | FPS 1625 | D 1621 | rR:x̄σmM 0.12 0.26 0.00 0.92 | H 1.946 | V -0.001 | pL -0.001 | vL 0.000 | ∇ 0.001 | Games 0 | Strat 0.0
U 510 | F 2611200 | FPS 1618 | D 1624 | rR:x̄σmM 0.12 0.26 0.00 0.92 | H 1.944 | V 0.003 | pL 0.000 | vL 0.000 | ∇ 0.002 | Games 0 | Strat 0.0
Model successfully saved
U 511 | F 2616320 | FPS 1616 | D 1627 | rR:x̄σmM 0.15 0.29 0.00 0.92 | H 1.935 | V 0.012 | pL -0.003 | vL 0.000 | ∇ 0.004 | Games 6 | Strat 0.0
U 512 | F 2621440 | FPS 1625 | D 1631 | rR:x̄σmM 0.15 0.29 0.00 0.92 | H 1.940 | V 0.010 | pL -0.001 | vL 0.000 | ∇ 0.004 | Games 2 | Strat 0.0
U 513 | F 2626560 | FPS 1639 | D 1634 | rR:x̄σmM 0.17 0.29 0.00 0.92 | H 1.936 | V 0.020 | pL 0.001 | vL 0.000 | ∇ 0.004 | Games 4 | Strat 0.0
U 514 | F 2631680 | FPS 1620 | D 1637 | rR:x̄σmM 0.19 0.31 0.00 0.92 | H 1.937 | V 0.014 | pL -0.000 | vL 0.000 | ∇ 0.005 | Games 2 | Strat 0.0
U 515 | F 2636800 | FPS 1627 | D 1640 | rR:x̄σmM 0.19 0.32 0.00 0.92 | H 1.941 | V 0.006 | pL -0.001 | vL 0.000 | ∇ 0.003 | Games 4 | Strat 0.0
U 516 | F 2641920 | FPS 1632 | D 1643 | rR:x̄σmM 0.21 0.32 0.00 0.92 | H 1.937 | V 0.010 | pL -0.001 | vL 0.000 | ∇ 0.004 | Games 2 | Strat 0.0
U 517 | F 2647040 | FPS 1623 | D 1646 | rR:x̄σmM 0.21 0.32 0.00 0.92 | H 1.935 | V 0.018 | pL 0.001 | vL 0.000 | ∇ 0.004 | Games 4 | Strat 0.0
U 518 | F 2652160 | FPS 1585 | D 1649 | rR:x̄σmM 0.21 0.32 0.00 0.92 | H 1.941 | V 0.011 | pL 0.000 | vL 0.000 | ∇ 0.005 | Games 1 | Strat 0.0
U 519 | F 2657280 | FPS 1649 | D 1653 | rR:x̄σmM 0.20 0.30 0.00 0.92 | H 1.930 | V 0.016 | pL 0.002 | vL 0.000 | ∇ 0.003 | Games 3 | Strat 0.0
U 520 | F 2662400 | FPS 1655 | D 1656 | rR:x̄σmM 0.20 0.31 0.00 0.92 | H 1.939 | V 0.010 | pL -0.001 | vL 0.000 | ∇ 0.004 | Games 4 | Strat 0.0
Model successfully saved
U 521 | F 2667520 | FPS 1623 | D 1659 | rR:x̄σmM 0.23 0.32 0.00 0.92 | H 1.928 | V 0.018 | pL -0.001 | vL 0.000 | ∇ 0.005 | Games 4 | Strat 0.0
U 522 | F 2672640 | FPS 1634 | D 1662 | rR:x̄σmM 0.22 0.30 0.00 0.86 | H 1.940 | V 0.006 | pL -0.001 | vL 0.000 | ∇ 0.003 | Games 2 | Strat 0.0
U 523 | F 2677760 | FPS 1634 | D 1665 | rR:x̄σmM 0.20 0.30 0.00 0.86 | H 1.942 | V 0.004 | pL 0.001 | vL 0.000 | ∇ 0.001 | Games 3 | Strat 0.0
U 524 | F 2682880 | FPS 1618 | D 1668 | rR:x̄σmM 0.22 0.31 0.00 0.86 | H 1.943 | V 0.005 | pL -0.001 | vL 0.000 | ∇ 0.002 | Games 1 | Strat 0.0
U 525 | F 2688000 | FPS 1630 | D 1671 | rR:x̄σmM 0.22 0.31 0.00 0.86 | H 1.946 | V 0.001 | pL 0.000 | vL 0.000 | ∇ 0.000 | Games 1 | Strat 0.0
U 526 | F 2693120 | FPS 1600 | D 1675 | rR:x̄σmM 0.22 0.31 0.00 0.86 | H 1.946 | V 0.001 | pL 0.000 | vL 0.000 | ∇ 0.000 | Games 0 | Strat 0.0
U 527 | F 2698240 | FPS 1603 | D 1678 | rR:x̄σmM 0.22 0.31 0.00 0.86 | H 1.942 | V 0.005 | pL -0.002 | vL 0.000 | ∇ 0.003 | Games 0 | Strat 0.0
U 528 | F 2703360 | FPS 1633 | D 1681 | rR:x̄σmM 0.20 0.30 0.00 0.86 | H 1.945 | V 0.000 | pL 0.000 | vL 0.000 | ∇ 0.001 | Games 4 | Strat 0.0
U 529 | F 2708480 | FPS 1626 | D 1684 | rR:x̄σmM 0.20 0.30 0.00 0.86 | H 1.946 | V -0.002 | pL -0.000 | vL 0.000 | ∇ 0.001 | Games 0 | Strat 0.0
U 530 | F 2713600 | FPS 1630 | D 1687 | rR:x̄σmM 0.20 0.30 0.00 0.86 | H 1.946 | V 0.000 | pL 0.000 | vL 0.000 | ∇ 0.001 | Games 0 | Strat 0.0
Model successfully saved
U 531 | F 2718720 | FPS 1653 | D 1690 | rR:x̄σmM 0.18 0.30 0.00 0.86 | H 1.946 | V -0.000 | pL 0.000 | vL 0.000 | ∇ 0.000 | Games 4 | Strat 0.0
U 532 | F 2723840 | FPS 1634 | D 1694 | rR:x̄σmM 0.18 0.30 0.00 0.86 | H 1.943 | V 0.004 | pL 0.000 | vL 0.000 | ∇ 0.002 | Games 2 | Strat 0.0
U 533 | F 2728960 | FPS 1642 | D 1697 | rR:x̄σmM 0.16 0.28 0.00 0.84 | H 1.944 | V 0.005 | pL 0.001 | vL 0.000 | ∇ 0.001 | Games 3 | Strat 0.0
U 534 | F 2734080 | FPS 1624 | D 1700 | rR:x̄σmM 0.15 0.27 0.00 0.84 | H 1.942 | V 0.003 | pL -0.002 | vL 0.000 | ∇ 0.003 | Games 3 | Strat 0.0
U 535 | F 2739200 | FPS 1644 | D 1703 | rR:x̄σmM 0.15 0.27 0.00 0.84 | H 1.944 | V 0.003 | pL -0.001 | vL 0.000 | ∇ 0.002 | Games 2 | Strat 0.0
U 536 | F 2744320 | FPS 1629 | D 1706 | rR:x̄σmM 0.14 0.27 0.00 0.84 | H 1.937 | V 0.013 | pL -0.001 | vL 0.000 | ∇ 0.004 | Games 3 | Strat 0.0
U 537 | F 2749440 | FPS 1631 | D 1709 | rR:x̄σmM 0.15 0.28 0.00 0.97 | H 1.930 | V 0.022 | pL -0.001 | vL 0.001 | ∇ 0.006 | Games 6 | Strat 0.0
U 538 | F 2754560 | FPS 1621 | D 1712 | rR:x̄σmM 0.15 0.28 0.00 0.97 | H 1.943 | V 0.015 | pL 0.002 | vL 0.000 | ∇ 0.002 | Games 1 | Strat 0.0
U 539 | F 2759680 | FPS 1636 | D 1715 | rR:x̄σmM 0.13 0.26 0.00 0.97 | H 1.940 | V 0.016 | pL 0.002 | vL 0.000 | ∇ 0.003 | Games 2 | Strat 0.0
U 540 | F 2764800 | FPS 1644 | D 1719 | rR:x̄σmM 0.12 0.26 0.00 0.97 | H 1.942 | V 0.013 | pL 0.002 | vL 0.000 | ∇ 0.002 | Games 3 | Strat 0.0
Model successfully saved
U 541 | F 2769920 | FPS 1647 | D 1722 | rR:x̄σmM 0.11 0.25 0.00 0.97 | H 1.935 | V 0.015 | pL 0.001 | vL 0.000 | ∇ 0.004 | Games 6 | Strat 0.0
U 542 | F 2775040 | FPS 1622 | D 1725 | rR:x̄σmM 0.11 0.25 0.00 0.97 | H 1.941 | V 0.007 | pL -0.001 | vL 0.000 | ∇ 0.003 | Games 3 | Strat 0.0
U 543 | F 2780160 | FPS 1626 | D 1728 | rR:x̄σmM 0.15 0.27 0.00 0.97 | H 1.937 | V 0.007 | pL -0.003 | vL 0.000 | ∇ 0.004 | Games 4 | Strat 0.0
U 544 | F 2785280 | FPS 1629 | D 1731 | rR:x̄σmM 0.15 0.27 0.00 0.97 | H 1.945 | V -0.002 | pL -0.001 | vL 0.000 | ∇ 0.001 | Games 1 | Strat 0.0
U 545 | F 2790400 | FPS 1627 | D 1734 | rR:x̄σmM 0.17 0.29 0.00 0.97 | H 1.939 | V 0.003 | pL -0.002 | vL 0.000 | ∇ 0.003 | Games 1 | Strat 0.0
U 546 | F 2795520 | FPS 1636 | D 1737 | rR:x̄σmM 0.17 0.29 0.00 0.97 | H 1.939 | V 0.006 | pL -0.001 | vL 0.000 | ∇ 0.004 | Games 0 | Strat 0.0
U 547 | F 2800640 | FPS 1647 | D 1741 | rR:x̄σmM 0.20 0.31 0.00 0.97 | H 1.930 | V 0.014 | pL -0.002 | vL 0.000 | ∇ 0.005 | Games 2 | Strat 0.0
U 548 | F 2805760 | FPS 1631 | D 1744 | rR:x̄σmM 0.21 0.31 0.00 0.97 | H 1.935 | V 0.005 | pL -0.001 | vL 0.000 | ∇ 0.003 | Games 5 | Strat 0.0
U 549 | F 2810880 | FPS 1627 | D 1747 | rR:x̄σmM 0.21 0.31 0.00 0.97 | H 1.941 | V 0.002 | pL 0.000 | vL 0.000 | ∇ 0.004 | Games 0 | Strat 0.0
U 550 | F 2816000 | FPS 1644 | D 1750 | rR:x̄σmM 0.23 0.31 0.00 0.97 | H 1.936 | V 0.001 | pL -0.001 | vL 0.000 | ∇ 0.003 | Games 2 | Strat 0.0
Model successfully saved
U 551 | F 2821120 | FPS 1466 | D 1754 | rR:x̄σmM 0.21 0.29 0.00 0.97 | H 1.941 | V -0.002 | pL -0.002 | vL 0.000 | ∇ 0.002 | Games 2 | Strat 0.0
U 552 | F 2826240 | FPS 1389 | D 1757 | rR:x̄σmM 0.21 0.29 0.00 0.97 | H 1.937 | V 0.008 | pL 0.001 | vL 0.000 | ∇ 0.003 | Games 2 | Strat 0.0
U 553 | F 2831360 | FPS 1488 | D 1761 | rR:x̄σmM 0.21 0.30 0.00 0.97 | H 1.928 | V 0.017 | pL -0.001 | vL 0.000 | ∇ 0.004 | Games 3 | Strat 0.0
U 554 | F 2836480 | FPS 1585 | D 1764 | rR:x̄σmM 0.23 0.29 0.00 0.82 | H 1.921 | V 0.024 | pL -0.002 | vL 0.001 | ∇ 0.005 | Games 4 | Strat 0.0
U 555 | F 2841600 | FPS 1640 | D 1767 | rR:x̄σmM 0.25 0.29 0.00 0.82 | H 1.928 | V 0.024 | pL 0.001 | vL 0.000 | ∇ 0.004 | Games 4 | Strat 0.0
U 556 | F 2846720 | FPS 1625 | D 1770 | rR:x̄σmM 0.30 0.30 0.00 0.96 | H 1.923 | V 0.029 | pL -0.003 | vL 0.001 | ∇ 0.006 | Games 5 | Strat 0.0
U 557 | F 2851840 | FPS 1643 | D 1773 | rR:x̄σmM 0.29 0.30 0.00 0.96 | H 1.936 | V 0.014 | pL 0.002 | vL 0.000 | ∇ 0.004 | Games 4 | Strat 0.0
U 558 | F 2856960 | FPS 1638 | D 1776 | rR:x̄σmM 0.32 0.31 0.00 0.96 | H 1.924 | V 0.025 | pL -0.006 | vL 0.001 | ∇ 0.008 | Games 6 | Strat 0.0
U 559 | F 2862080 | FPS 1644 | D 1780 | rR:x̄σmM 0.33 0.32 0.00 0.96 | H 1.935 | V 0.014 | pL -0.001 | vL 0.000 | ∇ 0.004 | Games 1 | Strat 0.0
U 560 | F 2867200 | FPS 1638 | D 1783 | rR:x̄σmM 0.31 0.31 0.00 0.96 | H 1.937 | V 0.012 | pL -0.001 | vL 0.000 | ∇ 0.003 | Games 3 | Strat 0.0
Model successfully saved
U 561 | F 2872320 | FPS 1658 | D 1786 | rR:x̄σmM 0.32 0.32 0.00 0.96 | H 1.938 | V 0.008 | pL -0.002 | vL 0.000 | ∇ 0.005 | Games 4 | Strat 0.0
U 562 | F 2877440 | FPS 1639 | D 1789 | rR:x̄σmM 0.37 0.35 0.00 0.96 | H 1.922 | V 0.032 | pL -0.002 | vL 0.001 | ∇ 0.006 | Games 6 | Strat 0.0
U 563 | F 2882560 | FPS 1644 | D 1792 | rR:x̄σmM 0.38 0.35 0.00 0.96 | H 1.933 | V 0.018 | pL -0.003 | vL 0.001 | ∇ 0.006 | Games 3 | Strat 0.0
U 564 | F 2887680 | FPS 1647 | D 1795 | rR:x̄σmM 0.39 0.36 0.00 0.96 | H 1.937 | V 0.021 | pL 0.002 | vL 0.001 | ∇ 0.005 | Games 2 | Strat 0.0
U 565 | F 2892800 | FPS 1649 | D 1798 | rR:x̄σmM 0.39 0.36 0.00 0.96 | H 1.943 | V 0.016 | pL 0.001 | vL 0.000 | ∇ 0.005 | Games 0 | Strat 0.0
U 566 | F 2897920 | FPS 1635 | D 1801 | rR:x̄σmM 0.39 0.36 0.00 0.96 | H 1.927 | V 0.040 | pL 0.002 | vL 0.001 | ∇ 0.009 | Games 2 | Strat 0.0
U 567 | F 2903040 | FPS 1646 | D 1804 | rR:x̄σmM 0.42 0.36 0.00 0.96 | H 1.928 | V 0.035 | pL 0.003 | vL 0.001 | ∇ 0.009 | Games 3 | Strat 0.0
U 568 | F 2908160 | FPS 1629 | D 1808 | rR:x̄σmM 0.39 0.37 0.00 0.96 | H 1.938 | V 0.033 | pL 0.004 | vL 0.000 | ∇ 0.003 | Games 3 | Strat 0.0
U 569 | F 2913280 | FPS 1646 | D 1811 | rR:x̄σmM 0.39 0.37 0.00 0.96 | H 1.944 | V 0.018 | pL 0.003 | vL 0.000 | ∇ 0.001 | Games 0 | Strat 0.0
U 570 | F 2918400 | FPS 1629 | D 1814 | rR:x̄σmM 0.39 0.37 0.00 0.96 | H 1.943 | V 0.016 | pL 0.002 | vL 0.000 | ∇ 0.003 | Games 0 | Strat 0.0
Model successfully saved
U 571 | F 2923520 | FPS 1631 | D 1817 | rR:x̄σmM 0.38 0.37 0.00 0.96 | H 1.930 | V 0.038 | pL 0.003 | vL 0.000 | ∇ 0.005 | Games 1 | Strat 0.0
U 572 | F 2928640 | FPS 1632 | D 1820 | rR:x̄σmM 0.39 0.36 0.00 0.96 | H 1.914 | V 0.049 | pL 0.002 | vL 0.001 | ∇ 0.006 | Games 4 | Strat 0.0
U 573 | F 2933760 | FPS 1635 | D 1823 | rR:x̄σmM 0.40 0.36 0.00 0.96 | H 1.909 | V 0.057 | pL 0.002 | vL 0.001 | ∇ 0.008 | Games 6 | Strat 0.0
U 574 | F 2938880 | FPS 1614 | D 1826 | rR:x̄σmM 0.34 0.35 0.00 0.96 | H 1.937 | V 0.023 | pL 0.003 | vL 0.000 | ∇ 0.004 | Games 5 | Strat 0.0
U 575 | F 2944000 | FPS 1646 | D 1830 | rR:x̄σmM 0.36 0.35 0.00 0.96 | H 1.928 | V 0.031 | pL 0.000 | vL 0.001 | ∇ 0.005 | Games 3 | Strat 0.0
U 576 | F 2949120 | FPS 1641 | D 1833 | rR:x̄σmM 0.35 0.35 0.00 0.96 | H 1.936 | V 0.025 | pL 0.003 | vL 0.000 | ∇ 0.003 | Games 3 | Strat 0.0
U 577 | F 2954240 | FPS 1628 | D 1836 | rR:x̄σmM 0.33 0.35 0.00 0.94 | H 1.934 | V 0.022 | pL -0.002 | vL 0.001 | ∇ 0.006 | Games 6 | Strat 0.0
U 578 | F 2959360 | FPS 1646 | D 1839 | rR:x̄σmM 0.33 0.35 0.00 0.94 | H 1.925 | V 0.026 | pL -0.002 | vL 0.001 | ∇ 0.007 | Games 3 | Strat 0.0
U 579 | F 2964480 | FPS 1632 | D 1842 | rR:x̄σmM 0.33 0.35 0.00 0.94 | H 1.938 | V 0.013 | pL -0.000 | vL 0.000 | ∇ 0.004 | Games 2 | Strat 0.0
U 580 | F 2969600 | FPS 1628 | D 1845 | rR:x̄σmM 0.32 0.35 0.00 0.94 | H 1.943 | V 0.008 | pL -0.001 | vL 0.000 | ∇ 0.002 | Games 1 | Strat 0.0
Model successfully saved
U 581 | F 2974720 | FPS 1641 | D 1848 | rR:x̄σmM 0.30 0.35 0.00 0.94 | H 1.936 | V 0.019 | pL 0.001 | vL 0.000 | ∇ 0.005 | Games 4 | Strat 0.0
U 582 | F 2979840 | FPS 1620 | D 1852 | rR:x̄σmM 0.31 0.35 0.00 0.94 | H 1.932 | V 0.018 | pL -0.002 | vL 0.000 | ∇ 0.005 | Games 4 | Strat 0.0
U 583 | F 2984960 | FPS 1626 | D 1855 | rR:x̄σmM 0.30 0.36 0.00 0.94 | H 1.931 | V 0.023 | pL 0.001 | vL 0.000 | ∇ 0.005 | Games 2 | Strat 0.0
U 584 | F 2990080 | FPS 1629 | D 1858 | rR:x̄σmM 0.34 0.37 0.00 0.94 | H 1.919 | V 0.032 | pL -0.002 | vL 0.001 | ∇ 0.008 | Games 4 | Strat 0.0
U 585 | F 2995200 | FPS 1639 | D 1861 | rR:x̄σmM 0.38 0.36 0.00 0.93 | H 1.904 | V 0.047 | pL -0.006 | vL 0.001 | ∇ 0.009 | Games 6 | Strat 0.0
U 586 | F 3000320 | FPS 1650 | D 1864 | rR:x̄σmM 0.42 0.37 0.00 0.93 | H 1.917 | V 0.032 | pL -0.003 | vL 0.001 | ∇ 0.009 | Games 6 | Strat 0.0
U 587 | F 3005440 | FPS 1632 | D 1867 | rR:x̄σmM 0.46 0.37 0.00 0.95 | H 1.908 | V 0.035 | pL -0.005 | vL 0.001 | ∇ 0.011 | Games 4 | Strat 0.0
U 588 | F 3010560 | FPS 1636 | D 1870 | rR:x̄σmM 0.46 0.35 0.00 0.95 | H 1.910 | V 0.048 | pL 0.001 | vL 0.001 | ∇ 0.009 | Games 6 | Strat 0.0
U 589 | F 3015680 | FPS 1634 | D 1873 | rR:x̄σmM 0.46 0.35 0.00 0.95 | H 1.904 | V 0.058 | pL 0.002 | vL 0.001 | ∇ 0.010 | Games 2 | Strat 0.0
U 590 | F 3020800 | FPS 1639 | D 1877 | rR:x̄σmM 0.53 0.32 0.00 0.95 | H 1.881 | V 0.075 | pL -0.005 | vL 0.002 | ∇ 0.015 | Games 8 | Strat 0.0
Model successfully saved
U 591 | F 3025920 | FPS 1642 | D 1880 | rR:x̄σmM 0.58 0.30 0.00 0.95 | H 1.857 | V 0.098 | pL -0.007 | vL 0.003 | ∇ 0.016 | Games 10 | Strat 0.0
U 592 | F 3031040 | FPS 1627 | D 1883 | rR:x̄σmM 0.62 0.29 0.00 0.95 | H 1.866 | V 0.101 | pL -0.005 | vL 0.002 | ∇ 0.015 | Games 11 | Strat 0.0
U 593 | F 3036160 | FPS 1630 | D 1886 | rR:x̄σmM 0.69 0.27 0.00 0.97 | H 1.872 | V 0.101 | pL -0.006 | vL 0.001 | ∇ 0.012 | Games 9 | Strat 0.0
U 594 | F 3041280 | FPS 1616 | D 1889 | rR:x̄σmM 0.74 0.26 0.00 0.97 | H 1.876 | V 0.084 | pL -0.007 | vL 0.001 | ∇ 0.012 | Games 8 | Strat 0.0
U 595 | F 3046400 | FPS 1633 | D 1892 | rR:x̄σmM 0.76 0.27 0.00 0.97 | H 1.869 | V 0.091 | pL -0.007 | vL 0.003 | ∇ 0.016 | Games 9 | Strat 0.0
U 596 | F 3051520 | FPS 1644 | D 1895 | rR:x̄σmM 0.77 0.25 0.00 0.97 | H 1.894 | V 0.081 | pL 0.003 | vL 0.001 | ∇ 0.011 | Games 5 | Strat 0.0
U 597 | F 3056640 | FPS 1628 | D 1899 | rR:x̄σmM 0.79 0.24 0.00 0.97 | H 1.881 | V 0.079 | pL -0.004 | vL 0.002 | ∇ 0.020 | Games 5 | Strat 0.0
U 598 | F 3061760 | FPS 1631 | D 1902 | rR:x̄σmM 0.78 0.24 0.00 0.97 | H 1.868 | V 0.118 | pL -0.006 | vL 0.002 | ∇ 0.013 | Games 12 | Strat 0.0
U 599 | F 3066880 | FPS 1643 | D 1905 | rR:x̄σmM 0.75 0.26 0.00 0.97 | H 1.862 | V 0.111 | pL 0.006 | vL 0.002 | ∇ 0.023 | Games 5 | Strat 0.0
U 600 | F 3072000 | FPS 1617 | D 1908 | rR:x̄σmM 0.78 0.22 0.00 0.97 | H 1.834 | V 0.145 | pL -0.010 | vL 0.002 | ∇ 0.022 | Games 14 | Strat 0.0
Model successfully saved
U 601 | F 3077120 | FPS 1620 | D 1911 | rR:x̄σmM 0.78 0.22 0.00 0.97 | H 1.825 | V 0.126 | pL -0.013 | vL 0.002 | ∇ 0.023 | Games 11 | Strat 0.0
U 602 | F 3082240 | FPS 1631 | D 1914 | rR:x̄σmM 0.85 0.12 0.58 0.97 | H 1.734 | V 0.223 | pL -0.020 | vL 0.004 | ∇ 0.027 | Games 18 | Strat 0.0
U 603 | F 3087360 | FPS 1621 | D 1918 | rR:x̄σmM 0.83 0.20 0.19 0.98 | H 1.779 | V 0.216 | pL -0.009 | vL 0.005 | ∇ 0.029 | Games 22 | Strat 0.0
U 604 | F 3092480 | FPS 1632 | D 1921 | rR:x̄σmM 0.85 0.19 0.19 0.98 | H 1.766 | V 0.219 | pL -0.017 | vL 0.003 | ∇ 0.025 | Games 18 | Strat 0.0
U 605 | F 3097600 | FPS 1642 | D 1924 | rR:x̄σmM 0.93 0.04 0.75 0.98 | H 1.708 | V 0.267 | pL -0.019 | vL 0.003 | ∇ 0.034 | Games 25 | Strat 0.0
U 606 | F 3102720 | FPS 1636 | D 1927 | rR:x̄σmM 0.91 0.16 0.17 0.98 | H 1.656 | V 0.317 | pL -0.027 | vL 0.005 | ∇ 0.040 | Games 24 | Strat 0.0
U 607 | F 3107840 | FPS 1627 | D 1930 | rR:x̄σmM 0.92 0.11 0.36 0.98 | H 1.619 | V 0.369 | pL -0.025 | vL 0.004 | ∇ 0.027 | Games 40 | Strat 0.0
U 608 | F 3112960 | FPS 1625 | D 1933 | rR:x̄σmM 0.95 0.05 0.77 0.98 | H 1.589 | V 0.436 | pL -0.025 | vL 0.003 | ∇ 0.036 | Games 40 | Strat 0.0
U 609 | F 3118080 | FPS 1632 | D 1936 | rR:x̄σmM 0.92 0.13 0.24 0.98 | H 1.595 | V 0.489 | pL -0.017 | vL 0.004 | ∇ 0.039 | Games 40 | Strat 0.0
U 610 | F 3123200 | FPS 1624 | D 1940 | rR:x̄σmM 0.96 0.02 0.90 0.99 | H 1.559 | V 0.519 | pL -0.008 | vL 0.003 | ∇ 0.032 | Games 43 | Strat 0.0
Model successfully saved
U 611 | F 3128320 | FPS 1633 | D 1943 | rR:x̄σmM 0.96 0.02 0.91 0.98 | H 1.555 | V 0.518 | pL -0.020 | vL 0.004 | ∇ 0.037 | Games 45 | Strat 0.0
U 612 | F 3133440 | FPS 1634 | D 1946 | rR:x̄σmM 0.96 0.02 0.90 0.98 | H 1.566 | V 0.542 | pL -0.013 | vL 0.003 | ∇ 0.027 | Games 50 | Strat 0.0
U 613 | F 3138560 | FPS 1647 | D 1949 | rR:x̄σmM 0.96 0.01 0.92 0.98 | H 1.590 | V 0.550 | pL -0.001 | vL 0.002 | ∇ 0.031 | Games 45 | Strat 0.0
U 614 | F 3143680 | FPS 1627 | D 1952 | rR:x̄σmM 0.96 0.03 0.83 0.98 | H 1.562 | V 0.567 | pL 0.003 | vL 0.003 | ∇ 0.033 | Games 44 | Strat 0.0
U 615 | F 3148800 | FPS 1632 | D 1955 | rR:x̄σmM 0.96 0.02 0.86 0.98 | H 1.564 | V 0.577 | pL -0.005 | vL 0.002 | ∇ 0.027 | Games 52 | Strat 0.0
U 616 | F 3153920 | FPS 1622 | D 1958 | rR:x̄σmM 0.96 0.01 0.92 0.98 | H 1.600 | V 0.561 | pL 0.004 | vL 0.002 | ∇ 0.023 | Games 44 | Strat 0.0
U 617 | F 3159040 | FPS 1641 | D 1961 | rR:x̄σmM 0.96 0.02 0.88 0.99 | H 1.603 | V 0.552 | pL 0.008 | vL 0.002 | ∇ 0.030 | Games 46 | Strat 0.0
U 618 | F 3164160 | FPS 1616 | D 1965 | rR:x̄σmM 0.96 0.02 0.88 0.99 | H 1.633 | V 0.522 | pL 0.012 | vL 0.003 | ∇ 0.031 | Games 38 | Strat 0.0
U 619 | F 3169280 | FPS 1643 | D 1968 | rR:x̄σmM 0.95 0.02 0.91 0.98 | H 1.615 | V 0.534 | pL 0.007 | vL 0.002 | ∇ 0.033 | Games 38 | Strat 0.0
U 620 | F 3174400 | FPS 1630 | D 1971 | rR:x̄σmM 0.95 0.02 0.87 0.98 | H 1.599 | V 0.538 | pL 0.006 | vL 0.002 | ∇ 0.027 | Games 41 | Strat 0.0
Model successfully saved
U 621 | F 3179520 | FPS 1624 | D 1974 | rR:x̄σmM 0.96 0.02 0.89 0.99 | H 1.526 | V 0.589 | pL -0.002 | vL 0.003 | ∇ 0.026 | Games 49 | Strat 0.0
U 622 | F 3184640 | FPS 1631 | D 1977 | rR:x̄σmM 0.96 0.02 0.90 0.98 | H 1.559 | V 0.595 | pL -0.004 | vL 0.003 | ∇ 0.028 | Games 55 | Strat 0.0
U 623 | F 3189760 | FPS 1636 | D 1980 | rR:x̄σmM 0.96 0.02 0.90 0.99 | H 1.571 | V 0.568 | pL 0.004 | vL 0.002 | ∇ 0.022 | Games 44 | Strat 0.0
U 624 | F 3194880 | FPS 1619 | D 1984 | rR:x̄σmM 0.96 0.02 0.92 0.99 | H 1.568 | V 0.560 | pL -0.003 | vL 0.002 | ∇ 0.027 | Games 51 | Strat 0.0
U 625 | F 3200000 | FPS 1603 | D 1987 | rR:x̄σmM 0.96 0.01 0.92 0.98 | H 1.542 | V 0.581 | pL -0.005 | vL 0.002 | ∇ 0.024 | Games 50 | Strat 0.0
U 626 | F 3205120 | FPS 1582 | D 1990 | rR:x̄σmM 0.97 0.01 0.92 0.99 | H 1.589 | V 0.587 | pL 0.001 | vL 0.002 | ∇ 0.023 | Games 52 | Strat 0.0
U 627 | F 3210240 | FPS 1631 | D 1993 | rR:x̄σmM 0.96 0.02 0.87 0.99 | H 1.633 | V 0.538 | pL 0.012 | vL 0.002 | ∇ 0.028 | Games 40 | Strat 0.0
U 628 | F 3215360 | FPS 1532 | D 1996 | rR:x̄σmM 0.95 0.02 0.90 0.98 | H 1.611 | V 0.541 | pL 0.010 | vL 0.002 | ∇ 0.025 | Games 39 | Strat 0.0
U 629 | F 3220480 | FPS 1543 | D 2000 | rR:x̄σmM 0.96 0.02 0.89 0.98 | H 1.599 | V 0.551 | pL 0.001 | vL 0.003 | ∇ 0.028 | Games 43 | Strat 0.0
U 630 | F 3225600 | FPS 1506 | D 2003 | rR:x̄σmM 0.96 0.02 0.92 0.98 | H 1.576 | V 0.576 | pL -0.004 | vL 0.003 | ∇ 0.022 | Games 53 | Strat 0.0
Model successfully saved
U 631 | F 3230720 | FPS 1571 | D 2006 | rR:x̄σmM 0.97 0.01 0.91 0.99 | H 1.556 | V 0.559 | pL -0.007 | vL 0.003 | ∇ 0.023 | Games 47 | Strat 0.0
U 632 | F 3235840 | FPS 1598 | D 2010 | rR:x̄σmM 0.97 0.01 0.91 0.98 | H 1.580 | V 0.548 | pL -0.005 | vL 0.002 | ∇ 0.029 | Games 45 | Strat 0.0
U 633 | F 3240960 | FPS 1646 | D 2013 | rR:x̄σmM 0.96 0.02 0.87 0.98 | H 1.565 | V 0.572 | pL -0.008 | vL 0.003 | ∇ 0.028 | Games 52 | Strat 0.0
U 634 | F 3246080 | FPS 1584 | D 2016 | rR:x̄σmM 0.96 0.01 0.93 0.99 | H 1.572 | V 0.584 | pL 0.003 | vL 0.002 | ∇ 0.026 | Games 46 | Strat 0.0
U 635 | F 3251200 | FPS 1577 | D 2019 | rR:x̄σmM 0.96 0.02 0.89 0.98 | H 1.573 | V 0.594 | pL 0.004 | vL 0.003 | ∇ 0.024 | Games 49 | Strat 0.0
U 636 | F 3256320 | FPS 1533 | D 2023 | rR:x̄σmM 0.96 0.01 0.91 0.98 | H 1.585 | V 0.583 | pL 0.009 | vL 0.002 | ∇ 0.024 | Games 49 | Strat 0.0
U 637 | F 3261440 | FPS 1602 | D 2026 | rR:x̄σmM 0.96 0.02 0.91 0.98 | H 1.589 | V 0.548 | pL 0.004 | vL 0.002 | ∇ 0.025 | Games 43 | Strat 0.0
U 638 | F 3266560 | FPS 1582 | D 2029 | rR:x̄σmM 0.96 0.02 0.91 0.99 | H 1.580 | V 0.533 | pL -0.008 | vL 0.002 | ∇ 0.024 | Games 48 | Strat 0.0
U 639 | F 3271680 | FPS 1543 | D 2032 | rR:x̄σmM 0.96 0.02 0.91 0.99 | H 1.549 | V 0.552 | pL -0.003 | vL 0.003 | ∇ 0.025 | Games 44 | Strat 0.0
U 640 | F 3276800 | FPS 1606 | D 2036 | rR:x̄σmM 0.96 0.02 0.86 0.98 | H 1.563 | V 0.528 | pL 0.002 | vL 0.003 | ∇ 0.030 | Games 45 | Strat 0.0
Model successfully saved
