/home/fabian_57/thesis_projects/curriculum-test/scripts/train.py --procs 40 --strat 0.0 --sigma 0.7 --algo=ppo --env MiniGrid-DoorKey-16x16-v0 --no-instr --tb --frames=40000000 --model DK-16x16-N-50-strat-gigar_retlow_rwm0.6 --save-interval 10 --ending-acc 0.9 --ending-acc-window 50 --save-frames 1000000 --discount 0.99 --use-min --reward-multiplier 0.6

Namespace(algo='ppo', batch_size=256, clip_eps=0.2, discount=0.99, ending_acc=0.9, ending_acc_window=50, entropy_coef=0.01, env='MiniGrid-DoorKey-16x16-v0', epochs=4, frames=40000000, frames_per_proc=None, gae_lambda=0.95, log_interval=1, lr=0.0007, max_grad_norm=0.5, model='DK-16x16-N-50-strat-gigar_retlow_rwm0.6', no_instr=True, no_mem=False, optim_alpha=0.99, optim_eps=1e-05, procs=40, recurrence=1, reward_multiplier=0.6, save_frames=1000000.0, save_interval=10, seed=1, sigma=0.7, strat=0.0, tb=True, use_min=True, value_loss_coef=0.5)

Model successfully created

ACModel(
  (image_conv): Sequential(
    (0): Conv2d(3, 16, kernel_size=(2, 2), stride=(1, 1))
    (1): ReLU()
    (2): MaxPool2d(kernel_size=(2, 2), stride=2, padding=0, dilation=1, ceil_mode=False)
    (3): Conv2d(16, 32, kernel_size=(2, 2), stride=(1, 1))
    (4): ReLU()
    (5): Conv2d(32, 64, kernel_size=(2, 2), stride=(1, 1))
    (6): ReLU()
  )
  (memory_rnn): LSTMCell(64, 64)
  (actor): Sequential(
    (0): Linear(in_features=64, out_features=64, bias=True)
    (1): Tanh()
    (2): Linear(in_features=64, out_features=7, bias=True)
  )
  (critic): Sequential(
    (0): Linear(in_features=64, out_features=64, bias=True)
    (1): Tanh()
    (2): Linear(in_features=64, out_features=1, bias=True)
  )
)

CUDA available: True

U 1 | F 005120 | FPS 1310 | D 3 | rR:x̄σmM 0.00 0.00 0.00 0.00 | H 1.945 | V 0.076 | pL 0.013 | vL 0.000 | ∇ 0.003
U 2 | F 010240 | FPS 1644 | D 7 | rR:x̄σmM 0.00 0.00 0.00 0.00 | H 1.945 | V 0.071 | pL 0.012 | vL 0.000 | ∇ 0.002
U 3 | F 015360 | FPS 1593 | D 10 | rR:x̄σmM 0.00 0.00 0.00 0.00 | H 1.945 | V 0.055 | pL 0.010 | vL 0.000 | ∇ 0.002
U 4 | F 020480 | FPS 1682 | D 13 | rR:x̄σmM 0.00 0.00 0.00 0.00 | H 1.945 | V 0.044 | pL 0.008 | vL 0.000 | ∇ 0.001
U 5 | F 025600 | FPS 1633 | D 16 | rR:x̄σmM 0.00 0.00 0.00 0.00 | H 1.946 | V 0.035 | pL 0.006 | vL 0.000 | ∇ 0.001
U 6 | F 030720 | FPS 1604 | D 19 | rR:x̄σmM 0.00 0.00 0.00 0.00 | H 1.946 | V 0.028 | pL 0.005 | vL 0.000 | ∇ 0.001
U 7 | F 035840 | FPS 1572 | D 22 | rR:x̄σmM 0.00 0.00 0.00 0.00 | H 1.946 | V 0.022 | pL 0.004 | vL 0.000 | ∇ 0.001
U 8 | F 040960 | FPS 1645 | D 25 | rR:x̄σmM 0.00 0.00 0.00 0.00 | H 1.946 | V 0.017 | pL 0.003 | vL 0.000 | ∇ 0.001
U 9 | F 046080 | FPS 1446 | D 29 | rR:x̄σmM 0.00 0.00 0.00 0.00 | H 1.946 | V 0.014 | pL 0.002 | vL 0.000 | ∇ 0.001
U 10 | F 051200 | FPS 1369 | D 33 | rR:x̄σmM 0.00 0.00 0.00 0.00 | H 1.946 | V 0.011 | pL 0.002 | vL 0.000 | ∇ 0.001
Model successfully saved
U 11 | F 056320 | FPS 1517 | D 36 | rR:x̄σmM 0.00 0.00 0.00 0.00 | H 1.946 | V 0.009 | pL 0.002 | vL 0.000 | ∇ 0.000
U 12 | F 061440 | FPS 1646 | D 39 | rR:x̄σmM 0.00 0.00 0.00 0.00 | H 1.946 | V 0.007 | pL 0.001 | vL 0.000 | ∇ 0.000
U 13 | F 066560 | FPS 1622 | D 42 | rR:x̄σmM 0.02 0.10 0.00 0.62 | H 1.941 | V 0.008 | pL -0.001 | vL 0.001 | ∇ 0.006
U 14 | F 071680 | FPS 1617 | D 46 | rR:x̄σmM 0.03 0.13 0.00 0.62 | H 1.942 | V 0.015 | pL 0.000 | vL 0.000 | ∇ 0.006
U 15 | F 076800 | FPS 1606 | D 49 | rR:x̄σmM 0.03 0.13 0.00 0.62 | H 1.945 | V -0.001 | pL -0.001 | vL 0.000 | ∇ 0.002
U 16 | F 081920 | FPS 1607 | D 52 | rR:x̄σmM 0.03 0.13 0.00 0.62 | H 1.945 | V -0.005 | pL -0.000 | vL 0.000 | ∇ 0.001
U 17 | F 087040 | FPS 1590 | D 55 | rR:x̄σmM 0.03 0.13 0.00 0.62 | H 1.945 | V -0.008 | pL -0.001 | vL 0.000 | ∇ 0.001
U 18 | F 092160 | FPS 1343 | D 59 | rR:x̄σmM 0.03 0.13 0.00 0.62 | H 1.946 | V -0.006 | pL -0.001 | vL 0.000 | ∇ 0.000
U 19 | F 097280 | FPS 1303 | D 63 | rR:x̄σmM 0.04 0.15 0.00 0.62 | H 1.943 | V -0.003 | pL -0.002 | vL 0.000 | ∇ 0.003
U 20 | F 102400 | FPS 0967 | D 68 | rR:x̄σmM 0.04 0.15 0.00 0.62 | H 1.944 | V -0.003 | pL -0.001 | vL 0.000 | ∇ 0.001
Model successfully saved
U 21 | F 107520 | FPS 0850 | D 74 | rR:x̄σmM 0.04 0.15 0.00 0.62 | H 1.945 | V -0.006 | pL -0.001 | vL 0.000 | ∇ 0.001
U 22 | F 112640 | FPS 0795 | D 81 | rR:x̄σmM 0.04 0.15 0.00 0.62 | H 1.946 | V -0.007 | pL -0.001 | vL 0.000 | ∇ 0.000
U 23 | F 117760 | FPS 0749 | D 88 | rR:x̄σmM 0.04 0.15 0.00 0.62 | H 1.946 | V -0.006 | pL -0.001 | vL 0.000 | ∇ 0.000
U 24 | F 122880 | FPS 0825 | D 94 | rR:x̄σmM 0.04 0.15 0.00 0.62 | H 1.946 | V -0.004 | pL -0.001 | vL 0.000 | ∇ 0.000
U 25 | F 128000 | FPS 1413 | D 97 | rR:x̄σmM 0.04 0.15 0.00 0.62 | H 1.946 | V -0.003 | pL -0.001 | vL 0.000 | ∇ 0.000
U 26 | F 133120 | FPS 1575 | D 101 | rR:x̄σmM 0.04 0.15 0.00 0.62 | H 1.946 | V -0.002 | pL -0.000 | vL 0.000 | ∇ 0.000
U 27 | F 138240 | FPS 0959 | D 106 | rR:x̄σmM 0.04 0.15 0.00 0.62 | H 1.946 | V -0.002 | pL -0.000 | vL 0.000 | ∇ 0.000
U 28 | F 143360 | FPS 1498 | D 109 | rR:x̄σmM 0.04 0.15 0.00 0.62 | H 1.946 | V -0.002 | pL -0.000 | vL 0.000 | ∇ 0.000
U 29 | F 148480 | FPS 1436 | D 113 | rR:x̄σmM 0.04 0.15 0.00 0.62 | H 1.946 | V -0.002 | pL -0.000 | vL 0.000 | ∇ 0.000
U 30 | F 153600 | FPS 1512 | D 116 | rR:x̄σmM 0.04 0.15 0.00 0.62 | H 1.946 | V -0.001 | pL -0.000 | vL 0.000 | ∇ 0.000
Model successfully saved
U 31 | F 158720 | FPS 1617 | D 120 | rR:x̄σmM 0.04 0.15 0.00 0.62 | H 1.946 | V -0.001 | pL -0.000 | vL 0.000 | ∇ 0.000
U 32 | F 163840 | FPS 1614 | D 123 | rR:x̄σmM 0.04 0.15 0.00 0.62 | H 1.946 | V -0.001 | pL -0.000 | vL 0.000 | ∇ 0.000
U 33 | F 168960 | FPS 1625 | D 126 | rR:x̄σmM 0.03 0.11 0.00 0.59 | H 1.946 | V -0.001 | pL -0.000 | vL 0.000 | ∇ 0.000
U 34 | F 174080 | FPS 1648 | D 129 | rR:x̄σmM 0.01 0.07 0.00 0.45 | H 1.946 | V -0.001 | pL -0.000 | vL 0.000 | ∇ 0.000
U 35 | F 179200 | FPS 1647 | D 132 | rR:x̄σmM 0.01 0.07 0.00 0.45 | H 1.946 | V -0.001 | pL -0.000 | vL 0.000 | ∇ 0.000
U 36 | F 184320 | FPS 1640 | D 135 | rR:x̄σmM 0.01 0.07 0.00 0.45 | H 1.946 | V -0.000 | pL -0.000 | vL 0.000 | ∇ 0.000
U 37 | F 189440 | FPS 1373 | D 139 | rR:x̄σmM 0.01 0.07 0.00 0.45 | H 1.946 | V -0.000 | pL -0.000 | vL 0.000 | ∇ 0.000
U 38 | F 194560 | FPS 1386 | D 143 | rR:x̄σmM 0.01 0.07 0.00 0.45 | H 1.946 | V -0.000 | pL -0.000 | vL 0.000 | ∇ 0.000
U 39 | F 199680 | FPS 1372 | D 146 | rR:x̄σmM 0.00 0.00 0.00 0.00 | H 1.946 | V 0.000 | pL -0.000 | vL 0.000 | ∇ 0.000
U 40 | F 204800 | FPS 1580 | D 150 | rR:x̄σmM 0.00 0.00 0.00 0.00 | H 1.946 | V 0.000 | pL 0.000 | vL 0.000 | ∇ 0.000
Model successfully saved
U 41 | F 209920 | FPS 1490 | D 153 | rR:x̄σmM 0.00 0.00 0.00 0.00 | H 1.946 | V 0.000 | pL 0.000 | vL 0.000 | ∇ 0.000
U 42 | F 215040 | FPS 1466 | D 157 | rR:x̄σmM 0.00 0.00 0.00 0.00 | H 1.946 | V -0.000 | pL -0.000 | vL 0.000 | ∇ 0.000
U 43 | F 220160 | FPS 1527 | D 160 | rR:x̄σmM 0.00 0.00 0.00 0.00 | H 1.946 | V 0.000 | pL 0.000 | vL 0.000 | ∇ 0.000
U 44 | F 225280 | FPS 1602 | D 163 | rR:x̄σmM 0.00 0.00 0.00 0.00 | H 1.946 | V 0.000 | pL 0.000 | vL 0.000 | ∇ 0.000
U 45 | F 230400 | FPS 1571 | D 166 | rR:x̄σmM 0.00 0.00 0.00 0.00 | H 1.946 | V 0.001 | pL 0.000 | vL 0.000 | ∇ 0.000
U 46 | F 235520 | FPS 1633 | D 170 | rR:x̄σmM 0.00 0.00 0.00 0.00 | H 1.946 | V 0.001 | pL 0.000 | vL 0.000 | ∇ 0.000
U 47 | F 240640 | FPS 1608 | D 173 | rR:x̄σmM 0.00 0.00 0.00 0.00 | H 1.946 | V 0.001 | pL 0.000 | vL 0.000 | ∇ 0.000
U 48 | F 245760 | FPS 1630 | D 176 | rR:x̄σmM 0.00 0.00 0.00 0.00 | H 1.946 | V 0.001 | pL 0.000 | vL 0.000 | ∇ 0.000
U 49 | F 250880 | FPS 1630 | D 179 | rR:x̄σmM 0.00 0.00 0.00 0.00 | H 1.946 | V 0.000 | pL 0.000 | vL 0.000 | ∇ 0.000
U 50 | F 256000 | FPS 1634 | D 182 | rR:x̄σmM 0.00 0.00 0.00 0.00 | H 1.946 | V 0.000 | pL 0.000 | vL 0.000 | ∇ 0.000
Model successfully saved
U 51 | F 261120 | FPS 1611 | D 185 | rR:x̄σmM 0.00 0.00 0.00 0.00 | H 1.946 | V 0.000 | pL 0.000 | vL 0.000 | ∇ 0.000
U 52 | F 266240 | FPS 1623 | D 189 | rR:x̄σmM 0.00 0.00 0.00 0.00 | H 1.946 | V 0.000 | pL 0.000 | vL 0.000 | ∇ 0.000
U 53 | F 271360 | FPS 1634 | D 192 | rR:x̄σmM 0.02 0.10 0.00 0.62 | H 1.943 | V 0.002 | pL -0.002 | vL 0.000 | ∇ 0.004
U 54 | F 276480 | FPS 1632 | D 195 | rR:x̄σmM 0.03 0.13 0.00 0.62 | H 1.945 | V 0.007 | pL -0.001 | vL 0.000 | ∇ 0.004
U 55 | F 281600 | FPS 1598 | D 198 | rR:x̄σmM 0.03 0.13 0.00 0.62 | H 1.946 | V 0.003 | pL 0.000 | vL 0.000 | ∇ 0.001
U 56 | F 286720 | FPS 1575 | D 201 | rR:x̄σmM 0.03 0.13 0.00 0.62 | H 1.946 | V 0.002 | pL 0.000 | vL 0.000 | ∇ 0.000
U 57 | F 291840 | FPS 1571 | D 205 | rR:x̄σmM 0.03 0.13 0.00 0.62 | H 1.946 | V 0.002 | pL 0.000 | vL 0.000 | ∇ 0.000
U 58 | F 296960 | FPS 1623 | D 208 | rR:x̄σmM 0.04 0.15 0.00 0.62 | H 1.945 | V 0.003 | pL -0.001 | vL 0.000 | ∇ 0.004
U 59 | F 302080 | FPS 1580 | D 211 | rR:x̄σmM 0.04 0.15 0.00 0.62 | H 1.945 | V 0.004 | pL -0.000 | vL 0.000 | ∇ 0.002
U 60 | F 307200 | FPS 1600 | D 214 | rR:x̄σmM 0.04 0.15 0.00 0.62 | H 1.945 | V -0.006 | pL -0.002 | vL 0.000 | ∇ 0.002
Model successfully saved
U 61 | F 312320 | FPS 1622 | D 217 | rR:x̄σmM 0.04 0.15 0.00 0.62 | H 1.946 | V -0.007 | pL -0.001 | vL 0.000 | ∇ 0.000
U 62 | F 317440 | FPS 1643 | D 220 | rR:x̄σmM 0.04 0.15 0.00 0.62 | H 1.946 | V -0.008 | pL -0.001 | vL 0.000 | ∇ 0.000
U 63 | F 322560 | FPS 1632 | D 224 | rR:x̄σmM 0.04 0.15 0.00 0.62 | H 1.946 | V -0.006 | pL -0.001 | vL 0.000 | ∇ 0.000
U 64 | F 327680 | FPS 1647 | D 227 | rR:x̄σmM 0.04 0.15 0.00 0.62 | H 1.946 | V -0.005 | pL -0.001 | vL 0.000 | ∇ 0.000
U 65 | F 332800 | FPS 1639 | D 230 | rR:x̄σmM 0.04 0.15 0.00 0.62 | H 1.946 | V -0.004 | pL -0.001 | vL 0.000 | ∇ 0.000
U 66 | F 337920 | FPS 1627 | D 233 | rR:x̄σmM 0.04 0.15 0.00 0.62 | H 1.946 | V -0.003 | pL -0.001 | vL 0.000 | ∇ 0.000
U 67 | F 343040 | FPS 1618 | D 236 | rR:x̄σmM 0.04 0.15 0.00 0.62 | H 1.946 | V -0.002 | pL -0.000 | vL 0.000 | ∇ 0.000
U 68 | F 348160 | FPS 1618 | D 239 | rR:x̄σmM 0.04 0.15 0.00 0.62 | H 1.946 | V -0.001 | pL -0.000 | vL 0.000 | ∇ 0.000
U 69 | F 353280 | FPS 1625 | D 242 | rR:x̄σmM 0.04 0.15 0.00 0.62 | H 1.946 | V 0.001 | pL 0.000 | vL 0.000 | ∇ 0.000
U 70 | F 358400 | FPS 1624 | D 246 | rR:x̄σmM 0.04 0.15 0.00 0.62 | H 1.946 | V 0.002 | pL 0.000 | vL 0.000 | ∇ 0.000
Model successfully saved
U 71 | F 363520 | FPS 1639 | D 249 | rR:x̄σmM 0.06 0.18 0.00 0.69 | H 1.944 | V 0.003 | pL -0.002 | vL 0.000 | ∇ 0.004
U 72 | F 368640 | FPS 1635 | D 252 | rR:x̄σmM 0.06 0.18 0.00 0.69 | H 1.946 | V 0.001 | pL 0.001 | vL 0.000 | ∇ 0.001
U 73 | F 373760 | FPS 1615 | D 255 | rR:x̄σmM 0.03 0.13 0.00 0.69 | H 1.946 | V 0.005 | pL 0.001 | vL 0.000 | ∇ 0.000
U 74 | F 378880 | FPS 1624 | D 258 | rR:x̄σmM 0.02 0.11 0.00 0.69 | H 1.946 | V 0.002 | pL 0.000 | vL 0.000 | ∇ 0.000
U 75 | F 384000 | FPS 1635 | D 261 | rR:x̄σmM 0.02 0.11 0.00 0.69 | H 1.946 | V 0.003 | pL 0.000 | vL 0.000 | ∇ 0.000
U 76 | F 389120 | FPS 1614 | D 265 | rR:x̄σmM 0.02 0.11 0.00 0.69 | H 1.946 | V 0.002 | pL 0.000 | vL 0.000 | ∇ 0.000
U 77 | F 394240 | FPS 1626 | D 268 | rR:x̄σmM 0.02 0.11 0.00 0.69 | H 1.946 | V 0.002 | pL 0.000 | vL 0.000 | ∇ 0.000
U 78 | F 399360 | FPS 1607 | D 271 | rR:x̄σmM 0.02 0.11 0.00 0.69 | H 1.946 | V 0.001 | pL 0.000 | vL 0.000 | ∇ 0.000
U 79 | F 404480 | FPS 1610 | D 274 | rR:x̄σmM 0.02 0.11 0.00 0.69 | H 1.946 | V 0.001 | pL 0.000 | vL 0.000 | ∇ 0.000
U 80 | F 409600 | FPS 1610 | D 277 | rR:x̄σmM 0.02 0.11 0.00 0.69 | H 1.946 | V 0.001 | pL 0.000 | vL 0.000 | ∇ 0.000
Model successfully saved
U 81 | F 414720 | FPS 1638 | D 280 | rR:x̄σmM 0.02 0.11 0.00 0.69 | H 1.946 | V 0.001 | pL 0.000 | vL 0.000 | ∇ 0.000
U 82 | F 419840 | FPS 1611 | D 284 | rR:x̄σmM 0.02 0.11 0.00 0.69 | H 1.946 | V 0.000 | pL 0.000 | vL 0.000 | ∇ 0.000
U 83 | F 424960 | FPS 1625 | D 287 | rR:x̄σmM 0.02 0.11 0.00 0.69 | H 1.946 | V 0.000 | pL 0.000 | vL 0.000 | ∇ 0.000
U 84 | F 430080 | FPS 1634 | D 290 | rR:x̄σmM 0.02 0.11 0.00 0.69 | H 1.946 | V 0.000 | pL 0.000 | vL 0.000 | ∇ 0.000
U 85 | F 435200 | FPS 1609 | D 293 | rR:x̄σmM 0.02 0.11 0.00 0.69 | H 1.946 | V 0.000 | pL 0.000 | vL 0.000 | ∇ 0.000
U 86 | F 440320 | FPS 1618 | D 296 | rR:x̄σmM 0.02 0.11 0.00 0.69 | H 1.946 | V 0.000 | pL 0.000 | vL 0.000 | ∇ 0.000
U 87 | F 445440 | FPS 1623 | D 299 | rR:x̄σmM 0.02 0.11 0.00 0.69 | H 1.946 | V 0.000 | pL 0.000 | vL 0.000 | ∇ 0.000
U 88 | F 450560 | FPS 1577 | D 303 | rR:x̄σmM 0.02 0.11 0.00 0.69 | H 1.946 | V 0.000 | pL 0.000 | vL 0.000 | ∇ 0.000
U 89 | F 455680 | FPS 1639 | D 306 | rR:x̄σmM 0.02 0.11 0.00 0.69 | H 1.946 | V 0.000 | pL 0.000 | vL 0.000 | ∇ 0.000
U 90 | F 460800 | FPS 1623 | D 309 | rR:x̄σmM 0.02 0.11 0.00 0.71 | H 1.944 | V 0.002 | pL -0.002 | vL 0.000 | ∇ 0.003
Model successfully saved
U 91 | F 465920 | FPS 1629 | D 312 | rR:x̄σmM 0.03 0.13 0.00 0.71 | H 1.945 | V 0.005 | pL -0.000 | vL 0.000 | ∇ 0.003
U 92 | F 471040 | FPS 1616 | D 315 | rR:x̄σmM 0.04 0.16 0.00 0.71 | H 1.945 | V 0.010 | pL -0.001 | vL 0.000 | ∇ 0.006
U 93 | F 476160 | FPS 1627 | D 318 | rR:x̄σmM 0.04 0.16 0.00 0.71 | H 1.946 | V 0.003 | pL 0.001 | vL 0.000 | ∇ 0.002
U 94 | F 481280 | FPS 1624 | D 322 | rR:x̄σmM 0.04 0.16 0.00 0.71 | H 1.945 | V 0.001 | pL -0.001 | vL 0.000 | ∇ 0.002
U 95 | F 486400 | FPS 1630 | D 325 | rR:x̄σmM 0.06 0.18 0.00 0.71 | H 1.944 | V 0.006 | pL -0.000 | vL 0.000 | ∇ 0.002
U 96 | F 491520 | FPS 1636 | D 328 | rR:x̄σmM 0.09 0.21 0.00 0.71 | H 1.942 | V 0.002 | pL -0.003 | vL 0.000 | ∇ 0.005
U 97 | F 496640 | FPS 1632 | D 331 | rR:x̄σmM 0.09 0.21 0.00 0.71 | H 1.946 | V -0.002 | pL -0.001 | vL 0.000 | ∇ 0.001
U 98 | F 501760 | FPS 1607 | D 334 | rR:x̄σmM 0.10 0.21 0.00 0.71 | H 1.944 | V 0.001 | pL -0.002 | vL 0.000 | ∇ 0.003
U 99 | F 506880 | FPS 1623 | D 337 | rR:x̄σmM 0.11 0.22 0.00 0.71 | H 1.944 | V -0.002 | pL -0.002 | vL 0.000 | ∇ 0.003
U 100 | F 512000 | FPS 1611 | D 340 | rR:x̄σmM 0.11 0.22 0.00 0.71 | H 1.945 | V -0.000 | pL -0.000 | vL 0.000 | ∇ 0.001
Model successfully saved
U 101 | F 517120 | FPS 1634 | D 344 | rR:x̄σmM 0.11 0.22 0.00 0.71 | H 1.946 | V -0.002 | pL -0.000 | vL 0.000 | ∇ 0.000
U 102 | F 522240 | FPS 1630 | D 347 | rR:x̄σmM 0.11 0.22 0.00 0.71 | H 1.946 | V -0.001 | pL -0.000 | vL 0.000 | ∇ 0.000
U 103 | F 527360 | FPS 1625 | D 350 | rR:x̄σmM 0.11 0.22 0.00 0.71 | H 1.946 | V -0.001 | pL -0.000 | vL 0.000 | ∇ 0.000
U 104 | F 532480 | FPS 1585 | D 353 | rR:x̄σmM 0.11 0.22 0.00 0.71 | H 1.946 | V -0.000 | pL -0.000 | vL 0.000 | ∇ 0.000
U 105 | F 537600 | FPS 1587 | D 356 | rR:x̄σmM 0.11 0.22 0.00 0.71 | H 1.946 | V -0.000 | pL -0.000 | vL 0.000 | ∇ 0.000
U 106 | F 542720 | FPS 1634 | D 359 | rR:x̄σmM 0.11 0.22 0.00 0.71 | H 1.946 | V -0.000 | pL 0.000 | vL 0.000 | ∇ 0.000
U 107 | F 547840 | FPS 1619 | D 363 | rR:x̄σmM 0.11 0.22 0.00 0.71 | H 1.946 | V -0.000 | pL -0.000 | vL 0.000 | ∇ 0.000
U 108 | F 552960 | FPS 1625 | D 366 | rR:x̄σmM 0.11 0.22 0.00 0.71 | H 1.946 | V 0.000 | pL -0.000 | vL 0.000 | ∇ 0.000
U 109 | F 558080 | FPS 1626 | D 369 | rR:x̄σmM 0.11 0.22 0.00 0.71 | H 1.946 | V 0.000 | pL 0.000 | vL 0.000 | ∇ 0.000
U 110 | F 563200 | FPS 1614 | D 372 | rR:x̄σmM 0.09 0.20 0.00 0.58 | H 1.946 | V -0.000 | pL -0.000 | vL 0.000 | ∇ 0.000
Model successfully saved
U 111 | F 568320 | FPS 1618 | D 375 | rR:x̄σmM 0.08 0.19 0.00 0.58 | H 1.946 | V 0.000 | pL 0.000 | vL 0.000 | ∇ 0.000
U 112 | F 573440 | FPS 1615 | D 378 | rR:x̄σmM 0.06 0.17 0.00 0.58 | H 1.945 | V 0.002 | pL 0.000 | vL 0.000 | ∇ 0.001
U 113 | F 578560 | FPS 1621 | D 382 | rR:x̄σmM 0.07 0.18 0.00 0.58 | H 1.945 | V 0.004 | pL -0.001 | vL 0.000 | ∇ 0.003
U 114 | F 583680 | FPS 1626 | D 385 | rR:x̄σmM 0.07 0.18 0.00 0.58 | H 1.946 | V -0.002 | pL -0.000 | vL 0.000 | ∇ 0.000
U 115 | F 588800 | FPS 1636 | D 388 | rR:x̄σmM 0.06 0.16 0.00 0.54 | H 1.946 | V -0.001 | pL -0.000 | vL 0.000 | ∇ 0.000
U 116 | F 593920 | FPS 1629 | D 391 | rR:x̄σmM 0.03 0.12 0.00 0.52 | H 1.944 | V 0.002 | pL -0.002 | vL 0.000 | ∇ 0.003
U 117 | F 599040 | FPS 1619 | D 394 | rR:x̄σmM 0.03 0.12 0.00 0.52 | H 1.946 | V -0.002 | pL -0.000 | vL 0.000 | ∇ 0.000
U 118 | F 604160 | FPS 1614 | D 397 | rR:x̄σmM 0.03 0.12 0.00 0.52 | H 1.946 | V -0.002 | pL -0.000 | vL 0.000 | ∇ 0.000
U 119 | F 609280 | FPS 1589 | D 401 | rR:x̄σmM 0.02 0.10 0.00 0.52 | H 1.946 | V -0.001 | pL -0.000 | vL 0.000 | ∇ 0.000
U 120 | F 614400 | FPS 1575 | D 404 | rR:x̄σmM 0.02 0.10 0.00 0.52 | H 1.946 | V 0.000 | pL -0.000 | vL 0.000 | ∇ 0.000
Model successfully saved
U 121 | F 619520 | FPS 1580 | D 407 | rR:x̄σmM 0.02 0.10 0.00 0.52 | H 1.946 | V 0.001 | pL 0.000 | vL 0.000 | ∇ 0.000
U 122 | F 624640 | FPS 1475 | D 411 | rR:x̄σmM 0.02 0.10 0.00 0.52 | H 1.946 | V 0.000 | pL 0.000 | vL 0.000 | ∇ 0.000
U 123 | F 629760 | FPS 1534 | D 414 | rR:x̄σmM 0.02 0.10 0.00 0.52 | H 1.946 | V 0.000 | pL 0.000 | vL 0.000 | ∇ 0.000
U 124 | F 634880 | FPS 1635 | D 417 | rR:x̄σmM 0.02 0.10 0.00 0.52 | H 1.946 | V 0.000 | pL -0.000 | vL 0.000 | ∇ 0.000
U 125 | F 640000 | FPS 1560 | D 420 | rR:x̄σmM 0.02 0.10 0.00 0.52 | H 1.946 | V 0.001 | pL 0.000 | vL 0.000 | ∇ 0.001
U 126 | F 645120 | FPS 1612 | D 424 | rR:x̄σmM 0.02 0.10 0.00 0.52 | H 1.946 | V 0.000 | pL -0.000 | vL 0.000 | ∇ 0.001
U 127 | F 650240 | FPS 1651 | D 427 | rR:x̄σmM 0.02 0.10 0.00 0.52 | H 1.946 | V 0.001 | pL 0.000 | vL 0.000 | ∇ 0.000
U 128 | F 655360 | FPS 1618 | D 430 | rR:x̄σmM 0.02 0.10 0.00 0.52 | H 1.945 | V 0.002 | pL -0.000 | vL 0.000 | ∇ 0.001
U 129 | F 660480 | FPS 1635 | D 433 | rR:x̄σmM 0.04 0.15 0.00 0.75 | H 1.944 | V 0.004 | pL -0.002 | vL 0.000 | ∇ 0.004
U 130 | F 665600 | FPS 1636 | D 436 | rR:x̄σmM 0.06 0.18 0.00 0.75 | H 1.942 | V -0.003 | pL -0.003 | vL 0.001 | ∇ 0.005
Model successfully saved
U 131 | F 670720 | FPS 1529 | D 439 | rR:x̄σmM 0.05 0.18 0.00 0.75 | H 1.944 | V -0.000 | pL -0.000 | vL 0.000 | ∇ 0.001
U 132 | F 675840 | FPS 1489 | D 443 | rR:x̄σmM 0.06 0.19 0.00 0.75 | H 1.944 | V -0.002 | pL -0.001 | vL 0.000 | ∇ 0.002
U 133 | F 680960 | FPS 1488 | D 446 | rR:x̄σmM 0.06 0.19 0.00 0.75 | H 1.944 | V -0.004 | pL -0.001 | vL 0.000 | ∇ 0.001
U 134 | F 686080 | FPS 1551 | D 450 | rR:x̄σmM 0.06 0.19 0.00 0.75 | H 1.945 | V -0.004 | pL -0.001 | vL 0.000 | ∇ 0.000
U 135 | F 691200 | FPS 1384 | D 453 | rR:x̄σmM 0.06 0.19 0.00 0.75 | H 1.945 | V -0.004 | pL -0.001 | vL 0.000 | ∇ 0.001
U 136 | F 696320 | FPS 1346 | D 457 | rR:x̄σmM 0.05 0.17 0.00 0.75 | H 1.945 | V -0.004 | pL -0.001 | vL 0.000 | ∇ 0.000
U 137 | F 701440 | FPS 1327 | D 461 | rR:x̄σmM 0.05 0.17 0.00 0.75 | H 1.946 | V -0.003 | pL -0.000 | vL 0.000 | ∇ 0.000
U 138 | F 706560 | FPS 0880 | D 467 | rR:x̄σmM 0.05 0.17 0.00 0.75 | H 1.946 | V -0.002 | pL -0.001 | vL 0.000 | ∇ 0.000
U 139 | F 711680 | FPS 1337 | D 471 | rR:x̄σmM 0.06 0.18 0.00 0.75 | H 1.945 | V -0.001 | pL -0.001 | vL 0.000 | ∇ 0.001
U 140 | F 716800 | FPS 1433 | D 474 | rR:x̄σmM 0.06 0.18 0.00 0.75 | H 1.946 | V -0.002 | pL -0.001 | vL 0.000 | ∇ 0.000
Model successfully saved
U 141 | F 721920 | FPS 0937 | D 480 | rR:x̄σmM 0.06 0.18 0.00 0.75 | H 1.946 | V -0.002 | pL -0.000 | vL 0.000 | ∇ 0.000
U 142 | F 727040 | FPS 1450 | D 483 | rR:x̄σmM 0.06 0.18 0.00 0.75 | H 1.946 | V -0.002 | pL -0.000 | vL 0.000 | ∇ 0.000
U 143 | F 732160 | FPS 1336 | D 487 | rR:x̄σmM 0.06 0.18 0.00 0.75 | H 1.946 | V -0.001 | pL -0.000 | vL 0.000 | ∇ 0.000
U 144 | F 737280 | FPS 1465 | D 491 | rR:x̄σmM 0.06 0.18 0.00 0.75 | H 1.946 | V -0.001 | pL -0.000 | vL 0.000 | ∇ 0.000
U 145 | F 742400 | FPS 1575 | D 494 | rR:x̄σmM 0.06 0.18 0.00 0.75 | H 1.945 | V -0.001 | pL -0.000 | vL 0.000 | ∇ 0.000
U 146 | F 747520 | FPS 1434 | D 497 | rR:x̄σmM 0.06 0.18 0.00 0.75 | H 1.946 | V -0.002 | pL -0.000 | vL 0.000 | ∇ 0.000
U 147 | F 752640 | FPS 1400 | D 501 | rR:x̄σmM 0.06 0.18 0.00 0.75 | H 1.945 | V -0.000 | pL -0.001 | vL 0.000 | ∇ 0.001
U 148 | F 757760 | FPS 1636 | D 504 | rR:x̄σmM 0.06 0.19 0.00 0.78 | H 1.944 | V 0.003 | pL -0.002 | vL 0.000 | ∇ 0.004
U 149 | F 762880 | FPS 1560 | D 508 | rR:x̄σmM 0.06 0.19 0.00 0.78 | H 1.946 | V -0.005 | pL -0.001 | vL 0.000 | ∇ 0.001
U 150 | F 768000 | FPS 1465 | D 511 | rR:x̄σmM 0.04 0.15 0.00 0.78 | H 1.946 | V -0.003 | pL -0.001 | vL 0.000 | ∇ 0.000
Model successfully saved
U 151 | F 773120 | FPS 1392 | D 515 | rR:x̄σmM 0.03 0.14 0.00 0.78 | H 1.946 | V -0.000 | pL -0.000 | vL 0.000 | ∇ 0.000
U 152 | F 778240 | FPS 1578 | D 518 | rR:x̄σmM 0.03 0.14 0.00 0.78 | H 1.946 | V 0.002 | pL 0.000 | vL 0.000 | ∇ 0.001
U 153 | F 783360 | FPS 1314 | D 522 | rR:x̄σmM 0.05 0.17 0.00 0.78 | H 1.944 | V 0.003 | pL -0.002 | vL 0.000 | ∇ 0.005
U 154 | F 788480 | FPS 1426 | D 525 | rR:x̄σmM 0.05 0.17 0.00 0.78 | H 1.946 | V 0.002 | pL 0.000 | vL 0.000 | ∇ 0.001
U 155 | F 793600 | FPS 1250 | D 530 | rR:x̄σmM 0.05 0.17 0.00 0.78 | H 1.946 | V 0.001 | pL 0.000 | vL 0.000 | ∇ 0.000
U 156 | F 798720 | FPS 1459 | D 533 | rR:x̄σmM 0.04 0.15 0.00 0.78 | H 1.945 | V 0.000 | pL 0.000 | vL 0.000 | ∇ 0.000
U 157 | F 803840 | FPS 1462 | D 537 | rR:x̄σmM 0.04 0.15 0.00 0.78 | H 1.946 | V 0.000 | pL 0.000 | vL 0.000 | ∇ 0.000
U 158 | F 808960 | FPS 1107 | D 541 | rR:x̄σmM 0.04 0.15 0.00 0.78 | H 1.946 | V 0.000 | pL 0.000 | vL 0.000 | ∇ 0.000
U 159 | F 814080 | FPS 1251 | D 545 | rR:x̄σmM 0.05 0.17 0.00 0.78 | H 1.944 | V 0.002 | pL -0.001 | vL 0.000 | ∇ 0.002
U 160 | F 819200 | FPS 1085 | D 550 | rR:x̄σmM 0.05 0.17 0.00 0.78 | H 1.946 | V 0.001 | pL 0.000 | vL 0.000 | ∇ 0.000
Model successfully saved
U 161 | F 824320 | FPS 1395 | D 554 | rR:x̄σmM 0.05 0.17 0.00 0.78 | H 1.946 | V 0.001 | pL 0.000 | vL 0.000 | ∇ 0.000
U 162 | F 829440 | FPS 1414 | D 557 | rR:x̄σmM 0.05 0.17 0.00 0.78 | H 1.946 | V 0.001 | pL 0.000 | vL 0.000 | ∇ 0.000
U 163 | F 834560 | FPS 1114 | D 562 | rR:x̄σmM 0.05 0.17 0.00 0.78 | H 1.946 | V 0.001 | pL 0.000 | vL 0.000 | ∇ 0.000
U 164 | F 839680 | FPS 1200 | D 566 | rR:x̄σmM 0.05 0.18 0.00 0.88 | H 1.941 | V 0.007 | pL -0.002 | vL 0.000 | ∇ 0.004
U 165 | F 844800 | FPS 1304 | D 570 | rR:x̄σmM 0.07 0.22 0.00 0.88 | H 1.940 | V 0.013 | pL -0.001 | vL 0.000 | ∇ 0.004
U 166 | F 849920 | FPS 1461 | D 574 | rR:x̄σmM 0.11 0.27 0.00 0.88 | H 1.939 | V 0.013 | pL -0.002 | vL 0.000 | ∇ 0.006
U 167 | F 855040 | FPS 1630 | D 577 | rR:x̄σmM 0.11 0.27 0.00 0.88 | H 1.946 | V -0.018 | pL -0.003 | vL 0.000 | ∇ 0.001
U 168 | F 860160 | FPS 1432 | D 580 | rR:x̄σmM 0.11 0.27 0.00 0.88 | H 1.946 | V -0.014 | pL -0.002 | vL 0.000 | ∇ 0.000
U 169 | F 865280 | FPS 1384 | D 584 | rR:x̄σmM 0.11 0.27 0.00 0.88 | H 1.946 | V -0.010 | pL -0.002 | vL 0.000 | ∇ 0.000
U 170 | F 870400 | FPS 1423 | D 588 | rR:x̄σmM 0.11 0.27 0.00 0.88 | H 1.946 | V -0.007 | pL -0.001 | vL 0.000 | ∇ 0.001
Model successfully saved
U 171 | F 875520 | FPS 1535 | D 591 | rR:x̄σmM 0.10 0.26 0.00 0.88 | H 1.945 | V -0.003 | pL -0.001 | vL 0.000 | ∇ 0.001
U 172 | F 880640 | FPS 1284 | D 595 | rR:x̄σmM 0.10 0.26 0.00 0.88 | H 1.943 | V 0.001 | pL -0.002 | vL 0.000 | ∇ 0.004
U 173 | F 885760 | FPS 1519 | D 598 | rR:x̄σmM 0.10 0.26 0.00 0.88 | H 1.940 | V 0.009 | pL 0.003 | vL 0.000 | ∇ 0.004
U 174 | F 890880 | FPS 1526 | D 602 | rR:x̄σmM 0.10 0.26 0.00 0.88 | H 1.944 | V 0.002 | pL 0.000 | vL 0.000 | ∇ 0.001
U 175 | F 896000 | FPS 1383 | D 605 | rR:x̄σmM 0.10 0.26 0.00 0.88 | H 1.940 | V 0.003 | pL -0.001 | vL 0.000 | ∇ 0.003
U 176 | F 901120 | FPS 1557 | D 609 | rR:x̄σmM 0.13 0.28 0.00 0.88 | H 1.938 | V 0.004 | pL -0.003 | vL 0.000 | ∇ 0.003
U 177 | F 906240 | FPS 1585 | D 612 | rR:x̄σmM 0.14 0.28 0.00 0.88 | H 1.943 | V -0.010 | pL -0.003 | vL 0.000 | ∇ 0.002
U 178 | F 911360 | FPS 1556 | D 615 | rR:x̄σmM 0.14 0.28 0.00 0.88 | H 1.944 | V -0.028 | pL -0.006 | vL 0.000 | ∇ 0.002
U 179 | F 916480 | FPS 1583 | D 618 | rR:x̄σmM 0.14 0.28 0.00 0.88 | H 1.942 | V -0.021 | pL -0.005 | vL 0.000 | ∇ 0.002
U 180 | F 921600 | FPS 1579 | D 622 | rR:x̄σmM 0.14 0.28 0.00 0.88 | H 1.941 | V -0.016 | pL -0.004 | vL 0.000 | ∇ 0.003
Model successfully saved
U 181 | F 926720 | FPS 1598 | D 625 | rR:x̄σmM 0.14 0.28 0.00 0.88 | H 1.941 | V -0.018 | pL -0.006 | vL 0.000 | ∇ 0.004
U 182 | F 931840 | FPS 1637 | D 628 | rR:x̄σmM 0.14 0.28 0.00 0.88 | H 1.946 | V -0.018 | pL -0.003 | vL 0.000 | ∇ 0.000
U 183 | F 936960 | FPS 1538 | D 631 | rR:x̄σmM 0.14 0.28 0.00 0.88 | H 1.946 | V -0.014 | pL -0.003 | vL 0.000 | ∇ 0.000
U 184 | F 942080 | FPS 1456 | D 635 | rR:x̄σmM 0.12 0.26 0.00 0.88 | H 1.946 | V -0.010 | pL -0.002 | vL 0.000 | ∇ 0.000
U 185 | F 947200 | FPS 1467 | D 638 | rR:x̄σmM 0.09 0.23 0.00 0.88 | H 1.946 | V -0.009 | pL -0.001 | vL 0.000 | ∇ 0.000
U 186 | F 952320 | FPS 1560 | D 642 | rR:x̄σmM 0.07 0.20 0.00 0.88 | H 1.946 | V -0.006 | pL -0.001 | vL 0.000 | ∇ 0.000
U 187 | F 957440 | FPS 1586 | D 645 | rR:x̄σmM 0.07 0.20 0.00 0.88 | H 1.946 | V -0.004 | pL -0.001 | vL 0.000 | ∇ 0.000
U 188 | F 962560 | FPS 1517 | D 648 | rR:x̄σmM 0.07 0.20 0.00 0.88 | H 1.946 | V -0.003 | pL -0.001 | vL 0.000 | ∇ 0.000
U 189 | F 967680 | FPS 1627 | D 651 | rR:x̄σmM 0.07 0.20 0.00 0.88 | H 1.946 | V -0.002 | pL -0.000 | vL 0.000 | ∇ 0.000
U 190 | F 972800 | FPS 1578 | D 655 | rR:x̄σmM 0.07 0.20 0.00 0.88 | H 1.946 | V -0.002 | pL -0.000 | vL 0.000 | ∇ 0.000
Model successfully saved
U 191 | F 977920 | FPS 1659 | D 658 | rR:x̄σmM 0.07 0.20 0.00 0.88 | H 1.946 | V -0.001 | pL -0.000 | vL 0.000 | ∇ 0.000
U 192 | F 983040 | FPS 1634 | D 661 | rR:x̄σmM 0.07 0.20 0.00 0.88 | H 1.945 | V 0.002 | pL -0.001 | vL 0.000 | ∇ 0.002
U 193 | F 988160 | FPS 1508 | D 664 | rR:x̄σmM 0.09 0.22 0.00 0.88 | H 1.943 | V 0.000 | pL -0.001 | vL 0.000 | ∇ 0.002
U 194 | F 993280 | FPS 1517 | D 668 | rR:x̄σmM 0.08 0.21 0.00 0.88 | H 1.943 | V 0.001 | pL -0.000 | vL 0.000 | ∇ 0.001
U 195 | F 998400 | FPS 1589 | D 671 | rR:x̄σmM 0.08 0.21 0.00 0.88 | H 1.943 | V 0.005 | pL 0.000 | vL 0.000 | ∇ 0.001
U 196 | F 1003520 | FPS 1529 | D 674 | rR:x̄σmM 0.04 0.17 0.00 0.88 | H 1.944 | V 0.006 | pL 0.001 | vL 0.000 | ∇ 0.001
U 197 | F 1008640 | FPS 1481 | D 678 | rR:x̄σmM 0.04 0.17 0.00 0.88 | H 1.944 | V 0.004 | pL 0.001 | vL 0.000 | ∇ 0.000
U 198 | F 1013760 | FPS 1540 | D 681 | rR:x̄σmM 0.04 0.17 0.00 0.88 | H 1.945 | V 0.004 | pL 0.001 | vL 0.000 | ∇ 0.000
U 199 | F 1018880 | FPS 1460 | D 685 | rR:x̄σmM 0.04 0.17 0.00 0.88 | H 1.945 | V 0.004 | pL 0.001 | vL 0.000 | ∇ 0.001
U 200 | F 1024000 | FPS 1531 | D 688 | rR:x̄σmM 0.04 0.17 0.00 0.88 | H 1.945 | V 0.005 | pL 0.001 | vL 0.000 | ∇ 0.001
Model successfully saved
U 201 | F 1029120 | FPS 1590 | D 691 | rR:x̄σmM 0.02 0.10 0.00 0.63 | H 1.946 | V 0.003 | pL 0.001 | vL 0.000 | ∇ 0.000
U 202 | F 1034240 | FPS 1548 | D 694 | rR:x̄σmM 0.02 0.10 0.00 0.63 | H 1.946 | V 0.003 | pL 0.000 | vL 0.000 | ∇ 0.000
U 203 | F 1039360 | FPS 1579 | D 698 | rR:x̄σmM 0.02 0.10 0.00 0.63 | H 1.946 | V 0.003 | pL 0.001 | vL 0.000 | ∇ 0.000
U 204 | F 1044480 | FPS 1550 | D 701 | rR:x̄σmM 0.02 0.10 0.00 0.63 | H 1.946 | V 0.003 | pL 0.000 | vL 0.000 | ∇ 0.000
U 205 | F 1049600 | FPS 1556 | D 704 | rR:x̄σmM 0.02 0.10 0.00 0.63 | H 1.945 | V 0.003 | pL 0.000 | vL 0.000 | ∇ 0.000
U 206 | F 1054720 | FPS 1638 | D 707 | rR:x̄σmM 0.02 0.10 0.00 0.63 | H 1.945 | V 0.003 | pL 0.001 | vL 0.000 | ∇ 0.000
U 207 | F 1059840 | FPS 1632 | D 711 | rR:x̄σmM 0.03 0.12 0.00 0.63 | H 1.945 | V 0.004 | pL -0.001 | vL 0.000 | ∇ 0.001
U 208 | F 1064960 | FPS 1631 | D 714 | rR:x̄σmM 0.03 0.12 0.00 0.63 | H 1.945 | V 0.002 | pL 0.001 | vL 0.000 | ∇ 0.001
U 209 | F 1070080 | FPS 1643 | D 717 | rR:x̄σmM 0.05 0.17 0.00 0.75 | H 1.944 | V 0.005 | pL -0.002 | vL 0.001 | ∇ 0.004
U 210 | F 1075200 | FPS 1608 | D 720 | rR:x̄σmM 0.06 0.17 0.00 0.75 | H 1.943 | V -0.001 | pL -0.002 | vL 0.000 | ∇ 0.003
Model successfully saved
U 211 | F 1080320 | FPS 1508 | D 723 | rR:x̄σmM 0.06 0.17 0.00 0.75 | H 1.944 | V -0.000 | pL -0.001 | vL 0.000 | ∇ 0.002
U 212 | F 1085440 | FPS 1542 | D 727 | rR:x̄σmM 0.04 0.15 0.00 0.75 | H 1.945 | V 0.000 | pL -0.000 | vL 0.000 | ∇ 0.001
U 213 | F 1090560 | FPS 1614 | D 730 | rR:x̄σmM 0.04 0.15 0.00 0.75 | H 1.944 | V 0.001 | pL 0.000 | vL 0.000 | ∇ 0.001
U 214 | F 1095680 | FPS 1640 | D 733 | rR:x̄σmM 0.05 0.17 0.00 0.75 | H 1.944 | V 0.004 | pL -0.001 | vL 0.000 | ∇ 0.003
U 215 | F 1100800 | FPS 1579 | D 736 | rR:x̄σmM 0.05 0.17 0.00 0.75 | H 1.945 | V -0.002 | pL -0.000 | vL 0.000 | ∇ 0.001
U 216 | F 1105920 | FPS 1588 | D 740 | rR:x̄σmM 0.05 0.17 0.00 0.75 | H 1.946 | V 0.001 | pL 0.000 | vL 0.000 | ∇ 0.000
U 217 | F 1111040 | FPS 1645 | D 743 | rR:x̄σmM 0.05 0.17 0.00 0.75 | H 1.946 | V 0.001 | pL 0.000 | vL 0.000 | ∇ 0.000
U 218 | F 1116160 | FPS 1645 | D 746 | rR:x̄σmM 0.05 0.17 0.00 0.75 | H 1.946 | V 0.001 | pL 0.000 | vL 0.000 | ∇ 0.000
U 219 | F 1121280 | FPS 1637 | D 749 | rR:x̄σmM 0.07 0.18 0.00 0.75 | H 1.943 | V 0.002 | pL -0.001 | vL 0.000 | ∇ 0.002
U 220 | F 1126400 | FPS 1343 | D 753 | rR:x̄σmM 0.07 0.18 0.00 0.75 | H 1.945 | V 0.003 | pL 0.001 | vL 0.000 | ∇ 0.001
Model successfully saved
U 221 | F 1131520 | FPS 0816 | D 759 | rR:x̄σmM 0.07 0.18 0.00 0.75 | H 1.946 | V 0.002 | pL 0.000 | vL 0.000 | ∇ 0.000
U 222 | F 1136640 | FPS 1182 | D 763 | rR:x̄σmM 0.10 0.22 0.00 0.83 | H 1.942 | V 0.006 | pL -0.003 | vL 0.001 | ∇ 0.005
U 223 | F 1141760 | FPS 1078 | D 768 | rR:x̄σmM 0.10 0.22 0.00 0.83 | H 1.946 | V -0.001 | pL -0.000 | vL 0.000 | ∇ 0.001
U 224 | F 1146880 | FPS 1622 | D 771 | rR:x̄σmM 0.10 0.22 0.00 0.83 | H 1.945 | V 0.001 | pL 0.000 | vL 0.000 | ∇ 0.001
U 225 | F 1152000 | FPS 1618 | D 774 | rR:x̄σmM 0.10 0.22 0.00 0.83 | H 1.946 | V 0.001 | pL 0.000 | vL 0.000 | ∇ 0.000
U 226 | F 1157120 | FPS 0921 | D 780 | rR:x̄σmM 0.09 0.22 0.00 0.83 | H 1.946 | V 0.001 | pL 0.000 | vL 0.000 | ∇ 0.000
U 227 | F 1162240 | FPS 1113 | D 785 | rR:x̄σmM 0.09 0.22 0.00 0.83 | H 1.946 | V 0.003 | pL 0.000 | vL 0.000 | ∇ 0.000
U 228 | F 1167360 | FPS 1425 | D 788 | rR:x̄σmM 0.07 0.19 0.00 0.83 | H 1.946 | V 0.002 | pL 0.000 | vL 0.000 | ∇ 0.000
U 229 | F 1172480 | FPS 1181 | D 793 | rR:x̄σmM 0.06 0.18 0.00 0.83 | H 1.946 | V 0.002 | pL 0.000 | vL 0.000 | ∇ 0.000
U 230 | F 1177600 | FPS 1488 | D 796 | rR:x̄σmM 0.10 0.23 0.00 0.83 | H 1.941 | V 0.005 | pL -0.002 | vL 0.000 | ∇ 0.003
Model successfully saved
U 231 | F 1182720 | FPS 1540 | D 799 | rR:x̄σmM 0.10 0.23 0.00 0.83 | H 1.946 | V 0.001 | pL 0.000 | vL 0.000 | ∇ 0.001
U 232 | F 1187840 | FPS 1437 | D 803 | rR:x̄σmM 0.10 0.24 0.00 0.83 | H 1.944 | V 0.003 | pL -0.002 | vL 0.000 | ∇ 0.005
U 233 | F 1192960 | FPS 1519 | D 806 | rR:x̄σmM 0.10 0.24 0.00 0.83 | H 1.946 | V 0.004 | pL 0.001 | vL 0.000 | ∇ 0.001
U 234 | F 1198080 | FPS 1593 | D 809 | rR:x̄σmM 0.10 0.24 0.00 0.83 | H 1.946 | V 0.005 | pL 0.001 | vL 0.000 | ∇ 0.000
U 235 | F 1203200 | FPS 1519 | D 813 | rR:x̄σmM 0.10 0.24 0.00 0.83 | H 1.946 | V 0.005 | pL 0.001 | vL 0.000 | ∇ 0.000
U 236 | F 1208320 | FPS 1583 | D 816 | rR:x̄σmM 0.09 0.23 0.00 0.83 | H 1.946 | V 0.004 | pL 0.001 | vL 0.000 | ∇ 0.000
U 237 | F 1213440 | FPS 1567 | D 819 | rR:x̄σmM 0.09 0.23 0.00 0.83 | H 1.944 | V 0.004 | pL -0.000 | vL 0.000 | ∇ 0.002
U 238 | F 1218560 | FPS 1598 | D 823 | rR:x̄σmM 0.10 0.24 0.00 0.83 | H 1.944 | V 0.003 | pL -0.000 | vL 0.000 | ∇ 0.002
U 239 | F 1223680 | FPS 1638 | D 826 | rR:x̄σmM 0.11 0.24 0.00 0.83 | H 1.944 | V 0.002 | pL -0.001 | vL 0.000 | ∇ 0.002
U 240 | F 1228800 | FPS 1604 | D 829 | rR:x̄σmM 0.11 0.24 0.00 0.83 | H 1.946 | V -0.006 | pL -0.001 | vL 0.000 | ∇ 0.001
Model successfully saved
U 241 | F 1233920 | FPS 1593 | D 832 | rR:x̄σmM 0.10 0.23 0.00 0.83 | H 1.946 | V -0.001 | pL -0.000 | vL 0.000 | ∇ 0.000
U 242 | F 1239040 | FPS 1595 | D 835 | rR:x̄σmM 0.08 0.20 0.00 0.73 | H 1.946 | V -0.001 | pL -0.000 | vL 0.000 | ∇ 0.000
U 243 | F 1244160 | FPS 1621 | D 839 | rR:x̄σmM 0.08 0.20 0.00 0.73 | H 1.946 | V -0.001 | pL -0.000 | vL 0.000 | ∇ 0.000
U 244 | F 1249280 | FPS 1632 | D 842 | rR:x̄σmM 0.08 0.20 0.00 0.73 | H 1.946 | V -0.000 | pL -0.000 | vL 0.000 | ∇ 0.000
U 245 | F 1254400 | FPS 1635 | D 845 | rR:x̄σmM 0.08 0.20 0.00 0.73 | H 1.946 | V 0.002 | pL 0.000 | vL 0.000 | ∇ 0.000
U 246 | F 1259520 | FPS 1498 | D 848 | rR:x̄σmM 0.08 0.20 0.00 0.73 | H 1.946 | V 0.002 | pL 0.000 | vL 0.000 | ∇ 0.000
U 247 | F 1264640 | FPS 1547 | D 852 | rR:x̄σmM 0.08 0.20 0.00 0.73 | H 1.946 | V 0.004 | pL 0.001 | vL 0.000 | ∇ 0.000
U 248 | F 1269760 | FPS 1608 | D 855 | rR:x̄σmM 0.10 0.23 0.00 0.79 | H 1.942 | V 0.007 | pL -0.002 | vL 0.000 | ∇ 0.004
U 249 | F 1274880 | FPS 1661 | D 858 | rR:x̄σmM 0.08 0.21 0.00 0.79 | H 1.942 | V 0.001 | pL -0.002 | vL 0.001 | ∇ 0.003
U 250 | F 1280000 | FPS 1573 | D 861 | rR:x̄σmM 0.09 0.23 0.00 0.79 | H 1.944 | V 0.001 | pL -0.002 | vL 0.000 | ∇ 0.003
Model successfully saved
U 251 | F 1285120 | FPS 1637 | D 864 | rR:x̄σmM 0.08 0.21 0.00 0.79 | H 1.945 | V 0.004 | pL -0.000 | vL 0.000 | ∇ 0.001
U 252 | F 1290240 | FPS 1555 | D 867 | rR:x̄σmM 0.08 0.21 0.00 0.79 | H 1.946 | V 0.003 | pL 0.001 | vL 0.000 | ∇ 0.001
U 253 | F 1295360 | FPS 1491 | D 871 | rR:x̄σmM 0.08 0.21 0.00 0.79 | H 1.945 | V 0.005 | pL 0.000 | vL 0.000 | ∇ 0.001
U 254 | F 1300480 | FPS 1465 | D 874 | rR:x̄σmM 0.08 0.21 0.00 0.79 | H 1.946 | V 0.001 | pL 0.000 | vL 0.000 | ∇ 0.000
U 255 | F 1305600 | FPS 1473 | D 878 | rR:x̄σmM 0.08 0.21 0.00 0.79 | H 1.945 | V 0.003 | pL 0.001 | vL 0.000 | ∇ 0.001
U 256 | F 1310720 | FPS 1570 | D 881 | rR:x̄σmM 0.07 0.20 0.00 0.79 | H 1.944 | V 0.003 | pL -0.000 | vL 0.000 | ∇ 0.001
U 257 | F 1315840 | FPS 1550 | D 884 | rR:x̄σmM 0.09 0.23 0.00 0.83 | H 1.945 | V 0.000 | pL -0.000 | vL 0.000 | ∇ 0.000
U 258 | F 1320960 | FPS 0989 | D 890 | rR:x̄σmM 0.07 0.23 0.00 0.83 | H 1.946 | V 0.002 | pL 0.000 | vL 0.000 | ∇ 0.000
U 259 | F 1326080 | FPS 1607 | D 893 | rR:x̄σmM 0.07 0.23 0.00 0.83 | H 1.946 | V 0.001 | pL 0.000 | vL 0.000 | ∇ 0.000
U 260 | F 1331200 | FPS 1253 | D 897 | rR:x̄σmM 0.07 0.23 0.00 0.83 | H 1.939 | V 0.006 | pL 0.002 | vL 0.000 | ∇ 0.002
Model successfully saved
U 261 | F 1336320 | FPS 1046 | D 902 | rR:x̄σmM 0.07 0.23 0.00 0.83 | H 1.946 | V 0.003 | pL 0.001 | vL 0.000 | ∇ 0.000
U 262 | F 1341440 | FPS 1353 | D 906 | rR:x̄σmM 0.07 0.23 0.00 0.83 | H 1.946 | V 0.002 | pL 0.000 | vL 0.000 | ∇ 0.000
U 263 | F 1346560 | FPS 1268 | D 910 | rR:x̄σmM 0.07 0.23 0.00 0.83 | H 1.946 | V 0.001 | pL 0.000 | vL 0.000 | ∇ 0.000
U 264 | F 1351680 | FPS 1493 | D 913 | rR:x̄σmM 0.07 0.23 0.00 0.83 | H 1.946 | V 0.002 | pL 0.000 | vL 0.000 | ∇ 0.000
U 265 | F 1356800 | FPS 1142 | D 918 | rR:x̄σmM 0.07 0.23 0.00 0.83 | H 1.946 | V 0.001 | pL 0.000 | vL 0.000 | ∇ 0.000
U 266 | F 1361920 | FPS 1522 | D 921 | rR:x̄σmM 0.07 0.23 0.00 0.83 | H 1.946 | V 0.002 | pL 0.000 | vL 0.000 | ∇ 0.000
U 267 | F 1367040 | FPS 1527 | D 924 | rR:x̄σmM 0.07 0.23 0.00 0.83 | H 1.946 | V 0.002 | pL 0.000 | vL 0.000 | ∇ 0.000
U 268 | F 1372160 | FPS 1489 | D 928 | rR:x̄σmM 0.04 0.16 0.00 0.83 | H 1.946 | V 0.001 | pL 0.000 | vL 0.000 | ∇ 0.000
U 269 | F 1377280 | FPS 1522 | D 931 | rR:x̄σmM 0.04 0.16 0.00 0.83 | H 1.946 | V 0.001 | pL 0.000 | vL 0.000 | ∇ 0.000
U 270 | F 1382400 | FPS 1436 | D 935 | rR:x̄σmM 0.02 0.13 0.00 0.83 | H 1.946 | V 0.001 | pL 0.000 | vL 0.000 | ∇ 0.000
Model successfully saved
U 271 | F 1387520 | FPS 1440 | D 938 | rR:x̄σmM 0.02 0.13 0.00 0.83 | H 1.946 | V 0.001 | pL 0.000 | vL 0.000 | ∇ 0.000
U 272 | F 1392640 | FPS 1593 | D 941 | rR:x̄σmM 0.02 0.13 0.00 0.83 | H 1.946 | V 0.001 | pL 0.000 | vL 0.000 | ∇ 0.000
U 273 | F 1397760 | FPS 1628 | D 945 | rR:x̄σmM 0.02 0.13 0.00 0.83 | H 1.946 | V 0.000 | pL 0.000 | vL 0.000 | ∇ 0.000
U 274 | F 1402880 | FPS 1622 | D 948 | rR:x̄σmM 0.02 0.13 0.00 0.83 | H 1.946 | V 0.000 | pL 0.000 | vL 0.000 | ∇ 0.000
U 275 | F 1408000 | FPS 1577 | D 951 | rR:x̄σmM 0.02 0.13 0.00 0.83 | H 1.946 | V 0.000 | pL 0.000 | vL 0.000 | ∇ 0.000
U 276 | F 1413120 | FPS 1637 | D 954 | rR:x̄σmM 0.02 0.13 0.00 0.83 | H 1.946 | V 0.000 | pL 0.000 | vL 0.000 | ∇ 0.000
U 277 | F 1418240 | FPS 1550 | D 957 | rR:x̄σmM 0.00 0.00 0.00 0.00 | H 1.946 | V 0.000 | pL 0.000 | vL 0.000 | ∇ 0.000
U 278 | F 1423360 | FPS 1586 | D 961 | rR:x̄σmM 0.00 0.00 0.00 0.00 | H 1.946 | V 0.000 | pL 0.000 | vL 0.000 | ∇ 0.000
U 279 | F 1428480 | FPS 1472 | D 964 | rR:x̄σmM 0.02 0.12 0.00 0.79 | H 1.943 | V 0.003 | pL -0.003 | vL 0.000 | ∇ 0.003
U 280 | F 1433600 | FPS 1491 | D 968 | rR:x̄σmM 0.02 0.12 0.00 0.79 | H 1.946 | V -0.003 | pL -0.001 | vL 0.000 | ∇ 0.000
Model successfully saved
U 281 | F 1438720 | FPS 1532 | D 971 | rR:x̄σmM 0.02 0.12 0.00 0.79 | H 1.946 | V 0.000 | pL 0.000 | vL 0.000 | ∇ 0.000
U 282 | F 1443840 | FPS 1424 | D 975 | rR:x̄σmM 0.02 0.12 0.00 0.79 | H 1.946 | V -0.001 | pL -0.000 | vL 0.000 | ∇ 0.001
U 283 | F 1448960 | FPS 1571 | D 978 | rR:x̄σmM 0.02 0.12 0.00 0.79 | H 1.946 | V 0.000 | pL 0.000 | vL 0.000 | ∇ 0.000
U 284 | F 1454080 | FPS 1068 | D 983 | rR:x̄σmM 0.02 0.12 0.00 0.79 | H 1.946 | V -0.000 | pL -0.000 | vL 0.000 | ∇ 0.000
U 285 | F 1459200 | FPS 1157 | D 987 | rR:x̄σmM 0.02 0.12 0.00 0.79 | H 1.946 | V 0.001 | pL -0.000 | vL 0.000 | ∇ 0.001
U 286 | F 1464320 | FPS 1567 | D 990 | rR:x̄σmM 0.03 0.14 0.00 0.79 | H 1.944 | V 0.001 | pL -0.001 | vL 0.000 | ∇ 0.002
U 287 | F 1469440 | FPS 1537 | D 994 | rR:x̄σmM 0.03 0.14 0.00 0.79 | H 1.946 | V 0.004 | pL 0.001 | vL 0.000 | ∇ 0.000
U 288 | F 1474560 | FPS 1506 | D 997 | rR:x̄σmM 0.06 0.18 0.00 0.79 | H 1.941 | V 0.007 | pL -0.002 | vL 0.000 | ∇ 0.003
U 289 | F 1479680 | FPS 1507 | D 1000 | rR:x̄σmM 0.06 0.18 0.00 0.79 | H 1.945 | V 0.003 | pL -0.002 | vL 0.000 | ∇ 0.003
U 290 | F 1484800 | FPS 1076 | D 1005 | rR:x̄σmM 0.08 0.23 0.00 0.91 | H 1.944 | V -0.035 | pL -0.007 | vL 0.000 | ∇ 0.002
Model successfully saved
U 291 | F 1489920 | FPS 1312 | D 1009 | rR:x̄σmM 0.08 0.23 0.00 0.91 | H 1.944 | V -0.028 | pL -0.006 | vL 0.000 | ∇ 0.002
U 292 | F 1495040 | FPS 1417 | D 1013 | rR:x̄σmM 0.09 0.23 0.00 0.91 | H 1.939 | V -0.014 | pL -0.005 | vL 0.000 | ∇ 0.003
U 293 | F 1500160 | FPS 0995 | D 1018 | rR:x̄σmM 0.09 0.23 0.00 0.91 | H 1.940 | V -0.015 | pL -0.003 | vL 0.000 | ∇ 0.003
U 294 | F 1505280 | FPS 1406 | D 1022 | rR:x̄σmM 0.11 0.25 0.00 0.91 | H 1.944 | V -0.005 | pL -0.002 | vL 0.000 | ∇ 0.003
U 295 | F 1510400 | FPS 1041 | D 1026 | rR:x̄σmM 0.11 0.25 0.00 0.91 | H 1.946 | V -0.030 | pL -0.005 | vL 0.000 | ∇ 0.001
U 296 | F 1515520 | FPS 1251 | D 1031 | rR:x̄σmM 0.11 0.25 0.00 0.91 | H 1.946 | V -0.013 | pL -0.003 | vL 0.000 | ∇ 0.001
U 297 | F 1520640 | FPS 1370 | D 1034 | rR:x̄σmM 0.11 0.25 0.00 0.91 | H 1.946 | V -0.013 | pL -0.002 | vL 0.000 | ∇ 0.000
U 298 | F 1525760 | FPS 1011 | D 1039 | rR:x̄σmM 0.11 0.25 0.00 0.91 | H 1.946 | V -0.009 | pL -0.002 | vL 0.000 | ∇ 0.000
U 299 | F 1530880 | FPS 1158 | D 1044 | rR:x̄σmM 0.09 0.22 0.00 0.91 | H 1.946 | V -0.008 | pL -0.002 | vL 0.000 | ∇ 0.000
U 300 | F 1536000 | FPS 1621 | D 1047 | rR:x̄σmM 0.09 0.22 0.00 0.91 | H 1.945 | V -0.004 | pL -0.001 | vL 0.000 | ∇ 0.001
Model successfully saved
U 301 | F 1541120 | FPS 1450 | D 1051 | rR:x̄σmM 0.11 0.24 0.00 0.91 | H 1.944 | V -0.001 | pL -0.002 | vL 0.000 | ∇ 0.002
U 302 | F 1546240 | FPS 1597 | D 1054 | rR:x̄σmM 0.10 0.24 0.00 0.91 | H 1.941 | V 0.003 | pL 0.000 | vL 0.000 | ∇ 0.003
U 303 | F 1551360 | FPS 1632 | D 1057 | rR:x̄σmM 0.11 0.25 0.00 0.91 | H 1.942 | V 0.001 | pL -0.002 | vL 0.000 | ∇ 0.003
U 304 | F 1556480 | FPS 1635 | D 1060 | rR:x̄σmM 0.11 0.25 0.00 0.91 | H 1.945 | V -0.002 | pL -0.000 | vL 0.000 | ∇ 0.001
U 305 | F 1561600 | FPS 1631 | D 1063 | rR:x̄σmM 0.13 0.26 0.00 0.91 | H 1.941 | V 0.002 | pL -0.002 | vL 0.000 | ∇ 0.004
U 306 | F 1566720 | FPS 1619 | D 1066 | rR:x̄σmM 0.12 0.26 0.00 0.91 | H 1.942 | V 0.001 | pL -0.002 | vL 0.000 | ∇ 0.003
U 307 | F 1571840 | FPS 1632 | D 1069 | rR:x̄σmM 0.12 0.26 0.00 0.91 | H 1.945 | V -0.004 | pL -0.003 | vL 0.000 | ∇ 0.002
U 308 | F 1576960 | FPS 1601 | D 1073 | rR:x̄σmM 0.11 0.25 0.00 0.79 | H 1.944 | V 0.001 | pL -0.002 | vL 0.000 | ∇ 0.002
U 309 | F 1582080 | FPS 1597 | D 1076 | rR:x̄σmM 0.11 0.25 0.00 0.79 | H 1.945 | V 0.006 | pL 0.000 | vL 0.000 | ∇ 0.002
U 310 | F 1587200 | FPS 1606 | D 1079 | rR:x̄σmM 0.12 0.25 0.00 0.79 | H 1.943 | V 0.005 | pL -0.001 | vL 0.000 | ∇ 0.002
Model successfully saved
U 311 | F 1592320 | FPS 1526 | D 1082 | rR:x̄σmM 0.12 0.25 0.00 0.79 | H 1.944 | V 0.009 | pL 0.001 | vL 0.000 | ∇ 0.002
U 312 | F 1597440 | FPS 1447 | D 1086 | rR:x̄σmM 0.12 0.25 0.00 0.79 | H 1.942 | V 0.006 | pL -0.001 | vL 0.000 | ∇ 0.001
U 313 | F 1602560 | FPS 1386 | D 1090 | rR:x̄σmM 0.12 0.25 0.00 0.79 | H 1.945 | V -0.001 | pL -0.001 | vL 0.000 | ∇ 0.001
U 314 | F 1607680 | FPS 1437 | D 1093 | rR:x̄σmM 0.12 0.25 0.00 0.79 | H 1.943 | V 0.008 | pL 0.001 | vL 0.000 | ∇ 0.001
U 315 | F 1612800 | FPS 1327 | D 1097 | rR:x̄σmM 0.12 0.25 0.00 0.79 | H 1.945 | V 0.005 | pL 0.001 | vL 0.000 | ∇ 0.001
U 316 | F 1617920 | FPS 1581 | D 1100 | rR:x̄σmM 0.12 0.25 0.00 0.79 | H 1.946 | V 0.005 | pL 0.001 | vL 0.000 | ∇ 0.001
U 317 | F 1623040 | FPS 1529 | D 1104 | rR:x̄σmM 0.12 0.25 0.00 0.79 | H 1.946 | V 0.006 | pL 0.001 | vL 0.000 | ∇ 0.001
U 318 | F 1628160 | FPS 1479 | D 1107 | rR:x̄σmM 0.12 0.25 0.00 0.79 | H 1.945 | V 0.005 | pL 0.001 | vL 0.000 | ∇ 0.001
U 319 | F 1633280 | FPS 1429 | D 1111 | rR:x̄σmM 0.13 0.26 0.00 0.79 | H 1.943 | V 0.009 | pL -0.001 | vL 0.000 | ∇ 0.002
U 320 | F 1638400 | FPS 1287 | D 1115 | rR:x̄σmM 0.11 0.24 0.00 0.79 | H 1.945 | V 0.000 | pL -0.000 | vL 0.000 | ∇ 0.001
Model successfully saved
U 321 | F 1643520 | FPS 1592 | D 1118 | rR:x̄σmM 0.11 0.24 0.00 0.79 | H 1.945 | V 0.008 | pL 0.001 | vL 0.000 | ∇ 0.001
U 322 | F 1648640 | FPS 1594 | D 1121 | rR:x̄σmM 0.11 0.24 0.00 0.79 | H 1.940 | V 0.010 | pL -0.002 | vL 0.000 | ∇ 0.003
U 323 | F 1653760 | FPS 1630 | D 1124 | rR:x̄σmM 0.12 0.25 0.00 0.79 | H 1.941 | V 0.012 | pL -0.000 | vL 0.000 | ∇ 0.002
U 324 | F 1658880 | FPS 1624 | D 1127 | rR:x̄σmM 0.13 0.26 0.00 0.79 | H 1.941 | V 0.013 | pL -0.001 | vL 0.000 | ∇ 0.003
U 325 | F 1664000 | FPS 1622 | D 1131 | rR:x̄σmM 0.11 0.23 0.00 0.66 | H 1.942 | V 0.014 | pL -0.000 | vL 0.000 | ∇ 0.003
U 326 | F 1669120 | FPS 1628 | D 1134 | rR:x̄σmM 0.14 0.27 0.00 0.88 | H 1.940 | V 0.010 | pL -0.001 | vL 0.000 | ∇ 0.004
U 327 | F 1674240 | FPS 1639 | D 1137 | rR:x̄σmM 0.14 0.27 0.00 0.88 | H 1.945 | V 0.003 | pL 0.001 | vL 0.000 | ∇ 0.001
U 328 | F 1679360 | FPS 1640 | D 1140 | rR:x̄σmM 0.13 0.26 0.00 0.88 | H 1.943 | V 0.003 | pL -0.002 | vL 0.000 | ∇ 0.003
U 329 | F 1684480 | FPS 1624 | D 1143 | rR:x̄σmM 0.14 0.26 0.00 0.88 | H 1.944 | V 0.000 | pL -0.000 | vL 0.000 | ∇ 0.001
U 330 | F 1689600 | FPS 1610 | D 1146 | rR:x̄σmM 0.12 0.25 0.00 0.88 | H 1.945 | V 0.001 | pL 0.000 | vL 0.000 | ∇ 0.000
Model successfully saved
U 331 | F 1694720 | FPS 1622 | D 1150 | rR:x̄σmM 0.14 0.26 0.00 0.88 | H 1.941 | V 0.005 | pL -0.002 | vL 0.000 | ∇ 0.002
U 332 | F 1699840 | FPS 1611 | D 1153 | rR:x̄σmM 0.14 0.26 0.00 0.88 | H 1.941 | V 0.009 | pL 0.001 | vL 0.000 | ∇ 0.002
U 333 | F 1704960 | FPS 1609 | D 1156 | rR:x̄σmM 0.16 0.28 0.00 0.88 | H 1.942 | V 0.007 | pL -0.001 | vL 0.000 | ∇ 0.004
U 334 | F 1710080 | FPS 1477 | D 1159 | rR:x̄σmM 0.18 0.30 0.00 0.88 | H 1.943 | V 0.004 | pL -0.002 | vL 0.000 | ∇ 0.003
U 335 | F 1715200 | FPS 1467 | D 1163 | rR:x̄σmM 0.19 0.31 0.00 0.88 | H 1.941 | V 0.003 | pL -0.001 | vL 0.001 | ∇ 0.004
U 336 | F 1720320 | FPS 1634 | D 1166 | rR:x̄σmM 0.18 0.30 0.00 0.88 | H 1.945 | V 0.002 | pL 0.000 | vL 0.000 | ∇ 0.000
U 337 | F 1725440 | FPS 1601 | D 1169 | rR:x̄σmM 0.18 0.30 0.00 0.88 | H 1.946 | V 0.003 | pL 0.001 | vL 0.000 | ∇ 0.001
U 338 | F 1730560 | FPS 1544 | D 1173 | rR:x̄σmM 0.18 0.30 0.00 0.88 | H 1.946 | V 0.002 | pL 0.001 | vL 0.000 | ∇ 0.001
U 339 | F 1735680 | FPS 1452 | D 1176 | rR:x̄σmM 0.18 0.30 0.00 0.88 | H 1.946 | V 0.003 | pL 0.000 | vL 0.000 | ∇ 0.001
U 340 | F 1740800 | FPS 1430 | D 1180 | rR:x̄σmM 0.16 0.29 0.00 0.88 | H 1.946 | V 0.004 | pL 0.001 | vL 0.000 | ∇ 0.001
Model successfully saved
U 341 | F 1745920 | FPS 1539 | D 1183 | rR:x̄σmM 0.17 0.30 0.00 0.88 | H 1.943 | V 0.005 | pL -0.002 | vL 0.000 | ∇ 0.003
U 342 | F 1751040 | FPS 1390 | D 1187 | rR:x̄σmM 0.14 0.28 0.00 0.88 | H 1.946 | V -0.022 | pL -0.004 | vL 0.000 | ∇ 0.001
U 343 | F 1756160 | FPS 1375 | D 1190 | rR:x̄σmM 0.14 0.28 0.00 0.88 | H 1.946 | V -0.017 | pL -0.003 | vL 0.000 | ∇ 0.001
U 344 | F 1761280 | FPS 1427 | D 1194 | rR:x̄σmM 0.12 0.28 0.00 0.88 | H 1.946 | V -0.010 | pL -0.002 | vL 0.000 | ∇ 0.001
U 345 | F 1766400 | FPS 0887 | D 1200 | rR:x̄σmM 0.12 0.28 0.00 0.88 | H 1.946 | V -0.005 | pL -0.001 | vL 0.000 | ∇ 0.001
U 346 | F 1771520 | FPS 1489 | D 1203 | rR:x̄σmM 0.10 0.25 0.00 0.87 | H 1.946 | V -0.004 | pL -0.001 | vL 0.000 | ∇ 0.000
U 347 | F 1776640 | FPS 1579 | D 1206 | rR:x̄σmM 0.12 0.26 0.00 0.87 | H 1.943 | V 0.001 | pL -0.001 | vL 0.000 | ∇ 0.002
U 348 | F 1781760 | FPS 1622 | D 1210 | rR:x̄σmM 0.10 0.25 0.00 0.87 | H 1.945 | V -0.002 | pL -0.001 | vL 0.000 | ∇ 0.001
U 349 | F 1786880 | FPS 1495 | D 1213 | rR:x̄σmM 0.10 0.25 0.00 0.87 | H 1.946 | V -0.002 | pL -0.000 | vL 0.000 | ∇ 0.001
U 350 | F 1792000 | FPS 1549 | D 1216 | rR:x̄σmM 0.09 0.24 0.00 0.87 | H 1.946 | V -0.001 | pL 0.000 | vL 0.000 | ∇ 0.001
Model successfully saved
U 351 | F 1797120 | FPS 1557 | D 1220 | rR:x̄σmM 0.09 0.24 0.00 0.87 | H 1.944 | V 0.003 | pL -0.001 | vL 0.000 | ∇ 0.002
U 352 | F 1802240 | FPS 1447 | D 1223 | rR:x̄σmM 0.10 0.24 0.00 0.87 | H 1.939 | V 0.007 | pL -0.001 | vL 0.000 | ∇ 0.002
U 353 | F 1807360 | FPS 1268 | D 1227 | rR:x̄σmM 0.08 0.21 0.00 0.78 | H 1.946 | V -0.007 | pL -0.001 | vL 0.000 | ∇ 0.000
U 354 | F 1812480 | FPS 0873 | D 1233 | rR:x̄σmM 0.06 0.19 0.00 0.78 | H 1.945 | V -0.004 | pL -0.001 | vL 0.000 | ∇ 0.001
U 355 | F 1817600 | FPS 0833 | D 1239 | rR:x̄σmM 0.08 0.23 0.00 0.85 | H 1.942 | V 0.002 | pL -0.001 | vL 0.000 | ∇ 0.002
U 356 | F 1822720 | FPS 0925 | D 1245 | rR:x̄σmM 0.08 0.23 0.00 0.85 | H 1.944 | V 0.002 | pL -0.001 | vL 0.000 | ∇ 0.002
U 357 | F 1827840 | FPS 1408 | D 1248 | rR:x̄σmM 0.10 0.24 0.00 0.85 | H 1.945 | V -0.012 | pL -0.002 | vL 0.000 | ∇ 0.001
U 358 | F 1832960 | FPS 1421 | D 1252 | rR:x̄σmM 0.10 0.24 0.00 0.85 | H 1.946 | V -0.009 | pL -0.002 | vL 0.000 | ∇ 0.001
U 359 | F 1838080 | FPS 1589 | D 1255 | rR:x̄σmM 0.10 0.24 0.00 0.85 | H 1.946 | V -0.004 | pL -0.000 | vL 0.000 | ∇ 0.001
U 360 | F 1843200 | FPS 1515 | D 1259 | rR:x̄σmM 0.08 0.21 0.00 0.85 | H 1.946 | V -0.004 | pL -0.001 | vL 0.000 | ∇ 0.000
Model successfully saved
U 361 | F 1848320 | FPS 1542 | D 1262 | rR:x̄σmM 0.08 0.21 0.00 0.85 | H 1.945 | V 0.001 | pL -0.001 | vL 0.000 | ∇ 0.001
U 362 | F 1853440 | FPS 0970 | D 1267 | rR:x̄σmM 0.09 0.22 0.00 0.85 | H 1.942 | V 0.007 | pL -0.001 | vL 0.000 | ∇ 0.003
U 363 | F 1858560 | FPS 1083 | D 1272 | rR:x̄σmM 0.11 0.25 0.00 0.85 | H 1.942 | V -0.000 | pL -0.003 | vL 0.000 | ∇ 0.004
U 364 | F 1863680 | FPS 1498 | D 1275 | rR:x̄σmM 0.13 0.28 0.00 0.90 | H 1.941 | V 0.004 | pL -0.002 | vL 0.000 | ∇ 0.003
U 365 | F 1868800 | FPS 1260 | D 1279 | rR:x̄σmM 0.13 0.28 0.00 0.90 | H 1.945 | V -0.022 | pL -0.004 | vL 0.000 | ∇ 0.003
U 366 | F 1873920 | FPS 1483 | D 1283 | rR:x̄σmM 0.14 0.29 0.00 0.90 | H 1.939 | V -0.007 | pL -0.005 | vL 0.000 | ∇ 0.004
U 367 | F 1879040 | FPS 1420 | D 1287 | rR:x̄σmM 0.15 0.29 0.00 0.90 | H 1.939 | V -0.008 | pL -0.003 | vL 0.000 | ∇ 0.003
U 368 | F 1884160 | FPS 1244 | D 1291 | rR:x̄σmM 0.17 0.31 0.00 0.92 | H 1.938 | V -0.002 | pL -0.003 | vL 0.000 | ∇ 0.003
U 369 | F 1889280 | FPS 1621 | D 1294 | rR:x̄σmM 0.17 0.31 0.00 0.92 | H 1.944 | V -0.006 | pL -0.002 | vL 0.000 | ∇ 0.001
U 370 | F 1894400 | FPS 1497 | D 1297 | rR:x̄σmM 0.16 0.31 0.00 0.92 | H 1.940 | V 0.004 | pL -0.004 | vL 0.000 | ∇ 0.003
Model successfully saved
U 371 | F 1899520 | FPS 1057 | D 1302 | rR:x̄σmM 0.20 0.33 0.00 0.92 | H 1.926 | V 0.021 | pL -0.001 | vL 0.000 | ∇ 0.005
U 372 | F 1904640 | FPS 0910 | D 1308 | rR:x̄σmM 0.18 0.32 0.00 0.92 | H 1.931 | V 0.008 | pL 0.001 | vL 0.000 | ∇ 0.003
U 373 | F 1909760 | FPS 1478 | D 1311 | rR:x̄σmM 0.21 0.35 0.00 0.92 | H 1.934 | V 0.008 | pL -0.003 | vL 0.000 | ∇ 0.003
U 374 | F 1914880 | FPS 1476 | D 1315 | rR:x̄σmM 0.21 0.35 0.00 0.92 | H 1.946 | V -0.003 | pL -0.001 | vL 0.000 | ∇ 0.000
U 375 | F 1920000 | FPS 1511 | D 1318 | rR:x̄σmM 0.21 0.35 0.00 0.92 | H 1.946 | V -0.001 | pL -0.000 | vL 0.000 | ∇ 0.000
U 376 | F 1925120 | FPS 1618 | D 1321 | rR:x̄σmM 0.21 0.35 0.00 0.92 | H 1.944 | V 0.003 | pL -0.001 | vL 0.000 | ∇ 0.002
U 377 | F 1930240 | FPS 1493 | D 1325 | rR:x̄σmM 0.21 0.35 0.00 0.92 | H 1.939 | V 0.006 | pL 0.000 | vL 0.000 | ∇ 0.001
U 378 | F 1935360 | FPS 1577 | D 1328 | rR:x̄σmM 0.23 0.36 0.00 0.92 | H 1.943 | V 0.006 | pL 0.000 | vL 0.000 | ∇ 0.001
U 379 | F 1940480 | FPS 1640 | D 1331 | rR:x̄σmM 0.22 0.36 0.00 0.92 | H 1.946 | V -0.001 | pL -0.000 | vL 0.000 | ∇ 0.000
U 380 | F 1945600 | FPS 1556 | D 1334 | rR:x̄σmM 0.22 0.36 0.00 0.92 | H 1.945 | V 0.002 | pL -0.001 | vL 0.000 | ∇ 0.001
Model successfully saved
U 381 | F 1950720 | FPS 1549 | D 1338 | rR:x̄σmM 0.19 0.34 0.00 0.92 | H 1.934 | V 0.019 | pL 0.001 | vL 0.000 | ∇ 0.003
