/home/fabian_57/thesis_projects/curriculum-test/scripts/train.py --algo ppo --env MiniGrid-DoorKey-16x16-v0 --no-instr --tb --frames=300000 --model DoorKey-16x16 --save-interval 10

Namespace(algo='ppo', batch_size=256, clip_eps=0.2, discount=0.99, entropy_coef=0.01, env='MiniGrid-DoorKey-16x16-v0', epochs=4, frames=300000, frames_per_proc=None, gae_lambda=0.95, log_interval=1, lr=0.0007, max_grad_norm=0.5, model='DoorKey-16x16', no_instr=True, no_mem=False, optim_alpha=0.99, optim_eps=1e-05, procs=16, recurrence=1, save_interval=10, seed=1, tb=True, value_loss_coef=0.5)

Model successfully created

ACModel(
  (image_conv): Sequential(
    (0): Conv2d(3, 16, kernel_size=(2, 2), stride=(1, 1))
    (1): ReLU()
    (2): MaxPool2d(kernel_size=(2, 2), stride=2, padding=0, dilation=1, ceil_mode=False)
    (3): Conv2d(16, 32, kernel_size=(2, 2), stride=(1, 1))
    (4): ReLU()
    (5): Conv2d(32, 64, kernel_size=(2, 2), stride=(1, 1))
    (6): ReLU()
  )
  (memory_rnn): LSTMCell(64, 64)
  (actor): Sequential(
    (0): Linear(in_features=64, out_features=64, bias=True)
    (1): Tanh()
    (2): Linear(in_features=64, out_features=7, bias=True)
  )
  (critic): Sequential(
    (0): Linear(in_features=64, out_features=64, bias=True)
    (1): Tanh()
    (2): Linear(in_features=64, out_features=1, bias=True)
  )
)

CUDA available: True

U 1 | F 002048 | FPS 1044 | D 1 | rR:x̄σmM 0.00 0.00 0.00 0.00 | F:x̄σmM 0.0 0.0 0 0 | H 1.944 | V 0.077 | pL 0.013 | vL 0.000 | ∇ 0.006
U 2 | F 004096 | FPS 1508 | D 3 | rR:x̄σmM 0.00 0.00 0.00 0.00 | F:x̄σmM 0.0 0.0 0 0 | H 1.944 | V 0.055 | pL 0.010 | vL 0.000 | ∇ 0.002
U 3 | F 006144 | FPS 1512 | D 4 | rR:x̄σmM 0.00 0.00 0.00 0.00 | F:x̄σmM 0.0 0.0 0 0 | H 1.945 | V 0.044 | pL 0.008 | vL 0.000 | ∇ 0.003
U 4 | F 008192 | FPS 1483 | D 6 | rR:x̄σmM 0.00 0.00 0.00 0.00 | F:x̄σmM 0.0 0.0 0 0 | H 1.945 | V 0.035 | pL 0.006 | vL 0.000 | ∇ 0.002
U 5 | F 010240 | FPS 1479 | D 7 | rR:x̄σmM 0.00 0.00 0.00 0.00 | F:x̄σmM 0.0 0.0 0 0 | H 1.945 | V 0.030 | pL 0.005 | vL 0.000 | ∇ 0.001
U 6 | F 012288 | FPS 1476 | D 8 | rR:x̄σmM 0.00 0.00 0.00 0.00 | F:x̄σmM 0.0 0.0 0 0 | H 1.946 | V 0.025 | pL 0.004 | vL 0.000 | ∇ 0.001
U 7 | F 014336 | FPS 1465 | D 10 | rR:x̄σmM 0.00 0.00 0.00 0.00 | F:x̄σmM 0.0 0.0 0 0 | H 1.945 | V 0.020 | pL 0.004 | vL 0.000 | ∇ 0.001
U 8 | F 016384 | FPS 1458 | D 11 | rR:x̄σmM 0.00 0.00 0.00 0.00 | F:x̄σmM 0.0 0.0 0 0 | H 1.946 | V 0.016 | pL 0.003 | vL 0.000 | ∇ 0.001
U 9 | F 018432 | FPS 1475 | D 13 | rR:x̄σmM 0.00 0.00 0.00 0.00 | F:x̄σmM 0.0 0.0 0 0 | H 1.946 | V 0.013 | pL 0.002 | vL 0.000 | ∇ 0.001
U 10 | F 020480 | FPS 1448 | D 14 | rR:x̄σmM 0.00 0.00 0.00 0.00 | F:x̄σmM 0.0 0.0 0 0 | H 1.946 | V 0.008 | pL 0.002 | vL 0.000 | ∇ 0.001
Model successfully saved
U 11 | F 022528 | FPS 1475 | D 15 | rR:x̄σmM 0.00 0.00 0.00 0.00 | F:x̄σmM 0.0 0.0 0 0 | H 1.946 | V 0.006 | pL 0.001 | vL 0.000 | ∇ 0.000
U 12 | F 024576 | FPS 1467 | D 17 | rR:x̄σmM 0.00 0.00 0.00 0.00 | F:x̄σmM 0.0 0.0 0 0 | H 1.946 | V 0.005 | pL 0.001 | vL 0.000 | ∇ 0.000
U 13 | F 026624 | FPS 1506 | D 18 | rR:x̄σmM 0.00 0.00 0.00 0.00 | F:x̄σmM 0.0 0.0 0 0 | H 1.946 | V 0.004 | pL 0.001 | vL 0.000 | ∇ 0.001
U 14 | F 028672 | FPS 1493 | D 20 | rR:x̄σmM 0.00 0.00 0.00 0.00 | F:x̄σmM 0.0 0.0 0 0 | H 1.946 | V 0.003 | pL 0.001 | vL 0.000 | ∇ 0.000
U 15 | F 030720 | FPS 1487 | D 21 | rR:x̄σmM 0.00 0.00 0.00 0.00 | F:x̄σmM 0.0 0.0 0 0 | H 1.946 | V 0.002 | pL 0.000 | vL 0.000 | ∇ 0.000
U 16 | F 032768 | FPS 1478 | D 22 | rR:x̄σmM 0.00 0.00 0.00 0.00 | F:x̄σmM 0.0 0.0 0 0 | H 1.946 | V 0.002 | pL 0.000 | vL 0.000 | ∇ 0.000
U 17 | F 034816 | FPS 1469 | D 24 | rR:x̄σmM 0.00 0.00 0.00 0.00 | F:x̄σmM 0.0 0.0 0 0 | H 1.946 | V 0.002 | pL 0.000 | vL 0.000 | ∇ 0.000
U 18 | F 036864 | FPS 1458 | D 25 | rR:x̄σmM 0.00 0.00 0.00 0.00 | F:x̄σmM 0.0 0.0 0 0 | H 1.946 | V 0.001 | pL 0.000 | vL 0.000 | ∇ 0.000
U 19 | F 038912 | FPS 1490 | D 26 | rR:x̄σmM 0.00 0.00 0.00 0.00 | F:x̄σmM 0.0 0.0 0 0 | H 1.946 | V 0.001 | pL 0.000 | vL 0.000 | ∇ 0.000
U 20 | F 040960 | FPS 1460 | D 28 | rR:x̄σmM 0.00 0.00 0.00 0.00 | F:x̄σmM 2560.0 0.0 2560.0 2560.0 | H 1.946 | V 0.001 | pL 0.000 | vL 0.000 | ∇ 0.000
Model successfully saved
U 21 | F 043008 | FPS 1481 | D 29 | rR:x̄σmM 0.00 0.00 0.00 0.00 | F:x̄σmM 2560.0 0.0 2560.0 2560.0 | H 1.946 | V 0.001 | pL 0.000 | vL 0.000 | ∇ 0.000
U 22 | F 045056 | FPS 1471 | D 31 | rR:x̄σmM 0.00 0.00 0.00 0.00 | F:x̄σmM 2560.0 0.0 2560.0 2560.0 | H 1.946 | V 0.000 | pL -0.000 | vL 0.000 | ∇ 0.000
U 23 | F 047104 | FPS 1476 | D 32 | rR:x̄σmM 0.00 0.00 0.00 0.00 | F:x̄σmM 2560.0 0.0 2560.0 2560.0 | H 1.946 | V -0.000 | pL 0.000 | vL 0.000 | ∇ 0.000
U 24 | F 049152 | FPS 1482 | D 33 | rR:x̄σmM 0.00 0.00 0.00 0.00 | F:x̄σmM 2560.0 0.0 2560.0 2560.0 | H 1.946 | V -0.001 | pL -0.000 | vL 0.000 | ∇ 0.000
U 25 | F 051200 | FPS 1458 | D 35 | rR:x̄σmM 0.00 0.00 0.00 0.00 | F:x̄σmM 2560.0 0.0 2560.0 2560.0 | H 1.946 | V -0.001 | pL -0.000 | vL 0.000 | ∇ 0.000
U 26 | F 053248 | FPS 1469 | D 36 | rR:x̄σmM 0.05 0.18 0.00 0.74 | F:x̄σmM 2446.7 438.9 747.0 2560.0 | H 1.936 | V 0.003 | pL -0.007 | vL 0.002 | ∇ 0.008
U 27 | F 055296 | FPS 1488 | D 38 | rR:x̄σmM 0.05 0.18 0.00 0.74 | F:x̄σmM 2446.7 438.9 747.0 2560.0 | H 1.943 | V 0.019 | pL 0.003 | vL 0.000 | ∇ 0.003
U 28 | F 057344 | FPS 1469 | D 39 | rR:x̄σmM 0.05 0.18 0.00 0.74 | F:x̄σmM 2446.7 438.9 747.0 2560.0 | H 1.945 | V 0.015 | pL 0.003 | vL 0.000 | ∇ 0.001
U 29 | F 059392 | FPS 1473 | D 40 | rR:x̄σmM 0.05 0.18 0.00 0.74 | F:x̄σmM 2446.7 438.9 747.0 2560.0 | H 1.946 | V 0.010 | pL 0.002 | vL 0.000 | ∇ 0.001
U 30 | F 061440 | FPS 1454 | D 42 | rR:x̄σmM 0.05 0.18 0.00 0.74 | F:x̄σmM 2446.7 438.9 747.0 2560.0 | H 1.946 | V 0.008 | pL 0.001 | vL 0.000 | ∇ 0.001
Model successfully saved
U 31 | F 063488 | FPS 1472 | D 43 | rR:x̄σmM 0.05 0.18 0.00 0.74 | F:x̄σmM 2446.7 438.9 747.0 2560.0 | H 1.946 | V 0.007 | pL 0.001 | vL 0.000 | ∇ 0.001
U 32 | F 065536 | FPS 1467 | D 45 | rR:x̄σmM 0.05 0.18 0.00 0.74 | F:x̄σmM 2446.7 438.9 747.0 2560.0 | H 1.946 | V 0.005 | pL 0.001 | vL 0.000 | ∇ 0.000
U 33 | F 067584 | FPS 1454 | D 46 | rR:x̄σmM 0.05 0.18 0.00 0.74 | F:x̄σmM 2446.7 438.9 747.0 2560.0 | H 1.946 | V 0.004 | pL 0.001 | vL 0.000 | ∇ 0.000
U 34 | F 069632 | FPS 1451 | D 47 | rR:x̄σmM 0.05 0.18 0.00 0.74 | F:x̄σmM 2446.7 438.9 747.0 2560.0 | H 1.946 | V 0.003 | pL 0.001 | vL 0.000 | ∇ 0.000
U 35 | F 071680 | FPS 1458 | D 49 | rR:x̄σmM 0.05 0.18 0.00 0.74 | F:x̄σmM 2446.7 438.9 747.0 2560.0 | H 1.946 | V 0.002 | pL 0.000 | vL 0.000 | ∇ 0.000
U 36 | F 073728 | FPS 1467 | D 50 | rR:x̄σmM 0.05 0.18 0.00 0.74 | F:x̄σmM 2446.7 438.9 747.0 2560.0 | H 1.946 | V 0.002 | pL 0.000 | vL 0.000 | ∇ 0.000
U 37 | F 075776 | FPS 1497 | D 52 | rR:x̄σmM 0.05 0.18 0.00 0.74 | F:x̄σmM 2446.7 438.9 747.0 2560.0 | H 1.946 | V 0.001 | pL 0.000 | vL 0.000 | ∇ 0.000
U 38 | F 077824 | FPS 1450 | D 53 | rR:x̄σmM 0.05 0.18 0.00 0.74 | F:x̄σmM 2446.7 438.9 747.0 2560.0 | H 1.946 | V 0.001 | pL 0.000 | vL 0.000 | ∇ 0.000
U 39 | F 079872 | FPS 1475 | D 54 | rR:x̄σmM 0.05 0.18 0.00 0.74 | F:x̄σmM 2446.7 438.9 747.0 2560.0 | H 1.946 | V 0.001 | pL 0.000 | vL 0.000 | ∇ 0.000
U 40 | F 081920 | FPS 1466 | D 56 | rR:x̄σmM 0.05 0.18 0.00 0.74 | F:x̄σmM 2446.7 438.9 747.0 2560.0 | H 1.946 | V 0.001 | pL 0.000 | vL 0.000 | ∇ 0.000
Model successfully saved
U 41 | F 083968 | FPS 1484 | D 57 | rR:x̄σmM 0.05 0.18 0.00 0.74 | F:x̄σmM 2446.7 438.9 747.0 2560.0 | H 1.946 | V 0.000 | pL 0.000 | vL 0.000 | ∇ 0.000
U 42 | F 086016 | FPS 1465 | D 59 | rR:x̄σmM 0.05 0.18 0.00 0.74 | F:x̄σmM 2446.7 438.9 747.0 2560.0 | H 1.946 | V 0.000 | pL 0.000 | vL 0.000 | ∇ 0.000
U 43 | F 088064 | FPS 1443 | D 60 | rR:x̄σmM 0.05 0.18 0.00 0.74 | F:x̄σmM 2446.7 438.9 747.0 2560.0 | H 1.946 | V 0.000 | pL -0.000 | vL 0.000 | ∇ 0.000
U 44 | F 090112 | FPS 1470 | D 61 | rR:x̄σmM 0.05 0.18 0.00 0.74 | F:x̄σmM 2446.7 438.9 747.0 2560.0 | H 1.946 | V 0.000 | pL -0.000 | vL 0.000 | ∇ 0.000
U 45 | F 092160 | FPS 1448 | D 63 | rR:x̄σmM 0.05 0.18 0.00 0.74 | F:x̄σmM 2446.7 438.9 747.0 2560.0 | H 1.946 | V 0.000 | pL 0.000 | vL 0.000 | ∇ 0.000
U 46 | F 094208 | FPS 1469 | D 64 | rR:x̄σmM 0.00 0.00 0.00 0.00 | F:x̄σmM 2560.0 0.0 2560.0 2560.0 | H 1.946 | V 0.001 | pL 0.000 | vL 0.000 | ∇ 0.000
U 47 | F 096256 | FPS 1478 | D 66 | rR:x̄σmM 0.00 0.00 0.00 0.00 | F:x̄σmM 2560.0 0.0 2560.0 2560.0 | H 1.946 | V 0.001 | pL 0.000 | vL 0.000 | ∇ 0.000
U 48 | F 098304 | FPS 1452 | D 67 | rR:x̄σmM 0.00 0.00 0.00 0.00 | F:x̄σmM 2560.0 0.0 2560.0 2560.0 | H 1.946 | V 0.000 | pL -0.000 | vL 0.000 | ∇ 0.000
U 49 | F 100352 | FPS 1475 | D 68 | rR:x̄σmM 0.00 0.00 0.00 0.00 | F:x̄σmM 2560.0 0.0 2560.0 2560.0 | H 1.946 | V -0.000 | pL 0.000 | vL 0.000 | ∇ 0.000
U 50 | F 102400 | FPS 1455 | D 70 | rR:x̄σmM 0.00 0.00 0.00 0.00 | F:x̄σmM 2560.0 0.0 2560.0 2560.0 | H 1.946 | V -0.000 | pL -0.000 | vL 0.000 | ∇ 0.000
Model successfully saved
U 51 | F 104448 | FPS 1467 | D 71 | rR:x̄σmM 0.00 0.00 0.00 0.00 | F:x̄σmM 2560.0 0.0 2560.0 2560.0 | H 1.946 | V -0.000 | pL -0.000 | vL 0.000 | ∇ 0.000
U 52 | F 106496 | FPS 1476 | D 73 | rR:x̄σmM 0.00 0.00 0.00 0.00 | F:x̄σmM 2560.0 0.0 2560.0 2560.0 | H 1.946 | V 0.000 | pL 0.000 | vL 0.000 | ∇ 0.000
U 53 | F 108544 | FPS 1471 | D 74 | rR:x̄σmM 0.00 0.00 0.00 0.00 | F:x̄σmM 2560.0 0.0 2560.0 2560.0 | H 1.946 | V -0.000 | pL 0.000 | vL 0.000 | ∇ 0.000
U 54 | F 110592 | FPS 1482 | D 75 | rR:x̄σmM 0.00 0.00 0.00 0.00 | F:x̄σmM 2560.0 0.0 2560.0 2560.0 | H 1.946 | V 0.000 | pL 0.000 | vL 0.000 | ∇ 0.000
U 55 | F 112640 | FPS 1452 | D 77 | rR:x̄σmM 0.00 0.00 0.00 0.00 | F:x̄σmM 2560.0 0.0 2560.0 2560.0 | H 1.946 | V 0.000 | pL 0.000 | vL 0.000 | ∇ 0.000
U 56 | F 114688 | FPS 1466 | D 78 | rR:x̄σmM 0.00 0.00 0.00 0.00 | F:x̄σmM 2560.0 0.0 2560.0 2560.0 | H 1.946 | V 0.000 | pL 0.000 | vL 0.000 | ∇ 0.000
U 57 | F 116736 | FPS 1454 | D 80 | rR:x̄σmM 0.00 0.00 0.00 0.00 | F:x̄σmM 2560.0 0.0 2560.0 2560.0 | H 1.946 | V -0.000 | pL -0.000 | vL 0.000 | ∇ 0.000
U 58 | F 118784 | FPS 1465 | D 81 | rR:x̄σmM 0.00 0.00 0.00 0.00 | F:x̄σmM 2560.0 0.0 2560.0 2560.0 | H 1.946 | V -0.000 | pL -0.000 | vL 0.000 | ∇ 0.000
U 59 | F 120832 | FPS 1494 | D 82 | rR:x̄σmM 0.00 0.00 0.00 0.00 | F:x̄σmM 2560.0 0.0 2560.0 2560.0 | H 1.946 | V -0.000 | pL 0.000 | vL 0.000 | ∇ 0.000
U 60 | F 122880 | FPS 1447 | D 84 | rR:x̄σmM 0.00 0.00 0.00 0.00 | F:x̄σmM 2560.0 0.0 2560.0 2560.0 | H 1.946 | V 0.000 | pL -0.000 | vL 0.000 | ∇ 0.000
Model successfully saved
U 61 | F 124928 | FPS 1461 | D 85 | rR:x̄σmM 0.00 0.00 0.00 0.00 | F:x̄σmM 2560.0 0.0 2560.0 2560.0 | H 1.946 | V -0.000 | pL 0.000 | vL 0.000 | ∇ 0.000
U 62 | F 126976 | FPS 1450 | D 87 | rR:x̄σmM 0.00 0.00 0.00 0.00 | F:x̄σmM 2560.0 0.0 2560.0 2560.0 | H 1.946 | V -0.000 | pL -0.000 | vL 0.000 | ∇ 0.000
U 63 | F 129024 | FPS 1453 | D 88 | rR:x̄σmM 0.00 0.00 0.00 0.00 | F:x̄σmM 2560.0 0.0 2560.0 2560.0 | H 1.946 | V -0.000 | pL -0.000 | vL 0.000 | ∇ 0.000
U 64 | F 131072 | FPS 1445 | D 90 | rR:x̄σmM 0.00 0.00 0.00 0.00 | F:x̄σmM 2560.0 0.0 2560.0 2560.0 | H 1.946 | V -0.000 | pL -0.000 | vL 0.000 | ∇ 0.000
U 65 | F 133120 | FPS 1455 | D 91 | rR:x̄σmM 0.00 0.00 0.00 0.00 | F:x̄σmM 2560.0 0.0 2560.0 2560.0 | H 1.946 | V -0.000 | pL -0.000 | vL 0.000 | ∇ 0.000
U 66 | F 135168 | FPS 1465 | D 92 | rR:x̄σmM 0.00 0.00 0.00 0.00 | F:x̄σmM 2560.0 0.0 2560.0 2560.0 | H 1.946 | V 0.000 | pL -0.000 | vL 0.000 | ∇ 0.000
U 67 | F 137216 | FPS 1464 | D 94 | rR:x̄σmM 0.00 0.00 0.00 0.00 | F:x̄σmM 2560.0 0.0 2560.0 2560.0 | H 1.946 | V 0.000 | pL 0.000 | vL 0.000 | ∇ 0.000
U 68 | F 139264 | FPS 1444 | D 95 | rR:x̄σmM 0.00 0.00 0.00 0.00 | F:x̄σmM 2560.0 0.0 2560.0 2560.0 | H 1.946 | V 0.000 | pL 0.000 | vL 0.000 | ∇ 0.000
U 69 | F 141312 | FPS 1464 | D 97 | rR:x̄σmM 0.00 0.00 0.00 0.00 | F:x̄σmM 2560.0 0.0 2560.0 2560.0 | H 1.946 | V 0.000 | pL 0.000 | vL 0.000 | ∇ 0.000
U 70 | F 143360 | FPS 1444 | D 98 | rR:x̄σmM 0.00 0.00 0.00 0.00 | F:x̄σmM 2560.0 0.0 2560.0 2560.0 | H 1.946 | V -0.000 | pL 0.000 | vL 0.000 | ∇ 0.000
Model successfully saved
U 71 | F 145408 | FPS 1463 | D 99 | rR:x̄σmM 0.00 0.00 0.00 0.00 | F:x̄σmM 2560.0 0.0 2560.0 2560.0 | H 1.946 | V -0.000 | pL -0.000 | vL 0.000 | ∇ 0.000
U 72 | F 147456 | FPS 1454 | D 101 | rR:x̄σmM 0.00 0.00 0.00 0.00 | F:x̄σmM 2560.0 0.0 2560.0 2560.0 | H 1.946 | V -0.000 | pL 0.000 | vL 0.000 | ∇ 0.000
U 73 | F 149504 | FPS 1468 | D 102 | rR:x̄σmM 0.00 0.00 0.00 0.00 | F:x̄σmM 2560.0 0.0 2560.0 2560.0 | H 1.946 | V -0.000 | pL -0.000 | vL 0.000 | ∇ 0.000
U 74 | F 151552 | FPS 1480 | D 104 | rR:x̄σmM 0.00 0.00 0.00 0.00 | F:x̄σmM 2560.0 0.0 2560.0 2560.0 | H 1.946 | V -0.000 | pL -0.000 | vL 0.000 | ∇ 0.000
U 75 | F 153600 | FPS 1469 | D 105 | rR:x̄σmM 0.00 0.00 0.00 0.00 | F:x̄σmM 2560.0 0.0 2560.0 2560.0 | H 1.946 | V -0.000 | pL -0.000 | vL 0.000 | ∇ 0.000
U 76 | F 155648 | FPS 1472 | D 106 | rR:x̄σmM 0.00 0.00 0.00 0.00 | F:x̄σmM 2560.0 0.0 2560.0 2560.0 | H 1.946 | V 0.000 | pL -0.000 | vL 0.000 | ∇ 0.000
U 77 | F 157696 | FPS 1440 | D 108 | rR:x̄σmM 0.00 0.00 0.00 0.00 | F:x̄σmM 2560.0 0.0 2560.0 2560.0 | H 1.946 | V -0.000 | pL 0.000 | vL 0.000 | ∇ 0.000
U 78 | F 159744 | FPS 1465 | D 109 | rR:x̄σmM 0.00 0.00 0.00 0.00 | F:x̄σmM 2560.0 0.0 2560.0 2560.0 | H 1.946 | V -0.000 | pL -0.000 | vL 0.000 | ∇ 0.000
U 79 | F 161792 | FPS 1479 | D 111 | rR:x̄σmM 0.00 0.00 0.00 0.00 | F:x̄σmM 2560.0 0.0 2560.0 2560.0 | H 1.946 | V -0.000 | pL -0.000 | vL 0.000 | ∇ 0.000
U 80 | F 163840 | FPS 1453 | D 112 | rR:x̄σmM 0.00 0.00 0.00 0.00 | F:x̄σmM 2560.0 0.0 2560.0 2560.0 | H 1.946 | V -0.000 | pL -0.000 | vL 0.000 | ∇ 0.000
Model successfully saved
U 81 | F 165888 | FPS 1455 | D 113 | rR:x̄σmM 0.00 0.00 0.00 0.00 | F:x̄σmM 2560.0 0.0 2560.0 2560.0 | H 1.946 | V -0.000 | pL 0.000 | vL 0.000 | ∇ 0.000
U 82 | F 167936 | FPS 1461 | D 115 | rR:x̄σmM 0.00 0.00 0.00 0.00 | F:x̄σmM 2560.0 0.0 2560.0 2560.0 | H 1.946 | V -0.000 | pL -0.000 | vL 0.000 | ∇ 0.000
U 83 | F 169984 | FPS 1478 | D 116 | rR:x̄σmM 0.00 0.00 0.00 0.00 | F:x̄σmM 2560.0 0.0 2560.0 2560.0 | H 1.946 | V -0.001 | pL -0.000 | vL 0.000 | ∇ 0.000
U 84 | F 172032 | FPS 1468 | D 118 | rR:x̄σmM 0.00 0.00 0.00 0.00 | F:x̄σmM 2560.0 0.0 2560.0 2560.0 | H 1.946 | V -0.001 | pL -0.000 | vL 0.000 | ∇ 0.000
U 85 | F 174080 | FPS 1447 | D 119 | rR:x̄σmM 0.00 0.00 0.00 0.00 | F:x̄σmM 2560.0 0.0 2560.0 2560.0 | H 1.946 | V -0.001 | pL -0.000 | vL 0.000 | ∇ 0.000
U 86 | F 176128 | FPS 1468 | D 120 | rR:x̄σmM 0.00 0.00 0.00 0.00 | F:x̄σmM 2560.0 0.0 2560.0 2560.0 | H 1.946 | V -0.000 | pL -0.000 | vL 0.000 | ∇ 0.000
U 87 | F 178176 | FPS 1460 | D 122 | rR:x̄σmM 0.00 0.00 0.00 0.00 | F:x̄σmM 2560.0 0.0 2560.0 2560.0 | H 1.946 | V 0.000 | pL 0.000 | vL 0.000 | ∇ 0.000
U 88 | F 180224 | FPS 1467 | D 123 | rR:x̄σmM 0.00 0.00 0.00 0.00 | F:x̄σmM 2560.0 0.0 2560.0 2560.0 | H 1.946 | V -0.000 | pL 0.000 | vL 0.000 | ∇ 0.000
U 89 | F 182272 | FPS 1464 | D 125 | rR:x̄σmM 0.00 0.00 0.00 0.00 | F:x̄σmM 2560.0 0.0 2560.0 2560.0 | H 1.946 | V 0.000 | pL -0.000 | vL 0.000 | ∇ 0.000
U 90 | F 184320 | FPS 1451 | D 126 | rR:x̄σmM 0.00 0.00 0.00 0.00 | F:x̄σmM 2560.0 0.0 2560.0 2560.0 | H 1.946 | V 0.000 | pL -0.000 | vL 0.000 | ∇ 0.000
Model successfully saved
U 91 | F 186368 | FPS 1472 | D 127 | rR:x̄σmM 0.00 0.00 0.00 0.00 | F:x̄σmM 2560.0 0.0 2560.0 2560.0 | H 1.946 | V 0.000 | pL 0.000 | vL 0.000 | ∇ 0.000
U 92 | F 188416 | FPS 1448 | D 129 | rR:x̄σmM 0.00 0.00 0.00 0.00 | F:x̄σmM 2560.0 0.0 2560.0 2560.0 | H 1.946 | V 0.000 | pL 0.000 | vL 0.000 | ∇ 0.000
U 93 | F 190464 | FPS 1454 | D 130 | rR:x̄σmM 0.00 0.00 0.00 0.00 | F:x̄σmM 2560.0 0.0 2560.0 2560.0 | H 1.946 | V 0.000 | pL -0.000 | vL 0.000 | ∇ 0.000
U 94 | F 192512 | FPS 1443 | D 132 | rR:x̄σmM 0.00 0.00 0.00 0.00 | F:x̄σmM 2560.0 0.0 2560.0 2560.0 | H 1.946 | V 0.000 | pL 0.000 | vL 0.000 | ∇ 0.000
U 95 | F 194560 | FPS 1454 | D 133 | rR:x̄σmM 0.00 0.00 0.00 0.00 | F:x̄σmM 2560.0 0.0 2560.0 2560.0 | H 1.946 | V -0.000 | pL 0.000 | vL 0.000 | ∇ 0.000
U 96 | F 196608 | FPS 1460 | D 135 | rR:x̄σmM 0.00 0.00 0.00 0.00 | F:x̄σmM 2560.0 0.0 2560.0 2560.0 | H 1.946 | V 0.000 | pL 0.000 | vL 0.000 | ∇ 0.000
U 97 | F 198656 | FPS 1447 | D 136 | rR:x̄σmM 0.00 0.00 0.00 0.00 | F:x̄σmM 2560.0 0.0 2560.0 2560.0 | H 1.946 | V 0.000 | pL 0.000 | vL 0.000 | ∇ 0.000
U 98 | F 200704 | FPS 1477 | D 137 | rR:x̄σmM 0.00 0.00 0.00 0.00 | F:x̄σmM 2560.0 0.0 2560.0 2560.0 | H 1.946 | V -0.000 | pL 0.000 | vL 0.000 | ∇ 0.000
U 99 | F 202752 | FPS 1482 | D 139 | rR:x̄σmM 0.00 0.00 0.00 0.00 | F:x̄σmM 2560.0 0.0 2560.0 2560.0 | H 1.946 | V 0.000 | pL 0.000 | vL 0.000 | ∇ 0.000
U 100 | F 204800 | FPS 1457 | D 140 | rR:x̄σmM 0.00 0.00 0.00 0.00 | F:x̄σmM 2560.0 0.0 2560.0 2560.0 | H 1.946 | V -0.000 | pL 0.000 | vL 0.000 | ∇ 0.000
Model successfully saved
U 101 | F 206848 | FPS 1469 | D 142 | rR:x̄σmM 0.00 0.00 0.00 0.00 | F:x̄σmM 2560.0 0.0 2560.0 2560.0 | H 1.946 | V 0.000 | pL 0.000 | vL 0.000 | ∇ 0.000
U 102 | F 208896 | FPS 1438 | D 143 | rR:x̄σmM 0.00 0.00 0.00 0.00 | F:x̄σmM 2560.0 0.0 2560.0 2560.0 | H 1.946 | V 0.000 | pL 0.000 | vL 0.000 | ∇ 0.000
U 103 | F 210944 | FPS 1448 | D 144 | rR:x̄σmM 0.00 0.00 0.00 0.00 | F:x̄σmM 2560.0 0.0 2560.0 2560.0 | H 1.946 | V 0.000 | pL 0.000 | vL 0.000 | ∇ 0.000
U 104 | F 212992 | FPS 1454 | D 146 | rR:x̄σmM 0.00 0.00 0.00 0.00 | F:x̄σmM 2560.0 0.0 2560.0 2560.0 | H 1.946 | V 0.000 | pL 0.000 | vL 0.000 | ∇ 0.000
U 105 | F 215040 | FPS 1470 | D 147 | rR:x̄σmM 0.00 0.00 0.00 0.00 | F:x̄σmM 2560.0 0.0 2560.0 2560.0 | H 1.946 | V -0.000 | pL -0.000 | vL 0.000 | ∇ 0.000
U 106 | F 217088 | FPS 1463 | D 149 | rR:x̄σmM 0.00 0.00 0.00 0.00 | F:x̄σmM 2560.0 0.0 2560.0 2560.0 | H 1.946 | V 0.000 | pL 0.000 | vL 0.000 | ∇ 0.000
U 107 | F 219136 | FPS 1468 | D 150 | rR:x̄σmM 0.00 0.00 0.00 0.00 | F:x̄σmM 2560.0 0.0 2560.0 2560.0 | H 1.946 | V 0.000 | pL 0.000 | vL 0.000 | ∇ 0.000
U 108 | F 221184 | FPS 1476 | D 151 | rR:x̄σmM 0.00 0.00 0.00 0.00 | F:x̄σmM 2560.0 0.0 2560.0 2560.0 | H 1.946 | V 0.000 | pL 0.000 | vL 0.000 | ∇ 0.000
U 109 | F 223232 | FPS 1459 | D 153 | rR:x̄σmM 0.00 0.00 0.00 0.00 | F:x̄σmM 2560.0 0.0 2560.0 2560.0 | H 1.946 | V 0.000 | pL -0.000 | vL 0.000 | ∇ 0.000
U 110 | F 225280 | FPS 1474 | D 154 | rR:x̄σmM 0.00 0.00 0.00 0.00 | F:x̄σmM 2560.0 0.0 2560.0 2560.0 | H 1.946 | V 0.000 | pL -0.000 | vL 0.000 | ∇ 0.000
Model successfully saved
U 111 | F 227328 | FPS 1457 | D 156 | rR:x̄σmM 0.00 0.00 0.00 0.00 | F:x̄σmM 2560.0 0.0 2560.0 2560.0 | H 1.946 | V -0.000 | pL -0.000 | vL 0.000 | ∇ 0.000
U 112 | F 229376 | FPS 1452 | D 157 | rR:x̄σmM 0.00 0.00 0.00 0.00 | F:x̄σmM 2560.0 0.0 2560.0 2560.0 | H 1.946 | V 0.000 | pL 0.000 | vL 0.000 | ∇ 0.000
U 113 | F 231424 | FPS 1470 | D 158 | rR:x̄σmM 0.00 0.00 0.00 0.00 | F:x̄σmM 2560.0 0.0 2560.0 2560.0 | H 1.946 | V 0.000 | pL 0.000 | vL 0.000 | ∇ 0.000
U 114 | F 233472 | FPS 1445 | D 160 | rR:x̄σmM 0.00 0.00 0.00 0.00 | F:x̄σmM 2560.0 0.0 2560.0 2560.0 | H 1.946 | V 0.000 | pL 0.000 | vL 0.000 | ∇ 0.000
U 115 | F 235520 | FPS 1460 | D 161 | rR:x̄σmM 0.00 0.00 0.00 0.00 | F:x̄σmM 2560.0 0.0 2560.0 2560.0 | H 1.946 | V 0.000 | pL 0.000 | vL 0.000 | ∇ 0.000
U 116 | F 237568 | FPS 1473 | D 163 | rR:x̄σmM 0.00 0.00 0.00 0.00 | F:x̄σmM 2560.0 0.0 2560.0 2560.0 | H 1.946 | V 0.000 | pL 0.000 | vL 0.000 | ∇ 0.000
U 117 | F 239616 | FPS 1450 | D 164 | rR:x̄σmM 0.00 0.00 0.00 0.00 | F:x̄σmM 2560.0 0.0 2560.0 2560.0 | H 1.946 | V 0.000 | pL 0.000 | vL 0.000 | ∇ 0.000
U 118 | F 241664 | FPS 1467 | D 165 | rR:x̄σmM 0.00 0.00 0.00 0.00 | F:x̄σmM 2560.0 0.0 2560.0 2560.0 | H 1.946 | V 0.000 | pL 0.000 | vL 0.000 | ∇ 0.000
U 119 | F 243712 | FPS 1465 | D 167 | rR:x̄σmM 0.00 0.00 0.00 0.00 | F:x̄σmM 2560.0 0.0 2560.0 2560.0 | H 1.946 | V 0.000 | pL 0.000 | vL 0.000 | ∇ 0.000
U 120 | F 245760 | FPS 1475 | D 168 | rR:x̄σmM 0.00 0.00 0.00 0.00 | F:x̄σmM 2560.0 0.0 2560.0 2560.0 | H 1.946 | V 0.000 | pL 0.000 | vL 0.000 | ∇ 0.000
Model successfully saved
U 121 | F 247808 | FPS 1464 | D 170 | rR:x̄σmM 0.00 0.00 0.00 0.00 | F:x̄σmM 2560.0 0.0 2560.0 2560.0 | H 1.946 | V 0.000 | pL 0.000 | vL 0.000 | ∇ 0.000
U 122 | F 249856 | FPS 1457 | D 171 | rR:x̄σmM 0.00 0.00 0.00 0.00 | F:x̄σmM 2560.0 0.0 2560.0 2560.0 | H 1.946 | V 0.000 | pL 0.000 | vL 0.000 | ∇ 0.000
U 123 | F 251904 | FPS 1483 | D 172 | rR:x̄σmM 0.00 0.00 0.00 0.00 | F:x̄σmM 2560.0 0.0 2560.0 2560.0 | H 1.946 | V 0.000 | pL 0.000 | vL 0.000 | ∇ 0.000
U 124 | F 253952 | FPS 1452 | D 174 | rR:x̄σmM 0.00 0.00 0.00 0.00 | F:x̄σmM 2560.0 0.0 2560.0 2560.0 | H 1.946 | V 0.000 | pL 0.000 | vL 0.000 | ∇ 0.000
U 125 | F 256000 | FPS 1494 | D 175 | rR:x̄σmM 0.00 0.00 0.00 0.00 | F:x̄σmM 2560.0 0.0 2560.0 2560.0 | H 1.946 | V -0.000 | pL -0.000 | vL 0.000 | ∇ 0.000
U 126 | F 258048 | FPS 1472 | D 177 | rR:x̄σmM 0.00 0.00 0.00 0.00 | F:x̄σmM 2560.0 0.0 2560.0 2560.0 | H 1.946 | V -0.000 | pL -0.000 | vL 0.000 | ∇ 0.000
U 127 | F 260096 | FPS 1455 | D 178 | rR:x̄σmM 0.00 0.00 0.00 0.00 | F:x̄σmM 2560.0 0.0 2560.0 2560.0 | H 1.946 | V -0.000 | pL -0.000 | vL 0.000 | ∇ 0.000
U 128 | F 262144 | FPS 1451 | D 179 | rR:x̄σmM 0.00 0.00 0.00 0.00 | F:x̄σmM 2560.0 0.0 2560.0 2560.0 | H 1.946 | V -0.000 | pL -0.000 | vL 0.000 | ∇ 0.000
U 129 | F 264192 | FPS 1480 | D 181 | rR:x̄σmM 0.00 0.00 0.00 0.00 | F:x̄σmM 2560.0 0.0 2560.0 2560.0 | H 1.946 | V -0.000 | pL -0.000 | vL 0.000 | ∇ 0.000
U 130 | F 266240 | FPS 1482 | D 182 | rR:x̄σmM 0.00 0.00 0.00 0.00 | F:x̄σmM 2560.0 0.0 2560.0 2560.0 | H 1.946 | V -0.000 | pL -0.000 | vL 0.000 | ∇ 0.000
Model successfully saved
U 131 | F 268288 | FPS 1458 | D 184 | rR:x̄σmM 0.00 0.00 0.00 0.00 | F:x̄σmM 2560.0 0.0 2560.0 2560.0 | H 1.946 | V -0.000 | pL -0.000 | vL 0.000 | ∇ 0.000
U 132 | F 270336 | FPS 1448 | D 185 | rR:x̄σmM 0.00 0.00 0.00 0.00 | F:x̄σmM 2560.0 0.0 2560.0 2560.0 | H 1.946 | V -0.000 | pL -0.000 | vL 0.000 | ∇ 0.000
U 133 | F 272384 | FPS 1469 | D 186 | rR:x̄σmM 0.00 0.00 0.00 0.00 | F:x̄σmM 2560.0 0.0 2560.0 2560.0 | H 1.946 | V -0.000 | pL -0.000 | vL 0.000 | ∇ 0.000
U 134 | F 274432 | FPS 1452 | D 188 | rR:x̄σmM 0.00 0.00 0.00 0.00 | F:x̄σmM 2560.0 0.0 2560.0 2560.0 | H 1.946 | V -0.000 | pL -0.000 | vL 0.000 | ∇ 0.000
U 135 | F 276480 | FPS 1457 | D 189 | rR:x̄σmM 0.00 0.00 0.00 0.00 | F:x̄σmM 2560.0 0.0 2560.0 2560.0 | H 1.946 | V -0.000 | pL -0.000 | vL 0.000 | ∇ 0.000
U 136 | F 278528 | FPS 1442 | D 191 | rR:x̄σmM 0.00 0.00 0.00 0.00 | F:x̄σmM 2560.0 0.0 2560.0 2560.0 | H 1.946 | V -0.000 | pL -0.000 | vL 0.000 | ∇ 0.000
U 137 | F 280576 | FPS 1439 | D 192 | rR:x̄σmM 0.00 0.00 0.00 0.00 | F:x̄σmM 2560.0 0.0 2560.0 2560.0 | H 1.946 | V -0.000 | pL -0.000 | vL 0.000 | ∇ 0.000
U 138 | F 282624 | FPS 1458 | D 194 | rR:x̄σmM 0.00 0.00 0.00 0.00 | F:x̄σmM 2560.0 0.0 2560.0 2560.0 | H 1.946 | V 0.000 | pL 0.000 | vL 0.000 | ∇ 0.000
U 139 | F 284672 | FPS 1458 | D 195 | rR:x̄σmM 0.00 0.00 0.00 0.00 | F:x̄σmM 2560.0 0.0 2560.0 2560.0 | H 1.946 | V -0.000 | pL -0.000 | vL 0.000 | ∇ 0.000
U 140 | F 286720 | FPS 1460 | D 196 | rR:x̄σmM 0.00 0.00 0.00 0.00 | F:x̄σmM 2560.0 0.0 2560.0 2560.0 | H 1.946 | V 0.000 | pL 0.000 | vL 0.000 | ∇ 0.000
Model successfully saved
U 141 | F 288768 | FPS 1442 | D 198 | rR:x̄σmM 0.00 0.00 0.00 0.00 | F:x̄σmM 2560.0 0.0 2560.0 2560.0 | H 1.946 | V 0.000 | pL 0.000 | vL 0.000 | ∇ 0.000
U 142 | F 290816 | FPS 1460 | D 199 | rR:x̄σmM 0.00 0.00 0.00 0.00 | F:x̄σmM 2560.0 0.0 2560.0 2560.0 | H 1.946 | V -0.000 | pL -0.000 | vL 0.000 | ∇ 0.000
U 143 | F 292864 | FPS 1464 | D 201 | rR:x̄σmM 0.00 0.00 0.00 0.00 | F:x̄σmM 2560.0 0.0 2560.0 2560.0 | H 1.946 | V -0.000 | pL -0.000 | vL 0.000 | ∇ 0.000
U 144 | F 294912 | FPS 1447 | D 202 | rR:x̄σmM 0.00 0.00 0.00 0.00 | F:x̄σmM 2560.0 0.0 2560.0 2560.0 | H 1.946 | V -0.000 | pL -0.000 | vL 0.000 | ∇ 0.000
U 145 | F 296960 | FPS 1452 | D 203 | rR:x̄σmM 0.00 0.00 0.00 0.00 | F:x̄σmM 2560.0 0.0 2560.0 2560.0 | H 1.946 | V -0.000 | pL -0.000 | vL 0.000 | ∇ 0.000
U 146 | F 299008 | FPS 1443 | D 205 | rR:x̄σmM 0.00 0.00 0.00 0.00 | F:x̄σmM 2560.0 0.0 2560.0 2560.0 | H 1.946 | V -0.000 | pL -0.000 | vL 0.000 | ∇ 0.000
U 147 | F 301056 | FPS 1471 | D 206 | rR:x̄σmM 0.00 0.00 0.00 0.00 | F:x̄σmM 2560.0 0.0 2560.0 2560.0 | H 1.946 | V 0.000 | pL 0.000 | vL 0.000 | ∇ 0.000
