/home/fabian_57/thesis_projects/curriculum-test/scripts/train.py --algo ppo --env MiniGrid-Empty-6x6-v0 --no-instr --tb --frames=1000000 --model Empty-6x6 --save-interval 10

Namespace(algo='ppo', batch_size=256, clip_eps=0.2, discount=0.99, entropy_coef=0.01, env='MiniGrid-Empty-6x6-v0', epochs=4, frames=1000000, frames_per_proc=None, gae_lambda=0.95, log_interval=1, lr=0.0007, max_grad_norm=0.5, model='Empty-6x6', no_instr=True, no_mem=False, optim_alpha=0.99, optim_eps=1e-05, procs=16, recurrence=1, save_interval=10, seed=1, tb=True, value_loss_coef=0.5)

Model successfully created

ACModel(
  (image_conv): Sequential(
    (0): Conv2d(3, 16, kernel_size=(2, 2), stride=(1, 1))
    (1): ReLU()
    (2): MaxPool2d(kernel_size=(2, 2), stride=2, padding=0, dilation=1, ceil_mode=False)
    (3): Conv2d(16, 32, kernel_size=(2, 2), stride=(1, 1))
    (4): ReLU()
    (5): Conv2d(32, 64, kernel_size=(2, 2), stride=(1, 1))
    (6): ReLU()
  )
  (memory_rnn): LSTMCell(64, 64)
  (actor): Sequential(
    (0): Linear(in_features=64, out_features=64, bias=True)
    (1): Tanh()
    (2): Linear(in_features=64, out_features=7, bias=True)
  )
  (critic): Sequential(
    (0): Linear(in_features=64, out_features=64, bias=True)
    (1): Tanh()
    (2): Linear(in_features=64, out_features=1, bias=True)
  )
)

CUDA available: True

U 1 | F 002048 | FPS 0985 | D 2 | rR:x̄σmM 0.17 0.24 0.00 0.69 | F:x̄σmM 32.1 43.9 0.0 118.0 | H 1.935 | V 0.146 | pL 0.004 | vL 0.003 | ∇ 0.016
U 2 | F 004096 | FPS 1537 | D 3 | rR:x̄σmM 0.30 0.33 0.00 0.88 | F:x̄σmM 104.5 45.7 19.0 144.0 | H 1.907 | V 0.150 | pL -0.013 | vL 0.010 | ∇ 0.052
U 3 | F 006144 | FPS 1550 | D 4 | rR:x̄σmM 0.31 0.31 0.00 0.87 | F:x̄σmM 105.3 45.1 21.0 144.0 | H 1.897 | V 0.188 | pL 0.008 | vL 0.009 | ∇ 0.023
U 4 | F 008192 | FPS 1515 | D 6 | rR:x̄σmM 0.49 0.32 0.00 0.91 | F:x̄σmM 78.9 47.2 15.0 144.0 | H 1.891 | V 0.218 | pL -0.049 | vL 0.018 | ∇ 0.064
U 5 | F 010240 | FPS 1353 | D 7 | rR:x̄σmM 0.54 0.30 0.00 0.93 | F:x̄σmM 71.2 44.4 11.0 144.0 | H 1.862 | V 0.261 | pL -0.036 | vL 0.018 | ∇ 0.048
U 6 | F 012288 | FPS 1392 | D 9 | rR:x̄σmM 0.58 0.29 0.00 0.93 | F:x̄σmM 65.5 43.5 11.0 144.0 | H 1.813 | V 0.281 | pL -0.050 | vL 0.019 | ∇ 0.062
U 7 | F 014336 | FPS 1416 | D 10 | rR:x̄σmM 0.76 0.18 0.00 0.93 | F:x̄σmM 37.8 27.0 12.0 144.0 | H 1.716 | V 0.458 | pL -0.101 | vL 0.020 | ∇ 0.086
U 8 | F 016384 | FPS 1563 | D 11 | rR:x̄σmM 0.85 0.14 0.21 0.96 | F:x̄σmM 23.6 21.9 7.0 126.0 | H 1.509 | V 0.672 | pL -0.087 | vL 0.015 | ∇ 0.078
U 9 | F 018432 | FPS 1293 | D 13 | rR:x̄σmM 0.89 0.06 0.46 0.95 | F:x̄σmM 16.9 9.6 8.0 86.0 | H 1.409 | V 0.787 | pL -0.036 | vL 0.006 | ∇ 0.056
U 10 | F 020480 | FPS 0931 | D 15 | rR:x̄σmM 0.91 0.04 0.67 0.95 | F:x̄σmM 14.0 6.4 8.0 53.0 | H 1.337 | V 0.852 | pL 0.006 | vL 0.002 | ∇ 0.028
Model successfully saved
U 11 | F 022528 | FPS 1082 | D 17 | rR:x̄σmM 0.92 0.03 0.79 0.95 | F:x̄σmM 13.4 4.1 8.0 33.0 | H 1.243 | V 0.853 | pL 0.001 | vL 0.001 | ∇ 0.020
U 12 | F 024576 | FPS 1558 | D 18 | rR:x̄σmM 0.92 0.02 0.82 0.96 | F:x̄σmM 12.0 3.3 7.0 28.0 | H 1.158 | V 0.865 | pL -0.015 | vL 0.001 | ∇ 0.020
U 13 | F 026624 | FPS 1189 | D 20 | rR:x̄σmM 0.93 0.02 0.84 0.96 | F:x̄σmM 11.3 2.9 7.0 25.0 | H 1.220 | V 0.877 | pL 0.005 | vL 0.001 | ∇ 0.028
U 14 | F 028672 | FPS 1182 | D 22 | rR:x̄σmM 0.93 0.02 0.84 0.96 | F:x̄σmM 11.4 2.6 7.0 25.0 | H 1.245 | V 0.879 | pL -0.002 | vL 0.001 | ∇ 0.022
U 15 | F 030720 | FPS 1453 | D 23 | rR:x̄σmM 0.93 0.02 0.87 0.96 | F:x̄σmM 11.7 2.7 7.0 21.0 | H 1.213 | V 0.876 | pL 0.010 | vL 0.001 | ∇ 0.031
U 16 | F 032768 | FPS 1532 | D 25 | rR:x̄σmM 0.93 0.03 0.67 0.96 | F:x̄σmM 11.5 4.8 7.0 53.0 | H 1.287 | V 0.870 | pL 0.010 | vL 0.001 | ∇ 0.025
U 17 | F 034816 | FPS 1358 | D 26 | rR:x̄σmM 0.92 0.02 0.77 0.96 | F:x̄σmM 12.6 3.9 7.0 36.0 | H 1.252 | V 0.860 | pL 0.010 | vL 0.001 | ∇ 0.037
U 18 | F 036864 | FPS 1379 | D 28 | rR:x̄σmM 0.93 0.02 0.88 0.96 | F:x̄σmM 11.2 2.6 7.0 20.0 | H 1.231 | V 0.875 | pL -0.011 | vL 0.001 | ∇ 0.012
U 19 | F 038912 | FPS 1416 | D 29 | rR:x̄σmM 0.93 0.02 0.88 0.96 | F:x̄σmM 11.8 2.7 7.0 19.0 | H 1.202 | V 0.874 | pL -0.003 | vL 0.001 | ∇ 0.017
U 20 | F 040960 | FPS 1171 | D 31 | rR:x̄σmM 0.93 0.02 0.87 0.96 | F:x̄σmM 11.0 2.4 7.0 21.0 | H 1.305 | V 0.882 | pL 0.002 | vL 0.001 | ∇ 0.016
Model successfully saved
U 21 | F 043008 | FPS 1451 | D 32 | rR:x̄σmM 0.92 0.02 0.76 0.96 | F:x̄σmM 12.5 3.8 7.0 38.0 | H 1.172 | V 0.864 | pL 0.010 | vL 0.001 | ∇ 0.020
U 22 | F 045056 | FPS 1458 | D 34 | rR:x̄σmM 0.93 0.02 0.77 0.96 | F:x̄σmM 10.9 3.3 7.0 37.0 | H 1.088 | V 0.877 | pL -0.012 | vL 0.001 | ∇ 0.019
U 23 | F 047104 | FPS 1292 | D 35 | rR:x̄σmM 0.94 0.01 0.88 0.96 | F:x̄σmM 10.3 2.3 7.0 19.0 | H 1.281 | V 0.892 | pL 0.002 | vL 0.000 | ∇ 0.026
U 24 | F 049152 | FPS 1174 | D 37 | rR:x̄σmM 0.92 0.03 0.81 0.96 | F:x̄σmM 13.3 4.7 7.0 30.0 | H 1.361 | V 0.852 | pL 0.023 | vL 0.002 | ∇ 0.033
U 25 | F 051200 | FPS 1486 | D 38 | rR:x̄σmM 0.92 0.02 0.84 0.96 | F:x̄σmM 12.6 3.4 7.0 25.0 | H 1.285 | V 0.864 | pL 0.005 | vL 0.001 | ∇ 0.021
U 26 | F 053248 | FPS 1322 | D 40 | rR:x̄σmM 0.93 0.02 0.79 0.96 | F:x̄σmM 11.9 3.7 7.0 34.0 | H 1.193 | V 0.869 | pL -0.005 | vL 0.001 | ∇ 0.014
U 27 | F 055296 | FPS 1588 | D 41 | rR:x̄σmM 0.93 0.02 0.86 0.96 | F:x̄σmM 10.7 2.8 7.0 22.0 | H 1.160 | V 0.881 | pL -0.007 | vL 0.001 | ∇ 0.015
U 28 | F 057344 | FPS 1583 | D 42 | rR:x̄σmM 0.93 0.02 0.88 0.96 | F:x̄σmM 10.5 2.7 7.0 20.0 | H 1.159 | V 0.881 | pL -0.001 | vL 0.001 | ∇ 0.013
U 29 | F 059392 | FPS 1598 | D 44 | rR:x̄σmM 0.93 0.02 0.86 0.96 | F:x̄σmM 10.7 2.5 7.0 23.0 | H 1.325 | V 0.887 | pL 0.007 | vL 0.000 | ∇ 0.016
U 30 | F 061440 | FPS 1590 | D 45 | rR:x̄σmM 0.92 0.03 0.81 0.96 | F:x̄σmM 13.0 4.2 7.0 31.0 | H 1.236 | V 0.862 | pL 0.028 | vL 0.001 | ∇ 0.021
Model successfully saved
U 31 | F 063488 | FPS 1562 | D 46 | rR:x̄σmM 0.93 0.02 0.85 0.96 | F:x̄σmM 11.3 3.3 7.0 24.0 | H 1.122 | V 0.872 | pL -0.011 | vL 0.001 | ∇ 0.020
U 32 | F 065536 | FPS 1577 | D 48 | rR:x̄σmM 0.93 0.02 0.87 0.96 | F:x̄σmM 10.6 2.4 7.0 21.0 | H 1.228 | V 0.884 | pL -0.012 | vL 0.001 | ∇ 0.017
U 33 | F 067584 | FPS 1590 | D 49 | rR:x̄σmM 0.93 0.02 0.87 0.96 | F:x̄σmM 11.1 2.9 7.0 21.0 | H 1.200 | V 0.878 | pL -0.003 | vL 0.001 | ∇ 0.021
U 34 | F 069632 | FPS 1580 | D 50 | rR:x̄σmM 0.93 0.03 0.62 0.96 | F:x̄σmM 11.6 4.7 7.0 61.0 | H 1.144 | V 0.874 | pL 0.013 | vL 0.001 | ∇ 0.022
U 35 | F 071680 | FPS 1561 | D 52 | rR:x̄σmM 0.93 0.02 0.88 0.96 | F:x̄σmM 10.9 2.6 7.0 19.0 | H 1.134 | V 0.877 | pL -0.015 | vL 0.001 | ∇ 0.018
U 36 | F 073728 | FPS 1573 | D 53 | rR:x̄σmM 0.93 0.01 0.88 0.96 | F:x̄σmM 10.7 2.2 7.0 20.0 | H 1.270 | V 0.882 | pL -0.007 | vL 0.001 | ∇ 0.017
U 37 | F 075776 | FPS 1563 | D 54 | rR:x̄σmM 0.92 0.03 0.66 0.96 | F:x̄σmM 12.5 5.0 7.0 54.0 | H 1.197 | V 0.862 | pL 0.016 | vL 0.002 | ∇ 0.034
U 38 | F 077824 | FPS 1542 | D 56 | rR:x̄σmM 0.93 0.02 0.86 0.96 | F:x̄σmM 11.2 2.9 7.0 23.0 | H 1.221 | V 0.876 | pL -0.002 | vL 0.001 | ∇ 0.014
U 39 | F 079872 | FPS 1503 | D 57 | rR:x̄σmM 0.93 0.02 0.86 0.96 | F:x̄σmM 10.8 2.8 7.0 22.0 | H 1.244 | V 0.885 | pL 0.004 | vL 0.001 | ∇ 0.019
U 40 | F 081920 | FPS 1178 | D 59 | rR:x̄σmM 0.93 0.02 0.87 0.96 | F:x̄σmM 11.4 2.9 7.0 21.0 | H 1.260 | V 0.876 | pL 0.010 | vL 0.001 | ∇ 0.020
Model successfully saved
U 41 | F 083968 | FPS 1139 | D 60 | rR:x̄σmM 0.92 0.02 0.86 0.96 | F:x̄σmM 12.0 3.1 7.0 23.0 | H 1.251 | V 0.874 | pL 0.008 | vL 0.001 | ∇ 0.030
U 42 | F 086016 | FPS 1305 | D 62 | rR:x̄σmM 0.93 0.02 0.83 0.96 | F:x̄σmM 11.7 3.2 7.0 27.0 | H 1.134 | V 0.868 | pL -0.011 | vL 0.001 | ∇ 0.019
U 43 | F 088064 | FPS 1092 | D 64 | rR:x̄σmM 0.93 0.02 0.81 0.96 | F:x̄σmM 10.6 3.0 7.0 31.0 | H 1.119 | V 0.880 | pL -0.013 | vL 0.001 | ∇ 0.017
U 44 | F 090112 | FPS 1368 | D 65 | rR:x̄σmM 0.94 0.01 0.87 0.96 | F:x̄σmM 10.2 2.4 7.0 21.0 | H 1.235 | V 0.888 | pL -0.001 | vL 0.001 | ∇ 0.013
U 45 | F 092160 | FPS 1383 | D 67 | rR:x̄σmM 0.93 0.02 0.87 0.96 | F:x̄σmM 11.2 2.7 7.0 21.0 | H 1.348 | V 0.884 | pL 0.018 | vL 0.001 | ∇ 0.020
U 46 | F 094208 | FPS 1503 | D 68 | rR:x̄σmM 0.92 0.02 0.85 0.96 | F:x̄σmM 12.8 3.5 7.0 24.0 | H 1.309 | V 0.865 | pL 0.017 | vL 0.001 | ∇ 0.016
U 47 | F 096256 | FPS 1310 | D 70 | rR:x̄σmM 0.92 0.02 0.82 0.96 | F:x̄σmM 12.1 3.8 7.0 29.0 | H 1.197 | V 0.862 | pL -0.007 | vL 0.001 | ∇ 0.022
U 48 | F 098304 | FPS 1521 | D 71 | rR:x̄σmM 0.93 0.02 0.87 0.96 | F:x̄σmM 10.8 2.6 7.0 21.0 | H 1.179 | V 0.879 | pL -0.015 | vL 0.001 | ∇ 0.017
U 49 | F 100352 | FPS 1470 | D 73 | rR:x̄σmM 0.93 0.02 0.85 0.96 | F:x̄σmM 11.0 2.7 7.0 24.0 | H 1.153 | V 0.881 | pL 0.004 | vL 0.001 | ∇ 0.022
U 50 | F 102400 | FPS 1195 | D 74 | rR:x̄σmM 0.93 0.02 0.79 0.96 | F:x̄σmM 11.1 3.2 7.0 33.0 | H 1.241 | V 0.877 | pL 0.003 | vL 0.001 | ∇ 0.016
Model successfully saved
U 51 | F 104448 | FPS 1488 | D 76 | rR:x̄σmM 0.93 0.02 0.84 0.96 | F:x̄σmM 11.2 3.0 7.0 26.0 | H 1.211 | V 0.879 | pL -0.002 | vL 0.001 | ∇ 0.016
U 52 | F 106496 | FPS 1381 | D 77 | rR:x̄σmM 0.93 0.02 0.85 0.96 | F:x̄σmM 11.6 3.3 7.0 24.0 | H 1.155 | V 0.872 | pL 0.004 | vL 0.001 | ∇ 0.037
U 53 | F 108544 | FPS 0800 | D 80 | rR:x̄σmM 0.93 0.02 0.85 0.96 | F:x̄σmM 10.8 3.0 7.0 24.0 | H 1.058 | V 0.877 | pL -0.013 | vL 0.001 | ∇ 0.018
U 54 | F 110592 | FPS 0854 | D 82 | rR:x̄σmM 0.94 0.02 0.87 0.96 | F:x̄σmM 10.3 2.5 7.0 21.0 | H 1.187 | V 0.888 | pL -0.003 | vL 0.001 | ∇ 0.015
U 55 | F 112640 | FPS 1178 | D 84 | rR:x̄σmM 0.93 0.02 0.82 0.96 | F:x̄σmM 10.7 2.8 7.0 28.0 | H 1.168 | V 0.886 | pL 0.005 | vL 0.001 | ∇ 0.029
U 56 | F 114688 | FPS 1333 | D 85 | rR:x̄σmM 0.93 0.02 0.87 0.96 | F:x̄σmM 10.9 2.7 7.0 21.0 | H 1.145 | V 0.882 | pL -0.004 | vL 0.001 | ∇ 0.010
U 57 | F 116736 | FPS 1437 | D 87 | rR:x̄σmM 0.93 0.02 0.88 0.96 | F:x̄σmM 10.7 2.7 7.0 20.0 | H 1.155 | V 0.879 | pL -0.008 | vL 0.001 | ∇ 0.024
U 58 | F 118784 | FPS 1495 | D 88 | rR:x̄σmM 0.93 0.02 0.85 0.96 | F:x̄σmM 11.1 3.1 7.0 24.0 | H 1.083 | V 0.878 | pL 0.001 | vL 0.001 | ∇ 0.014
U 59 | F 120832 | FPS 1431 | D 90 | rR:x̄σmM 0.93 0.02 0.88 0.96 | F:x̄σmM 10.6 2.5 7.0 19.0 | H 1.164 | V 0.882 | pL -0.007 | vL 0.001 | ∇ 0.015
U 60 | F 122880 | FPS 1421 | D 91 | rR:x̄σmM 0.93 0.02 0.86 0.96 | F:x̄σmM 11.0 2.9 7.0 22.0 | H 1.157 | V 0.882 | pL 0.005 | vL 0.001 | ∇ 0.015
Model successfully saved
U 61 | F 124928 | FPS 1378 | D 93 | rR:x̄σmM 0.93 0.02 0.82 0.96 | F:x̄σmM 10.8 2.7 7.0 28.0 | H 1.206 | V 0.884 | pL 0.000 | vL 0.001 | ∇ 0.013
U 62 | F 126976 | FPS 1434 | D 94 | rR:x̄σmM 0.93 0.02 0.85 0.96 | F:x̄σmM 11.3 3.0 7.0 24.0 | H 1.117 | V 0.872 | pL -0.002 | vL 0.001 | ∇ 0.012
U 63 | F 129024 | FPS 1546 | D 95 | rR:x̄σmM 0.94 0.01 0.89 0.96 | F:x̄σmM 10.4 2.3 7.0 17.0 | H 1.167 | V 0.888 | pL -0.006 | vL 0.001 | ∇ 0.016
U 64 | F 131072 | FPS 1261 | D 97 | rR:x̄σmM 0.93 0.02 0.86 0.96 | F:x̄σmM 10.6 2.6 7.0 22.0 | H 1.269 | V 0.887 | pL 0.005 | vL 0.001 | ∇ 0.008
U 65 | F 133120 | FPS 1247 | D 99 | rR:x̄σmM 0.92 0.02 0.86 0.96 | F:x̄σmM 12.2 3.2 7.0 23.0 | H 1.257 | V 0.871 | pL 0.011 | vL 0.001 | ∇ 0.016
U 66 | F 135168 | FPS 0963 | D 101 | rR:x̄σmM 0.93 0.02 0.84 0.96 | F:x̄σmM 11.2 3.0 7.0 26.0 | H 1.182 | V 0.872 | pL -0.008 | vL 0.001 | ∇ 0.014
U 67 | F 137216 | FPS 1123 | D 103 | rR:x̄σmM 0.93 0.02 0.86 0.96 | F:x̄σmM 11.5 3.0 7.0 23.0 | H 1.211 | V 0.876 | pL 0.002 | vL 0.001 | ∇ 0.014
U 68 | F 139264 | FPS 1222 | D 104 | rR:x̄σmM 0.93 0.02 0.88 0.96 | F:x̄σmM 11.1 2.6 7.0 19.0 | H 1.217 | V 0.877 | pL -0.003 | vL 0.001 | ∇ 0.013
U 69 | F 141312 | FPS 1524 | D 106 | rR:x̄σmM 0.93 0.02 0.85 0.96 | F:x̄σmM 11.4 3.2 7.0 24.0 | H 1.260 | V 0.877 | pL 0.007 | vL 0.001 | ∇ 0.015
U 70 | F 143360 | FPS 1003 | D 108 | rR:x̄σmM 0.93 0.02 0.81 0.96 | F:x̄σmM 11.3 3.4 7.0 30.0 | H 1.232 | V 0.879 | pL 0.007 | vL 0.001 | ∇ 0.014
Model successfully saved
U 71 | F 145408 | FPS 1372 | D 109 | rR:x̄σmM 0.93 0.02 0.81 0.96 | F:x̄σmM 10.9 3.0 7.0 30.0 | H 1.217 | V 0.883 | pL 0.006 | vL 0.001 | ∇ 0.013
U 72 | F 147456 | FPS 1398 | D 111 | rR:x̄σmM 0.93 0.02 0.84 0.96 | F:x̄σmM 11.6 3.4 7.0 26.0 | H 1.162 | V 0.872 | pL 0.004 | vL 0.001 | ∇ 0.017
U 73 | F 149504 | FPS 1327 | D 112 | rR:x̄σmM 0.93 0.02 0.88 0.96 | F:x̄σmM 10.6 2.6 7.0 19.0 | H 1.122 | V 0.884 | pL -0.010 | vL 0.001 | ∇ 0.022
U 74 | F 151552 | FPS 1583 | D 113 | rR:x̄σmM 0.93 0.02 0.85 0.96 | F:x̄σmM 10.5 2.6 7.0 24.0 | H 1.190 | V 0.884 | pL -0.002 | vL 0.001 | ∇ 0.014
U 75 | F 153600 | FPS 1606 | D 115 | rR:x̄σmM 0.93 0.02 0.85 0.96 | F:x̄σmM 10.8 2.6 7.0 24.0 | H 1.247 | V 0.883 | pL 0.006 | vL 0.001 | ∇ 0.013
U 76 | F 155648 | FPS 1601 | D 116 | rR:x̄σmM 0.93 0.02 0.86 0.96 | F:x̄σmM 11.4 3.0 7.0 22.0 | H 1.236 | V 0.877 | pL 0.004 | vL 0.001 | ∇ 0.016
U 77 | F 157696 | FPS 1593 | D 117 | rR:x̄σmM 0.93 0.02 0.78 0.96 | F:x̄σmM 11.8 3.9 7.0 35.0 | H 1.150 | V 0.867 | pL -0.002 | vL 0.001 | ∇ 0.015
U 78 | F 159744 | FPS 1576 | D 119 | rR:x̄σmM 0.93 0.02 0.81 0.96 | F:x̄σmM 11.0 3.1 7.0 31.0 | H 1.072 | V 0.870 | pL -0.025 | vL 0.001 | ∇ 0.021
U 79 | F 161792 | FPS 1587 | D 120 | rR:x̄σmM 0.94 0.02 0.89 0.96 | F:x̄σmM 10.2 2.4 7.0 18.0 | H 1.204 | V 0.893 | pL 0.008 | vL 0.001 | ∇ 0.013
U 80 | F 163840 | FPS 1560 | D 121 | rR:x̄σmM 0.93 0.02 0.86 0.96 | F:x̄σmM 11.2 2.7 7.0 22.0 | H 1.258 | V 0.884 | pL 0.018 | vL 0.001 | ∇ 0.017
Model successfully saved
U 81 | F 165888 | FPS 1548 | D 123 | rR:x̄σmM 0.93 0.02 0.86 0.96 | F:x̄σmM 11.7 3.3 7.0 22.0 | H 1.174 | V 0.869 | pL -0.004 | vL 0.001 | ∇ 0.024
U 82 | F 167936 | FPS 1561 | D 124 | rR:x̄σmM 0.93 0.01 0.89 0.96 | F:x̄σmM 10.8 2.3 7.0 18.0 | H 1.196 | V 0.880 | pL -0.014 | vL 0.001 | ∇ 0.014
U 83 | F 169984 | FPS 1574 | D 125 | rR:x̄σmM 0.93 0.02 0.86 0.96 | F:x̄σmM 11.0 2.6 7.0 23.0 | H 1.230 | V 0.882 | pL 0.003 | vL 0.001 | ∇ 0.011
U 84 | F 172032 | FPS 1563 | D 127 | rR:x̄σmM 0.93 0.02 0.85 0.96 | F:x̄σmM 11.2 2.8 7.0 24.0 | H 1.358 | V 0.883 | pL 0.013 | vL 0.001 | ∇ 0.010
U 85 | F 174080 | FPS 1592 | D 128 | rR:x̄σmM 0.92 0.02 0.86 0.96 | F:x̄σmM 12.9 3.2 7.0 22.0 | H 1.324 | V 0.867 | pL 0.021 | vL 0.001 | ∇ 0.013
U 86 | F 176128 | FPS 1576 | D 129 | rR:x̄σmM 0.93 0.02 0.84 0.96 | F:x̄σmM 11.9 2.9 7.0 25.0 | H 1.287 | V 0.872 | pL 0.002 | vL 0.001 | ∇ 0.015
U 87 | F 178176 | FPS 1567 | D 130 | rR:x̄σmM 0.93 0.02 0.76 0.96 | F:x̄σmM 12.0 3.6 7.0 38.0 | H 1.235 | V 0.869 | pL -0.003 | vL 0.001 | ∇ 0.015
U 88 | F 180224 | FPS 1568 | D 132 | rR:x̄σmM 0.93 0.02 0.87 0.96 | F:x̄σmM 11.3 2.7 7.0 21.0 | H 1.216 | V 0.877 | pL -0.003 | vL 0.001 | ∇ 0.017
U 89 | F 182272 | FPS 1573 | D 133 | rR:x̄σmM 0.93 0.02 0.84 0.96 | F:x̄σmM 11.8 3.1 7.0 26.0 | H 1.181 | V 0.867 | pL -0.010 | vL 0.001 | ∇ 0.014
U 90 | F 184320 | FPS 1555 | D 134 | rR:x̄σmM 0.93 0.02 0.86 0.96 | F:x̄σmM 11.2 3.0 7.0 22.0 | H 1.185 | V 0.877 | pL -0.006 | vL 0.001 | ∇ 0.018
Model successfully saved
U 91 | F 186368 | FPS 1547 | D 136 | rR:x̄σmM 0.93 0.02 0.82 0.96 | F:x̄σmM 11.0 3.2 7.0 29.0 | H 1.136 | V 0.875 | pL -0.005 | vL 0.001 | ∇ 0.012
U 92 | F 188416 | FPS 1572 | D 137 | rR:x̄σmM 0.94 0.02 0.86 0.96 | F:x̄σmM 10.2 2.5 7.0 23.0 | H 1.222 | V 0.889 | pL -0.009 | vL 0.001 | ∇ 0.014
U 93 | F 190464 | FPS 1558 | D 138 | rR:x̄σmM 0.93 0.02 0.84 0.96 | F:x̄σmM 11.3 2.9 7.0 25.0 | H 1.248 | V 0.876 | pL 0.003 | vL 0.001 | ∇ 0.020
U 94 | F 192512 | FPS 1560 | D 140 | rR:x̄σmM 0.93 0.02 0.87 0.96 | F:x̄σmM 11.7 2.9 7.0 21.0 | H 1.225 | V 0.877 | pL 0.006 | vL 0.001 | ∇ 0.013
U 95 | F 194560 | FPS 1587 | D 141 | rR:x̄σmM 0.93 0.02 0.85 0.96 | F:x̄σmM 11.6 2.9 7.0 24.0 | H 1.234 | V 0.874 | pL -0.000 | vL 0.001 | ∇ 0.015
U 96 | F 196608 | FPS 1576 | D 142 | rR:x̄σmM 0.93 0.02 0.85 0.96 | F:x̄σmM 11.6 3.0 7.0 24.0 | H 1.306 | V 0.875 | pL 0.002 | vL 0.001 | ∇ 0.010
U 97 | F 198656 | FPS 1570 | D 144 | rR:x̄σmM 0.92 0.03 0.76 0.96 | F:x̄σmM 12.6 4.6 7.0 39.0 | H 1.214 | V 0.860 | pL 0.009 | vL 0.001 | ∇ 0.017
U 98 | F 200704 | FPS 1585 | D 145 | rR:x̄σmM 0.93 0.02 0.85 0.96 | F:x̄σmM 11.2 2.9 7.0 24.0 | H 1.177 | V 0.875 | pL -0.014 | vL 0.001 | ∇ 0.025
U 99 | F 202752 | FPS 1585 | D 146 | rR:x̄σmM 0.93 0.02 0.87 0.96 | F:x̄σmM 11.3 3.1 7.0 21.0 | H 1.184 | V 0.877 | pL -0.000 | vL 0.001 | ∇ 0.015
U 100 | F 204800 | FPS 1568 | D 147 | rR:x̄σmM 0.93 0.02 0.82 0.96 | F:x̄σmM 11.2 3.0 7.0 28.0 | H 1.175 | V 0.875 | pL 0.001 | vL 0.001 | ∇ 0.017
Model successfully saved
U 101 | F 206848 | FPS 1584 | D 149 | rR:x̄σmM 0.93 0.02 0.84 0.96 | F:x̄σmM 11.4 3.2 7.0 25.0 | H 1.278 | V 0.879 | pL 0.013 | vL 0.001 | ∇ 0.012
U 102 | F 208896 | FPS 1579 | D 150 | rR:x̄σmM 0.92 0.02 0.82 0.96 | F:x̄σmM 12.2 3.4 7.0 28.0 | H 1.287 | V 0.863 | pL -0.000 | vL 0.001 | ∇ 0.019
U 103 | F 210944 | FPS 1568 | D 151 | rR:x̄σmM 0.92 0.03 0.77 0.96 | F:x̄σmM 12.7 4.5 7.0 37.0 | H 1.225 | V 0.858 | pL 0.007 | vL 0.001 | ∇ 0.018
U 104 | F 212992 | FPS 1554 | D 153 | rR:x̄σmM 0.93 0.02 0.85 0.96 | F:x̄σmM 11.0 3.0 7.0 24.0 | H 1.160 | V 0.873 | pL -0.015 | vL 0.001 | ∇ 0.019
U 105 | F 215040 | FPS 1575 | D 154 | rR:x̄σmM 0.93 0.02 0.88 0.96 | F:x̄σmM 10.6 2.6 7.0 20.0 | H 1.216 | V 0.885 | pL -0.004 | vL 0.001 | ∇ 0.015
U 106 | F 217088 | FPS 1563 | D 155 | rR:x̄σmM 0.93 0.02 0.81 0.96 | F:x̄σmM 11.4 3.2 7.0 31.0 | H 1.404 | V 0.884 | pL 0.024 | vL 0.001 | ∇ 0.015
U 107 | F 219136 | FPS 1566 | D 157 | rR:x̄σmM 0.92 0.02 0.84 0.96 | F:x̄σmM 13.0 3.2 7.0 26.0 | H 1.333 | V 0.861 | pL 0.005 | vL 0.001 | ∇ 0.030
U 108 | F 221184 | FPS 1585 | D 158 | rR:x̄σmM 0.92 0.02 0.84 0.96 | F:x̄σmM 12.2 3.4 7.0 25.0 | H 1.254 | V 0.863 | pL -0.010 | vL 0.001 | ∇ 0.013
U 109 | F 223232 | FPS 1585 | D 159 | rR:x̄σmM 0.93 0.02 0.82 0.96 | F:x̄σmM 11.9 3.3 7.0 29.0 | H 1.256 | V 0.874 | pL -0.001 | vL 0.001 | ∇ 0.012
U 110 | F 225280 | FPS 1559 | D 161 | rR:x̄σmM 0.92 0.02 0.77 0.96 | F:x̄σmM 12.2 3.9 7.0 37.0 | H 1.281 | V 0.864 | pL 0.007 | vL 0.001 | ∇ 0.021
Model successfully saved
U 111 | F 227328 | FPS 1579 | D 162 | rR:x̄σmM 0.93 0.02 0.84 0.96 | F:x̄σmM 11.6 3.1 7.0 25.0 | H 1.178 | V 0.870 | pL -0.022 | vL 0.001 | ∇ 0.024
U 112 | F 229376 | FPS 1580 | D 163 | rR:x̄σmM 0.93 0.02 0.87 0.96 | F:x̄σmM 10.5 2.5 7.0 21.0 | H 1.217 | V 0.885 | pL -0.009 | vL 0.001 | ∇ 0.011
U 113 | F 231424 | FPS 1578 | D 164 | rR:x̄σmM 0.93 0.02 0.83 0.96 | F:x̄σmM 11.5 2.9 7.0 27.0 | H 1.214 | V 0.877 | pL 0.011 | vL 0.001 | ∇ 0.019
U 114 | F 233472 | FPS 1580 | D 166 | rR:x̄σmM 0.93 0.02 0.84 0.96 | F:x̄σmM 11.6 3.3 7.0 25.0 | H 1.217 | V 0.873 | pL 0.002 | vL 0.001 | ∇ 0.023
U 115 | F 235520 | FPS 1586 | D 167 | rR:x̄σmM 0.93 0.02 0.84 0.96 | F:x̄σmM 11.4 3.3 7.0 25.0 | H 1.202 | V 0.874 | pL 0.003 | vL 0.001 | ∇ 0.013
U 116 | F 237568 | FPS 1571 | D 168 | rR:x̄σmM 0.93 0.02 0.74 0.96 | F:x̄σmM 11.1 3.6 7.0 41.0 | H 1.163 | V 0.878 | pL 0.001 | vL 0.001 | ∇ 0.010
U 117 | F 239616 | FPS 1582 | D 170 | rR:x̄σmM 0.93 0.02 0.88 0.96 | F:x̄σmM 10.8 2.7 7.0 19.0 | H 1.160 | V 0.880 | pL -0.008 | vL 0.001 | ∇ 0.010
U 118 | F 241664 | FPS 1573 | D 171 | rR:x̄σmM 0.93 0.02 0.84 0.96 | F:x̄σmM 10.8 2.8 7.0 26.0 | H 1.168 | V 0.883 | pL -0.001 | vL 0.001 | ∇ 0.013
U 119 | F 243712 | FPS 1565 | D 172 | rR:x̄σmM 0.93 0.02 0.86 0.96 | F:x̄σmM 10.7 2.8 7.0 22.0 | H 1.112 | V 0.882 | pL -0.001 | vL 0.001 | ∇ 0.011
U 120 | F 245760 | FPS 1567 | D 174 | rR:x̄σmM 0.94 0.02 0.87 0.96 | F:x̄σmM 10.3 2.4 7.0 21.0 | H 1.221 | V 0.888 | pL -0.005 | vL 0.000 | ∇ 0.010
Model successfully saved
U 121 | F 247808 | FPS 1594 | D 175 | rR:x̄σmM 0.93 0.02 0.86 0.96 | F:x̄σmM 11.1 2.8 7.0 22.0 | H 1.237 | V 0.880 | pL 0.008 | vL 0.001 | ∇ 0.012
U 122 | F 249856 | FPS 1589 | D 176 | rR:x̄σmM 0.93 0.02 0.85 0.96 | F:x̄σmM 11.5 2.8 7.0 24.0 | H 1.317 | V 0.878 | pL 0.013 | vL 0.001 | ∇ 0.016
U 123 | F 251904 | FPS 1579 | D 177 | rR:x̄σmM 0.92 0.02 0.83 0.96 | F:x̄σmM 12.7 3.7 7.0 27.0 | H 1.223 | V 0.861 | pL 0.013 | vL 0.001 | ∇ 0.025
U 124 | F 253952 | FPS 1586 | D 179 | rR:x̄σmM 0.93 0.02 0.86 0.96 | F:x̄σmM 11.5 3.1 7.0 23.0 | H 1.161 | V 0.875 | pL -0.004 | vL 0.001 | ∇ 0.017
U 125 | F 256000 | FPS 1585 | D 180 | rR:x̄σmM 0.93 0.02 0.84 0.96 | F:x̄σmM 10.4 2.8 7.0 26.0 | H 1.213 | V 0.884 | pL -0.007 | vL 0.001 | ∇ 0.010
U 126 | F 258048 | FPS 1573 | D 181 | rR:x̄σmM 0.93 0.02 0.77 0.96 | F:x̄σmM 11.3 3.5 7.0 37.0 | H 1.228 | V 0.876 | pL 0.012 | vL 0.001 | ∇ 0.022
U 127 | F 260096 | FPS 1549 | D 183 | rR:x̄σmM 0.93 0.02 0.84 0.96 | F:x̄σmM 11.6 3.4 7.0 25.0 | H 1.203 | V 0.872 | pL 0.001 | vL 0.001 | ∇ 0.014
U 128 | F 262144 | FPS 1577 | D 184 | rR:x̄σmM 0.93 0.02 0.86 0.96 | F:x̄σmM 11.2 2.9 7.0 23.0 | H 1.203 | V 0.876 | pL -0.005 | vL 0.001 | ∇ 0.009
U 129 | F 264192 | FPS 1532 | D 185 | rR:x̄σmM 0.93 0.02 0.88 0.96 | F:x̄σmM 11.5 2.8 7.0 20.0 | H 1.200 | V 0.878 | pL 0.002 | vL 0.001 | ∇ 0.019
U 130 | F 266240 | FPS 1013 | D 187 | rR:x̄σmM 0.93 0.02 0.84 0.96 | F:x̄σmM 11.1 3.0 7.0 26.0 | H 1.121 | V 0.876 | pL -0.012 | vL 0.001 | ∇ 0.016
Model successfully saved
U 131 | F 268288 | FPS 1374 | D 189 | rR:x̄σmM 0.93 0.01 0.88 0.96 | F:x̄σmM 10.4 2.3 7.0 20.0 | H 1.335 | V 0.889 | pL 0.001 | vL 0.000 | ∇ 0.009
U 132 | F 270336 | FPS 1211 | D 191 | rR:x̄σmM 0.92 0.02 0.84 0.96 | F:x̄σmM 13.0 3.9 7.0 25.0 | H 1.454 | V 0.872 | pL 0.036 | vL 0.001 | ∇ 0.030
U 133 | F 272384 | FPS 1370 | D 192 | rR:x̄σmM 0.91 0.03 0.81 0.96 | F:x̄σmM 13.7 4.5 7.0 31.0 | H 1.360 | V 0.849 | pL 0.016 | vL 0.001 | ∇ 0.014
U 134 | F 274432 | FPS 1409 | D 193 | rR:x̄σmM 0.92 0.02 0.83 0.96 | F:x̄σmM 13.2 3.8 7.0 27.0 | H 1.224 | V 0.851 | pL -0.008 | vL 0.001 | ∇ 0.009
U 135 | F 276480 | FPS 1236 | D 195 | rR:x̄σmM 0.93 0.02 0.83 0.96 | F:x̄σmM 11.4 3.3 7.0 27.0 | H 1.167 | V 0.872 | pL -0.017 | vL 0.001 | ∇ 0.022
U 136 | F 278528 | FPS 1361 | D 197 | rR:x̄σmM 0.93 0.02 0.83 0.96 | F:x̄σmM 11.3 3.2 7.0 27.0 | H 1.272 | V 0.880 | pL 0.007 | vL 0.001 | ∇ 0.014
U 137 | F 280576 | FPS 1555 | D 198 | rR:x̄σmM 0.93 0.02 0.85 0.96 | F:x̄σmM 11.8 3.1 7.0 24.0 | H 1.241 | V 0.872 | pL 0.006 | vL 0.001 | ∇ 0.012
U 138 | F 282624 | FPS 1597 | D 199 | rR:x̄σmM 0.93 0.02 0.84 0.96 | F:x̄σmM 11.2 3.0 7.0 26.0 | H 1.260 | V 0.877 | pL 0.000 | vL 0.001 | ∇ 0.017
U 139 | F 284672 | FPS 1285 | D 201 | rR:x̄σmM 0.93 0.03 0.77 0.96 | F:x̄σmM 11.9 4.0 7.0 36.0 | H 1.274 | V 0.867 | pL 0.006 | vL 0.001 | ∇ 0.015
U 140 | F 286720 | FPS 1240 | D 203 | rR:x̄σmM 0.93 0.02 0.85 0.96 | F:x̄σmM 11.5 3.1 7.0 24.0 | H 1.203 | V 0.873 | pL -0.005 | vL 0.001 | ∇ 0.010
Model successfully saved
U 141 | F 288768 | FPS 1219 | D 204 | rR:x̄σmM 0.93 0.02 0.84 0.96 | F:x̄σmM 11.2 3.0 7.0 26.0 | H 1.191 | V 0.879 | pL -0.004 | vL 0.001 | ∇ 0.016
U 142 | F 290816 | FPS 1317 | D 206 | rR:x̄σmM 0.93 0.02 0.86 0.96 | F:x̄σmM 11.0 3.0 7.0 23.0 | H 1.219 | V 0.883 | pL 0.010 | vL 0.001 | ∇ 0.016
U 143 | F 292864 | FPS 1253 | D 207 | rR:x̄σmM 0.93 0.02 0.84 0.96 | F:x̄σmM 11.6 3.3 7.0 25.0 | H 1.238 | V 0.875 | pL 0.004 | vL 0.001 | ∇ 0.019
U 144 | F 294912 | FPS 0907 | D 210 | rR:x̄σmM 0.93 0.02 0.86 0.96 | F:x̄σmM 11.5 3.0 7.0 22.0 | H 1.181 | V 0.873 | pL -0.003 | vL 0.001 | ∇ 0.009
U 145 | F 296960 | FPS 1239 | D 211 | rR:x̄σmM 0.93 0.02 0.86 0.96 | F:x̄σmM 11.5 3.3 7.0 22.0 | H 1.144 | V 0.874 | pL -0.005 | vL 0.001 | ∇ 0.017
U 146 | F 299008 | FPS 1106 | D 213 | rR:x̄σmM 0.93 0.02 0.86 0.96 | F:x̄σmM 10.5 2.6 7.0 22.0 | H 1.157 | V 0.882 | pL -0.012 | vL 0.001 | ∇ 0.008
U 147 | F 301056 | FPS 1235 | D 215 | rR:x̄σmM 0.93 0.02 0.88 0.96 | F:x̄σmM 10.7 2.5 7.0 19.0 | H 1.285 | V 0.883 | pL 0.002 | vL 0.001 | ∇ 0.008
U 148 | F 303104 | FPS 1274 | D 216 | rR:x̄σmM 0.92 0.02 0.84 0.96 | F:x̄σmM 12.3 3.5 7.0 25.0 | H 1.196 | V 0.867 | pL 0.012 | vL 0.001 | ∇ 0.015
U 149 | F 305152 | FPS 1194 | D 218 | rR:x̄σmM 0.93 0.02 0.85 0.96 | F:x̄σmM 11.1 3.2 7.0 24.0 | H 1.140 | V 0.874 | pL -0.015 | vL 0.001 | ∇ 0.010
U 150 | F 307200 | FPS 1312 | D 220 | rR:x̄σmM 0.93 0.02 0.88 0.96 | F:x̄σmM 10.9 2.4 7.0 19.0 | H 1.272 | V 0.881 | pL -0.006 | vL 0.001 | ∇ 0.009
Model successfully saved
U 151 | F 309248 | FPS 1257 | D 221 | rR:x̄σmM 0.93 0.02 0.87 0.96 | F:x̄σmM 12.0 3.3 7.0 21.0 | H 1.170 | V 0.873 | pL 0.014 | vL 0.001 | ∇ 0.009
U 152 | F 311296 | FPS 1219 | D 223 | rR:x̄σmM 0.93 0.02 0.86 0.96 | F:x̄σmM 10.5 2.5 7.0 23.0 | H 1.273 | V 0.884 | pL -0.007 | vL 0.001 | ∇ 0.006
U 153 | F 313344 | FPS 1175 | D 225 | rR:x̄σmM 0.92 0.02 0.84 0.96 | F:x̄σmM 12.1 3.7 7.0 25.0 | H 1.211 | V 0.870 | pL 0.012 | vL 0.001 | ∇ 0.010
U 154 | F 315392 | FPS 1197 | D 227 | rR:x̄σmM 0.93 0.02 0.86 0.96 | F:x̄σmM 11.2 2.8 7.0 22.0 | H 1.195 | V 0.874 | pL -0.005 | vL 0.001 | ∇ 0.014
U 155 | F 317440 | FPS 1227 | D 228 | rR:x̄σmM 0.93 0.02 0.87 0.96 | F:x̄σmM 11.1 2.7 7.0 21.0 | H 1.207 | V 0.880 | pL -0.005 | vL 0.001 | ∇ 0.008
U 156 | F 319488 | FPS 1134 | D 230 | rR:x̄σmM 0.93 0.02 0.88 0.96 | F:x̄σmM 11.1 2.7 7.0 20.0 | H 1.232 | V 0.881 | pL 0.005 | vL 0.001 | ∇ 0.015
U 157 | F 321536 | FPS 1320 | D 232 | rR:x̄σmM 0.93 0.02 0.80 0.96 | F:x̄σmM 11.4 3.2 7.0 32.0 | H 1.291 | V 0.875 | pL 0.001 | vL 0.001 | ∇ 0.009
U 158 | F 323584 | FPS 1291 | D 233 | rR:x̄σmM 0.93 0.02 0.81 0.96 | F:x̄σmM 11.6 3.3 7.0 30.0 | H 1.202 | V 0.872 | pL 0.001 | vL 0.001 | ∇ 0.010
U 159 | F 325632 | FPS 1484 | D 235 | rR:x̄σmM 0.93 0.02 0.86 0.96 | F:x̄σmM 11.1 3.0 7.0 22.0 | H 1.210 | V 0.874 | pL -0.007 | vL 0.001 | ∇ 0.014
U 160 | F 327680 | FPS 1407 | D 236 | rR:x̄σmM 0.93 0.02 0.83 0.96 | F:x̄σmM 10.9 2.9 7.0 27.0 | H 1.186 | V 0.883 | pL 0.002 | vL 0.001 | ∇ 0.010
Model successfully saved
U 161 | F 329728 | FPS 1600 | D 237 | rR:x̄σmM 0.93 0.02 0.75 0.96 | F:x̄σmM 11.3 3.7 7.0 40.0 | H 1.293 | V 0.877 | pL 0.006 | vL 0.001 | ∇ 0.020
U 162 | F 331776 | FPS 1575 | D 239 | rR:x̄σmM 0.92 0.02 0.87 0.96 | F:x̄σmM 12.2 2.9 7.0 21.0 | H 1.225 | V 0.870 | pL 0.007 | vL 0.001 | ∇ 0.007
U 163 | F 333824 | FPS 1602 | D 240 | rR:x̄σmM 0.93 0.02 0.85 0.96 | F:x̄σmM 10.9 2.6 7.0 24.0 | H 1.172 | V 0.879 | pL -0.011 | vL 0.001 | ∇ 0.009
U 164 | F 335872 | FPS 1599 | D 241 | rR:x̄σmM 0.93 0.02 0.88 0.96 | F:x̄σmM 10.9 2.5 7.0 20.0 | H 1.273 | V 0.884 | pL 0.002 | vL 0.001 | ∇ 0.018
U 165 | F 337920 | FPS 1498 | D 243 | rR:x̄σmM 0.93 0.02 0.87 0.96 | F:x̄σmM 11.8 3.1 7.0 21.0 | H 1.224 | V 0.868 | pL 0.001 | vL 0.001 | ∇ 0.011
U 166 | F 339968 | FPS 1375 | D 244 | rR:x̄σmM 0.93 0.02 0.85 0.96 | F:x̄σmM 11.4 3.2 7.0 24.0 | H 1.111 | V 0.875 | pL -0.007 | vL 0.001 | ∇ 0.011
U 167 | F 342016 | FPS 1357 | D 246 | rR:x̄σmM 0.94 0.01 0.89 0.96 | F:x̄σmM 10.1 2.3 7.0 18.0 | H 1.235 | V 0.888 | pL -0.010 | vL 0.000 | ∇ 0.013
U 168 | F 344064 | FPS 1231 | D 247 | rR:x̄σmM 0.93 0.02 0.86 0.96 | F:x̄σmM 11.2 2.9 7.0 23.0 | H 1.370 | V 0.881 | pL 0.016 | vL 0.001 | ∇ 0.012
U 169 | F 346112 | FPS 1508 | D 249 | rR:x̄σmM 0.92 0.02 0.82 0.96 | F:x̄σmM 13.2 3.9 7.0 28.0 | H 1.293 | V 0.860 | pL 0.020 | vL 0.001 | ∇ 0.016
U 170 | F 348160 | FPS 1324 | D 250 | rR:x̄σmM 0.93 0.02 0.81 0.96 | F:x̄σmM 11.7 3.8 7.0 30.0 | H 1.166 | V 0.871 | pL -0.004 | vL 0.001 | ∇ 0.008
Model successfully saved
U 171 | F 350208 | FPS 1587 | D 251 | rR:x̄σmM 0.93 0.02 0.81 0.96 | F:x̄σmM 10.7 3.3 7.0 30.0 | H 1.103 | V 0.878 | pL -0.007 | vL 0.001 | ∇ 0.013
U 172 | F 352256 | FPS 1579 | D 253 | rR:x̄σmM 0.94 0.02 0.80 0.96 | F:x̄σmM 10.4 2.9 7.0 32.0 | H 1.158 | V 0.885 | pL -0.005 | vL 0.001 | ∇ 0.018
U 173 | F 354304 | FPS 1574 | D 254 | rR:x̄σmM 0.93 0.02 0.86 0.96 | F:x̄σmM 10.6 2.7 7.0 23.0 | H 1.197 | V 0.884 | pL 0.000 | vL 0.001 | ∇ 0.009
U 174 | F 356352 | FPS 1554 | D 255 | rR:x̄σmM 0.93 0.02 0.83 0.96 | F:x̄σmM 10.8 2.9 7.0 27.0 | H 1.248 | V 0.881 | pL 0.003 | vL 0.001 | ∇ 0.012
U 175 | F 358400 | FPS 1565 | D 257 | rR:x̄σmM 0.93 0.02 0.70 0.96 | F:x̄σmM 11.4 4.0 7.0 48.0 | H 1.179 | V 0.875 | pL 0.002 | vL 0.001 | ∇ 0.012
U 176 | F 360448 | FPS 1493 | D 258 | rR:x̄σmM 0.93 0.02 0.84 0.96 | F:x̄σmM 10.9 3.1 7.0 25.0 | H 1.150 | V 0.879 | pL -0.004 | vL 0.001 | ∇ 0.016
U 177 | F 362496 | FPS 1601 | D 259 | rR:x̄σmM 0.93 0.02 0.88 0.96 | F:x̄σmM 10.6 2.4 7.0 19.0 | H 1.176 | V 0.882 | pL -0.010 | vL 0.001 | ∇ 0.008
U 178 | F 364544 | FPS 1605 | D 261 | rR:x̄σmM 0.93 0.01 0.89 0.96 | F:x̄σmM 10.8 2.3 7.0 18.0 | H 1.300 | V 0.885 | pL 0.001 | vL 0.000 | ∇ 0.012
U 179 | F 366592 | FPS 1601 | D 262 | rR:x̄σmM 0.93 0.02 0.85 0.96 | F:x̄σmM 11.7 3.1 7.0 24.0 | H 1.258 | V 0.875 | pL 0.011 | vL 0.001 | ∇ 0.009
U 180 | F 368640 | FPS 1578 | D 263 | rR:x̄σmM 0.92 0.02 0.81 0.96 | F:x̄σmM 12.3 3.9 7.0 30.0 | H 1.208 | V 0.867 | pL 0.007 | vL 0.001 | ∇ 0.012
Model successfully saved
U 181 | F 370688 | FPS 1582 | D 264 | rR:x̄σmM 0.93 0.02 0.86 0.96 | F:x̄σmM 11.1 2.6 7.0 22.0 | H 1.250 | V 0.876 | pL -0.013 | vL 0.001 | ∇ 0.012
U 182 | F 372736 | FPS 1590 | D 266 | rR:x̄σmM 0.93 0.02 0.81 0.96 | F:x̄σmM 11.5 3.3 7.0 30.0 | H 1.262 | V 0.873 | pL 0.003 | vL 0.001 | ∇ 0.013
U 183 | F 374784 | FPS 1603 | D 267 | rR:x̄σmM 0.93 0.02 0.80 0.96 | F:x̄σmM 11.9 3.3 7.0 32.0 | H 1.258 | V 0.870 | pL 0.002 | vL 0.001 | ∇ 0.013
U 184 | F 376832 | FPS 1586 | D 268 | rR:x̄σmM 0.93 0.02 0.85 0.96 | F:x̄σmM 11.3 3.0 7.0 24.0 | H 1.189 | V 0.874 | pL -0.005 | vL 0.001 | ∇ 0.009
U 185 | F 378880 | FPS 1592 | D 270 | rR:x̄σmM 0.93 0.02 0.84 0.96 | F:x̄σmM 11.4 3.2 7.0 25.0 | H 1.181 | V 0.874 | pL -0.004 | vL 0.001 | ∇ 0.014
U 186 | F 380928 | FPS 1597 | D 271 | rR:x̄σmM 0.93 0.02 0.84 0.96 | F:x̄σmM 11.0 3.1 7.0 25.0 | H 1.140 | V 0.872 | pL -0.012 | vL 0.001 | ∇ 0.020
U 187 | F 382976 | FPS 1597 | D 272 | rR:x̄σmM 0.93 0.02 0.86 0.96 | F:x̄σmM 10.5 2.5 7.0 22.0 | H 1.194 | V 0.888 | pL 0.003 | vL 0.001 | ∇ 0.009
U 188 | F 385024 | FPS 1413 | D 274 | rR:x̄σmM 0.93 0.02 0.77 0.96 | F:x̄σmM 10.9 3.3 7.0 36.0 | H 1.236 | V 0.880 | pL 0.010 | vL 0.001 | ∇ 0.013
U 189 | F 387072 | FPS 1268 | D 275 | rR:x̄σmM 0.93 0.02 0.83 0.96 | F:x̄σmM 11.2 3.2 7.0 27.0 | H 1.241 | V 0.881 | pL 0.009 | vL 0.001 | ∇ 0.009
U 190 | F 389120 | FPS 1540 | D 277 | rR:x̄σmM 0.93 0.02 0.85 0.96 | F:x̄σmM 11.8 3.4 7.0 24.0 | H 1.234 | V 0.871 | pL 0.009 | vL 0.001 | ∇ 0.011
Model successfully saved
U 191 | F 391168 | FPS 0981 | D 279 | rR:x̄σmM 0.93 0.03 0.76 0.96 | F:x̄σmM 11.8 4.3 7.0 38.0 | H 1.148 | V 0.866 | pL -0.002 | vL 0.001 | ∇ 0.018
U 192 | F 393216 | FPS 0828 | D 281 | rR:x̄σmM 0.94 0.02 0.84 0.96 | F:x̄σmM 10.0 2.8 7.0 25.0 | H 1.159 | V 0.889 | pL -0.011 | vL 0.001 | ∇ 0.008
U 193 | F 395264 | FPS 0935 | D 283 | rR:x̄σmM 0.93 0.02 0.84 0.96 | F:x̄σmM 10.8 3.1 7.0 26.0 | H 1.273 | V 0.888 | pL 0.016 | vL 0.001 | ∇ 0.014
U 194 | F 397312 | FPS 0835 | D 286 | rR:x̄σmM 0.93 0.02 0.84 0.96 | F:x̄σmM 11.6 3.1 7.0 26.0 | H 1.298 | V 0.876 | pL 0.011 | vL 0.001 | ∇ 0.018
U 195 | F 399360 | FPS 1342 | D 287 | rR:x̄σmM 0.92 0.02 0.84 0.96 | F:x̄σmM 12.1 3.2 7.0 26.0 | H 1.207 | V 0.865 | pL -0.005 | vL 0.001 | ∇ 0.009
U 196 | F 401408 | FPS 1105 | D 289 | rR:x̄σmM 0.93 0.02 0.86 0.96 | F:x̄σmM 11.3 3.0 7.0 22.0 | H 1.131 | V 0.873 | pL -0.014 | vL 0.001 | ∇ 0.009
U 197 | F 403456 | FPS 1346 | D 291 | rR:x̄σmM 0.93 0.02 0.85 0.96 | F:x̄σmM 10.7 2.9 7.0 24.0 | H 1.174 | V 0.881 | pL -0.002 | vL 0.001 | ∇ 0.016
U 198 | F 405504 | FPS 1253 | D 292 | rR:x̄σmM 0.93 0.02 0.88 0.96 | F:x̄σmM 10.8 2.6 7.0 20.0 | H 1.258 | V 0.887 | pL 0.009 | vL 0.001 | ∇ 0.010
U 199 | F 407552 | FPS 1208 | D 294 | rR:x̄σmM 0.92 0.03 0.79 0.96 | F:x̄σmM 12.2 4.1 7.0 34.0 | H 1.327 | V 0.872 | pL 0.023 | vL 0.001 | ∇ 0.016
U 200 | F 409600 | FPS 1188 | D 296 | rR:x̄σmM 0.92 0.03 0.67 0.96 | F:x̄σmM 13.1 5.5 7.0 53.0 | H 1.259 | V 0.838 | pL -0.004 | vL 0.002 | ∇ 0.021
Model successfully saved
U 201 | F 411648 | FPS 1035 | D 298 | rR:x̄σmM 0.93 0.03 0.69 0.96 | F:x̄σmM 11.7 5.1 7.0 49.0 | H 1.123 | V 0.863 | pL -0.019 | vL 0.001 | ∇ 0.022
U 202 | F 413696 | FPS 0950 | D 300 | rR:x̄σmM 0.94 0.02 0.83 0.96 | F:x̄σmM 10.2 2.6 7.0 27.0 | H 1.239 | V 0.893 | pL 0.004 | vL 0.001 | ∇ 0.009
U 203 | F 415744 | FPS 1368 | D 301 | rR:x̄σmM 0.93 0.02 0.85 0.96 | F:x̄σmM 11.2 2.9 7.0 24.0 | H 1.248 | V 0.882 | pL 0.013 | vL 0.001 | ∇ 0.007
U 204 | F 417792 | FPS 1498 | D 303 | rR:x̄σmM 0.93 0.02 0.82 0.96 | F:x̄σmM 11.7 3.3 7.0 29.0 | H 1.227 | V 0.873 | pL 0.009 | vL 0.001 | ∇ 0.011
U 205 | F 419840 | FPS 1567 | D 304 | rR:x̄σmM 0.93 0.02 0.82 0.96 | F:x̄σmM 11.6 3.5 7.0 29.0 | H 1.242 | V 0.874 | pL 0.004 | vL 0.001 | ∇ 0.013
U 206 | F 421888 | FPS 1496 | D 306 | rR:x̄σmM 0.92 0.02 0.86 0.96 | F:x̄σmM 12.1 3.4 7.0 22.0 | H 1.150 | V 0.872 | pL 0.014 | vL 0.001 | ∇ 0.015
U 207 | F 423936 | FPS 1364 | D 307 | rR:x̄σmM 0.93 0.02 0.84 0.96 | F:x̄σmM 10.8 2.7 7.0 25.0 | H 1.249 | V 0.881 | pL -0.002 | vL 0.001 | ∇ 0.010
U 208 | F 425984 | FPS 1429 | D 308 | rR:x̄σmM 0.93 0.02 0.86 0.96 | F:x̄σmM 11.6 3.0 7.0 23.0 | H 1.175 | V 0.877 | pL 0.004 | vL 0.001 | ∇ 0.017
U 209 | F 428032 | FPS 1534 | D 310 | rR:x̄σmM 0.93 0.01 0.87 0.96 | F:x̄σmM 10.6 2.4 7.0 21.0 | H 1.265 | V 0.883 | pL -0.005 | vL 0.001 | ∇ 0.015
U 210 | F 430080 | FPS 1454 | D 311 | rR:x̄σmM 0.93 0.02 0.81 0.96 | F:x̄σmM 11.8 3.6 7.0 31.0 | H 1.163 | V 0.871 | pL 0.005 | vL 0.001 | ∇ 0.011
Model successfully saved
U 211 | F 432128 | FPS 1210 | D 313 | rR:x̄σmM 0.93 0.02 0.82 0.96 | F:x̄σmM 10.5 2.9 7.0 28.0 | H 1.188 | V 0.880 | pL -0.013 | vL 0.001 | ∇ 0.013
U 212 | F 434176 | FPS 1399 | D 314 | rR:x̄σmM 0.93 0.02 0.87 0.96 | F:x̄σmM 11.0 2.9 7.0 21.0 | H 1.182 | V 0.878 | pL -0.004 | vL 0.001 | ∇ 0.008
U 213 | F 436224 | FPS 1450 | D 316 | rR:x̄σmM 0.93 0.02 0.84 0.96 | F:x̄σmM 10.8 2.8 7.0 25.0 | H 1.237 | V 0.883 | pL 0.000 | vL 0.001 | ∇ 0.009
U 214 | F 438272 | FPS 1568 | D 317 | rR:x̄σmM 0.93 0.02 0.83 0.96 | F:x̄σmM 11.5 3.5 7.0 27.0 | H 1.178 | V 0.877 | pL 0.013 | vL 0.001 | ∇ 0.008
U 215 | F 440320 | FPS 1551 | D 318 | rR:x̄σmM 0.93 0.02 0.86 0.96 | F:x̄σmM 11.1 2.7 7.0 22.0 | H 1.217 | V 0.876 | pL -0.006 | vL 0.001 | ∇ 0.007
U 216 | F 442368 | FPS 1476 | D 320 | rR:x̄σmM 0.93 0.02 0.85 0.96 | F:x̄σmM 11.1 3.0 7.0 24.0 | H 1.152 | V 0.876 | pL -0.006 | vL 0.001 | ∇ 0.007
U 217 | F 444416 | FPS 1442 | D 321 | rR:x̄σmM 0.93 0.02 0.89 0.96 | F:x̄σmM 10.9 2.6 7.0 18.0 | H 1.220 | V 0.880 | pL -0.005 | vL 0.001 | ∇ 0.010
U 218 | F 446464 | FPS 1515 | D 323 | rR:x̄σmM 0.93 0.02 0.86 0.96 | F:x̄σmM 11.3 3.0 7.0 23.0 | H 1.246 | V 0.878 | pL 0.004 | vL 0.001 | ∇ 0.010
U 219 | F 448512 | FPS 1528 | D 324 | rR:x̄σmM 0.93 0.02 0.87 0.96 | F:x̄σmM 11.3 3.0 7.0 21.0 | H 1.197 | V 0.876 | pL -0.002 | vL 0.001 | ∇ 0.011
U 220 | F 450560 | FPS 1519 | D 325 | rR:x̄σmM 0.93 0.02 0.86 0.96 | F:x̄σmM 11.1 2.8 7.0 23.0 | H 1.209 | V 0.879 | pL -0.001 | vL 0.001 | ∇ 0.013
Model successfully saved
U 221 | F 452608 | FPS 1427 | D 327 | rR:x̄σmM 0.93 0.02 0.86 0.96 | F:x̄σmM 11.2 3.0 7.0 22.0 | H 1.177 | V 0.879 | pL 0.004 | vL 0.001 | ∇ 0.010
U 222 | F 454656 | FPS 1535 | D 328 | rR:x̄σmM 0.93 0.02 0.85 0.96 | F:x̄σmM 10.8 2.6 7.0 24.0 | H 1.219 | V 0.881 | pL -0.004 | vL 0.001 | ∇ 0.008
U 223 | F 456704 | FPS 1418 | D 330 | rR:x̄σmM 0.93 0.02 0.86 0.96 | F:x̄σmM 11.3 2.9 7.0 22.0 | H 1.252 | V 0.877 | pL 0.002 | vL 0.001 | ∇ 0.007
U 224 | F 458752 | FPS 1455 | D 331 | rR:x̄σmM 0.93 0.02 0.86 0.96 | F:x̄σmM 11.3 2.7 7.0 23.0 | H 1.255 | V 0.876 | pL -0.000 | vL 0.001 | ∇ 0.010
U 225 | F 460800 | FPS 1353 | D 332 | rR:x̄σmM 0.93 0.02 0.85 0.96 | F:x̄σmM 11.8 3.2 7.0 24.0 | H 1.218 | V 0.872 | pL 0.004 | vL 0.001 | ∇ 0.011
U 226 | F 462848 | FPS 1449 | D 334 | rR:x̄σmM 0.93 0.02 0.85 0.96 | F:x̄σmM 11.2 3.3 7.0 24.0 | H 1.179 | V 0.873 | pL -0.007 | vL 0.001 | ∇ 0.015
U 227 | F 464896 | FPS 1469 | D 335 | rR:x̄σmM 0.93 0.02 0.74 0.96 | F:x̄σmM 11.3 4.0 7.0 41.0 | H 1.153 | V 0.871 | pL -0.006 | vL 0.001 | ∇ 0.015
U 228 | F 466944 | FPS 1549 | D 337 | rR:x̄σmM 0.93 0.02 0.87 0.96 | F:x̄σmM 10.7 2.9 7.0 21.0 | H 1.113 | V 0.880 | pL -0.000 | vL 0.001 | ∇ 0.011
U 229 | F 468992 | FPS 1560 | D 338 | rR:x̄σmM 0.93 0.02 0.81 0.96 | F:x̄σmM 11.0 3.2 7.0 30.0 | H 1.191 | V 0.879 | pL 0.004 | vL 0.001 | ∇ 0.017
U 230 | F 471040 | FPS 1474 | D 339 | rR:x̄σmM 0.93 0.02 0.87 0.96 | F:x̄σmM 10.8 2.6 7.0 21.0 | H 1.177 | V 0.883 | pL -0.002 | vL 0.001 | ∇ 0.019
Model successfully saved
U 231 | F 473088 | FPS 1579 | D 341 | rR:x̄σmM 0.93 0.02 0.88 0.96 | F:x̄σmM 11.1 2.9 7.0 20.0 | H 1.147 | V 0.883 | pL 0.006 | vL 0.001 | ∇ 0.012
U 232 | F 475136 | FPS 1450 | D 342 | rR:x̄σmM 0.93 0.02 0.86 0.96 | F:x̄σmM 10.7 2.5 7.0 22.0 | H 1.235 | V 0.883 | pL -0.003 | vL 0.001 | ∇ 0.008
U 233 | F 477184 | FPS 1575 | D 343 | rR:x̄σmM 0.93 0.02 0.85 0.96 | F:x̄σmM 11.0 2.9 7.0 24.0 | H 1.204 | V 0.881 | pL 0.003 | vL 0.001 | ∇ 0.009
U 234 | F 479232 | FPS 1475 | D 345 | rR:x̄σmM 0.93 0.02 0.82 0.96 | F:x̄σmM 11.2 2.9 7.0 28.0 | H 1.233 | V 0.879 | pL 0.005 | vL 0.001 | ∇ 0.010
U 235 | F 481280 | FPS 1446 | D 346 | rR:x̄σmM 0.93 0.02 0.85 0.96 | F:x̄σmM 12.0 2.9 7.0 24.0 | H 1.191 | V 0.868 | pL 0.006 | vL 0.001 | ∇ 0.028
U 236 | F 483328 | FPS 1569 | D 347 | rR:x̄σmM 0.93 0.02 0.83 0.96 | F:x̄σmM 11.0 2.9 7.0 27.0 | H 1.208 | V 0.881 | pL 0.001 | vL 0.001 | ∇ 0.007
U 237 | F 485376 | FPS 1536 | D 349 | rR:x̄σmM 0.93 0.02 0.87 0.96 | F:x̄σmM 11.6 2.9 7.0 21.0 | H 1.131 | V 0.876 | pL 0.005 | vL 0.001 | ∇ 0.016
U 238 | F 487424 | FPS 1368 | D 350 | rR:x̄σmM 0.93 0.02 0.85 0.96 | F:x̄σmM 10.9 2.7 7.0 24.0 | H 1.189 | V 0.881 | pL -0.006 | vL 0.001 | ∇ 0.010
U 239 | F 489472 | FPS 1530 | D 352 | rR:x̄σmM 0.93 0.02 0.84 0.96 | F:x̄σmM 11.1 2.7 7.0 25.0 | H 1.238 | V 0.876 | pL -0.003 | vL 0.001 | ∇ 0.012
U 240 | F 491520 | FPS 1583 | D 353 | rR:x̄σmM 0.93 0.02 0.86 0.96 | F:x̄σmM 11.8 3.1 7.0 22.0 | H 1.178 | V 0.870 | pL -0.002 | vL 0.001 | ∇ 0.017
Model successfully saved
U 241 | F 493568 | FPS 1574 | D 354 | rR:x̄σmM 0.93 0.02 0.84 0.96 | F:x̄σmM 11.4 3.1 7.0 26.0 | H 1.114 | V 0.872 | pL -0.008 | vL 0.001 | ∇ 0.013
U 242 | F 495616 | FPS 1551 | D 356 | rR:x̄σmM 0.94 0.02 0.88 0.96 | F:x̄σmM 10.3 2.4 7.0 19.0 | H 1.171 | V 0.882 | pL -0.014 | vL 0.001 | ∇ 0.017
U 243 | F 497664 | FPS 1493 | D 357 | rR:x̄σmM 0.93 0.02 0.88 0.96 | F:x̄σmM 11.0 2.7 7.0 19.0 | H 1.176 | V 0.881 | pL 0.006 | vL 0.001 | ∇ 0.011
U 244 | F 499712 | FPS 1507 | D 358 | rR:x̄σmM 0.93 0.02 0.73 0.96 | F:x̄σmM 11.0 3.7 7.0 44.0 | H 1.168 | V 0.878 | pL -0.001 | vL 0.001 | ∇ 0.013
U 245 | F 501760 | FPS 1587 | D 360 | rR:x̄σmM 0.93 0.02 0.86 0.96 | F:x̄σmM 10.9 2.6 7.0 23.0 | H 1.224 | V 0.880 | pL -0.000 | vL 0.001 | ∇ 0.008
U 246 | F 503808 | FPS 1528 | D 361 | rR:x̄σmM 0.93 0.02 0.72 0.96 | F:x̄σmM 11.4 3.6 7.0 45.0 | H 1.296 | V 0.875 | pL 0.005 | vL 0.001 | ∇ 0.013
U 247 | F 505856 | FPS 1535 | D 362 | rR:x̄σmM 0.93 0.02 0.85 0.96 | F:x̄σmM 11.9 3.4 7.0 24.0 | H 1.210 | V 0.871 | pL 0.008 | vL 0.001 | ∇ 0.012
U 248 | F 507904 | FPS 1478 | D 364 | rR:x̄σmM 0.93 0.02 0.86 0.96 | F:x̄σmM 11.2 2.9 7.0 22.0 | H 1.120 | V 0.876 | pL -0.010 | vL 0.001 | ∇ 0.010
U 249 | F 509952 | FPS 1469 | D 365 | rR:x̄σmM 0.94 0.01 0.87 0.96 | F:x̄σmM 10.4 2.3 7.0 21.0 | H 1.228 | V 0.887 | pL -0.004 | vL 0.000 | ∇ 0.007
U 250 | F 512000 | FPS 1442 | D 366 | rR:x̄σmM 0.93 0.02 0.82 0.96 | F:x̄σmM 11.5 3.1 7.0 29.0 | H 1.270 | V 0.874 | pL 0.007 | vL 0.001 | ∇ 0.014
Model successfully saved
U 251 | F 514048 | FPS 1506 | D 368 | rR:x̄σmM 0.93 0.02 0.85 0.96 | F:x̄σmM 11.5 2.9 7.0 24.0 | H 1.249 | V 0.876 | pL 0.005 | vL 0.001 | ∇ 0.015
U 252 | F 516096 | FPS 1440 | D 369 | rR:x̄σmM 0.93 0.02 0.84 0.96 | F:x̄σmM 11.8 3.1 7.0 25.0 | H 1.207 | V 0.873 | pL 0.007 | vL 0.001 | ∇ 0.012
U 253 | F 518144 | FPS 1278 | D 371 | rR:x̄σmM 0.93 0.02 0.86 0.96 | F:x̄σmM 11.3 3.0 7.0 22.0 | H 1.141 | V 0.871 | pL -0.014 | vL 0.001 | ∇ 0.008
U 254 | F 520192 | FPS 1503 | D 372 | rR:x̄σmM 0.93 0.02 0.87 0.96 | F:x̄σmM 10.6 2.4 7.0 21.0 | H 1.184 | V 0.886 | pL -0.007 | vL 0.001 | ∇ 0.007
U 255 | F 522240 | FPS 1530 | D 374 | rR:x̄σmM 0.93 0.02 0.87 0.96 | F:x̄σmM 10.5 2.4 7.0 21.0 | H 1.276 | V 0.887 | pL 0.004 | vL 0.000 | ∇ 0.010
U 256 | F 524288 | FPS 1530 | D 375 | rR:x̄σmM 0.93 0.02 0.86 0.96 | F:x̄σmM 11.9 3.1 7.0 23.0 | H 1.256 | V 0.875 | pL 0.020 | vL 0.001 | ∇ 0.009
U 257 | F 526336 | FPS 1345 | D 376 | rR:x̄σmM 0.93 0.02 0.77 0.96 | F:x̄σmM 12.0 3.9 7.0 37.0 | H 1.289 | V 0.863 | pL -0.003 | vL 0.001 | ∇ 0.014
U 258 | F 528384 | FPS 1509 | D 378 | rR:x̄σmM 0.93 0.02 0.84 0.96 | F:x̄σmM 11.5 3.1 7.0 26.0 | H 1.194 | V 0.872 | pL -0.008 | vL 0.001 | ∇ 0.014
U 259 | F 530432 | FPS 1429 | D 379 | rR:x̄σmM 0.93 0.02 0.87 0.96 | F:x̄σmM 11.3 2.9 7.0 21.0 | H 1.149 | V 0.874 | pL -0.010 | vL 0.001 | ∇ 0.009
U 260 | F 532480 | FPS 1603 | D 381 | rR:x̄σmM 0.93 0.02 0.87 0.96 | F:x̄σmM 10.7 2.7 7.0 21.0 | H 1.225 | V 0.884 | pL 0.001 | vL 0.001 | ∇ 0.008
Model successfully saved
U 261 | F 534528 | FPS 1591 | D 382 | rR:x̄σmM 0.93 0.02 0.86 0.96 | F:x̄σmM 11.8 3.4 7.0 23.0 | H 1.112 | V 0.874 | pL 0.008 | vL 0.001 | ∇ 0.017
U 262 | F 536576 | FPS 1610 | D 383 | rR:x̄σmM 0.94 0.02 0.89 0.96 | F:x̄σmM 10.3 2.5 7.0 18.0 | H 1.100 | V 0.888 | pL -0.010 | vL 0.001 | ∇ 0.014
U 263 | F 538624 | FPS 1598 | D 384 | rR:x̄σmM 0.93 0.02 0.86 0.96 | F:x̄σmM 10.6 2.6 7.0 22.0 | H 1.161 | V 0.884 | pL -0.001 | vL 0.001 | ∇ 0.013
U 264 | F 540672 | FPS 1585 | D 386 | rR:x̄σmM 0.93 0.02 0.79 0.96 | F:x̄σmM 10.9 3.2 7.0 33.0 | H 1.181 | V 0.880 | pL -0.001 | vL 0.001 | ∇ 0.007
U 265 | F 542720 | FPS 1594 | D 387 | rR:x̄σmM 0.93 0.02 0.88 0.96 | F:x̄σmM 10.9 2.6 7.0 20.0 | H 1.224 | V 0.881 | pL 0.000 | vL 0.001 | ∇ 0.012
U 266 | F 544768 | FPS 1521 | D 388 | rR:x̄σmM 0.93 0.02 0.80 0.96 | F:x̄σmM 11.4 3.5 7.0 32.0 | H 1.206 | V 0.878 | pL 0.014 | vL 0.001 | ∇ 0.009
U 267 | F 546816 | FPS 1565 | D 390 | rR:x̄σmM 0.93 0.02 0.88 0.96 | F:x̄σmM 11.3 2.8 7.0 19.0 | H 1.173 | V 0.877 | pL -0.000 | vL 0.001 | ∇ 0.011
U 268 | F 548864 | FPS 1606 | D 391 | rR:x̄σmM 0.93 0.02 0.86 0.96 | F:x̄σmM 10.9 2.8 7.0 22.0 | H 1.183 | V 0.879 | pL -0.006 | vL 0.001 | ∇ 0.011
U 269 | F 550912 | FPS 1605 | D 392 | rR:x̄σmM 0.93 0.02 0.89 0.96 | F:x̄σmM 10.8 2.5 7.0 18.0 | H 1.208 | V 0.880 | pL -0.006 | vL 0.001 | ∇ 0.009
U 270 | F 552960 | FPS 1566 | D 394 | rR:x̄σmM 0.93 0.02 0.87 0.96 | F:x̄σmM 11.5 3.0 7.0 21.0 | H 1.169 | V 0.877 | pL 0.003 | vL 0.001 | ∇ 0.009
Model successfully saved
U 271 | F 555008 | FPS 1611 | D 395 | rR:x̄σmM 0.93 0.02 0.86 0.96 | F:x̄σmM 11.0 2.7 7.0 22.0 | H 1.195 | V 0.882 | pL 0.000 | vL 0.001 | ∇ 0.010
U 272 | F 557056 | FPS 1604 | D 396 | rR:x̄σmM 0.93 0.02 0.86 0.96 | F:x̄σmM 10.6 2.7 7.0 22.0 | H 1.212 | V 0.881 | pL -0.004 | vL 0.001 | ∇ 0.009
U 273 | F 559104 | FPS 1603 | D 397 | rR:x̄σmM 0.93 0.02 0.84 0.96 | F:x̄σmM 11.5 2.9 7.0 26.0 | H 1.249 | V 0.878 | pL 0.010 | vL 0.001 | ∇ 0.011
U 274 | F 561152 | FPS 1526 | D 399 | rR:x̄σmM 0.93 0.02 0.85 0.96 | F:x̄σmM 11.3 2.9 7.0 24.0 | H 1.323 | V 0.878 | pL 0.007 | vL 0.001 | ∇ 0.016
U 275 | F 563200 | FPS 1512 | D 400 | rR:x̄σmM 0.92 0.03 0.83 0.96 | F:x̄σmM 13.1 4.0 7.0 27.0 | H 1.190 | V 0.862 | pL 0.017 | vL 0.001 | ∇ 0.019
U 276 | F 565248 | FPS 1408 | D 402 | rR:x̄σmM 0.93 0.02 0.87 0.96 | F:x̄σmM 11.1 2.8 7.0 21.0 | H 1.166 | V 0.879 | pL -0.008 | vL 0.001 | ∇ 0.010
U 277 | F 567296 | FPS 1611 | D 403 | rR:x̄σmM 0.93 0.02 0.88 0.96 | F:x̄σmM 10.9 2.7 7.0 20.0 | H 1.167 | V 0.882 | pL 0.001 | vL 0.001 | ∇ 0.009
U 278 | F 569344 | FPS 1593 | D 404 | rR:x̄σmM 0.93 0.02 0.88 0.96 | F:x̄σmM 10.8 2.6 7.0 20.0 | H 1.216 | V 0.884 | pL 0.001 | vL 0.001 | ∇ 0.010
U 279 | F 571392 | FPS 1589 | D 405 | rR:x̄σmM 0.93 0.02 0.84 0.96 | F:x̄σmM 11.1 3.4 7.0 26.0 | H 1.178 | V 0.877 | pL 0.003 | vL 0.001 | ∇ 0.007
U 280 | F 573440 | FPS 1604 | D 407 | rR:x̄σmM 0.93 0.02 0.87 0.96 | F:x̄σmM 11.1 2.6 7.0 21.0 | H 1.246 | V 0.882 | pL 0.006 | vL 0.001 | ∇ 0.006
Model successfully saved
U 281 | F 575488 | FPS 1575 | D 408 | rR:x̄σmM 0.93 0.02 0.88 0.96 | F:x̄σmM 11.0 2.7 7.0 20.0 | H 1.203 | V 0.879 | pL -0.003 | vL 0.001 | ∇ 0.007
U 282 | F 577536 | FPS 1463 | D 409 | rR:x̄σmM 0.93 0.02 0.85 0.96 | F:x̄σmM 11.0 2.7 7.0 24.0 | H 1.324 | V 0.879 | pL -0.005 | vL 0.001 | ∇ 0.006
U 283 | F 579584 | FPS 1479 | D 411 | rR:x̄σmM 0.92 0.03 0.68 0.96 | F:x̄σmM 12.7 4.6 7.0 51.0 | H 1.246 | V 0.861 | pL 0.011 | vL 0.001 | ∇ 0.009
U 284 | F 581632 | FPS 1340 | D 412 | rR:x̄σmM 0.93 0.02 0.87 0.96 | F:x̄σmM 11.3 3.0 7.0 21.0 | H 1.209 | V 0.872 | pL -0.011 | vL 0.001 | ∇ 0.011
U 285 | F 583680 | FPS 1445 | D 414 | rR:x̄σmM 0.93 0.02 0.88 0.96 | F:x̄σmM 11.1 2.8 7.0 20.0 | H 1.211 | V 0.879 | pL -0.006 | vL 0.001 | ∇ 0.010
U 286 | F 585728 | FPS 1574 | D 415 | rR:x̄σmM 0.93 0.02 0.88 0.96 | F:x̄σmM 11.1 2.6 7.0 19.0 | H 1.238 | V 0.878 | pL -0.003 | vL 0.001 | ∇ 0.011
U 287 | F 587776 | FPS 1553 | D 416 | rR:x̄σmM 0.93 0.02 0.85 0.96 | F:x̄σmM 11.4 3.1 7.0 24.0 | H 1.174 | V 0.873 | pL -0.002 | vL 0.001 | ∇ 0.010
U 288 | F 589824 | FPS 1543 | D 418 | rR:x̄σmM 0.93 0.02 0.85 0.96 | F:x̄σmM 11.0 2.7 7.0 24.0 | H 1.211 | V 0.876 | pL -0.009 | vL 0.001 | ∇ 0.008
U 289 | F 591872 | FPS 1491 | D 419 | rR:x̄σmM 0.93 0.02 0.86 0.96 | F:x̄σmM 11.2 3.1 7.0 22.0 | H 1.199 | V 0.878 | pL 0.002 | vL 0.001 | ∇ 0.009
U 290 | F 593920 | FPS 1434 | D 420 | rR:x̄σmM 0.93 0.02 0.88 0.96 | F:x̄σmM 11.2 2.7 7.0 20.0 | H 1.153 | V 0.875 | pL -0.002 | vL 0.001 | ∇ 0.014
Model successfully saved
U 291 | F 595968 | FPS 1572 | D 422 | rR:x̄σmM 0.93 0.02 0.85 0.96 | F:x̄σmM 11.1 3.2 7.0 24.0 | H 1.106 | V 0.875 | pL -0.010 | vL 0.001 | ∇ 0.017
U 292 | F 598016 | FPS 1428 | D 423 | rR:x̄σmM 0.93 0.02 0.86 0.96 | F:x̄σmM 10.5 2.8 7.0 23.0 | H 1.175 | V 0.884 | pL -0.005 | vL 0.001 | ∇ 0.010
U 293 | F 600064 | FPS 1413 | D 425 | rR:x̄σmM 0.93 0.02 0.87 0.96 | F:x̄σmM 10.8 2.7 7.0 21.0 | H 1.213 | V 0.884 | pL 0.005 | vL 0.001 | ∇ 0.009
U 294 | F 602112 | FPS 1534 | D 426 | rR:x̄σmM 0.93 0.02 0.86 0.96 | F:x̄σmM 11.2 2.8 7.0 23.0 | H 1.212 | V 0.879 | pL 0.002 | vL 0.001 | ∇ 0.016
U 295 | F 604160 | FPS 1513 | D 427 | rR:x̄σmM 0.93 0.02 0.87 0.96 | F:x̄σmM 11.2 2.8 7.0 21.0 | H 1.164 | V 0.880 | pL -0.001 | vL 0.001 | ∇ 0.012
U 296 | F 606208 | FPS 1511 | D 429 | rR:x̄σmM 0.93 0.02 0.87 0.96 | F:x̄σmM 10.7 2.6 7.0 21.0 | H 1.211 | V 0.884 | pL 0.005 | vL 0.001 | ∇ 0.015
U 297 | F 608256 | FPS 1528 | D 430 | rR:x̄σmM 0.93 0.02 0.84 0.96 | F:x̄σmM 11.4 3.1 7.0 26.0 | H 1.169 | V 0.876 | pL 0.002 | vL 0.001 | ∇ 0.018
U 298 | F 610304 | FPS 1507 | D 431 | rR:x̄σmM 0.93 0.02 0.86 0.96 | F:x̄σmM 11.1 2.8 7.0 22.0 | H 1.138 | V 0.876 | pL -0.011 | vL 0.001 | ∇ 0.010
U 299 | F 612352 | FPS 1497 | D 433 | rR:x̄σmM 0.93 0.02 0.88 0.96 | F:x̄σmM 10.6 2.5 7.0 20.0 | H 1.190 | V 0.885 | pL -0.007 | vL 0.001 | ∇ 0.009
U 300 | F 614400 | FPS 1422 | D 434 | rR:x̄σmM 0.93 0.02 0.88 0.96 | F:x̄σmM 10.9 2.6 7.0 19.0 | H 1.200 | V 0.879 | pL -0.002 | vL 0.001 | ∇ 0.012
Model successfully saved
U 301 | F 616448 | FPS 1586 | D 436 | rR:x̄σmM 0.93 0.02 0.86 0.96 | F:x̄σmM 11.4 2.8 7.0 23.0 | H 1.168 | V 0.874 | pL 0.000 | vL 0.001 | ∇ 0.009
U 302 | F 618496 | FPS 1603 | D 437 | rR:x̄σmM 0.93 0.02 0.86 0.96 | F:x̄σmM 10.9 2.9 7.0 22.0 | H 1.203 | V 0.880 | pL -0.005 | vL 0.001 | ∇ 0.010
U 303 | F 620544 | FPS 1563 | D 438 | rR:x̄σmM 0.93 0.02 0.85 0.96 | F:x̄σmM 10.9 2.7 7.0 24.0 | H 1.310 | V 0.883 | pL 0.005 | vL 0.001 | ∇ 0.012
U 304 | F 622592 | FPS 1562 | D 439 | rR:x̄σmM 0.92 0.02 0.85 0.96 | F:x̄σmM 12.1 3.5 7.0 24.0 | H 1.320 | V 0.873 | pL 0.017 | vL 0.001 | ∇ 0.013
U 305 | F 624640 | FPS 1538 | D 441 | rR:x̄σmM 0.92 0.03 0.77 0.96 | F:x̄σmM 12.4 4.2 7.0 36.0 | H 1.264 | V 0.864 | pL 0.009 | vL 0.001 | ∇ 0.015
U 306 | F 626688 | FPS 1494 | D 442 | rR:x̄σmM 0.93 0.02 0.82 0.96 | F:x̄σmM 11.8 3.2 7.0 28.0 | H 1.287 | V 0.870 | pL -0.005 | vL 0.001 | ∇ 0.018
U 307 | F 628736 | FPS 1432 | D 444 | rR:x̄σmM 0.93 0.02 0.85 0.96 | F:x̄σmM 11.8 2.8 7.0 24.0 | H 1.300 | V 0.875 | pL 0.003 | vL 0.001 | ∇ 0.008
U 308 | F 630784 | FPS 1510 | D 445 | rR:x̄σmM 0.92 0.02 0.86 0.96 | F:x̄σmM 12.1 3.2 7.0 22.0 | H 1.227 | V 0.872 | pL 0.008 | vL 0.001 | ∇ 0.016
U 309 | F 632832 | FPS 1582 | D 446 | rR:x̄σmM 0.93 0.02 0.88 0.96 | F:x̄σmM 11.1 2.7 7.0 20.0 | H 1.258 | V 0.878 | pL -0.005 | vL 0.001 | ∇ 0.011
U 310 | F 634880 | FPS 1560 | D 448 | rR:x̄σmM 0.93 0.02 0.85 0.96 | F:x̄σmM 11.5 2.8 7.0 24.0 | H 1.238 | V 0.873 | pL -0.001 | vL 0.001 | ∇ 0.013
Model successfully saved
U 311 | F 636928 | FPS 1607 | D 449 | rR:x̄σmM 0.93 0.02 0.82 0.96 | F:x̄σmM 11.3 3.2 7.0 29.0 | H 1.223 | V 0.876 | pL -0.005 | vL 0.001 | ∇ 0.013
U 312 | F 638976 | FPS 1617 | D 450 | rR:x̄σmM 0.93 0.02 0.83 0.96 | F:x̄σmM 10.9 2.8 7.0 27.0 | H 1.216 | V 0.879 | pL -0.007 | vL 0.001 | ∇ 0.012
U 313 | F 641024 | FPS 1584 | D 451 | rR:x̄σmM 0.93 0.02 0.84 0.96 | F:x̄σmM 11.1 2.9 7.0 25.0 | H 1.318 | V 0.880 | pL 0.000 | vL 0.001 | ∇ 0.010
U 314 | F 643072 | FPS 1586 | D 453 | rR:x̄σmM 0.93 0.02 0.84 0.96 | F:x̄σmM 11.9 3.6 7.0 26.0 | H 1.260 | V 0.870 | pL 0.010 | vL 0.001 | ∇ 0.013
U 315 | F 645120 | FPS 1570 | D 454 | rR:x̄σmM 0.93 0.02 0.81 0.96 | F:x̄σmM 11.7 3.7 7.0 30.0 | H 1.222 | V 0.870 | pL 0.001 | vL 0.001 | ∇ 0.011
U 316 | F 647168 | FPS 1553 | D 455 | rR:x̄σmM 0.93 0.02 0.84 0.96 | F:x̄σmM 11.4 3.4 7.0 25.0 | H 1.161 | V 0.873 | pL -0.004 | vL 0.001 | ∇ 0.011
U 317 | F 649216 | FPS 1490 | D 457 | rR:x̄σmM 0.93 0.02 0.84 0.96 | F:x̄σmM 10.8 3.3 7.0 26.0 | H 1.237 | V 0.880 | pL -0.004 | vL 0.001 | ∇ 0.014
U 318 | F 651264 | FPS 1459 | D 458 | rR:x̄σmM 0.93 0.02 0.85 0.96 | F:x̄σmM 10.9 2.7 7.0 24.0 | H 1.276 | V 0.882 | pL 0.003 | vL 0.001 | ∇ 0.007
U 319 | F 653312 | FPS 1406 | D 460 | rR:x̄σmM 0.93 0.02 0.86 0.96 | F:x̄σmM 11.9 3.2 7.0 23.0 | H 1.235 | V 0.873 | pL 0.012 | vL 0.001 | ∇ 0.009
U 320 | F 655360 | FPS 1330 | D 461 | rR:x̄σmM 0.93 0.02 0.87 0.96 | F:x̄σmM 11.9 3.0 7.0 21.0 | H 1.233 | V 0.870 | pL 0.003 | vL 0.001 | ∇ 0.012
Model successfully saved
U 321 | F 657408 | FPS 1537 | D 463 | rR:x̄σmM 0.93 0.02 0.88 0.96 | F:x̄σmM 10.8 2.6 7.0 19.0 | H 1.277 | V 0.883 | pL -0.005 | vL 0.001 | ∇ 0.006
U 322 | F 659456 | FPS 1511 | D 464 | rR:x̄σmM 0.93 0.02 0.82 0.96 | F:x̄σmM 11.4 3.2 7.0 28.0 | H 1.231 | V 0.876 | pL 0.004 | vL 0.001 | ∇ 0.013
U 323 | F 661504 | FPS 1615 | D 465 | rR:x̄σmM 0.93 0.02 0.84 0.96 | F:x̄σmM 11.5 3.3 7.0 26.0 | H 1.147 | V 0.873 | pL -0.003 | vL 0.001 | ∇ 0.008
U 324 | F 663552 | FPS 1552 | D 466 | rR:x̄σmM 0.93 0.02 0.84 0.96 | F:x̄σmM 10.7 2.9 7.0 26.0 | H 1.120 | V 0.881 | pL -0.009 | vL 0.001 | ∇ 0.009
U 325 | F 665600 | FPS 1524 | D 468 | rR:x̄σmM 0.93 0.02 0.86 0.96 | F:x̄σmM 10.6 2.6 7.0 23.0 | H 1.204 | V 0.883 | pL -0.000 | vL 0.001 | ∇ 0.016
U 326 | F 667648 | FPS 1533 | D 469 | rR:x̄σmM 0.93 0.02 0.86 0.96 | F:x̄σmM 11.3 3.0 7.0 23.0 | H 1.191 | V 0.879 | pL 0.007 | vL 0.001 | ∇ 0.007
U 327 | F 669696 | FPS 1524 | D 471 | rR:x̄σmM 0.93 0.02 0.86 0.96 | F:x̄σmM 11.1 2.9 7.0 22.0 | H 1.164 | V 0.878 | pL -0.002 | vL 0.001 | ∇ 0.008
U 328 | F 671744 | FPS 1541 | D 472 | rR:x̄σmM 0.93 0.02 0.86 0.96 | F:x̄σmM 10.6 2.7 7.0 22.0 | H 1.215 | V 0.881 | pL -0.007 | vL 0.001 | ∇ 0.010
U 329 | F 673792 | FPS 1525 | D 473 | rR:x̄σmM 0.93 0.02 0.86 0.96 | F:x̄σmM 11.6 3.0 7.0 23.0 | H 1.254 | V 0.875 | pL 0.006 | vL 0.001 | ∇ 0.010
U 330 | F 675840 | FPS 1461 | D 475 | rR:x̄σmM 0.93 0.02 0.88 0.96 | F:x̄σmM 11.3 2.6 7.0 20.0 | H 1.293 | V 0.879 | pL 0.007 | vL 0.001 | ∇ 0.007
Model successfully saved
U 331 | F 677888 | FPS 1570 | D 476 | rR:x̄σmM 0.92 0.02 0.79 0.96 | F:x̄σmM 12.1 3.5 7.0 34.0 | H 1.256 | V 0.870 | pL 0.009 | vL 0.001 | ∇ 0.009
U 332 | F 679936 | FPS 1527 | D 477 | rR:x̄σmM 0.93 0.02 0.86 0.96 | F:x̄σmM 11.5 2.9 7.0 23.0 | H 1.187 | V 0.870 | pL -0.010 | vL 0.001 | ∇ 0.012
U 333 | F 681984 | FPS 1538 | D 479 | rR:x̄σmM 0.93 0.02 0.86 0.96 | F:x̄σmM 11.1 2.8 7.0 22.0 | H 1.158 | V 0.876 | pL -0.013 | vL 0.001 | ∇ 0.007
U 334 | F 684032 | FPS 1562 | D 480 | rR:x̄σmM 0.93 0.02 0.82 0.96 | F:x̄σmM 10.7 3.2 7.0 29.0 | H 1.150 | V 0.881 | pL -0.001 | vL 0.001 | ∇ 0.010
U 335 | F 686080 | FPS 1500 | D 481 | rR:x̄σmM 0.93 0.02 0.88 0.96 | F:x̄σmM 10.7 2.6 7.0 20.0 | H 1.196 | V 0.884 | pL -0.002 | vL 0.001 | ∇ 0.008
U 336 | F 688128 | FPS 1576 | D 483 | rR:x̄σmM 0.93 0.02 0.88 0.96 | F:x̄σmM 11.1 2.6 7.0 20.0 | H 1.287 | V 0.880 | pL 0.008 | vL 0.001 | ∇ 0.009
U 337 | F 690176 | FPS 1566 | D 484 | rR:x̄σmM 0.93 0.02 0.86 0.96 | F:x̄σmM 11.9 3.4 7.0 23.0 | H 1.191 | V 0.868 | pL 0.001 | vL 0.001 | ∇ 0.014
U 338 | F 692224 | FPS 1481 | D 485 | rR:x̄σmM 0.93 0.02 0.86 0.96 | F:x̄σmM 11.3 2.9 7.0 23.0 | H 1.191 | V 0.877 | pL -0.006 | vL 0.001 | ∇ 0.012
U 339 | F 694272 | FPS 1551 | D 487 | rR:x̄σmM 0.93 0.02 0.86 0.96 | F:x̄σmM 10.9 2.7 7.0 22.0 | H 1.300 | V 0.883 | pL 0.004 | vL 0.001 | ∇ 0.008
U 340 | F 696320 | FPS 1464 | D 488 | rR:x̄σmM 0.93 0.02 0.79 0.96 | F:x̄σmM 11.7 3.6 7.0 34.0 | H 1.228 | V 0.871 | pL 0.006 | vL 0.001 | ∇ 0.014
Model successfully saved
U 341 | F 698368 | FPS 1512 | D 489 | rR:x̄σmM 0.93 0.02 0.86 0.96 | F:x̄σmM 11.3 2.8 7.0 23.0 | H 1.238 | V 0.874 | pL -0.009 | vL 0.001 | ∇ 0.007
U 342 | F 700416 | FPS 1522 | D 491 | rR:x̄σmM 0.93 0.02 0.85 0.96 | F:x̄σmM 10.9 2.8 7.0 24.0 | H 1.197 | V 0.880 | pL -0.001 | vL 0.001 | ∇ 0.008
U 343 | F 702464 | FPS 1477 | D 492 | rR:x̄σmM 0.93 0.02 0.85 0.96 | F:x̄σmM 11.4 3.1 7.0 24.0 | H 1.177 | V 0.875 | pL 0.003 | vL 0.001 | ∇ 0.009
U 344 | F 704512 | FPS 1459 | D 494 | rR:x̄σmM 0.93 0.02 0.84 0.96 | F:x̄σmM 11.3 3.1 7.0 26.0 | H 1.148 | V 0.878 | pL -0.001 | vL 0.001 | ∇ 0.013
U 345 | F 706560 | FPS 1463 | D 495 | rR:x̄σmM 0.93 0.02 0.87 0.96 | F:x̄σmM 10.8 2.6 7.0 21.0 | H 1.231 | V 0.883 | pL 0.001 | vL 0.001 | ∇ 0.011
U 346 | F 708608 | FPS 1509 | D 496 | rR:x̄σmM 0.93 0.02 0.88 0.96 | F:x̄σmM 11.5 2.9 7.0 20.0 | H 1.155 | V 0.876 | pL 0.001 | vL 0.001 | ∇ 0.011
U 347 | F 710656 | FPS 1525 | D 498 | rR:x̄σmM 0.93 0.02 0.84 0.96 | F:x̄σmM 11.0 2.9 7.0 26.0 | H 1.156 | V 0.878 | pL -0.009 | vL 0.001 | ∇ 0.015
U 348 | F 712704 | FPS 1487 | D 499 | rR:x̄σmM 0.93 0.02 0.84 0.96 | F:x̄σmM 11.2 3.2 7.0 25.0 | H 1.222 | V 0.876 | pL 0.001 | vL 0.001 | ∇ 0.010
U 349 | F 714752 | FPS 1429 | D 500 | rR:x̄σmM 0.93 0.02 0.87 0.96 | F:x̄σmM 10.9 2.6 7.0 21.0 | H 1.238 | V 0.880 | pL 0.000 | vL 0.001 | ∇ 0.006
U 350 | F 716800 | FPS 1481 | D 502 | rR:x̄σmM 0.93 0.02 0.81 0.96 | F:x̄σmM 11.4 3.2 7.0 31.0 | H 1.194 | V 0.879 | pL 0.004 | vL 0.001 | ∇ 0.009
Model successfully saved
U 351 | F 718848 | FPS 1441 | D 503 | rR:x̄σmM 0.93 0.02 0.87 0.96 | F:x̄σmM 11.2 2.9 7.0 21.0 | H 1.198 | V 0.878 | pL 0.001 | vL 0.001 | ∇ 0.011
U 352 | F 720896 | FPS 1468 | D 505 | rR:x̄σmM 0.93 0.02 0.87 0.96 | F:x̄σmM 11.1 2.9 7.0 21.0 | H 1.158 | V 0.878 | pL -0.004 | vL 0.001 | ∇ 0.006
U 353 | F 722944 | FPS 1444 | D 506 | rR:x̄σmM 0.93 0.02 0.87 0.96 | F:x̄σmM 10.6 2.7 7.0 21.0 | H 1.227 | V 0.883 | pL -0.006 | vL 0.001 | ∇ 0.010
U 354 | F 724992 | FPS 1471 | D 507 | rR:x̄σmM 0.93 0.02 0.87 0.96 | F:x̄σmM 11.3 3.0 7.0 21.0 | H 1.163 | V 0.879 | pL 0.007 | vL 0.001 | ∇ 0.009
U 355 | F 727040 | FPS 1455 | D 509 | rR:x̄σmM 0.93 0.02 0.86 0.96 | F:x̄σmM 11.0 2.9 7.0 22.0 | H 1.147 | V 0.879 | pL -0.005 | vL 0.001 | ∇ 0.007
U 356 | F 729088 | FPS 1479 | D 510 | rR:x̄σmM 0.93 0.02 0.86 0.96 | F:x̄σmM 10.7 2.8 7.0 23.0 | H 1.270 | V 0.882 | pL -0.004 | vL 0.001 | ∇ 0.010
U 357 | F 731136 | FPS 1372 | D 512 | rR:x̄σmM 0.93 0.02 0.86 0.96 | F:x̄σmM 11.2 3.0 7.0 22.0 | H 1.233 | V 0.877 | pL 0.003 | vL 0.001 | ∇ 0.009
U 358 | F 733184 | FPS 1260 | D 513 | rR:x̄σmM 0.93 0.02 0.83 0.96 | F:x̄σmM 11.2 3.0 7.0 27.0 | H 1.190 | V 0.877 | pL 0.004 | vL 0.001 | ∇ 0.009
U 359 | F 735232 | FPS 1463 | D 515 | rR:x̄σmM 0.93 0.02 0.86 0.96 | F:x̄σmM 10.9 2.5 7.0 22.0 | H 1.295 | V 0.882 | pL -0.002 | vL 0.001 | ∇ 0.009
U 360 | F 737280 | FPS 1048 | D 517 | rR:x̄σmM 0.93 0.02 0.82 0.96 | F:x̄σmM 11.7 3.6 7.0 29.0 | H 1.188 | V 0.872 | pL 0.007 | vL 0.001 | ∇ 0.010
Model successfully saved
U 361 | F 739328 | FPS 1065 | D 519 | rR:x̄σmM 0.93 0.02 0.78 0.96 | F:x̄σmM 11.1 3.5 7.0 35.0 | H 1.224 | V 0.874 | pL -0.008 | vL 0.001 | ∇ 0.014
U 362 | F 741376 | FPS 1251 | D 520 | rR:x̄σmM 0.93 0.02 0.83 0.96 | F:x̄σmM 11.0 3.2 7.0 27.0 | H 1.187 | V 0.879 | pL -0.002 | vL 0.001 | ∇ 0.010
U 363 | F 743424 | FPS 1288 | D 522 | rR:x̄σmM 0.93 0.01 0.89 0.96 | F:x̄σmM 10.9 2.3 7.0 17.0 | H 1.315 | V 0.884 | pL 0.004 | vL 0.000 | ∇ 0.009
U 364 | F 745472 | FPS 1292 | D 524 | rR:x̄σmM 0.92 0.02 0.86 0.96 | F:x̄σmM 12.2 3.3 7.0 22.0 | H 1.258 | V 0.870 | pL 0.010 | vL 0.001 | ∇ 0.021
U 365 | F 747520 | FPS 1150 | D 525 | rR:x̄σmM 0.93 0.02 0.86 0.96 | F:x̄σmM 11.4 3.0 7.0 22.0 | H 1.241 | V 0.875 | pL -0.000 | vL 0.001 | ∇ 0.007
U 366 | F 749568 | FPS 1186 | D 527 | rR:x̄σmM 0.93 0.02 0.86 0.96 | F:x̄σmM 11.0 3.1 7.0 22.0 | H 1.227 | V 0.877 | pL -0.002 | vL 0.001 | ∇ 0.008
U 367 | F 751616 | FPS 1206 | D 529 | rR:x̄σmM 0.93 0.02 0.86 0.96 | F:x̄σmM 11.2 3.0 7.0 23.0 | H 1.216 | V 0.878 | pL 0.001 | vL 0.001 | ∇ 0.009
U 368 | F 753664 | FPS 1432 | D 530 | rR:x̄σmM 0.93 0.02 0.81 0.96 | F:x̄σmM 11.0 2.9 7.0 30.0 | H 1.303 | V 0.882 | pL 0.002 | vL 0.001 | ∇ 0.012
U 369 | F 755712 | FPS 1395 | D 532 | rR:x̄σmM 0.93 0.02 0.86 0.96 | F:x̄σmM 11.9 3.2 7.0 22.0 | H 1.281 | V 0.869 | pL 0.004 | vL 0.001 | ∇ 0.010
U 370 | F 757760 | FPS 1475 | D 533 | rR:x̄σmM 0.93 0.02 0.81 0.96 | F:x̄σmM 11.9 3.9 7.0 30.0 | H 1.167 | V 0.867 | pL 0.003 | vL 0.001 | ∇ 0.011
Model successfully saved
U 371 | F 759808 | FPS 1260 | D 535 | rR:x̄σmM 0.93 0.02 0.85 0.96 | F:x̄σmM 10.9 2.9 7.0 24.0 | H 1.116 | V 0.878 | pL -0.008 | vL 0.001 | ∇ 0.011
U 372 | F 761856 | FPS 1396 | D 536 | rR:x̄σmM 0.93 0.02 0.84 0.96 | F:x̄σmM 10.4 2.4 7.0 25.0 | H 1.245 | V 0.884 | pL -0.006 | vL 0.001 | ∇ 0.008
U 373 | F 763904 | FPS 1552 | D 537 | rR:x̄σmM 0.93 0.02 0.85 0.96 | F:x̄σmM 11.7 3.2 7.0 24.0 | H 1.256 | V 0.872 | pL 0.006 | vL 0.001 | ∇ 0.016
U 374 | F 765952 | FPS 1483 | D 539 | rR:x̄σmM 0.93 0.02 0.86 0.96 | F:x̄σmM 11.5 3.1 7.0 23.0 | H 1.223 | V 0.875 | pL 0.003 | vL 0.001 | ∇ 0.011
U 375 | F 768000 | FPS 1394 | D 540 | rR:x̄σmM 0.93 0.02 0.84 0.96 | F:x̄σmM 11.1 3.1 7.0 25.0 | H 1.236 | V 0.877 | pL 0.001 | vL 0.001 | ∇ 0.012
U 376 | F 770048 | FPS 1287 | D 542 | rR:x̄σmM 0.93 0.02 0.84 0.96 | F:x̄σmM 11.7 3.5 7.0 26.0 | H 1.219 | V 0.873 | pL 0.002 | vL 0.001 | ∇ 0.010
U 377 | F 772096 | FPS 1280 | D 544 | rR:x̄σmM 0.93 0.02 0.86 0.96 | F:x̄σmM 11.1 3.0 7.0 22.0 | H 1.158 | V 0.876 | pL -0.005 | vL 0.001 | ∇ 0.013
U 378 | F 774144 | FPS 1414 | D 545 | rR:x̄σmM 0.93 0.02 0.86 0.96 | F:x̄σmM 11.0 3.0 7.0 22.0 | H 1.200 | V 0.880 | pL 0.000 | vL 0.001 | ∇ 0.008
U 379 | F 776192 | FPS 1439 | D 546 | rR:x̄σmM 0.93 0.02 0.87 0.96 | F:x̄σmM 10.8 2.9 7.0 21.0 | H 1.151 | V 0.882 | pL 0.002 | vL 0.001 | ∇ 0.011
U 380 | F 778240 | FPS 1274 | D 548 | rR:x̄σmM 0.93 0.01 0.89 0.96 | F:x̄σmM 10.5 2.3 7.0 18.0 | H 1.285 | V 0.887 | pL 0.001 | vL 0.000 | ∇ 0.008
Model successfully saved
U 381 | F 780288 | FPS 1290 | D 550 | rR:x̄σmM 0.93 0.02 0.86 0.96 | F:x̄σmM 11.8 3.1 7.0 23.0 | H 1.302 | V 0.875 | pL 0.012 | vL 0.001 | ∇ 0.007
U 382 | F 782336 | FPS 1502 | D 551 | rR:x̄σmM 0.92 0.02 0.83 0.96 | F:x̄σmM 12.3 3.7 7.0 27.0 | H 1.197 | V 0.866 | pL 0.005 | vL 0.001 | ∇ 0.008
U 383 | F 784384 | FPS 1329 | D 553 | rR:x̄σmM 0.93 0.02 0.86 0.96 | F:x̄σmM 10.9 2.7 7.0 22.0 | H 1.205 | V 0.877 | pL -0.009 | vL 0.001 | ∇ 0.008
U 384 | F 786432 | FPS 1196 | D 554 | rR:x̄σmM 0.93 0.02 0.82 0.96 | F:x̄σmM 10.9 3.1 7.0 28.0 | H 1.117 | V 0.878 | pL -0.006 | vL 0.001 | ∇ 0.009
U 385 | F 788480 | FPS 1106 | D 556 | rR:x̄σmM 0.94 0.01 0.88 0.96 | F:x̄σmM 10.1 2.3 7.0 20.0 | H 1.228 | V 0.889 | pL -0.009 | vL 0.000 | ∇ 0.008
U 386 | F 790528 | FPS 1309 | D 558 | rR:x̄σmM 0.93 0.02 0.83 0.96 | F:x̄σmM 11.4 3.1 7.0 27.0 | H 1.170 | V 0.876 | pL 0.008 | vL 0.001 | ∇ 0.008
U 387 | F 792576 | FPS 1367 | D 559 | rR:x̄σmM 0.93 0.02 0.82 0.96 | F:x̄σmM 11.2 3.3 7.0 29.0 | H 1.092 | V 0.875 | pL -0.009 | vL 0.001 | ∇ 0.009
U 388 | F 794624 | FPS 1338 | D 561 | rR:x̄σmM 0.94 0.02 0.88 0.96 | F:x̄σmM 10.3 2.7 7.0 20.0 | H 1.174 | V 0.886 | pL -0.006 | vL 0.001 | ∇ 0.011
U 389 | F 796672 | FPS 1406 | D 562 | rR:x̄σmM 0.93 0.02 0.86 0.96 | F:x̄σmM 10.7 2.7 7.0 22.0 | H 1.223 | V 0.884 | pL 0.003 | vL 0.001 | ∇ 0.008
U 390 | F 798720 | FPS 1286 | D 564 | rR:x̄σmM 0.93 0.02 0.87 0.96 | F:x̄σmM 11.1 2.8 7.0 21.0 | H 1.214 | V 0.880 | pL 0.006 | vL 0.001 | ∇ 0.010
Model successfully saved
U 391 | F 800768 | FPS 1312 | D 565 | rR:x̄σmM 0.93 0.02 0.86 0.96 | F:x̄σmM 11.4 2.9 7.0 23.0 | H 1.241 | V 0.875 | pL 0.006 | vL 0.001 | ∇ 0.010
U 392 | F 802816 | FPS 1502 | D 567 | rR:x̄σmM 0.93 0.02 0.86 0.96 | F:x̄σmM 11.2 3.0 7.0 23.0 | H 1.222 | V 0.877 | pL -0.000 | vL 0.001 | ∇ 0.005
U 393 | F 804864 | FPS 1369 | D 568 | rR:x̄σmM 0.93 0.02 0.86 0.96 | F:x̄σmM 11.4 2.7 7.0 22.0 | H 1.271 | V 0.875 | pL -0.002 | vL 0.001 | ∇ 0.007
U 394 | F 806912 | FPS 1333 | D 570 | rR:x̄σmM 0.93 0.02 0.83 0.96 | F:x̄σmM 11.8 3.4 7.0 27.0 | H 1.233 | V 0.871 | pL 0.001 | vL 0.001 | ∇ 0.008
U 395 | F 808960 | FPS 1301 | D 571 | rR:x̄σmM 0.93 0.02 0.83 0.96 | F:x̄σmM 11.5 3.0 7.0 27.0 | H 1.226 | V 0.874 | pL -0.001 | vL 0.001 | ∇ 0.006
U 396 | F 811008 | FPS 1468 | D 573 | rR:x̄σmM 0.93 0.02 0.82 0.96 | F:x̄σmM 11.8 3.1 7.0 29.0 | H 1.275 | V 0.872 | pL 0.005 | vL 0.001 | ∇ 0.010
U 397 | F 813056 | FPS 1461 | D 574 | rR:x̄σmM 0.93 0.02 0.86 0.96 | F:x̄σmM 11.6 2.7 7.0 22.0 | H 1.240 | V 0.875 | pL 0.005 | vL 0.001 | ∇ 0.009
U 398 | F 815104 | FPS 1471 | D 576 | rR:x̄σmM 0.93 0.02 0.87 0.96 | F:x̄σmM 11.7 2.9 7.0 21.0 | H 1.220 | V 0.875 | pL 0.005 | vL 0.001 | ∇ 0.007
U 399 | F 817152 | FPS 1473 | D 577 | rR:x̄σmM 0.93 0.02 0.84 0.96 | F:x̄σmM 11.0 2.8 7.0 25.0 | H 1.148 | V 0.875 | pL -0.009 | vL 0.001 | ∇ 0.014
U 400 | F 819200 | FPS 1424 | D 578 | rR:x̄σmM 0.93 0.02 0.84 0.96 | F:x̄σmM 11.0 3.2 7.0 26.0 | H 1.130 | V 0.878 | pL -0.004 | vL 0.001 | ∇ 0.010
Model successfully saved
U 401 | F 821248 | FPS 1501 | D 580 | rR:x̄σmM 0.93 0.02 0.83 0.96 | F:x̄σmM 10.9 3.0 7.0 27.0 | H 1.085 | V 0.880 | pL -0.000 | vL 0.001 | ∇ 0.011
U 402 | F 823296 | FPS 1349 | D 581 | rR:x̄σmM 0.94 0.02 0.84 0.96 | F:x̄σmM 10.1 2.6 7.0 25.0 | H 1.155 | V 0.888 | pL -0.006 | vL 0.001 | ∇ 0.006
U 403 | F 825344 | FPS 1535 | D 583 | rR:x̄σmM 0.93 0.02 0.88 0.96 | F:x̄σmM 10.9 2.6 7.0 20.0 | H 1.288 | V 0.884 | pL 0.008 | vL 0.001 | ∇ 0.010
U 404 | F 827392 | FPS 1495 | D 584 | rR:x̄σmM 0.93 0.02 0.88 0.96 | F:x̄σmM 11.4 2.6 7.0 20.0 | H 1.348 | V 0.880 | pL 0.013 | vL 0.001 | ∇ 0.012
U 405 | F 829440 | FPS 1426 | D 585 | rR:x̄σmM 0.92 0.02 0.84 0.96 | F:x̄σmM 12.3 3.3 7.0 25.0 | H 1.280 | V 0.867 | pL 0.013 | vL 0.001 | ∇ 0.011
U 406 | F 831488 | FPS 1534 | D 587 | rR:x̄σmM 0.93 0.02 0.82 0.96 | F:x̄σmM 11.8 3.3 7.0 28.0 | H 1.189 | V 0.869 | pL -0.006 | vL 0.001 | ∇ 0.009
U 407 | F 833536 | FPS 1591 | D 588 | rR:x̄σmM 0.93 0.02 0.79 0.96 | F:x̄σmM 11.1 3.2 7.0 33.0 | H 1.155 | V 0.878 | pL -0.004 | vL 0.001 | ∇ 0.011
U 408 | F 835584 | FPS 1456 | D 589 | rR:x̄σmM 0.94 0.01 0.88 0.96 | F:x̄σmM 10.4 2.2 7.0 19.0 | H 1.296 | V 0.887 | pL -0.002 | vL 0.000 | ∇ 0.006
U 409 | F 837632 | FPS 1457 | D 591 | rR:x̄σmM 0.93 0.02 0.79 0.96 | F:x̄σmM 11.9 3.6 7.0 33.0 | H 1.193 | V 0.872 | pL 0.016 | vL 0.001 | ∇ 0.012
U 410 | F 839680 | FPS 1402 | D 592 | rR:x̄σmM 0.93 0.02 0.87 0.96 | F:x̄σmM 10.9 2.6 7.0 21.0 | H 1.204 | V 0.881 | pL -0.006 | vL 0.001 | ∇ 0.011
Model successfully saved
U 411 | F 841728 | FPS 1505 | D 594 | rR:x̄σmM 0.93 0.02 0.88 0.96 | F:x̄σmM 11.2 2.8 7.0 20.0 | H 1.234 | V 0.880 | pL 0.003 | vL 0.001 | ∇ 0.013
U 412 | F 843776 | FPS 1370 | D 595 | rR:x̄σmM 0.93 0.02 0.86 0.96 | F:x̄σmM 11.0 2.5 7.0 22.0 | H 1.309 | V 0.878 | pL -0.007 | vL 0.001 | ∇ 0.008
U 413 | F 845824 | FPS 1490 | D 597 | rR:x̄σmM 0.93 0.02 0.87 0.96 | F:x̄σmM 11.8 3.1 7.0 21.0 | H 1.255 | V 0.874 | pL 0.010 | vL 0.001 | ∇ 0.015
U 414 | F 847872 | FPS 1368 | D 598 | rR:x̄σmM 0.93 0.02 0.87 0.96 | F:x̄σmM 11.5 2.6 7.0 21.0 | H 1.275 | V 0.875 | pL -0.004 | vL 0.001 | ∇ 0.009
U 415 | F 849920 | FPS 1564 | D 599 | rR:x̄σmM 0.93 0.02 0.86 0.96 | F:x̄σmM 11.5 2.8 7.0 22.0 | H 1.237 | V 0.875 | pL -0.003 | vL 0.001 | ∇ 0.010
U 416 | F 851968 | FPS 1339 | D 601 | rR:x̄σmM 0.93 0.02 0.88 0.96 | F:x̄σmM 11.1 2.8 7.0 20.0 | H 1.306 | V 0.880 | pL 0.004 | vL 0.001 | ∇ 0.011
U 417 | F 854016 | FPS 1489 | D 602 | rR:x̄σmM 0.92 0.02 0.81 0.96 | F:x̄σmM 12.1 3.7 7.0 31.0 | H 1.256 | V 0.867 | pL 0.006 | vL 0.001 | ∇ 0.007
U 418 | F 856064 | FPS 1423 | D 604 | rR:x̄σmM 0.93 0.02 0.86 0.96 | F:x̄σmM 11.2 3.1 7.0 23.0 | H 1.190 | V 0.874 | pL -0.006 | vL 0.001 | ∇ 0.008
U 419 | F 858112 | FPS 1501 | D 605 | rR:x̄σmM 0.93 0.02 0.86 0.96 | F:x̄σmM 10.9 2.7 7.0 23.0 | H 1.252 | V 0.881 | pL -0.006 | vL 0.001 | ∇ 0.007
U 420 | F 860160 | FPS 1526 | D 606 | rR:x̄σmM 0.93 0.02 0.87 0.96 | F:x̄σmM 11.3 2.8 7.0 21.0 | H 1.234 | V 0.875 | pL 0.003 | vL 0.001 | ∇ 0.016
Model successfully saved
U 421 | F 862208 | FPS 1517 | D 608 | rR:x̄σmM 0.93 0.02 0.85 0.96 | F:x̄σmM 11.1 2.7 7.0 24.0 | H 1.258 | V 0.880 | pL -0.003 | vL 0.001 | ∇ 0.009
U 422 | F 864256 | FPS 1587 | D 609 | rR:x̄σmM 0.93 0.02 0.84 0.96 | F:x̄σmM 11.5 3.1 7.0 25.0 | H 1.206 | V 0.874 | pL 0.002 | vL 0.001 | ∇ 0.010
U 423 | F 866304 | FPS 1605 | D 610 | rR:x̄σmM 0.93 0.02 0.86 0.96 | F:x̄σmM 11.1 2.9 7.0 22.0 | H 1.184 | V 0.876 | pL -0.005 | vL 0.001 | ∇ 0.012
U 424 | F 868352 | FPS 1576 | D 612 | rR:x̄σmM 0.93 0.02 0.88 0.96 | F:x̄σmM 10.5 2.5 7.0 19.0 | H 1.221 | V 0.885 | pL -0.004 | vL 0.001 | ∇ 0.009
U 425 | F 870400 | FPS 1602 | D 613 | rR:x̄σmM 0.93 0.02 0.85 0.96 | F:x̄σmM 11.3 2.9 7.0 24.0 | H 1.268 | V 0.880 | pL 0.012 | vL 0.001 | ∇ 0.010
U 426 | F 872448 | FPS 1599 | D 614 | rR:x̄σmM 0.93 0.02 0.85 0.96 | F:x̄σmM 11.5 3.2 7.0 24.0 | H 1.169 | V 0.873 | pL 0.003 | vL 0.001 | ∇ 0.013
U 427 | F 874496 | FPS 1571 | D 616 | rR:x̄σmM 0.93 0.02 0.87 0.96 | F:x̄σmM 10.6 2.5 7.0 21.0 | H 1.179 | V 0.882 | pL -0.016 | vL 0.001 | ∇ 0.006
U 428 | F 876544 | FPS 1588 | D 617 | rR:x̄σmM 0.93 0.02 0.86 0.96 | F:x̄σmM 11.0 3.0 7.0 23.0 | H 1.132 | V 0.882 | pL 0.004 | vL 0.001 | ∇ 0.008
U 429 | F 878592 | FPS 1598 | D 618 | rR:x̄σmM 0.93 0.02 0.86 0.96 | F:x̄σmM 10.5 2.8 7.0 22.0 | H 1.127 | V 0.885 | pL 0.002 | vL 0.001 | ∇ 0.007
U 430 | F 880640 | FPS 1573 | D 619 | rR:x̄σmM 0.93 0.02 0.88 0.96 | F:x̄σmM 10.4 2.5 7.0 19.0 | H 1.219 | V 0.886 | pL -0.003 | vL 0.001 | ∇ 0.012
Model successfully saved
U 431 | F 882688 | FPS 1567 | D 621 | rR:x̄σmM 0.93 0.02 0.84 0.96 | F:x̄σmM 11.5 3.5 7.0 25.0 | H 1.166 | V 0.876 | pL 0.011 | vL 0.001 | ∇ 0.008
U 432 | F 884736 | FPS 1486 | D 622 | rR:x̄σmM 0.93 0.02 0.86 0.96 | F:x̄σmM 10.7 2.7 7.0 23.0 | H 1.180 | V 0.882 | pL -0.003 | vL 0.001 | ∇ 0.007
U 433 | F 886784 | FPS 1502 | D 624 | rR:x̄σmM 0.93 0.02 0.88 0.96 | F:x̄σmM 10.8 2.7 7.0 20.0 | H 1.171 | V 0.882 | pL 0.003 | vL 0.001 | ∇ 0.010
U 434 | F 888832 | FPS 1478 | D 625 | rR:x̄σmM 0.94 0.01 0.88 0.96 | F:x̄σmM 10.3 2.3 7.0 19.0 | H 1.261 | V 0.888 | pL -0.004 | vL 0.000 | ∇ 0.005
U 435 | F 890880 | FPS 1578 | D 626 | rR:x̄σmM 0.93 0.02 0.88 0.96 | F:x̄σmM 11.2 2.7 7.0 20.0 | H 1.321 | V 0.879 | pL 0.007 | vL 0.001 | ∇ 0.008
U 436 | F 892928 | FPS 1493 | D 628 | rR:x̄σmM 0.93 0.02 0.82 0.96 | F:x̄σmM 11.9 3.3 7.0 29.0 | H 1.243 | V 0.869 | pL 0.005 | vL 0.001 | ∇ 0.010
U 437 | F 894976 | FPS 1447 | D 629 | rR:x̄σmM 0.93 0.02 0.84 0.96 | F:x̄σmM 11.3 3.2 7.0 25.0 | H 1.178 | V 0.874 | pL -0.006 | vL 0.001 | ∇ 0.008
U 438 | F 897024 | FPS 1498 | D 630 | rR:x̄σmM 0.93 0.02 0.83 0.96 | F:x̄σmM 10.9 3.0 7.0 27.0 | H 1.251 | V 0.880 | pL -0.004 | vL 0.001 | ∇ 0.007
U 439 | F 899072 | FPS 1536 | D 632 | rR:x̄σmM 0.93 0.02 0.85 0.96 | F:x̄σmM 11.6 3.0 7.0 24.0 | H 1.202 | V 0.875 | pL 0.006 | vL 0.001 | ∇ 0.010
U 440 | F 901120 | FPS 1366 | D 633 | rR:x̄σmM 0.93 0.02 0.86 0.96 | F:x̄σmM 10.9 2.5 7.0 22.0 | H 1.219 | V 0.882 | pL 0.001 | vL 0.001 | ∇ 0.008
Model successfully saved
U 441 | F 903168 | FPS 1501 | D 635 | rR:x̄σmM 0.93 0.02 0.84 0.96 | F:x̄σmM 10.9 2.9 7.0 26.0 | H 1.236 | V 0.881 | pL -0.002 | vL 0.001 | ∇ 0.012
U 442 | F 905216 | FPS 1487 | D 636 | rR:x̄σmM 0.93 0.02 0.82 0.96 | F:x̄σmM 11.8 3.4 7.0 29.0 | H 1.275 | V 0.871 | pL 0.005 | vL 0.001 | ∇ 0.008
U 443 | F 907264 | FPS 1532 | D 637 | rR:x̄σmM 0.93 0.02 0.88 0.96 | F:x̄σmM 11.6 2.7 7.0 19.0 | H 1.303 | V 0.874 | pL 0.002 | vL 0.001 | ∇ 0.008
U 444 | F 909312 | FPS 1426 | D 639 | rR:x̄σmM 0.93 0.02 0.85 0.96 | F:x̄σmM 12.0 3.4 7.0 24.0 | H 1.248 | V 0.869 | pL 0.006 | vL 0.001 | ∇ 0.011
U 445 | F 911360 | FPS 1418 | D 640 | rR:x̄σmM 0.93 0.02 0.84 0.96 | F:x̄σmM 11.4 3.1 7.0 26.0 | H 1.208 | V 0.873 | pL -0.003 | vL 0.001 | ∇ 0.009
U 446 | F 913408 | FPS 1355 | D 642 | rR:x̄σmM 0.93 0.02 0.86 0.96 | F:x̄σmM 11.2 2.9 7.0 23.0 | H 1.350 | V 0.880 | pL 0.000 | vL 0.001 | ∇ 0.010
U 447 | F 915456 | FPS 1404 | D 643 | rR:x̄σmM 0.92 0.03 0.79 0.96 | F:x̄σmM 12.2 4.1 7.0 34.0 | H 1.289 | V 0.867 | pL 0.017 | vL 0.001 | ∇ 0.012
U 448 | F 917504 | FPS 1530 | D 644 | rR:x̄σmM 0.93 0.02 0.83 0.96 | F:x̄σmM 11.8 3.4 7.0 27.0 | H 1.224 | V 0.868 | pL -0.003 | vL 0.001 | ∇ 0.014
U 449 | F 919552 | FPS 1480 | D 646 | rR:x̄σmM 0.93 0.02 0.84 0.96 | F:x̄σmM 11.2 3.4 7.0 25.0 | H 1.200 | V 0.874 | pL -0.008 | vL 0.001 | ∇ 0.013
U 450 | F 921600 | FPS 1515 | D 647 | rR:x̄σmM 0.93 0.02 0.88 0.96 | F:x̄σmM 10.9 2.5 7.0 19.0 | H 1.273 | V 0.883 | pL -0.000 | vL 0.001 | ∇ 0.006
Model successfully saved
U 451 | F 923648 | FPS 1494 | D 649 | rR:x̄σmM 0.93 0.02 0.86 0.96 | F:x̄σmM 11.8 3.0 7.0 23.0 | H 1.254 | V 0.873 | pL 0.012 | vL 0.001 | ∇ 0.011
U 452 | F 925696 | FPS 1595 | D 650 | rR:x̄σmM 0.93 0.02 0.86 0.96 | F:x̄σmM 11.3 3.1 7.0 23.0 | H 1.245 | V 0.878 | pL -0.001 | vL 0.001 | ∇ 0.007
U 453 | F 927744 | FPS 1589 | D 651 | rR:x̄σmM 0.93 0.02 0.85 0.96 | F:x̄σmM 11.1 2.7 7.0 24.0 | H 1.246 | V 0.878 | pL -0.003 | vL 0.001 | ∇ 0.007
U 454 | F 929792 | FPS 1572 | D 653 | rR:x̄σmM 0.93 0.02 0.87 0.96 | F:x̄σmM 11.2 2.8 7.0 21.0 | H 1.232 | V 0.878 | pL -0.001 | vL 0.001 | ∇ 0.007
U 455 | F 931840 | FPS 1543 | D 654 | rR:x̄σmM 0.93 0.02 0.87 0.96 | F:x̄σmM 11.2 2.9 7.0 21.0 | H 1.233 | V 0.875 | pL -0.006 | vL 0.001 | ∇ 0.008
U 456 | F 933888 | FPS 1569 | D 655 | rR:x̄σmM 0.93 0.02 0.81 0.96 | F:x̄σmM 11.4 3.2 7.0 30.0 | H 1.168 | V 0.876 | pL 0.005 | vL 0.001 | ∇ 0.008
U 457 | F 935936 | FPS 1570 | D 656 | rR:x̄σmM 0.93 0.02 0.88 0.96 | F:x̄σmM 10.9 2.4 7.0 20.0 | H 1.262 | V 0.881 | pL -0.007 | vL 0.001 | ∇ 0.008
U 458 | F 937984 | FPS 1526 | D 658 | rR:x̄σmM 0.93 0.02 0.83 0.96 | F:x̄σmM 11.5 3.2 7.0 27.0 | H 1.223 | V 0.875 | pL 0.002 | vL 0.001 | ∇ 0.013
U 459 | F 940032 | FPS 1541 | D 659 | rR:x̄σmM 0.93 0.02 0.86 0.96 | F:x̄σmM 11.5 3.0 7.0 23.0 | H 1.258 | V 0.877 | pL 0.001 | vL 0.001 | ∇ 0.009
U 460 | F 942080 | FPS 1482 | D 661 | rR:x̄σmM 0.93 0.02 0.82 0.96 | F:x̄σmM 11.5 3.1 7.0 29.0 | H 1.227 | V 0.874 | pL 0.002 | vL 0.001 | ∇ 0.017
Model successfully saved
U 461 | F 944128 | FPS 1535 | D 662 | rR:x̄σmM 0.93 0.02 0.84 0.96 | F:x̄σmM 11.2 3.2 7.0 25.0 | H 1.203 | V 0.878 | pL 0.002 | vL 0.001 | ∇ 0.010
U 462 | F 946176 | FPS 1557 | D 663 | rR:x̄σmM 0.93 0.02 0.82 0.96 | F:x̄σmM 10.9 2.8 7.0 28.0 | H 1.210 | V 0.879 | pL -0.005 | vL 0.001 | ∇ 0.007
U 463 | F 948224 | FPS 1523 | D 665 | rR:x̄σmM 0.93 0.02 0.86 0.96 | F:x̄σmM 11.2 2.9 7.0 22.0 | H 1.162 | V 0.878 | pL -0.002 | vL 0.001 | ∇ 0.010
U 464 | F 950272 | FPS 1548 | D 666 | rR:x̄σmM 0.93 0.01 0.89 0.96 | F:x̄σmM 10.6 2.3 7.0 17.0 | H 1.201 | V 0.881 | pL -0.012 | vL 0.000 | ∇ 0.007
U 465 | F 952320 | FPS 1584 | D 667 | rR:x̄σmM 0.93 0.02 0.88 0.96 | F:x̄σmM 11.1 2.6 7.0 20.0 | H 1.209 | V 0.880 | pL 0.004 | vL 0.001 | ∇ 0.008
U 466 | F 954368 | FPS 1546 | D 668 | rR:x̄σmM 0.93 0.02 0.87 0.96 | F:x̄σmM 11.1 2.8 7.0 21.0 | H 1.228 | V 0.878 | pL -0.002 | vL 0.001 | ∇ 0.006
U 467 | F 956416 | FPS 1546 | D 670 | rR:x̄σmM 0.93 0.02 0.86 0.96 | F:x̄σmM 11.1 2.7 7.0 22.0 | H 1.298 | V 0.881 | pL -0.000 | vL 0.001 | ∇ 0.005
U 468 | F 958464 | FPS 1551 | D 671 | rR:x̄σmM 0.93 0.02 0.82 0.96 | F:x̄σmM 12.0 3.5 7.0 29.0 | H 1.245 | V 0.870 | pL 0.009 | vL 0.001 | ∇ 0.010
U 469 | F 960512 | FPS 1543 | D 672 | rR:x̄σmM 0.93 0.02 0.86 0.96 | F:x̄σmM 11.2 3.0 7.0 22.0 | H 1.169 | V 0.877 | pL -0.010 | vL 0.001 | ∇ 0.016
U 470 | F 962560 | FPS 1510 | D 674 | rR:x̄σmM 0.93 0.02 0.88 0.96 | F:x̄σmM 10.7 2.5 7.0 19.0 | H 1.223 | V 0.885 | pL 0.001 | vL 0.001 | ∇ 0.010
Model successfully saved
U 471 | F 964608 | FPS 1580 | D 675 | rR:x̄σmM 0.93 0.02 0.86 0.96 | F:x̄σmM 11.1 2.9 7.0 23.0 | H 1.242 | V 0.879 | pL 0.002 | vL 0.001 | ∇ 0.010
U 472 | F 966656 | FPS 1550 | D 676 | rR:x̄σmM 0.93 0.02 0.87 0.96 | F:x̄σmM 11.1 2.8 7.0 21.0 | H 1.201 | V 0.879 | pL 0.003 | vL 0.001 | ∇ 0.007
U 473 | F 968704 | FPS 1612 | D 678 | rR:x̄σmM 0.93 0.02 0.84 0.96 | F:x̄σmM 11.4 3.3 7.0 25.0 | H 1.209 | V 0.877 | pL 0.005 | vL 0.001 | ∇ 0.011
U 474 | F 970752 | FPS 1598 | D 679 | rR:x̄σmM 0.93 0.02 0.88 0.96 | F:x̄σmM 11.3 2.8 7.0 20.0 | H 1.269 | V 0.875 | pL 0.002 | vL 0.001 | ∇ 0.013
U 475 | F 972800 | FPS 1588 | D 680 | rR:x̄σmM 0.93 0.02 0.87 0.96 | F:x̄σmM 11.4 2.7 7.0 21.0 | H 1.275 | V 0.876 | pL -0.002 | vL 0.001 | ∇ 0.008
U 476 | F 974848 | FPS 1571 | D 682 | rR:x̄σmM 0.93 0.02 0.83 0.96 | F:x̄σmM 12.0 3.5 7.0 27.0 | H 1.223 | V 0.868 | pL 0.002 | vL 0.001 | ∇ 0.009
U 477 | F 976896 | FPS 1596 | D 683 | rR:x̄σmM 0.93 0.02 0.84 0.96 | F:x̄σmM 11.3 2.8 7.0 25.0 | H 1.286 | V 0.873 | pL -0.012 | vL 0.001 | ∇ 0.011
U 478 | F 978944 | FPS 1566 | D 684 | rR:x̄σmM 0.93 0.02 0.87 0.96 | F:x̄σmM 11.7 3.0 7.0 21.0 | H 1.204 | V 0.874 | pL 0.002 | vL 0.001 | ∇ 0.013
U 479 | F 980992 | FPS 1529 | D 686 | rR:x̄σmM 0.93 0.02 0.88 0.96 | F:x̄σmM 11.0 2.5 7.0 19.0 | H 1.283 | V 0.878 | pL -0.008 | vL 0.001 | ∇ 0.011
U 480 | F 983040 | FPS 1515 | D 687 | rR:x̄σmM 0.93 0.02 0.86 0.96 | F:x̄σmM 11.7 2.8 7.0 22.0 | H 1.299 | V 0.874 | pL 0.003 | vL 0.001 | ∇ 0.008
Model successfully saved
U 481 | F 985088 | FPS 1419 | D 688 | rR:x̄σmM 0.93 0.02 0.87 0.96 | F:x̄σmM 11.7 2.9 7.0 21.0 | H 1.271 | V 0.873 | pL -0.003 | vL 0.001 | ∇ 0.008
U 482 | F 987136 | FPS 1461 | D 690 | rR:x̄σmM 0.93 0.02 0.82 0.96 | F:x̄σmM 11.5 3.7 7.0 29.0 | H 1.177 | V 0.875 | pL 0.002 | vL 0.001 | ∇ 0.011
U 483 | F 989184 | FPS 1555 | D 691 | rR:x̄σmM 0.93 0.02 0.85 0.96 | F:x̄σmM 11.1 2.8 7.0 24.0 | H 1.240 | V 0.879 | pL -0.003 | vL 0.001 | ∇ 0.007
U 484 | F 991232 | FPS 1439 | D 693 | rR:x̄σmM 0.93 0.02 0.86 0.96 | F:x̄σmM 11.5 2.8 7.0 22.0 | H 1.231 | V 0.875 | pL 0.001 | vL 0.001 | ∇ 0.015
U 485 | F 993280 | FPS 1599 | D 694 | rR:x̄σmM 0.93 0.02 0.88 0.96 | F:x̄σmM 11.2 2.5 7.0 19.0 | H 1.306 | V 0.881 | pL 0.004 | vL 0.001 | ∇ 0.006
U 486 | F 995328 | FPS 1612 | D 695 | rR:x̄σmM 0.93 0.02 0.86 0.96 | F:x̄σmM 11.5 3.0 7.0 23.0 | H 1.246 | V 0.875 | pL 0.004 | vL 0.001 | ∇ 0.007
U 487 | F 997376 | FPS 1595 | D 696 | rR:x̄σmM 0.93 0.02 0.81 0.96 | F:x̄σmM 11.7 3.3 7.0 30.0 | H 1.157 | V 0.872 | pL -0.001 | vL 0.001 | ∇ 0.006
U 488 | F 999424 | FPS 1591 | D 698 | rR:x̄σmM 0.93 0.02 0.87 0.96 | F:x̄σmM 10.6 2.6 7.0 21.0 | H 1.163 | V 0.885 | pL -0.011 | vL 0.001 | ∇ 0.007
U 489 | F 1001472 | FPS 1597 | D 699 | rR:x̄σmM 0.93 0.02 0.86 0.96 | F:x̄σmM 10.7 2.6 7.0 22.0 | H 1.242 | V 0.884 | pL 0.002 | vL 0.001 | ∇ 0.010
