/home/fabian_57/thesis_projects/curriculum-test/scripts/train.py --algo ppo --env MiniGrid-Empty-8x8-v0 --no-instr --tb --frames=1000000 --model Empty-8x8-with-6x6 --save-interval 10

Namespace(algo='ppo', batch_size=256, clip_eps=0.2, discount=0.99, entropy_coef=0.01, env='MiniGrid-Empty-8x8-v0', epochs=4, frames=1000000, frames_per_proc=None, gae_lambda=0.95, log_interval=1, lr=0.0007, max_grad_norm=0.5, model='Empty-8x8-with-6x6', no_instr=True, no_mem=False, optim_alpha=0.99, optim_eps=1e-05, procs=16, recurrence=1, save_interval=10, seed=1, tb=True, value_loss_coef=0.5)

Model successfully loaded

ACModel(
  (image_conv): Sequential(
    (0): Conv2d(3, 16, kernel_size=(2, 2), stride=(1, 1))
    (1): ReLU()
    (2): MaxPool2d(kernel_size=(2, 2), stride=2, padding=0, dilation=1, ceil_mode=False)
    (3): Conv2d(16, 32, kernel_size=(2, 2), stride=(1, 1))
    (4): ReLU()
    (5): Conv2d(32, 64, kernel_size=(2, 2), stride=(1, 1))
    (6): ReLU()
  )
  (memory_rnn): LSTMCell(64, 64)
  (actor): Sequential(
    (0): Linear(in_features=64, out_features=64, bias=True)
    (1): Tanh()
    (2): Linear(in_features=64, out_features=7, bias=True)
  )
  (critic): Sequential(
    (0): Linear(in_features=64, out_features=64, bias=True)
    (1): Tanh()
    (2): Linear(in_features=64, out_features=1, bias=True)
  )
)

CUDA available: True

U 1 | F 002048 | FPS 1040 | D 1 | rR:x̄σmM 0.86 0.06 0.65 0.94 | F:x̄σmM 41.1 17.4 17.0 99.0 | H 1.679 | V 0.732 | pL 0.075 | vL 0.002 | ∇ 0.030
U 2 | F 004096 | FPS 1532 | D 3 | rR:x̄σmM 0.83 0.09 0.44 0.93 | F:x̄σmM 47.7 24.6 21.0 159.0 | H 1.673 | V 0.692 | pL 0.043 | vL 0.003 | ∇ 0.024
U 3 | F 006144 | FPS 1503 | D 4 | rR:x̄σmM 0.86 0.06 0.66 0.94 | F:x̄σmM 39.1 16.0 16.0 97.0 | H 1.618 | V 0.700 | pL 0.001 | vL 0.002 | ∇ 0.017
U 4 | F 008192 | FPS 1564 | D 5 | rR:x̄σmM 0.90 0.04 0.75 0.95 | F:x̄σmM 29.8 11.9 15.0 70.0 | H 1.452 | V 0.742 | pL -0.028 | vL 0.003 | ∇ 0.024
U 5 | F 010240 | FPS 1586 | D 7 | rR:x̄σmM 0.92 0.03 0.82 0.95 | F:x̄σmM 24.1 7.3 14.0 50.0 | H 1.400 | V 0.794 | pL -0.022 | vL 0.002 | ∇ 0.014
U 6 | F 012288 | FPS 1648 | D 8 | rR:x̄σmM 0.92 0.02 0.85 0.95 | F:x̄σmM 22.4 6.4 13.0 44.0 | H 1.354 | V 0.821 | pL -0.007 | vL 0.001 | ∇ 0.011
U 7 | F 014336 | FPS 1627 | D 9 | rR:x̄σmM 0.92 0.02 0.83 0.95 | F:x̄σmM 21.4 5.8 14.0 48.0 | H 1.377 | V 0.829 | pL -0.004 | vL 0.001 | ∇ 0.009
U 8 | F 016384 | FPS 1620 | D 11 | rR:x̄σmM 0.92 0.02 0.84 0.95 | F:x̄σmM 21.9 6.3 13.0 45.0 | H 1.364 | V 0.824 | pL 0.006 | vL 0.001 | ∇ 0.017
U 9 | F 018432 | FPS 1551 | D 12 | rR:x̄σmM 0.92 0.02 0.82 0.95 | F:x̄σmM 21.4 5.7 14.0 51.0 | H 1.394 | V 0.830 | pL -0.004 | vL 0.001 | ∇ 0.010
U 10 | F 020480 | FPS 1572 | D 13 | rR:x̄σmM 0.93 0.02 0.88 0.96 | F:x̄σmM 21.1 4.7 12.0 33.0 | H 1.369 | V 0.831 | pL -0.003 | vL 0.001 | ∇ 0.008
Model successfully saved
U 11 | F 022528 | FPS 1515 | D 15 | rR:x̄σmM 0.92 0.02 0.86 0.95 | F:x̄σmM 22.2 5.6 14.0 39.0 | H 1.379 | V 0.825 | pL 0.008 | vL 0.001 | ∇ 0.011
U 12 | F 024576 | FPS 1544 | D 16 | rR:x̄σmM 0.92 0.02 0.85 0.95 | F:x̄σmM 21.4 5.7 13.0 42.0 | H 1.374 | V 0.827 | pL -0.010 | vL 0.001 | ∇ 0.011
U 13 | F 026624 | FPS 1537 | D 17 | rR:x̄σmM 0.93 0.01 0.87 0.95 | F:x̄σmM 20.9 4.2 14.0 37.0 | H 1.387 | V 0.833 | pL -0.002 | vL 0.001 | ∇ 0.007
U 14 | F 028672 | FPS 1524 | D 19 | rR:x̄σmM 0.92 0.02 0.81 0.95 | F:x̄σmM 21.9 5.9 14.0 54.0 | H 1.425 | V 0.829 | pL 0.003 | vL 0.001 | ∇ 0.010
U 15 | F 030720 | FPS 1487 | D 20 | rR:x̄σmM 0.92 0.02 0.86 0.95 | F:x̄σmM 21.6 4.5 14.0 39.0 | H 1.486 | V 0.829 | pL 0.004 | vL 0.001 | ∇ 0.010
U 16 | F 032768 | FPS 1444 | D 21 | rR:x̄σmM 0.91 0.02 0.85 0.94 | F:x̄σmM 24.8 6.2 16.0 44.0 | H 1.456 | V 0.808 | pL 0.012 | vL 0.001 | ∇ 0.013
U 17 | F 034816 | FPS 1508 | D 23 | rR:x̄σmM 0.92 0.02 0.82 0.95 | F:x̄σmM 23.6 5.9 13.0 52.0 | H 1.416 | V 0.808 | pL -0.002 | vL 0.001 | ∇ 0.009
U 18 | F 036864 | FPS 1503 | D 24 | rR:x̄σmM 0.92 0.02 0.86 0.95 | F:x̄σmM 22.6 5.9 13.0 41.0 | H 1.371 | V 0.820 | pL -0.010 | vL 0.001 | ∇ 0.016
U 19 | F 038912 | FPS 1564 | D 25 | rR:x̄σmM 0.93 0.02 0.83 0.95 | F:x̄σmM 21.2 5.0 13.0 47.0 | H 1.389 | V 0.831 | pL -0.002 | vL 0.001 | ∇ 0.011
U 20 | F 040960 | FPS 1602 | D 27 | rR:x̄σmM 0.93 0.02 0.85 0.95 | F:x̄σmM 21.3 5.1 13.0 42.0 | H 1.358 | V 0.832 | pL 0.002 | vL 0.001 | ∇ 0.009
Model successfully saved
U 21 | F 043008 | FPS 1505 | D 28 | rR:x̄σmM 0.93 0.02 0.87 0.95 | F:x̄σmM 21.0 4.3 14.0 38.0 | H 1.390 | V 0.833 | pL -0.004 | vL 0.001 | ∇ 0.009
U 22 | F 045056 | FPS 1527 | D 29 | rR:x̄σmM 0.92 0.02 0.85 0.95 | F:x̄σmM 21.7 5.4 15.0 44.0 | H 1.375 | V 0.828 | pL 0.002 | vL 0.001 | ∇ 0.009
U 23 | F 047104 | FPS 1586 | D 31 | rR:x̄σmM 0.92 0.02 0.87 0.95 | F:x̄σmM 22.0 4.8 13.0 38.0 | H 1.400 | V 0.826 | pL 0.000 | vL 0.001 | ∇ 0.009
U 24 | F 049152 | FPS 1502 | D 32 | rR:x̄σmM 0.93 0.02 0.86 0.95 | F:x̄σmM 21.1 5.2 13.0 39.0 | H 1.347 | V 0.830 | pL -0.003 | vL 0.001 | ∇ 0.009
U 25 | F 051200 | FPS 1486 | D 33 | rR:x̄σmM 0.93 0.02 0.87 0.95 | F:x̄σmM 20.9 4.7 13.0 38.0 | H 1.391 | V 0.833 | pL -0.001 | vL 0.001 | ∇ 0.011
U 26 | F 053248 | FPS 1504 | D 35 | rR:x̄σmM 0.92 0.02 0.86 0.95 | F:x̄σmM 21.6 5.6 14.0 41.0 | H 1.400 | V 0.832 | pL 0.004 | vL 0.001 | ∇ 0.010
U 27 | F 055296 | FPS 1533 | D 36 | rR:x̄σmM 0.93 0.01 0.87 0.95 | F:x̄σmM 20.5 4.2 13.0 38.0 | H 1.405 | V 0.833 | pL -0.002 | vL 0.001 | ∇ 0.008
U 28 | F 057344 | FPS 1414 | D 38 | rR:x̄σmM 0.92 0.02 0.87 0.96 | F:x̄σmM 22.1 5.1 12.0 37.0 | H 1.355 | V 0.827 | pL 0.006 | vL 0.001 | ∇ 0.011
U 29 | F 059392 | FPS 1522 | D 39 | rR:x̄σmM 0.93 0.02 0.86 0.96 | F:x̄σmM 20.8 4.8 12.0 39.0 | H 1.375 | V 0.835 | pL -0.006 | vL 0.001 | ∇ 0.009
U 30 | F 061440 | FPS 1543 | D 40 | rR:x̄σmM 0.93 0.01 0.88 0.95 | F:x̄σmM 20.8 4.2 14.0 35.0 | H 1.406 | V 0.835 | pL 0.001 | vL 0.001 | ∇ 0.009
Model successfully saved
U 31 | F 063488 | FPS 1627 | D 42 | rR:x̄σmM 0.93 0.02 0.88 0.95 | F:x̄σmM 20.9 4.9 14.0 35.0 | H 1.402 | V 0.837 | pL 0.002 | vL 0.001 | ∇ 0.009
U 32 | F 065536 | FPS 1628 | D 43 | rR:x̄σmM 0.92 0.01 0.88 0.95 | F:x̄σmM 21.3 4.2 13.0 35.0 | H 1.434 | V 0.833 | pL 0.002 | vL 0.001 | ∇ 0.008
U 33 | F 067584 | FPS 1576 | D 44 | rR:x̄σmM 0.92 0.02 0.88 0.95 | F:x̄σmM 21.5 4.4 13.0 34.0 | H 1.390 | V 0.829 | pL -0.001 | vL 0.001 | ∇ 0.009
U 34 | F 069632 | FPS 1548 | D 45 | rR:x̄σmM 0.93 0.02 0.82 0.96 | F:x̄σmM 21.2 6.2 11.0 51.0 | H 1.307 | V 0.828 | pL -0.001 | vL 0.001 | ∇ 0.013
U 35 | F 071680 | FPS 1499 | D 47 | rR:x̄σmM 0.93 0.01 0.88 0.96 | F:x̄σmM 19.5 4.0 12.0 34.0 | H 1.393 | V 0.835 | pL -0.013 | vL 0.001 | ∇ 0.012
U 36 | F 073728 | FPS 1601 | D 48 | rR:x̄σmM 0.93 0.02 0.83 0.95 | F:x̄σmM 21.1 5.2 13.0 48.0 | H 1.442 | V 0.839 | pL 0.002 | vL 0.001 | ∇ 0.011
U 37 | F 075776 | FPS 1451 | D 50 | rR:x̄σmM 0.92 0.02 0.80 0.95 | F:x̄σmM 21.8 6.1 13.0 58.0 | H 1.365 | V 0.832 | pL 0.011 | vL 0.001 | ∇ 0.011
U 38 | F 077824 | FPS 1547 | D 51 | rR:x̄σmM 0.93 0.01 0.87 0.96 | F:x̄σmM 20.0 4.2 12.0 37.0 | H 1.405 | V 0.836 | pL -0.007 | vL 0.001 | ∇ 0.011
U 39 | F 079872 | FPS 1555 | D 52 | rR:x̄σmM 0.93 0.02 0.85 0.95 | F:x̄σmM 20.7 5.4 13.0 44.0 | H 1.429 | V 0.837 | pL -0.002 | vL 0.001 | ∇ 0.013
U 40 | F 081920 | FPS 1426 | D 54 | rR:x̄σmM 0.93 0.02 0.88 0.96 | F:x̄σmM 20.6 4.8 12.0 34.0 | H 1.401 | V 0.833 | pL -0.001 | vL 0.001 | ∇ 0.010
Model successfully saved
U 41 | F 083968 | FPS 1606 | D 55 | rR:x̄σmM 0.92 0.02 0.88 0.96 | F:x̄σmM 21.4 4.7 11.0 33.0 | H 1.375 | V 0.833 | pL -0.001 | vL 0.001 | ∇ 0.014
U 42 | F 086016 | FPS 1471 | D 56 | rR:x̄σmM 0.93 0.02 0.82 0.96 | F:x̄σmM 21.0 6.2 12.0 52.0 | H 1.345 | V 0.829 | pL 0.001 | vL 0.001 | ∇ 0.014
U 43 | F 088064 | FPS 1614 | D 58 | rR:x̄σmM 0.93 0.02 0.80 0.95 | F:x̄σmM 20.4 6.5 13.0 57.0 | H 1.353 | V 0.831 | pL -0.006 | vL 0.001 | ∇ 0.015
U 44 | F 090112 | FPS 1439 | D 59 | rR:x̄σmM 0.93 0.02 0.74 0.96 | F:x̄σmM 19.7 6.4 12.0 75.0 | H 1.411 | V 0.842 | pL 0.001 | vL 0.001 | ∇ 0.011
U 45 | F 092160 | FPS 1427 | D 60 | rR:x̄σmM 0.93 0.01 0.87 0.95 | F:x̄σmM 20.6 4.3 13.0 36.0 | H 1.494 | V 0.839 | pL 0.005 | vL 0.001 | ∇ 0.007
U 46 | F 094208 | FPS 1468 | D 62 | rR:x̄σmM 0.92 0.02 0.87 0.96 | F:x̄σmM 22.9 5.9 12.0 38.0 | H 1.418 | V 0.826 | pL 0.017 | vL 0.001 | ∇ 0.017
U 47 | F 096256 | FPS 1630 | D 63 | rR:x̄σmM 0.93 0.02 0.83 0.96 | F:x̄σmM 20.5 5.9 12.0 48.0 | H 1.392 | V 0.833 | pL -0.004 | vL 0.001 | ∇ 0.013
U 48 | F 098304 | FPS 1488 | D 64 | rR:x̄σmM 0.93 0.02 0.86 0.96 | F:x̄σmM 20.1 4.7 12.0 41.0 | H 1.349 | V 0.836 | pL -0.004 | vL 0.001 | ∇ 0.011
U 49 | F 100352 | FPS 1551 | D 66 | rR:x̄σmM 0.93 0.02 0.87 0.96 | F:x̄σmM 20.1 4.6 12.0 37.0 | H 1.374 | V 0.840 | pL -0.003 | vL 0.001 | ∇ 0.010
U 50 | F 102400 | FPS 1592 | D 67 | rR:x̄σmM 0.93 0.02 0.88 0.96 | F:x̄σmM 19.8 4.3 12.0 34.0 | H 1.386 | V 0.842 | pL -0.000 | vL 0.001 | ∇ 0.008
Model successfully saved
U 51 | F 104448 | FPS 1601 | D 68 | rR:x̄σmM 0.93 0.02 0.86 0.96 | F:x̄σmM 20.1 4.9 12.0 41.0 | H 1.365 | V 0.838 | pL -0.003 | vL 0.001 | ∇ 0.008
U 52 | F 106496 | FPS 1583 | D 70 | rR:x̄σmM 0.93 0.02 0.87 0.96 | F:x̄σmM 19.4 4.7 11.0 36.0 | H 1.287 | V 0.843 | pL -0.003 | vL 0.001 | ∇ 0.009
U 53 | F 108544 | FPS 1593 | D 71 | rR:x̄σmM 0.94 0.02 0.87 0.96 | F:x̄σmM 18.3 4.3 11.0 37.0 | H 1.315 | V 0.850 | pL -0.011 | vL 0.001 | ∇ 0.009
U 54 | F 110592 | FPS 1597 | D 72 | rR:x̄σmM 0.93 0.02 0.86 0.95 | F:x̄σmM 18.9 4.3 13.0 40.0 | H 1.370 | V 0.852 | pL 0.005 | vL 0.001 | ∇ 0.009
U 55 | F 112640 | FPS 1562 | D 74 | rR:x̄σmM 0.93 0.02 0.85 0.96 | F:x̄σmM 19.3 4.5 12.0 43.0 | H 1.416 | V 0.844 | pL 0.004 | vL 0.001 | ∇ 0.009
U 56 | F 114688 | FPS 1575 | D 75 | rR:x̄σmM 0.93 0.02 0.76 0.95 | F:x̄σmM 21.1 7.0 13.0 67.0 | H 1.381 | V 0.831 | pL 0.005 | vL 0.001 | ∇ 0.009
U 57 | F 116736 | FPS 1582 | D 76 | rR:x̄σmM 0.93 0.02 0.88 0.96 | F:x̄σmM 19.7 4.7 12.0 34.0 | H 1.323 | V 0.840 | pL -0.005 | vL 0.001 | ∇ 0.010
U 58 | F 118784 | FPS 1628 | D 77 | rR:x̄σmM 0.93 0.02 0.86 0.95 | F:x̄σmM 20.4 5.1 13.0 41.0 | H 1.290 | V 0.839 | pL 0.001 | vL 0.001 | ∇ 0.010
U 59 | F 120832 | FPS 1594 | D 79 | rR:x̄σmM 0.93 0.02 0.86 0.96 | F:x̄σmM 18.5 4.5 12.0 39.0 | H 1.310 | V 0.848 | pL -0.010 | vL 0.001 | ∇ 0.010
U 60 | F 122880 | FPS 1594 | D 80 | rR:x̄σmM 0.93 0.02 0.88 0.96 | F:x̄σmM 19.0 4.4 12.0 35.0 | H 1.344 | V 0.848 | pL 0.002 | vL 0.001 | ∇ 0.007
Model successfully saved
U 61 | F 124928 | FPS 1595 | D 81 | rR:x̄σmM 0.93 0.02 0.87 0.96 | F:x̄σmM 19.7 4.6 12.0 37.0 | H 1.410 | V 0.843 | pL 0.005 | vL 0.001 | ∇ 0.007
U 62 | F 126976 | FPS 1641 | D 83 | rR:x̄σmM 0.92 0.02 0.79 0.95 | F:x̄σmM 21.9 6.5 13.0 61.0 | H 1.337 | V 0.832 | pL 0.010 | vL 0.001 | ∇ 0.012
U 63 | F 129024 | FPS 1588 | D 84 | rR:x̄σmM 0.93 0.01 0.86 0.96 | F:x̄σmM 19.0 4.1 11.0 40.0 | H 1.297 | V 0.839 | pL -0.014 | vL 0.001 | ∇ 0.008
U 64 | F 131072 | FPS 1610 | D 85 | rR:x̄σmM 0.93 0.02 0.80 0.96 | F:x̄σmM 18.8 5.3 11.0 56.0 | H 1.342 | V 0.846 | pL -0.010 | vL 0.001 | ∇ 0.013
U 65 | F 133120 | FPS 1631 | D 86 | rR:x̄σmM 0.93 0.02 0.75 0.96 | F:x̄σmM 19.6 6.2 11.0 71.0 | H 1.421 | V 0.845 | pL 0.005 | vL 0.001 | ∇ 0.010
U 66 | F 135168 | FPS 1574 | D 88 | rR:x̄σmM 0.93 0.02 0.89 0.96 | F:x̄σmM 20.0 4.3 12.0 31.0 | H 1.376 | V 0.839 | pL 0.004 | vL 0.001 | ∇ 0.007
U 67 | F 137216 | FPS 1599 | D 89 | rR:x̄σmM 0.92 0.02 0.82 0.95 | F:x̄σmM 21.4 6.3 13.0 51.0 | H 1.346 | V 0.831 | pL 0.005 | vL 0.001 | ∇ 0.011
U 68 | F 139264 | FPS 1557 | D 90 | rR:x̄σmM 0.93 0.01 0.89 0.96 | F:x̄σmM 20.1 4.3 11.0 31.0 | H 1.344 | V 0.834 | pL -0.009 | vL 0.001 | ∇ 0.008
U 69 | F 141312 | FPS 1640 | D 92 | rR:x̄σmM 0.93 0.02 0.89 0.96 | F:x̄σmM 19.2 4.7 12.0 32.0 | H 1.290 | V 0.843 | pL -0.008 | vL 0.001 | ∇ 0.010
U 70 | F 143360 | FPS 1613 | D 93 | rR:x̄σmM 0.94 0.01 0.90 0.96 | F:x̄σmM 18.3 3.8 12.0 29.0 | H 1.349 | V 0.854 | pL -0.006 | vL 0.001 | ∇ 0.010
Model successfully saved
U 71 | F 145408 | FPS 1622 | D 94 | rR:x̄σmM 0.93 0.02 0.86 0.96 | F:x̄σmM 19.4 4.7 12.0 39.0 | H 1.335 | V 0.848 | pL 0.009 | vL 0.001 | ∇ 0.009
U 72 | F 147456 | FPS 1617 | D 95 | rR:x̄σmM 0.93 0.02 0.87 0.96 | F:x̄σmM 19.9 4.7 11.0 36.0 | H 1.378 | V 0.844 | pL 0.005 | vL 0.001 | ∇ 0.008
U 73 | F 149504 | FPS 1615 | D 97 | rR:x̄σmM 0.93 0.02 0.88 0.96 | F:x̄σmM 20.0 4.7 12.0 34.0 | H 1.391 | V 0.841 | pL -0.001 | vL 0.001 | ∇ 0.008
U 74 | F 151552 | FPS 1614 | D 98 | rR:x̄σmM 0.93 0.01 0.89 0.95 | F:x̄σmM 19.5 3.6 14.0 30.0 | H 1.408 | V 0.842 | pL -0.003 | vL 0.001 | ∇ 0.011
U 75 | F 153600 | FPS 1556 | D 99 | rR:x̄σmM 0.93 0.01 0.88 0.96 | F:x̄σmM 20.1 4.1 12.0 33.0 | H 1.432 | V 0.839 | pL -0.003 | vL 0.001 | ∇ 0.010
U 76 | F 155648 | FPS 1562 | D 101 | rR:x̄σmM 0.93 0.02 0.88 0.95 | F:x̄σmM 21.0 5.0 13.0 34.0 | H 1.393 | V 0.835 | pL 0.005 | vL 0.001 | ∇ 0.010
U 77 | F 157696 | FPS 1531 | D 102 | rR:x̄σmM 0.93 0.02 0.86 0.96 | F:x̄σmM 20.6 5.4 11.0 40.0 | H 1.340 | V 0.838 | pL 0.003 | vL 0.001 | ∇ 0.008
U 78 | F 159744 | FPS 1585 | D 103 | rR:x̄σmM 0.93 0.02 0.87 0.96 | F:x̄σmM 19.8 5.0 11.0 38.0 | H 1.382 | V 0.841 | pL -0.000 | vL 0.001 | ∇ 0.007
U 79 | F 161792 | FPS 1543 | D 105 | rR:x̄σmM 0.93 0.02 0.87 0.96 | F:x̄σmM 20.5 5.3 11.0 37.0 | H 1.357 | V 0.838 | pL 0.007 | vL 0.001 | ∇ 0.009
U 80 | F 163840 | FPS 1596 | D 106 | rR:x̄σmM 0.93 0.02 0.81 0.96 | F:x̄σmM 20.1 5.6 11.0 55.0 | H 1.335 | V 0.839 | pL -0.003 | vL 0.001 | ∇ 0.009
Model successfully saved
U 81 | F 165888 | FPS 1624 | D 107 | rR:x̄σmM 0.93 0.02 0.87 0.96 | F:x̄σmM 18.9 4.5 12.0 37.0 | H 1.304 | V 0.844 | pL -0.013 | vL 0.001 | ∇ 0.011
U 82 | F 167936 | FPS 1624 | D 108 | rR:x̄σmM 0.93 0.02 0.83 0.96 | F:x̄σmM 18.6 4.6 11.0 47.0 | H 1.415 | V 0.852 | pL 0.001 | vL 0.001 | ∇ 0.010
U 83 | F 169984 | FPS 1535 | D 110 | rR:x̄σmM 0.92 0.02 0.85 0.95 | F:x̄σmM 21.7 5.7 13.0 43.0 | H 1.350 | V 0.835 | pL 0.017 | vL 0.001 | ∇ 0.008
U 84 | F 172032 | FPS 1603 | D 111 | rR:x̄σmM 0.93 0.01 0.90 0.95 | F:x̄σmM 19.1 3.9 13.0 29.0 | H 1.421 | V 0.843 | pL -0.010 | vL 0.001 | ∇ 0.010
U 85 | F 174080 | FPS 1489 | D 112 | rR:x̄σmM 0.93 0.01 0.87 0.95 | F:x̄σmM 20.9 4.3 13.0 36.0 | H 1.441 | V 0.833 | pL 0.002 | vL 0.001 | ∇ 0.010
U 86 | F 176128 | FPS 1423 | D 114 | rR:x̄σmM 0.92 0.02 0.81 0.96 | F:x̄σmM 21.4 5.5 11.0 53.0 | H 1.427 | V 0.828 | pL 0.001 | vL 0.001 | ∇ 0.009
U 87 | F 178176 | FPS 1508 | D 115 | rR:x̄σmM 0.92 0.02 0.82 0.96 | F:x̄σmM 21.6 5.7 11.0 50.0 | H 1.424 | V 0.833 | pL 0.004 | vL 0.001 | ∇ 0.010
U 88 | F 180224 | FPS 1541 | D 116 | rR:x̄σmM 0.93 0.02 0.88 0.95 | F:x̄σmM 21.0 4.6 13.0 34.0 | H 1.411 | V 0.831 | pL 0.001 | vL 0.001 | ∇ 0.009
U 89 | F 182272 | FPS 1426 | D 118 | rR:x̄σmM 0.92 0.02 0.84 0.95 | F:x̄σmM 21.5 5.0 14.0 46.0 | H 1.406 | V 0.827 | pL 0.001 | vL 0.001 | ∇ 0.009
U 90 | F 184320 | FPS 1517 | D 119 | rR:x̄σmM 0.93 0.02 0.88 0.96 | F:x̄σmM 21.3 4.7 12.0 34.0 | H 1.358 | V 0.833 | pL -0.002 | vL 0.001 | ∇ 0.007
Model successfully saved
U 91 | F 186368 | FPS 1638 | D 121 | rR:x̄σmM 0.93 0.02 0.87 0.96 | F:x̄σmM 20.2 5.0 11.0 36.0 | H 1.351 | V 0.832 | pL -0.008 | vL 0.001 | ∇ 0.010
U 92 | F 188416 | FPS 1598 | D 122 | rR:x̄σmM 0.93 0.02 0.87 0.96 | F:x̄σmM 19.0 4.4 12.0 38.0 | H 1.445 | V 0.846 | pL -0.008 | vL 0.001 | ∇ 0.010
U 93 | F 190464 | FPS 1651 | D 123 | rR:x̄σmM 0.92 0.02 0.81 0.95 | F:x̄σmM 21.3 5.7 13.0 54.0 | H 1.394 | V 0.836 | pL 0.016 | vL 0.001 | ∇ 0.009
U 94 | F 192512 | FPS 1598 | D 124 | rR:x̄σmM 0.93 0.02 0.82 0.96 | F:x̄σmM 20.6 5.3 12.0 52.0 | H 1.457 | V 0.838 | pL -0.000 | vL 0.001 | ∇ 0.012
U 95 | F 194560 | FPS 1628 | D 126 | rR:x̄σmM 0.92 0.02 0.86 0.95 | F:x̄σmM 22.3 5.5 14.0 40.0 | H 1.373 | V 0.823 | pL 0.010 | vL 0.001 | ∇ 0.009
U 96 | F 196608 | FPS 1613 | D 127 | rR:x̄σmM 0.93 0.02 0.86 0.96 | F:x̄σmM 20.9 4.7 12.0 40.0 | H 1.454 | V 0.833 | pL -0.003 | vL 0.001 | ∇ 0.009
U 97 | F 198656 | FPS 1558 | D 128 | rR:x̄σmM 0.92 0.02 0.86 0.96 | F:x̄σmM 22.0 6.6 11.0 41.0 | H 1.342 | V 0.826 | pL 0.008 | vL 0.001 | ∇ 0.012
U 98 | F 200704 | FPS 1629 | D 129 | rR:x̄σmM 0.93 0.02 0.76 0.96 | F:x̄σmM 19.9 6.5 12.0 67.0 | H 1.306 | V 0.837 | pL -0.017 | vL 0.001 | ∇ 0.009
U 99 | F 202752 | FPS 1618 | D 131 | rR:x̄σmM 0.93 0.02 0.88 0.96 | F:x̄σmM 19.6 4.3 11.0 33.0 | H 1.317 | V 0.845 | pL -0.003 | vL 0.001 | ∇ 0.006
U 100 | F 204800 | FPS 1613 | D 132 | rR:x̄σmM 0.93 0.02 0.89 0.96 | F:x̄σmM 19.0 4.4 11.0 32.0 | H 1.399 | V 0.847 | pL 0.002 | vL 0.001 | ∇ 0.007
Model successfully saved
U 101 | F 206848 | FPS 1640 | D 133 | rR:x̄σmM 0.92 0.02 0.81 0.95 | F:x̄σmM 22.1 5.4 14.0 53.0 | H 1.378 | V 0.836 | pL 0.016 | vL 0.001 | ∇ 0.009
U 102 | F 208896 | FPS 1633 | D 135 | rR:x̄σmM 0.93 0.02 0.89 0.96 | F:x̄σmM 20.1 4.7 12.0 31.0 | H 1.386 | V 0.833 | pL -0.007 | vL 0.001 | ∇ 0.007
U 103 | F 210944 | FPS 1516 | D 136 | rR:x̄σmM 0.92 0.02 0.83 0.96 | F:x̄σmM 21.4 5.8 11.0 48.0 | H 1.271 | V 0.832 | pL -0.000 | vL 0.001 | ∇ 0.015
U 104 | F 212992 | FPS 1591 | D 137 | rR:x̄σmM 0.94 0.01 0.89 0.96 | F:x̄σmM 17.9 3.9 12.0 30.0 | H 1.311 | V 0.850 | pL -0.012 | vL 0.001 | ∇ 0.010
U 105 | F 215040 | FPS 1625 | D 138 | rR:x̄σmM 0.93 0.02 0.85 0.96 | F:x̄σmM 18.6 4.7 12.0 42.0 | H 1.324 | V 0.850 | pL -0.002 | vL 0.001 | ∇ 0.013
U 106 | F 217088 | FPS 1638 | D 140 | rR:x̄σmM 0.93 0.02 0.80 0.95 | F:x̄σmM 19.4 5.4 13.0 58.0 | H 1.389 | V 0.842 | pL 0.002 | vL 0.001 | ∇ 0.007
U 107 | F 219136 | FPS 1559 | D 141 | rR:x̄σmM 0.93 0.01 0.89 0.96 | F:x̄σmM 20.3 4.1 11.0 32.0 | H 1.432 | V 0.840 | pL 0.002 | vL 0.001 | ∇ 0.010
U 108 | F 221184 | FPS 1610 | D 142 | rR:x̄σmM 0.92 0.02 0.87 0.96 | F:x̄σmM 21.5 5.2 12.0 36.0 | H 1.413 | V 0.833 | pL 0.007 | vL 0.001 | ∇ 0.008
U 109 | F 223232 | FPS 1507 | D 144 | rR:x̄σmM 0.92 0.02 0.87 0.96 | F:x̄σmM 22.0 5.2 12.0 38.0 | H 1.369 | V 0.831 | pL 0.004 | vL 0.001 | ∇ 0.011
U 110 | F 225280 | FPS 1473 | D 145 | rR:x̄σmM 0.93 0.02 0.87 0.95 | F:x̄σmM 20.4 4.5 13.0 38.0 | H 1.390 | V 0.837 | pL -0.003 | vL 0.001 | ∇ 0.012
Model successfully saved
U 111 | F 227328 | FPS 1569 | D 146 | rR:x̄σmM 0.93 0.02 0.86 0.96 | F:x̄σmM 19.9 4.7 12.0 40.0 | H 1.355 | V 0.840 | pL -0.004 | vL 0.001 | ∇ 0.008
U 112 | F 229376 | FPS 1329 | D 148 | rR:x̄σmM 0.93 0.02 0.77 0.96 | F:x̄σmM 19.3 6.0 12.0 64.0 | H 1.368 | V 0.843 | pL -0.002 | vL 0.001 | ∇ 0.009
U 113 | F 231424 | FPS 1493 | D 149 | rR:x̄σmM 0.93 0.02 0.80 0.96 | F:x̄σmM 20.6 6.1 12.0 58.0 | H 1.370 | V 0.833 | pL 0.002 | vL 0.001 | ∇ 0.013
U 114 | F 233472 | FPS 1577 | D 151 | rR:x̄σmM 0.93 0.01 0.89 0.95 | F:x̄σmM 20.4 4.2 13.0 32.0 | H 1.423 | V 0.835 | pL -0.004 | vL 0.001 | ∇ 0.007
U 115 | F 235520 | FPS 1499 | D 152 | rR:x̄σmM 0.92 0.02 0.87 0.95 | F:x̄σmM 22.1 5.6 13.0 36.0 | H 1.379 | V 0.827 | pL 0.006 | vL 0.001 | ∇ 0.009
U 116 | F 237568 | FPS 1579 | D 153 | rR:x̄σmM 0.93 0.02 0.88 0.96 | F:x̄σmM 19.9 4.7 12.0 34.0 | H 1.288 | V 0.840 | pL -0.006 | vL 0.001 | ∇ 0.010
U 117 | F 239616 | FPS 1557 | D 155 | rR:x̄σmM 0.93 0.02 0.80 0.96 | F:x̄σmM 19.8 6.1 12.0 57.0 | H 1.276 | V 0.841 | pL -0.000 | vL 0.001 | ∇ 0.007
U 118 | F 241664 | FPS 1616 | D 156 | rR:x̄σmM 0.94 0.01 0.90 0.96 | F:x̄σmM 18.2 3.5 12.0 29.0 | H 1.384 | V 0.853 | pL -0.007 | vL 0.001 | ∇ 0.009
U 119 | F 243712 | FPS 1643 | D 157 | rR:x̄σmM 0.93 0.02 0.87 0.96 | F:x̄σmM 20.1 4.6 11.0 38.0 | H 1.400 | V 0.844 | pL 0.008 | vL 0.001 | ∇ 0.009
U 120 | F 245760 | FPS 1637 | D 158 | rR:x̄σmM 0.93 0.02 0.82 0.96 | F:x̄σmM 20.5 5.4 12.0 51.0 | H 1.443 | V 0.838 | pL 0.009 | vL 0.001 | ∇ 0.010
Model successfully saved
U 121 | F 247808 | FPS 1557 | D 160 | rR:x̄σmM 0.92 0.02 0.86 0.95 | F:x̄σmM 22.3 5.4 13.0 41.0 | H 1.423 | V 0.826 | pL 0.006 | vL 0.001 | ∇ 0.009
U 122 | F 249856 | FPS 1648 | D 161 | rR:x̄σmM 0.93 0.02 0.87 0.96 | F:x̄σmM 21.2 5.4 12.0 38.0 | H 1.318 | V 0.830 | pL -0.004 | vL 0.001 | ∇ 0.009
U 123 | F 251904 | FPS 1644 | D 162 | rR:x̄σmM 0.93 0.02 0.83 0.96 | F:x̄σmM 20.0 5.3 12.0 49.0 | H 1.344 | V 0.834 | pL -0.009 | vL 0.001 | ∇ 0.007
U 124 | F 253952 | FPS 1638 | D 163 | rR:x̄σmM 0.93 0.02 0.88 0.96 | F:x̄σmM 19.3 4.4 12.0 35.0 | H 1.356 | V 0.844 | pL -0.004 | vL 0.001 | ∇ 0.009
U 125 | F 256000 | FPS 1624 | D 165 | rR:x̄σmM 0.93 0.01 0.87 0.96 | F:x̄σmM 19.3 4.1 12.0 37.0 | H 1.420 | V 0.847 | pL -0.001 | vL 0.001 | ∇ 0.008
U 126 | F 258048 | FPS 1629 | D 166 | rR:x̄σmM 0.93 0.02 0.87 0.96 | F:x̄σmM 21.3 5.0 11.0 36.0 | H 1.323 | V 0.834 | pL 0.008 | vL 0.001 | ∇ 0.012
U 127 | F 260096 | FPS 1638 | D 167 | rR:x̄σmM 0.93 0.02 0.85 0.96 | F:x̄σmM 20.4 5.7 12.0 42.0 | H 1.461 | V 0.838 | pL 0.003 | vL 0.001 | ∇ 0.007
U 128 | F 262144 | FPS 1665 | D 168 | rR:x̄σmM 0.92 0.02 0.85 0.95 | F:x̄σmM 22.2 6.3 14.0 44.0 | H 1.377 | V 0.826 | pL 0.013 | vL 0.001 | ∇ 0.011
U 129 | F 264192 | FPS 1632 | D 170 | rR:x̄σmM 0.93 0.02 0.88 0.95 | F:x̄σmM 20.5 4.6 13.0 35.0 | H 1.388 | V 0.836 | pL -0.005 | vL 0.001 | ∇ 0.008
U 130 | F 266240 | FPS 1627 | D 171 | rR:x̄σmM 0.93 0.02 0.88 0.95 | F:x̄σmM 20.2 4.4 13.0 34.0 | H 1.355 | V 0.839 | pL -0.004 | vL 0.001 | ∇ 0.007
Model successfully saved
U 131 | F 268288 | FPS 1649 | D 172 | rR:x̄σmM 0.93 0.02 0.80 0.96 | F:x̄σmM 20.1 5.7 11.0 56.0 | H 1.355 | V 0.836 | pL -0.003 | vL 0.001 | ∇ 0.009
U 132 | F 270336 | FPS 1633 | D 173 | rR:x̄σmM 0.93 0.02 0.88 0.96 | F:x̄σmM 20.1 4.6 11.0 34.0 | H 1.337 | V 0.838 | pL -0.001 | vL 0.001 | ∇ 0.010
U 133 | F 272384 | FPS 1624 | D 175 | rR:x̄σmM 0.93 0.02 0.86 0.95 | F:x̄σmM 19.5 5.4 13.0 39.0 | H 1.242 | V 0.844 | pL 0.003 | vL 0.001 | ∇ 0.008
U 134 | F 274432 | FPS 1636 | D 176 | rR:x̄σmM 0.94 0.01 0.88 0.96 | F:x̄σmM 18.4 4.1 12.0 34.0 | H 1.356 | V 0.850 | pL -0.008 | vL 0.001 | ∇ 0.007
U 135 | F 276480 | FPS 1629 | D 177 | rR:x̄σmM 0.93 0.02 0.89 0.96 | F:x̄σmM 19.4 4.5 11.0 30.0 | H 1.294 | V 0.845 | pL 0.003 | vL 0.001 | ∇ 0.009
U 136 | F 278528 | FPS 1595 | D 179 | rR:x̄σmM 0.93 0.02 0.87 0.96 | F:x̄σmM 19.0 4.6 12.0 37.0 | H 1.360 | V 0.849 | pL 0.000 | vL 0.001 | ∇ 0.007
U 137 | F 280576 | FPS 1609 | D 180 | rR:x̄σmM 0.93 0.02 0.81 0.96 | F:x̄σmM 20.6 5.8 12.0 53.0 | H 1.303 | V 0.838 | pL 0.010 | vL 0.001 | ∇ 0.012
U 138 | F 282624 | FPS 1583 | D 181 | rR:x̄σmM 0.93 0.02 0.87 0.96 | F:x̄σmM 19.3 4.5 12.0 38.0 | H 1.279 | V 0.845 | pL -0.004 | vL 0.001 | ∇ 0.009
U 139 | F 284672 | FPS 1624 | D 182 | rR:x̄σmM 0.94 0.01 0.87 0.96 | F:x̄σmM 18.4 4.0 11.0 37.0 | H 1.356 | V 0.849 | pL -0.006 | vL 0.001 | ∇ 0.010
U 140 | F 286720 | FPS 1602 | D 184 | rR:x̄σmM 0.93 0.01 0.88 0.95 | F:x̄σmM 19.2 3.9 13.0 34.0 | H 1.419 | V 0.846 | pL -0.002 | vL 0.001 | ∇ 0.006
Model successfully saved
U 141 | F 288768 | FPS 1570 | D 185 | rR:x̄σmM 0.93 0.02 0.86 0.96 | F:x̄σmM 20.0 5.2 12.0 40.0 | H 1.328 | V 0.836 | pL 0.001 | vL 0.001 | ∇ 0.011
U 142 | F 290816 | FPS 1539 | D 186 | rR:x̄σmM 0.93 0.02 0.84 0.96 | F:x̄σmM 20.0 5.6 11.0 45.0 | H 1.362 | V 0.839 | pL -0.003 | vL 0.001 | ∇ 0.010
U 143 | F 292864 | FPS 1576 | D 188 | rR:x̄σmM 0.93 0.02 0.87 0.96 | F:x̄σmM 20.0 4.7 11.0 38.0 | H 1.337 | V 0.839 | pL -0.002 | vL 0.001 | ∇ 0.007
U 144 | F 294912 | FPS 1560 | D 189 | rR:x̄σmM 0.93 0.02 0.81 0.96 | F:x̄σmM 20.1 5.6 12.0 54.0 | H 1.316 | V 0.838 | pL 0.003 | vL 0.001 | ∇ 0.012
U 145 | F 296960 | FPS 1632 | D 190 | rR:x̄σmM 0.93 0.02 0.75 0.95 | F:x̄σmM 19.9 6.9 13.0 70.0 | H 1.313 | V 0.841 | pL 0.004 | vL 0.001 | ∇ 0.014
U 146 | F 299008 | FPS 1585 | D 191 | rR:x̄σmM 0.93 0.02 0.87 0.96 | F:x̄σmM 18.8 4.9 11.0 36.0 | H 1.299 | V 0.843 | pL -0.009 | vL 0.001 | ∇ 0.010
U 147 | F 301056 | FPS 1524 | D 193 | rR:x̄σmM 0.93 0.01 0.90 0.96 | F:x̄σmM 18.9 3.8 11.0 29.0 | H 1.354 | V 0.845 | pL -0.004 | vL 0.001 | ∇ 0.007
U 148 | F 303104 | FPS 1603 | D 194 | rR:x̄σmM 0.93 0.02 0.87 0.96 | F:x̄σmM 20.9 4.7 12.0 36.0 | H 1.335 | V 0.838 | pL 0.005 | vL 0.001 | ∇ 0.009
U 149 | F 305152 | FPS 1632 | D 195 | rR:x̄σmM 0.93 0.02 0.89 0.96 | F:x̄σmM 19.2 4.4 12.0 32.0 | H 1.378 | V 0.847 | pL -0.003 | vL 0.001 | ∇ 0.007
U 150 | F 307200 | FPS 1626 | D 197 | rR:x̄σmM 0.93 0.02 0.88 0.95 | F:x̄σmM 20.9 4.8 13.0 35.0 | H 1.352 | V 0.837 | pL 0.009 | vL 0.001 | ∇ 0.013
Model successfully saved
U 151 | F 309248 | FPS 1627 | D 198 | rR:x̄σmM 0.93 0.02 0.88 0.96 | F:x̄σmM 20.2 4.4 12.0 33.0 | H 1.381 | V 0.841 | pL 0.005 | vL 0.001 | ∇ 0.008
U 152 | F 311296 | FPS 1640 | D 199 | rR:x̄σmM 0.93 0.02 0.80 0.96 | F:x̄σmM 20.7 6.3 11.0 57.0 | H 1.361 | V 0.834 | pL 0.000 | vL 0.001 | ∇ 0.009
U 153 | F 313344 | FPS 1624 | D 200 | rR:x̄σmM 0.93 0.02 0.81 0.95 | F:x̄σmM 21.1 6.5 13.0 55.0 | H 1.401 | V 0.830 | pL 0.003 | vL 0.001 | ∇ 0.008
U 154 | F 315392 | FPS 1590 | D 202 | rR:x̄σmM 0.93 0.02 0.80 0.95 | F:x̄σmM 20.9 6.0 13.0 56.0 | H 1.377 | V 0.835 | pL 0.006 | vL 0.001 | ∇ 0.008
U 155 | F 317440 | FPS 1621 | D 203 | rR:x̄σmM 0.93 0.02 0.79 0.96 | F:x̄σmM 20.3 5.9 11.0 60.0 | H 1.364 | V 0.838 | pL -0.004 | vL 0.001 | ∇ 0.010
U 156 | F 319488 | FPS 1540 | D 204 | rR:x̄σmM 0.93 0.02 0.85 0.95 | F:x̄σmM 20.2 4.8 13.0 42.0 | H 1.398 | V 0.841 | pL 0.004 | vL 0.001 | ∇ 0.008
U 157 | F 321536 | FPS 1410 | D 206 | rR:x̄σmM 0.93 0.02 0.86 0.95 | F:x̄σmM 20.7 4.9 13.0 39.0 | H 1.398 | V 0.835 | pL 0.002 | vL 0.001 | ∇ 0.007
U 158 | F 323584 | FPS 1536 | D 207 | rR:x̄σmM 0.93 0.02 0.86 0.96 | F:x̄σmM 20.4 4.9 12.0 39.0 | H 1.341 | V 0.838 | pL -0.003 | vL 0.001 | ∇ 0.007
U 159 | F 325632 | FPS 1343 | D 209 | rR:x̄σmM 0.93 0.02 0.87 0.95 | F:x̄σmM 19.1 4.3 13.0 38.0 | H 1.335 | V 0.840 | pL -0.006 | vL 0.001 | ∇ 0.009
U 160 | F 327680 | FPS 1585 | D 210 | rR:x̄σmM 0.93 0.02 0.88 0.96 | F:x̄σmM 19.7 4.6 12.0 33.0 | H 1.337 | V 0.846 | pL -0.004 | vL 0.001 | ∇ 0.009
Model successfully saved
U 161 | F 329728 | FPS 1483 | D 211 | rR:x̄σmM 0.93 0.01 0.91 0.96 | F:x̄σmM 19.3 3.4 11.0 27.0 | H 1.420 | V 0.846 | pL -0.003 | vL 0.001 | ∇ 0.009
U 162 | F 331776 | FPS 1577 | D 213 | rR:x̄σmM 0.92 0.02 0.87 0.96 | F:x̄σmM 21.8 4.9 11.0 36.0 | H 1.376 | V 0.834 | pL 0.014 | vL 0.001 | ∇ 0.017
U 163 | F 333824 | FPS 1559 | D 214 | rR:x̄σmM 0.93 0.02 0.87 0.96 | F:x̄σmM 20.6 5.1 12.0 37.0 | H 1.388 | V 0.833 | pL 0.000 | vL 0.001 | ∇ 0.011
U 164 | F 335872 | FPS 1627 | D 215 | rR:x̄σmM 0.92 0.02 0.79 0.96 | F:x̄σmM 21.6 6.1 12.0 59.0 | H 1.329 | V 0.834 | pL 0.001 | vL 0.001 | ∇ 0.007
U 165 | F 337920 | FPS 1637 | D 216 | rR:x̄σmM 0.93 0.01 0.88 0.96 | F:x̄σmM 19.9 4.2 11.0 35.0 | H 1.350 | V 0.835 | pL -0.007 | vL 0.001 | ∇ 0.012
U 166 | F 339968 | FPS 1589 | D 218 | rR:x̄σmM 0.93 0.02 0.88 0.96 | F:x̄σmM 20.7 4.7 12.0 34.0 | H 1.337 | V 0.834 | pL 0.000 | vL 0.001 | ∇ 0.008
U 167 | F 342016 | FPS 1496 | D 219 | rR:x̄σmM 0.93 0.02 0.88 0.96 | F:x̄σmM 19.6 4.4 12.0 33.0 | H 1.334 | V 0.842 | pL -0.007 | vL 0.001 | ∇ 0.007
U 168 | F 344064 | FPS 1530 | D 220 | rR:x̄σmM 0.93 0.01 0.88 0.96 | F:x̄σmM 19.0 4.0 12.0 34.0 | H 1.352 | V 0.850 | pL -0.001 | vL 0.001 | ∇ 0.009
U 169 | F 346112 | FPS 1317 | D 222 | rR:x̄σmM 0.93 0.02 0.87 0.96 | F:x̄σmM 20.4 4.7 12.0 36.0 | H 1.379 | V 0.841 | pL 0.011 | vL 0.001 | ∇ 0.006
U 170 | F 348160 | FPS 1588 | D 223 | rR:x̄σmM 0.93 0.02 0.87 0.96 | F:x̄σmM 20.0 5.8 11.0 38.0 | H 1.245 | V 0.838 | pL -0.003 | vL 0.001 | ∇ 0.010
Model successfully saved
U 171 | F 350208 | FPS 1537 | D 225 | rR:x̄σmM 0.94 0.02 0.87 0.96 | F:x̄σmM 18.2 4.3 11.0 36.0 | H 1.289 | V 0.849 | pL -0.014 | vL 0.001 | ∇ 0.012
U 172 | F 352256 | FPS 1550 | D 226 | rR:x̄σmM 0.93 0.01 0.88 0.96 | F:x̄σmM 18.7 3.9 12.0 33.0 | H 1.374 | V 0.849 | pL -0.006 | vL 0.001 | ∇ 0.012
U 173 | F 354304 | FPS 1546 | D 227 | rR:x̄σmM 0.93 0.02 0.85 0.95 | F:x̄σmM 20.2 4.9 13.0 42.0 | H 1.352 | V 0.840 | pL 0.007 | vL 0.001 | ∇ 0.011
U 174 | F 356352 | FPS 1428 | D 229 | rR:x̄σmM 0.93 0.02 0.88 0.96 | F:x̄σmM 19.6 4.3 11.0 33.0 | H 1.392 | V 0.842 | pL 0.002 | vL 0.001 | ∇ 0.007
U 175 | F 358400 | FPS 1374 | D 230 | rR:x̄σmM 0.93 0.02 0.87 0.96 | F:x̄σmM 19.7 4.9 11.0 37.0 | H 1.333 | V 0.841 | pL -0.006 | vL 0.001 | ∇ 0.008
U 176 | F 360448 | FPS 1550 | D 232 | rR:x̄σmM 0.93 0.02 0.88 0.96 | F:x̄σmM 19.3 4.5 11.0 33.0 | H 1.382 | V 0.845 | pL -0.004 | vL 0.001 | ∇ 0.007
U 177 | F 362496 | FPS 1526 | D 233 | rR:x̄σmM 0.93 0.02 0.88 0.95 | F:x̄σmM 20.0 4.6 13.0 35.0 | H 1.453 | V 0.843 | pL 0.004 | vL 0.001 | ∇ 0.012
U 178 | F 364544 | FPS 1459 | D 234 | rR:x̄σmM 0.92 0.02 0.83 0.95 | F:x̄σmM 21.6 5.5 13.0 49.0 | H 1.424 | V 0.826 | pL 0.007 | vL 0.001 | ∇ 0.011
U 179 | F 366592 | FPS 1546 | D 236 | rR:x̄σmM 0.92 0.03 0.74 0.96 | F:x̄σmM 21.3 8.5 11.0 74.0 | H 1.312 | V 0.828 | pL -0.007 | vL 0.001 | ∇ 0.009
U 180 | F 368640 | FPS 1501 | D 237 | rR:x̄σmM 0.93 0.02 0.88 0.96 | F:x̄σmM 19.9 4.8 11.0 34.0 | H 1.324 | V 0.837 | pL -0.009 | vL 0.001 | ∇ 0.006
Model successfully saved
U 181 | F 370688 | FPS 1559 | D 238 | rR:x̄σmM 0.93 0.01 0.87 0.96 | F:x̄σmM 19.3 4.1 12.0 37.0 | H 1.401 | V 0.846 | pL -0.007 | vL 0.001 | ∇ 0.007
U 182 | F 372736 | FPS 1536 | D 240 | rR:x̄σmM 0.93 0.02 0.88 0.96 | F:x̄σmM 20.3 4.5 12.0 33.0 | H 1.379 | V 0.840 | pL 0.002 | vL 0.001 | ∇ 0.008
U 183 | F 374784 | FPS 1641 | D 241 | rR:x̄σmM 0.93 0.02 0.88 0.95 | F:x̄σmM 20.2 4.6 13.0 33.0 | H 1.391 | V 0.838 | pL 0.001 | vL 0.001 | ∇ 0.009
U 184 | F 376832 | FPS 1639 | D 242 | rR:x̄σmM 0.93 0.02 0.88 0.95 | F:x̄σmM 19.7 4.4 13.0 35.0 | H 1.297 | V 0.839 | pL -0.006 | vL 0.001 | ∇ 0.006
U 185 | F 378880 | FPS 1573 | D 243 | rR:x̄σmM 0.93 0.02 0.80 0.96 | F:x̄σmM 19.3 5.8 12.0 56.0 | H 1.333 | V 0.843 | pL -0.007 | vL 0.001 | ∇ 0.006
U 186 | F 380928 | FPS 1562 | D 245 | rR:x̄σmM 0.93 0.02 0.87 0.96 | F:x̄σmM 19.9 5.3 12.0 37.0 | H 1.300 | V 0.841 | pL 0.004 | vL 0.001 | ∇ 0.012
U 187 | F 382976 | FPS 1631 | D 246 | rR:x̄σmM 0.93 0.02 0.87 0.96 | F:x̄σmM 18.7 4.4 11.0 36.0 | H 1.345 | V 0.851 | pL -0.001 | vL 0.001 | ∇ 0.009
U 188 | F 385024 | FPS 1633 | D 247 | rR:x̄σmM 0.93 0.01 0.88 0.96 | F:x̄σmM 19.5 4.0 11.0 33.0 | H 1.411 | V 0.847 | pL 0.004 | vL 0.001 | ∇ 0.007
U 189 | F 387072 | FPS 1633 | D 249 | rR:x̄σmM 0.93 0.02 0.87 0.96 | F:x̄σmM 21.0 5.1 12.0 36.0 | H 1.381 | V 0.834 | pL 0.009 | vL 0.001 | ∇ 0.011
U 190 | F 389120 | FPS 1614 | D 250 | rR:x̄σmM 0.93 0.02 0.85 0.96 | F:x̄σmM 20.4 5.8 11.0 43.0 | H 1.321 | V 0.835 | pL 0.001 | vL 0.001 | ∇ 0.008
Model successfully saved
U 191 | F 391168 | FPS 1579 | D 251 | rR:x̄σmM 0.93 0.02 0.87 0.96 | F:x̄σmM 19.4 4.6 12.0 38.0 | H 1.326 | V 0.843 | pL -0.003 | vL 0.001 | ∇ 0.008
U 192 | F 393216 | FPS 1588 | D 252 | rR:x̄σmM 0.93 0.02 0.83 0.96 | F:x̄σmM 18.8 4.7 12.0 48.0 | H 1.423 | V 0.850 | pL -0.006 | vL 0.001 | ∇ 0.005
U 193 | F 395264 | FPS 1473 | D 254 | rR:x̄σmM 0.92 0.02 0.76 0.96 | F:x̄σmM 21.5 6.3 12.0 67.0 | H 1.446 | V 0.836 | pL 0.014 | vL 0.001 | ∇ 0.010
U 194 | F 397312 | FPS 1611 | D 255 | rR:x̄σmM 0.92 0.02 0.85 0.95 | F:x̄σmM 21.8 5.4 13.0 44.0 | H 1.499 | V 0.824 | pL 0.005 | vL 0.001 | ∇ 0.010
U 195 | F 399360 | FPS 1500 | D 256 | rR:x̄σmM 0.92 0.03 0.75 0.96 | F:x̄σmM 23.5 8.0 12.0 70.0 | H 1.395 | V 0.815 | pL 0.005 | vL 0.001 | ∇ 0.010
U 196 | F 401408 | FPS 1483 | D 258 | rR:x̄σmM 0.92 0.02 0.86 0.96 | F:x̄σmM 21.6 5.9 11.0 41.0 | H 1.354 | V 0.821 | pL -0.011 | vL 0.001 | ∇ 0.010
U 197 | F 403456 | FPS 1475 | D 259 | rR:x̄σmM 0.93 0.02 0.79 0.96 | F:x̄σmM 20.1 5.7 12.0 59.0 | H 1.391 | V 0.835 | pL -0.006 | vL 0.001 | ∇ 0.008
U 198 | F 405504 | FPS 1601 | D 261 | rR:x̄σmM 0.93 0.02 0.86 0.95 | F:x̄σmM 20.1 4.6 13.0 39.0 | H 1.413 | V 0.843 | pL 0.002 | vL 0.001 | ∇ 0.011
U 199 | F 407552 | FPS 1479 | D 262 | rR:x̄σmM 0.93 0.02 0.87 0.95 | F:x̄σmM 21.2 4.4 14.0 37.0 | H 1.435 | V 0.838 | pL 0.009 | vL 0.001 | ∇ 0.011
U 200 | F 409600 | FPS 1396 | D 263 | rR:x̄σmM 0.93 0.02 0.81 0.95 | F:x̄σmM 21.2 5.5 13.0 55.0 | H 1.427 | V 0.831 | pL 0.005 | vL 0.001 | ∇ 0.011
Model successfully saved
U 201 | F 411648 | FPS 1410 | D 265 | rR:x̄σmM 0.93 0.02 0.87 0.96 | F:x̄σmM 20.5 5.5 12.0 37.0 | H 1.285 | V 0.830 | pL -0.008 | vL 0.001 | ∇ 0.009
U 202 | F 413696 | FPS 1587 | D 266 | rR:x̄σmM 0.93 0.01 0.90 0.96 | F:x̄σmM 18.8 3.9 11.0 29.0 | H 1.370 | V 0.846 | pL -0.012 | vL 0.001 | ∇ 0.010
U 203 | F 415744 | FPS 1511 | D 268 | rR:x̄σmM 0.93 0.01 0.89 0.96 | F:x̄σmM 19.4 4.0 12.0 30.0 | H 1.379 | V 0.850 | pL 0.005 | vL 0.001 | ∇ 0.006
U 204 | F 417792 | FPS 1534 | D 269 | rR:x̄σmM 0.93 0.02 0.87 0.95 | F:x̄σmM 19.8 4.3 13.0 37.0 | H 1.458 | V 0.844 | pL 0.006 | vL 0.001 | ∇ 0.008
U 205 | F 419840 | FPS 1345 | D 270 | rR:x̄σmM 0.92 0.02 0.83 0.95 | F:x̄σmM 22.3 5.5 14.0 49.0 | H 1.477 | V 0.826 | pL 0.013 | vL 0.001 | ∇ 0.008
U 206 | F 421888 | FPS 1578 | D 272 | rR:x̄σmM 0.92 0.02 0.81 0.95 | F:x̄σmM 23.5 7.0 13.0 53.0 | H 1.389 | V 0.819 | pL 0.005 | vL 0.001 | ∇ 0.010
U 207 | F 423936 | FPS 1451 | D 273 | rR:x̄σmM 0.93 0.02 0.86 0.96 | F:x̄σmM 20.4 5.2 11.0 39.0 | H 1.382 | V 0.827 | pL -0.017 | vL 0.001 | ∇ 0.010
U 208 | F 425984 | FPS 1542 | D 274 | rR:x̄σmM 0.93 0.02 0.81 0.96 | F:x̄σmM 20.5 6.6 11.0 55.0 | H 1.283 | V 0.836 | pL -0.005 | vL 0.001 | ∇ 0.011
U 209 | F 428032 | FPS 1612 | D 276 | rR:x̄σmM 0.94 0.02 0.85 0.96 | F:x̄σmM 18.1 4.6 12.0 44.0 | H 1.335 | V 0.850 | pL -0.014 | vL 0.001 | ∇ 0.008
U 210 | F 430080 | FPS 1575 | D 277 | rR:x̄σmM 0.93 0.02 0.86 0.96 | F:x̄σmM 19.8 4.7 11.0 40.0 | H 1.302 | V 0.847 | pL 0.007 | vL 0.001 | ∇ 0.008
Model successfully saved
U 211 | F 432128 | FPS 1620 | D 278 | rR:x̄σmM 0.94 0.02 0.87 0.96 | F:x̄σmM 18.3 4.6 12.0 38.0 | H 1.368 | V 0.852 | pL -0.003 | vL 0.001 | ∇ 0.005
U 212 | F 434176 | FPS 1623 | D 280 | rR:x̄σmM 0.93 0.02 0.88 0.96 | F:x̄σmM 20.2 4.3 12.0 33.0 | H 1.379 | V 0.841 | pL 0.009 | vL 0.001 | ∇ 0.007
U 213 | F 436224 | FPS 1591 | D 281 | rR:x̄σmM 0.93 0.02 0.85 0.96 | F:x̄σmM 19.8 5.3 12.0 42.0 | H 1.391 | V 0.841 | pL 0.003 | vL 0.001 | ∇ 0.007
U 214 | F 438272 | FPS 1614 | D 282 | rR:x̄σmM 0.93 0.02 0.87 0.96 | F:x̄σmM 20.7 4.7 12.0 36.0 | H 1.338 | V 0.835 | pL 0.002 | vL 0.001 | ∇ 0.007
U 215 | F 440320 | FPS 1644 | D 283 | rR:x̄σmM 0.93 0.02 0.87 0.96 | F:x̄σmM 20.1 4.7 11.0 37.0 | H 1.360 | V 0.839 | pL -0.002 | vL 0.001 | ∇ 0.009
U 216 | F 442368 | FPS 1622 | D 285 | rR:x̄σmM 0.93 0.02 0.88 0.96 | F:x̄σmM 19.4 4.5 11.0 34.0 | H 1.306 | V 0.839 | pL -0.009 | vL 0.001 | ∇ 0.007
U 217 | F 444416 | FPS 1565 | D 286 | rR:x̄σmM 0.93 0.01 0.89 0.96 | F:x̄σmM 19.1 4.1 12.0 32.0 | H 1.387 | V 0.840 | pL -0.002 | vL 0.001 | ∇ 0.008
U 218 | F 446464 | FPS 1636 | D 287 | rR:x̄σmM 0.93 0.02 0.80 0.95 | F:x̄σmM 21.0 6.9 13.0 58.0 | H 1.359 | V 0.843 | pL 0.006 | vL 0.001 | ∇ 0.008
U 219 | F 448512 | FPS 1591 | D 288 | rR:x̄σmM 0.93 0.02 0.86 0.96 | F:x̄σmM 19.6 4.8 12.0 39.0 | H 1.357 | V 0.843 | pL -0.002 | vL 0.001 | ∇ 0.007
U 220 | F 450560 | FPS 1575 | D 290 | rR:x̄σmM 0.93 0.02 0.88 0.96 | F:x̄σmM 19.8 4.8 12.0 35.0 | H 1.254 | V 0.840 | pL -0.001 | vL 0.001 | ∇ 0.005
Model successfully saved
U 221 | F 452608 | FPS 1539 | D 291 | rR:x̄σmM 0.94 0.01 0.89 0.96 | F:x̄σmM 18.3 4.0 11.0 30.0 | H 1.326 | V 0.851 | pL -0.008 | vL 0.001 | ∇ 0.009
U 222 | F 454656 | FPS 1578 | D 292 | rR:x̄σmM 0.93 0.01 0.90 0.95 | F:x̄σmM 19.0 3.4 13.0 28.0 | H 1.462 | V 0.851 | pL 0.001 | vL 0.000 | ∇ 0.004
U 223 | F 456704 | FPS 1587 | D 294 | rR:x̄σmM 0.92 0.02 0.83 0.95 | F:x̄σmM 22.9 6.1 13.0 49.0 | H 1.389 | V 0.829 | pL 0.021 | vL 0.001 | ∇ 0.013
U 224 | F 458752 | FPS 1604 | D 295 | rR:x̄σmM 0.93 0.02 0.86 0.96 | F:x̄σmM 21.2 5.6 12.0 40.0 | H 1.340 | V 0.827 | pL -0.007 | vL 0.001 | ∇ 0.007
U 225 | F 460800 | FPS 1621 | D 296 | rR:x̄σmM 0.93 0.01 0.88 0.96 | F:x̄σmM 19.1 4.1 12.0 33.0 | H 1.317 | V 0.840 | pL -0.015 | vL 0.001 | ∇ 0.008
U 226 | F 462848 | FPS 1640 | D 298 | rR:x̄σmM 0.93 0.01 0.88 0.96 | F:x̄σmM 19.2 4.2 12.0 35.0 | H 1.355 | V 0.845 | pL -0.002 | vL 0.001 | ∇ 0.008
U 227 | F 464896 | FPS 1625 | D 299 | rR:x̄σmM 0.93 0.02 0.87 0.96 | F:x̄σmM 21.0 5.3 12.0 38.0 | H 1.301 | V 0.835 | pL 0.007 | vL 0.001 | ∇ 0.010
U 228 | F 466944 | FPS 1640 | D 300 | rR:x̄σmM 0.93 0.02 0.86 0.96 | F:x̄σmM 19.1 4.8 11.0 40.0 | H 1.324 | V 0.845 | pL -0.010 | vL 0.001 | ∇ 0.011
U 229 | F 468992 | FPS 1604 | D 301 | rR:x̄σmM 0.93 0.02 0.82 0.96 | F:x̄σmM 20.4 6.1 12.0 51.0 | H 1.293 | V 0.840 | pL 0.007 | vL 0.001 | ∇ 0.009
U 230 | F 471040 | FPS 1585 | D 303 | rR:x̄σmM 0.94 0.01 0.87 0.96 | F:x̄σmM 18.3 4.2 12.0 36.0 | H 1.323 | V 0.849 | pL -0.009 | vL 0.001 | ∇ 0.008
Model successfully saved
U 231 | F 473088 | FPS 1599 | D 304 | rR:x̄σmM 0.93 0.02 0.80 0.96 | F:x̄σmM 20.0 5.8 12.0 56.0 | H 1.358 | V 0.842 | pL 0.005 | vL 0.001 | ∇ 0.008
U 232 | F 475136 | FPS 1559 | D 305 | rR:x̄σmM 0.93 0.02 0.88 0.96 | F:x̄σmM 20.4 4.6 12.0 35.0 | H 1.377 | V 0.838 | pL 0.002 | vL 0.001 | ∇ 0.006
U 233 | F 477184 | FPS 1615 | D 307 | rR:x̄σmM 0.93 0.02 0.87 0.96 | F:x̄σmM 19.6 4.5 11.0 37.0 | H 1.364 | V 0.841 | pL -0.004 | vL 0.001 | ∇ 0.006
U 234 | F 479232 | FPS 1546 | D 308 | rR:x̄σmM 0.93 0.02 0.88 0.96 | F:x̄σmM 19.6 4.6 11.0 33.0 | H 1.342 | V 0.846 | pL 0.003 | vL 0.001 | ∇ 0.007
U 235 | F 481280 | FPS 1555 | D 309 | rR:x̄σmM 0.93 0.02 0.87 0.96 | F:x̄σmM 21.1 5.7 12.0 38.0 | H 1.318 | V 0.834 | pL 0.007 | vL 0.001 | ∇ 0.009
U 236 | F 483328 | FPS 1647 | D 310 | rR:x̄σmM 0.93 0.02 0.88 0.96 | F:x̄σmM 19.5 4.8 12.0 35.0 | H 1.302 | V 0.840 | pL -0.003 | vL 0.001 | ∇ 0.007
U 237 | F 485376 | FPS 1584 | D 312 | rR:x̄σmM 0.93 0.02 0.88 0.96 | F:x̄σmM 19.3 4.6 12.0 35.0 | H 1.334 | V 0.846 | pL -0.006 | vL 0.001 | ∇ 0.007
U 238 | F 487424 | FPS 1544 | D 313 | rR:x̄σmM 0.93 0.02 0.87 0.96 | F:x̄σmM 19.8 4.4 12.0 37.0 | H 1.422 | V 0.846 | pL 0.002 | vL 0.001 | ∇ 0.007
U 239 | F 489472 | FPS 1543 | D 314 | rR:x̄σmM 0.93 0.02 0.88 0.95 | F:x̄σmM 21.3 4.3 13.0 34.0 | H 1.401 | V 0.837 | pL 0.011 | vL 0.001 | ∇ 0.006
U 240 | F 491520 | FPS 1512 | D 316 | rR:x̄σmM 0.92 0.02 0.87 0.95 | F:x̄σmM 21.9 5.3 13.0 38.0 | H 1.365 | V 0.828 | pL 0.002 | vL 0.001 | ∇ 0.006
Model successfully saved
U 241 | F 493568 | FPS 1490 | D 317 | rR:x̄σmM 0.93 0.02 0.85 0.96 | F:x̄σmM 20.9 5.2 12.0 42.0 | H 1.306 | V 0.829 | pL -0.007 | vL 0.001 | ∇ 0.005
U 242 | F 495616 | FPS 1540 | D 318 | rR:x̄σmM 0.93 0.02 0.81 0.96 | F:x̄σmM 19.1 5.1 11.0 54.0 | H 1.335 | V 0.839 | pL -0.010 | vL 0.001 | ∇ 0.015
U 243 | F 497664 | FPS 1619 | D 320 | rR:x̄σmM 0.93 0.02 0.86 0.96 | F:x̄σmM 20.8 5.5 12.0 41.0 | H 1.310 | V 0.836 | pL 0.005 | vL 0.001 | ∇ 0.009
U 244 | F 499712 | FPS 1635 | D 321 | rR:x̄σmM 0.93 0.01 0.89 0.96 | F:x̄σmM 18.8 4.1 11.0 31.0 | H 1.326 | V 0.847 | pL -0.009 | vL 0.001 | ∇ 0.005
U 245 | F 501760 | FPS 1634 | D 322 | rR:x̄σmM 0.93 0.02 0.88 0.96 | F:x̄σmM 19.3 4.9 12.0 35.0 | H 1.344 | V 0.846 | pL 0.002 | vL 0.001 | ∇ 0.005
U 246 | F 503808 | FPS 1527 | D 324 | rR:x̄σmM 0.93 0.01 0.88 0.95 | F:x̄σmM 19.6 3.9 14.0 35.0 | H 1.441 | V 0.847 | pL 0.003 | vL 0.001 | ∇ 0.009
U 247 | F 505856 | FPS 1539 | D 325 | rR:x̄σmM 0.92 0.02 0.87 0.95 | F:x̄σmM 21.9 5.3 13.0 38.0 | H 1.371 | V 0.833 | pL 0.013 | vL 0.001 | ∇ 0.007
U 248 | F 507904 | FPS 1522 | D 326 | rR:x̄σmM 0.93 0.02 0.87 0.96 | F:x̄σmM 20.6 4.8 12.0 36.0 | H 1.316 | V 0.830 | pL -0.006 | vL 0.001 | ∇ 0.008
U 249 | F 509952 | FPS 1538 | D 328 | rR:x̄σmM 0.93 0.02 0.77 0.96 | F:x̄σmM 19.8 6.5 12.0 65.0 | H 1.388 | V 0.841 | pL -0.003 | vL 0.001 | ∇ 0.012
U 250 | F 512000 | FPS 1416 | D 329 | rR:x̄σmM 0.93 0.02 0.88 0.96 | F:x̄σmM 20.1 4.6 12.0 33.0 | H 1.366 | V 0.840 | pL 0.001 | vL 0.001 | ∇ 0.008
Model successfully saved
U 251 | F 514048 | FPS 1357 | D 331 | rR:x̄σmM 0.93 0.02 0.79 0.96 | F:x̄σmM 20.3 5.8 12.0 61.0 | H 1.459 | V 0.837 | pL 0.005 | vL 0.001 | ∇ 0.007
U 252 | F 516096 | FPS 1577 | D 332 | rR:x̄σmM 0.92 0.02 0.87 0.95 | F:x̄σmM 22.2 5.2 13.0 37.0 | H 1.418 | V 0.829 | pL 0.011 | vL 0.001 | ∇ 0.008
U 253 | F 518144 | FPS 1426 | D 333 | rR:x̄σmM 0.93 0.02 0.87 0.96 | F:x̄σmM 20.7 5.1 12.0 37.0 | H 1.334 | V 0.831 | pL -0.005 | vL 0.001 | ∇ 0.008
U 254 | F 520192 | FPS 1418 | D 335 | rR:x̄σmM 0.93 0.02 0.83 0.96 | F:x̄σmM 19.9 5.7 11.0 47.0 | H 1.337 | V 0.836 | pL -0.009 | vL 0.001 | ∇ 0.007
U 255 | F 522240 | FPS 1498 | D 336 | rR:x̄σmM 0.93 0.01 0.89 0.96 | F:x̄σmM 19.1 4.1 11.0 32.0 | H 1.360 | V 0.846 | pL -0.005 | vL 0.001 | ∇ 0.005
U 256 | F 524288 | FPS 1535 | D 337 | rR:x̄σmM 0.93 0.01 0.90 0.96 | F:x̄σmM 19.5 3.7 12.0 29.0 | H 1.385 | V 0.845 | pL 0.004 | vL 0.001 | ∇ 0.006
U 257 | F 526336 | FPS 1595 | D 339 | rR:x̄σmM 0.93 0.02 0.86 0.96 | F:x̄σmM 20.0 5.3 11.0 39.0 | H 1.326 | V 0.845 | pL 0.001 | vL 0.001 | ∇ 0.006
U 258 | F 528384 | FPS 1588 | D 340 | rR:x̄σmM 0.93 0.02 0.88 0.96 | F:x̄σmM 19.1 4.4 11.0 34.0 | H 1.347 | V 0.845 | pL -0.004 | vL 0.001 | ∇ 0.007
U 259 | F 530432 | FPS 1633 | D 341 | rR:x̄σmM 0.93 0.02 0.84 0.96 | F:x̄σmM 20.2 5.5 12.0 46.0 | H 1.355 | V 0.839 | pL 0.005 | vL 0.001 | ∇ 0.006
U 260 | F 532480 | FPS 1564 | D 343 | rR:x̄σmM 0.93 0.02 0.88 0.96 | F:x̄σmM 19.6 4.3 11.0 34.0 | H 1.380 | V 0.844 | pL 0.001 | vL 0.001 | ∇ 0.008
Model successfully saved
U 261 | F 534528 | FPS 1466 | D 344 | rR:x̄σmM 0.93 0.02 0.86 0.95 | F:x̄σmM 20.9 5.0 13.0 40.0 | H 1.335 | V 0.838 | pL 0.006 | vL 0.001 | ∇ 0.012
U 262 | F 536576 | FPS 1528 | D 345 | rR:x̄σmM 0.93 0.02 0.87 0.96 | F:x̄σmM 19.4 4.7 11.0 37.0 | H 1.312 | V 0.837 | pL -0.014 | vL 0.001 | ∇ 0.011
U 263 | F 538624 | FPS 1571 | D 347 | rR:x̄σmM 0.93 0.02 0.86 0.96 | F:x̄σmM 19.5 4.8 11.0 40.0 | H 1.369 | V 0.847 | pL 0.001 | vL 0.001 | ∇ 0.009
U 264 | F 540672 | FPS 1635 | D 348 | rR:x̄σmM 0.93 0.02 0.87 0.96 | F:x̄σmM 20.8 5.1 11.0 36.0 | H 1.356 | V 0.838 | pL 0.008 | vL 0.001 | ∇ 0.008
U 265 | F 542720 | FPS 1640 | D 349 | rR:x̄σmM 0.93 0.02 0.87 0.96 | F:x̄σmM 19.6 4.6 12.0 38.0 | H 1.305 | V 0.841 | pL -0.003 | vL 0.001 | ∇ 0.007
U 266 | F 544768 | FPS 1631 | D 350 | rR:x̄σmM 0.93 0.01 0.89 0.96 | F:x̄σmM 18.8 4.1 12.0 32.0 | H 1.320 | V 0.849 | pL -0.008 | vL 0.001 | ∇ 0.005
U 267 | F 546816 | FPS 1506 | D 352 | rR:x̄σmM 0.93 0.01 0.89 0.96 | F:x̄σmM 18.9 3.8 12.0 30.0 | H 1.401 | V 0.850 | pL 0.002 | vL 0.001 | ∇ 0.005
U 268 | F 548864 | FPS 1616 | D 353 | rR:x̄σmM 0.93 0.02 0.87 0.96 | F:x̄σmM 20.8 4.9 12.0 37.0 | H 1.363 | V 0.838 | pL 0.005 | vL 0.001 | ∇ 0.011
U 269 | F 550912 | FPS 1641 | D 354 | rR:x̄σmM 0.93 0.02 0.87 0.95 | F:x̄σmM 20.0 5.0 13.0 36.0 | H 1.337 | V 0.839 | pL -0.001 | vL 0.001 | ∇ 0.007
U 270 | F 552960 | FPS 1617 | D 356 | rR:x̄σmM 0.93 0.02 0.80 0.96 | F:x̄σmM 20.1 6.1 12.0 56.0 | H 1.349 | V 0.837 | pL -0.000 | vL 0.001 | ∇ 0.008
Model successfully saved
U 271 | F 555008 | FPS 1629 | D 357 | rR:x̄σmM 0.93 0.01 0.88 0.95 | F:x̄σmM 19.7 4.0 13.0 35.0 | H 1.384 | V 0.843 | pL -0.003 | vL 0.001 | ∇ 0.006
U 272 | F 557056 | FPS 1548 | D 358 | rR:x̄σmM 0.93 0.02 0.88 0.96 | F:x̄σmM 20.0 4.8 11.0 35.0 | H 1.342 | V 0.838 | pL 0.001 | vL 0.001 | ∇ 0.006
U 273 | F 559104 | FPS 1541 | D 360 | rR:x̄σmM 0.93 0.02 0.85 0.96 | F:x̄σmM 19.8 4.8 11.0 44.0 | H 1.360 | V 0.846 | pL 0.002 | vL 0.001 | ∇ 0.006
U 274 | F 561152 | FPS 1471 | D 361 | rR:x̄σmM 0.93 0.02 0.82 0.96 | F:x̄σmM 19.5 5.5 12.0 51.0 | H 1.396 | V 0.841 | pL 0.001 | vL 0.001 | ∇ 0.008
U 275 | F 563200 | FPS 1560 | D 362 | rR:x̄σmM 0.92 0.02 0.85 0.95 | F:x̄σmM 22.5 6.0 14.0 44.0 | H 1.308 | V 0.830 | pL 0.016 | vL 0.001 | ∇ 0.008
U 276 | F 565248 | FPS 1310 | D 364 | rR:x̄σmM 0.93 0.02 0.86 0.96 | F:x̄σmM 19.3 5.1 12.0 40.0 | H 1.325 | V 0.840 | pL -0.012 | vL 0.001 | ∇ 0.008
U 277 | F 567296 | FPS 1533 | D 365 | rR:x̄σmM 0.93 0.01 0.87 0.96 | F:x̄σmM 19.5 4.1 12.0 36.0 | H 1.357 | V 0.843 | pL -0.001 | vL 0.001 | ∇ 0.006
U 278 | F 569344 | FPS 1300 | D 367 | rR:x̄σmM 0.93 0.02 0.89 0.96 | F:x̄σmM 19.9 4.4 12.0 32.0 | H 1.351 | V 0.845 | pL 0.003 | vL 0.001 | ∇ 0.007
U 279 | F 571392 | FPS 1535 | D 368 | rR:x̄σmM 0.93 0.02 0.85 0.95 | F:x̄σmM 19.4 4.8 13.0 42.0 | H 1.352 | V 0.843 | pL -0.002 | vL 0.001 | ∇ 0.007
U 280 | F 573440 | FPS 1498 | D 369 | rR:x̄σmM 0.93 0.02 0.88 0.96 | F:x̄σmM 20.2 4.5 12.0 34.0 | H 1.384 | V 0.839 | pL 0.001 | vL 0.001 | ∇ 0.006
Model successfully saved
U 281 | F 575488 | FPS 1343 | D 371 | rR:x̄σmM 0.93 0.02 0.88 0.96 | F:x̄σmM 19.9 4.3 12.0 34.0 | H 1.329 | V 0.839 | pL -0.004 | vL 0.001 | ∇ 0.007
U 282 | F 577536 | FPS 1595 | D 372 | rR:x̄σmM 0.93 0.02 0.74 0.96 | F:x̄σmM 19.5 6.8 11.0 73.0 | H 1.400 | V 0.842 | pL -0.001 | vL 0.001 | ∇ 0.008
U 283 | F 579584 | FPS 1628 | D 374 | rR:x̄σmM 0.93 0.02 0.87 0.95 | F:x̄σmM 21.0 4.4 13.0 36.0 | H 1.342 | V 0.833 | pL 0.004 | vL 0.001 | ∇ 0.009
U 284 | F 581632 | FPS 1517 | D 375 | rR:x̄σmM 0.93 0.02 0.87 0.96 | F:x̄σmM 19.4 4.6 12.0 38.0 | H 1.381 | V 0.845 | pL -0.003 | vL 0.001 | ∇ 0.007
U 285 | F 583680 | FPS 1474 | D 376 | rR:x̄σmM 0.93 0.02 0.89 0.96 | F:x̄σmM 20.8 4.6 12.0 32.0 | H 1.352 | V 0.836 | pL 0.005 | vL 0.001 | ∇ 0.006
U 286 | F 585728 | FPS 1593 | D 378 | rR:x̄σmM 0.93 0.02 0.87 0.95 | F:x̄σmM 20.5 4.7 13.0 37.0 | H 1.362 | V 0.837 | pL -0.003 | vL 0.001 | ∇ 0.007
U 287 | F 587776 | FPS 1619 | D 379 | rR:x̄σmM 0.93 0.02 0.87 0.96 | F:x̄σmM 20.0 5.2 12.0 36.0 | H 1.286 | V 0.839 | pL 0.000 | vL 0.001 | ∇ 0.007
U 288 | F 589824 | FPS 1607 | D 380 | rR:x̄σmM 0.93 0.02 0.80 0.96 | F:x̄σmM 19.7 6.5 12.0 58.0 | H 1.423 | V 0.839 | pL 0.006 | vL 0.001 | ∇ 0.011
U 289 | F 591872 | FPS 1606 | D 381 | rR:x̄σmM 0.92 0.02 0.87 0.95 | F:x̄σmM 21.9 5.1 13.0 37.0 | H 1.415 | V 0.830 | pL 0.003 | vL 0.001 | ∇ 0.007
U 290 | F 593920 | FPS 1589 | D 383 | rR:x̄σmM 0.92 0.02 0.76 0.95 | F:x̄σmM 21.8 6.7 13.0 67.0 | H 1.332 | V 0.824 | pL -0.003 | vL 0.001 | ∇ 0.007
Model successfully saved
U 291 | F 595968 | FPS 1598 | D 384 | rR:x̄σmM 0.93 0.02 0.79 0.96 | F:x̄σmM 20.2 6.3 12.0 59.0 | H 1.313 | V 0.831 | pL -0.011 | vL 0.001 | ∇ 0.013
U 292 | F 598016 | FPS 1620 | D 385 | rR:x̄σmM 0.93 0.02 0.84 0.96 | F:x̄σmM 19.8 5.1 11.0 46.0 | H 1.326 | V 0.836 | pL -0.012 | vL 0.001 | ∇ 0.010
U 293 | F 600064 | FPS 1508 | D 387 | rR:x̄σmM 0.93 0.02 0.87 0.96 | F:x̄σmM 19.2 4.4 12.0 37.0 | H 1.308 | V 0.844 | pL -0.003 | vL 0.001 | ∇ 0.007
U 294 | F 602112 | FPS 1400 | D 388 | rR:x̄σmM 0.93 0.02 0.89 0.96 | F:x̄σmM 19.1 4.4 12.0 31.0 | H 1.321 | V 0.850 | pL -0.000 | vL 0.001 | ∇ 0.009
U 295 | F 604160 | FPS 1587 | D 389 | rR:x̄σmM 0.93 0.02 0.83 0.96 | F:x̄σmM 19.4 4.7 12.0 48.0 | H 1.382 | V 0.844 | pL -0.001 | vL 0.001 | ∇ 0.006
U 296 | F 606208 | FPS 1636 | D 391 | rR:x̄σmM 0.93 0.02 0.88 0.95 | F:x̄σmM 19.8 4.3 13.0 34.0 | H 1.399 | V 0.844 | pL 0.005 | vL 0.001 | ∇ 0.007
U 297 | F 608256 | FPS 1615 | D 392 | rR:x̄σmM 0.93 0.02 0.89 0.95 | F:x̄σmM 20.5 4.4 13.0 32.0 | H 1.423 | V 0.837 | pL 0.001 | vL 0.001 | ∇ 0.007
U 298 | F 610304 | FPS 1566 | D 393 | rR:x̄σmM 0.93 0.02 0.89 0.96 | F:x̄σmM 21.2 4.5 11.0 32.0 | H 1.402 | V 0.832 | pL 0.002 | vL 0.001 | ∇ 0.010
U 299 | F 612352 | FPS 1586 | D 394 | rR:x̄σmM 0.93 0.02 0.80 0.95 | F:x̄σmM 21.3 6.5 13.0 58.0 | H 1.373 | V 0.830 | pL -0.004 | vL 0.001 | ∇ 0.010
U 300 | F 614400 | FPS 1593 | D 396 | rR:x̄σmM 0.93 0.01 0.89 0.96 | F:x̄σmM 19.6 4.1 12.0 31.0 | H 1.381 | V 0.841 | pL -0.005 | vL 0.001 | ∇ 0.007
Model successfully saved
U 301 | F 616448 | FPS 1516 | D 397 | rR:x̄σmM 0.93 0.02 0.85 0.96 | F:x̄σmM 21.0 5.4 12.0 43.0 | H 1.385 | V 0.835 | pL 0.009 | vL 0.001 | ∇ 0.009
U 302 | F 618496 | FPS 1554 | D 398 | rR:x̄σmM 0.93 0.02 0.86 0.96 | F:x̄σmM 20.7 5.7 12.0 40.0 | H 1.338 | V 0.835 | pL 0.005 | vL 0.001 | ∇ 0.009
U 303 | F 620544 | FPS 1552 | D 400 | rR:x̄σmM 0.93 0.02 0.84 0.96 | F:x̄σmM 20.1 6.0 11.0 46.0 | H 1.307 | V 0.838 | pL -0.007 | vL 0.001 | ∇ 0.006
U 304 | F 622592 | FPS 1522 | D 401 | rR:x̄σmM 0.93 0.01 0.89 0.96 | F:x̄σmM 18.9 3.5 12.0 31.0 | H 1.396 | V 0.848 | pL -0.007 | vL 0.001 | ∇ 0.005
U 305 | F 624640 | FPS 1571 | D 402 | rR:x̄σmM 0.93 0.02 0.87 0.96 | F:x̄σmM 20.6 5.3 12.0 38.0 | H 1.334 | V 0.839 | pL 0.011 | vL 0.001 | ∇ 0.010
U 306 | F 626688 | FPS 1523 | D 404 | rR:x̄σmM 0.93 0.01 0.89 0.95 | F:x̄σmM 19.4 4.0 13.0 31.0 | H 1.364 | V 0.843 | pL -0.009 | vL 0.001 | ∇ 0.007
U 307 | F 628736 | FPS 1397 | D 405 | rR:x̄σmM 0.93 0.01 0.89 0.96 | F:x̄σmM 19.9 4.2 12.0 32.0 | H 1.375 | V 0.843 | pL -0.001 | vL 0.001 | ∇ 0.007
U 308 | F 630784 | FPS 0912 | D 408 | rR:x̄σmM 0.93 0.02 0.84 0.96 | F:x̄σmM 20.7 5.5 12.0 45.0 | H 1.290 | V 0.833 | pL 0.001 | vL 0.001 | ∇ 0.006
U 309 | F 632832 | FPS 1257 | D 409 | rR:x̄σmM 0.93 0.01 0.90 0.96 | F:x̄σmM 18.6 4.0 11.0 28.0 | H 1.313 | V 0.848 | pL -0.012 | vL 0.001 | ∇ 0.008
U 310 | F 634880 | FPS 1044 | D 411 | rR:x̄σmM 0.93 0.02 0.86 0.96 | F:x̄σmM 19.2 4.4 12.0 41.0 | H 1.366 | V 0.849 | pL 0.006 | vL 0.001 | ∇ 0.007
Model successfully saved
U 311 | F 636928 | FPS 1233 | D 413 | rR:x̄σmM 0.93 0.01 0.89 0.95 | F:x̄σmM 19.7 4.2 13.0 32.0 | H 1.419 | V 0.846 | pL 0.006 | vL 0.001 | ∇ 0.006
U 312 | F 638976 | FPS 1332 | D 414 | rR:x̄σmM 0.93 0.02 0.87 0.96 | F:x̄σmM 20.7 4.7 12.0 38.0 | H 1.386 | V 0.838 | pL 0.006 | vL 0.001 | ∇ 0.010
U 313 | F 641024 | FPS 1604 | D 416 | rR:x̄σmM 0.93 0.02 0.89 0.95 | F:x̄σmM 20.1 4.4 13.0 32.0 | H 1.354 | V 0.842 | pL -0.003 | vL 0.001 | ∇ 0.006
U 314 | F 643072 | FPS 1370 | D 417 | rR:x̄σmM 0.93 0.02 0.88 0.96 | F:x̄σmM 20.1 5.0 12.0 34.0 | H 1.312 | V 0.838 | pL -0.002 | vL 0.001 | ∇ 0.007
U 315 | F 645120 | FPS 1591 | D 418 | rR:x̄σmM 0.93 0.01 0.89 0.96 | F:x̄σmM 18.7 3.6 12.0 32.0 | H 1.359 | V 0.846 | pL -0.013 | vL 0.001 | ∇ 0.007
U 316 | F 647168 | FPS 1603 | D 420 | rR:x̄σmM 0.93 0.02 0.89 0.96 | F:x̄σmM 20.1 4.7 12.0 32.0 | H 1.358 | V 0.842 | pL 0.008 | vL 0.001 | ∇ 0.008
U 317 | F 649216 | FPS 1589 | D 421 | rR:x̄σmM 0.93 0.02 0.86 0.95 | F:x̄σmM 19.6 4.5 13.0 39.0 | H 1.374 | V 0.843 | pL -0.004 | vL 0.001 | ∇ 0.004
U 318 | F 651264 | FPS 1567 | D 422 | rR:x̄σmM 0.93 0.02 0.88 0.96 | F:x̄σmM 20.1 4.3 12.0 34.0 | H 1.399 | V 0.842 | pL 0.003 | vL 0.001 | ∇ 0.006
U 319 | F 653312 | FPS 1605 | D 424 | rR:x̄σmM 0.92 0.02 0.86 0.95 | F:x̄σmM 21.5 5.1 13.0 40.0 | H 1.376 | V 0.834 | pL 0.008 | vL 0.001 | ∇ 0.007
U 320 | F 655360 | FPS 1579 | D 425 | rR:x̄σmM 0.93 0.02 0.85 0.95 | F:x̄σmM 21.1 5.1 13.0 43.0 | H 1.325 | V 0.833 | pL -0.001 | vL 0.001 | ∇ 0.009
Model successfully saved
U 321 | F 657408 | FPS 1369 | D 426 | rR:x̄σmM 0.93 0.01 0.90 0.96 | F:x̄σmM 18.6 4.0 11.0 29.0 | H 1.357 | V 0.845 | pL -0.017 | vL 0.001 | ∇ 0.008
U 322 | F 659456 | FPS 1244 | D 428 | rR:x̄σmM 0.93 0.02 0.87 0.96 | F:x̄σmM 19.6 4.5 11.0 36.0 | H 1.331 | V 0.848 | pL 0.002 | vL 0.001 | ∇ 0.006
U 323 | F 661504 | FPS 1018 | D 430 | rR:x̄σmM 0.93 0.02 0.78 0.96 | F:x̄σmM 19.8 6.5 12.0 63.0 | H 1.271 | V 0.840 | pL 0.006 | vL 0.001 | ∇ 0.009
U 324 | F 663552 | FPS 1496 | D 431 | rR:x̄σmM 0.94 0.01 0.86 0.96 | F:x̄σmM 18.1 3.9 12.0 39.0 | H 1.386 | V 0.854 | pL -0.004 | vL 0.000 | ∇ 0.005
U 325 | F 665600 | FPS 1468 | D 433 | rR:x̄σmM 0.93 0.02 0.84 0.95 | F:x̄σmM 20.8 5.8 13.0 45.0 | H 1.326 | V 0.842 | pL 0.014 | vL 0.001 | ∇ 0.007
U 326 | F 667648 | FPS 1408 | D 434 | rR:x̄σmM 0.93 0.01 0.89 0.96 | F:x̄σmM 19.3 4.2 12.0 32.0 | H 1.313 | V 0.843 | pL -0.003 | vL 0.001 | ∇ 0.005
U 327 | F 669696 | FPS 1487 | D 436 | rR:x̄σmM 0.93 0.01 0.89 0.96 | F:x̄σmM 18.5 4.2 11.0 31.0 | H 1.249 | V 0.849 | pL -0.007 | vL 0.001 | ∇ 0.006
U 328 | F 671744 | FPS 1334 | D 437 | rR:x̄σmM 0.94 0.01 0.88 0.96 | F:x̄σmM 18.0 4.1 11.0 34.0 | H 1.316 | V 0.854 | pL -0.004 | vL 0.001 | ∇ 0.011
U 329 | F 673792 | FPS 1470 | D 439 | rR:x̄σmM 0.93 0.02 0.88 0.96 | F:x̄σmM 19.9 4.8 12.0 35.0 | H 1.381 | V 0.849 | pL 0.012 | vL 0.001 | ∇ 0.014
U 330 | F 675840 | FPS 1426 | D 440 | rR:x̄σmM 0.93 0.02 0.83 0.96 | F:x̄σmM 20.1 5.3 11.0 49.0 | H 1.380 | V 0.838 | pL 0.003 | vL 0.001 | ∇ 0.006
Model successfully saved
U 331 | F 677888 | FPS 1511 | D 441 | rR:x̄σmM 0.93 0.02 0.89 0.95 | F:x̄σmM 20.3 4.4 13.0 32.0 | H 1.370 | V 0.837 | pL -0.003 | vL 0.001 | ∇ 0.008
U 332 | F 679936 | FPS 1409 | D 443 | rR:x̄σmM 0.93 0.02 0.82 0.96 | F:x̄σmM 20.0 5.2 11.0 50.0 | H 1.329 | V 0.836 | pL 0.003 | vL 0.001 | ∇ 0.008
U 333 | F 681984 | FPS 1539 | D 444 | rR:x̄σmM 0.93 0.03 0.73 0.96 | F:x̄σmM 20.4 7.9 12.0 78.0 | H 1.337 | V 0.837 | pL -0.005 | vL 0.001 | ∇ 0.007
U 334 | F 684032 | FPS 1376 | D 446 | rR:x̄σmM 0.93 0.02 0.89 0.96 | F:x̄σmM 19.2 4.5 12.0 32.0 | H 1.275 | V 0.843 | pL -0.007 | vL 0.001 | ∇ 0.008
U 335 | F 686080 | FPS 1421 | D 447 | rR:x̄σmM 0.93 0.02 0.84 0.96 | F:x̄σmM 19.0 4.8 12.0 46.0 | H 1.384 | V 0.849 | pL -0.002 | vL 0.001 | ∇ 0.005
U 336 | F 688128 | FPS 1566 | D 448 | rR:x̄σmM 0.93 0.02 0.86 0.95 | F:x̄σmM 20.4 4.7 13.0 40.0 | H 1.382 | V 0.839 | pL 0.010 | vL 0.001 | ∇ 0.010
U 337 | F 690176 | FPS 1590 | D 450 | rR:x̄σmM 0.93 0.02 0.82 0.96 | F:x̄σmM 20.5 5.7 11.0 50.0 | H 1.273 | V 0.838 | pL -0.001 | vL 0.001 | ∇ 0.007
U 338 | F 692224 | FPS 1401 | D 451 | rR:x̄σmM 0.93 0.01 0.88 0.96 | F:x̄σmM 18.7 3.9 12.0 34.0 | H 1.368 | V 0.845 | pL -0.008 | vL 0.001 | ∇ 0.005
U 339 | F 694272 | FPS 1459 | D 453 | rR:x̄σmM 0.93 0.02 0.89 0.96 | F:x̄σmM 20.3 4.7 12.0 32.0 | H 1.380 | V 0.842 | pL 0.007 | vL 0.001 | ∇ 0.006
U 340 | F 696320 | FPS 1532 | D 454 | rR:x̄σmM 0.93 0.02 0.77 0.96 | F:x̄σmM 20.4 6.6 12.0 65.0 | H 1.264 | V 0.835 | pL 0.000 | vL 0.001 | ∇ 0.009
Model successfully saved
U 341 | F 698368 | FPS 1595 | D 455 | rR:x̄σmM 0.94 0.01 0.90 0.96 | F:x̄σmM 18.1 3.6 12.0 29.0 | H 1.346 | V 0.848 | pL -0.013 | vL 0.001 | ∇ 0.005
U 342 | F 700416 | FPS 1605 | D 457 | rR:x̄σmM 0.93 0.02 0.89 0.96 | F:x̄σmM 19.0 4.4 12.0 32.0 | H 1.382 | V 0.850 | pL 0.005 | vL 0.001 | ∇ 0.006
U 343 | F 702464 | FPS 1617 | D 458 | rR:x̄σmM 0.93 0.02 0.86 0.96 | F:x̄σmM 21.0 5.0 12.0 41.0 | H 1.372 | V 0.834 | pL 0.010 | vL 0.001 | ∇ 0.009
U 344 | F 704512 | FPS 1625 | D 459 | rR:x̄σmM 0.93 0.02 0.76 0.96 | F:x̄σmM 21.2 6.9 12.0 68.0 | H 1.257 | V 0.834 | pL -0.004 | vL 0.001 | ∇ 0.006
U 345 | F 706560 | FPS 1617 | D 460 | rR:x̄σmM 0.93 0.02 0.86 0.96 | F:x̄σmM 18.8 4.4 12.0 41.0 | H 1.339 | V 0.845 | pL -0.011 | vL 0.001 | ∇ 0.009
U 346 | F 708608 | FPS 1588 | D 462 | rR:x̄σmM 0.93 0.02 0.86 0.96 | F:x̄σmM 19.6 4.5 12.0 39.0 | H 1.355 | V 0.845 | pL 0.002 | vL 0.001 | ∇ 0.009
U 347 | F 710656 | FPS 1592 | D 463 | rR:x̄σmM 0.93 0.02 0.83 0.96 | F:x̄σmM 20.1 5.2 11.0 48.0 | H 1.328 | V 0.841 | pL 0.005 | vL 0.001 | ∇ 0.007
U 348 | F 712704 | FPS 1636 | D 464 | rR:x̄σmM 0.93 0.01 0.88 0.96 | F:x̄σmM 19.1 3.8 12.0 34.0 | H 1.377 | V 0.845 | pL -0.007 | vL 0.001 | ∇ 0.006
U 349 | F 714752 | FPS 1639 | D 465 | rR:x̄σmM 0.93 0.01 0.88 0.96 | F:x̄σmM 19.8 4.1 12.0 35.0 | H 1.434 | V 0.844 | pL -0.000 | vL 0.001 | ∇ 0.006
U 350 | F 716800 | FPS 1492 | D 467 | rR:x̄σmM 0.92 0.02 0.81 0.96 | F:x̄σmM 21.7 6.4 12.0 54.0 | H 1.346 | V 0.829 | pL 0.007 | vL 0.001 | ∇ 0.006
Model successfully saved
U 351 | F 718848 | FPS 1435 | D 468 | rR:x̄σmM 0.93 0.02 0.86 0.96 | F:x̄σmM 20.1 5.0 11.0 39.0 | H 1.342 | V 0.838 | pL -0.004 | vL 0.001 | ∇ 0.006
U 352 | F 720896 | FPS 1624 | D 469 | rR:x̄σmM 0.93 0.02 0.85 0.96 | F:x̄σmM 19.9 5.3 12.0 44.0 | H 1.274 | V 0.841 | pL -0.005 | vL 0.001 | ∇ 0.010
U 353 | F 722944 | FPS 1616 | D 471 | rR:x̄σmM 0.94 0.01 0.88 0.96 | F:x̄σmM 18.2 3.8 11.0 34.0 | H 1.343 | V 0.854 | pL -0.005 | vL 0.001 | ∇ 0.006
U 354 | F 724992 | FPS 1446 | D 472 | rR:x̄σmM 0.93 0.01 0.89 0.96 | F:x̄σmM 19.6 4.1 12.0 32.0 | H 1.407 | V 0.846 | pL 0.008 | vL 0.001 | ∇ 0.006
U 355 | F 727040 | FPS 1582 | D 473 | rR:x̄σmM 0.93 0.02 0.87 0.95 | F:x̄σmM 21.2 4.7 14.0 37.0 | H 1.379 | V 0.836 | pL 0.009 | vL 0.001 | ∇ 0.006
U 356 | F 729088 | FPS 1560 | D 475 | rR:x̄σmM 0.93 0.02 0.87 0.95 | F:x̄σmM 20.5 4.4 13.0 36.0 | H 1.306 | V 0.836 | pL -0.005 | vL 0.001 | ∇ 0.005
U 357 | F 731136 | FPS 1551 | D 476 | rR:x̄σmM 0.93 0.02 0.87 0.96 | F:x̄σmM 18.7 4.6 12.0 37.0 | H 1.287 | V 0.847 | pL -0.013 | vL 0.001 | ∇ 0.006
U 358 | F 733184 | FPS 1620 | D 477 | rR:x̄σmM 0.94 0.01 0.89 0.96 | F:x̄σmM 18.3 4.0 11.0 32.0 | H 1.327 | V 0.852 | pL -0.003 | vL 0.001 | ∇ 0.006
U 359 | F 735232 | FPS 1508 | D 479 | rR:x̄σmM 0.93 0.01 0.89 0.96 | F:x̄σmM 19.4 3.8 12.0 30.0 | H 1.425 | V 0.849 | pL 0.006 | vL 0.001 | ∇ 0.008
U 360 | F 737280 | FPS 1400 | D 480 | rR:x̄σmM 0.92 0.02 0.86 0.95 | F:x̄σmM 21.7 5.5 13.0 40.0 | H 1.341 | V 0.832 | pL 0.013 | vL 0.001 | ∇ 0.007
Model successfully saved
U 361 | F 739328 | FPS 1472 | D 482 | rR:x̄σmM 0.93 0.02 0.88 0.96 | F:x̄σmM 19.9 4.9 12.0 34.0 | H 1.354 | V 0.836 | pL -0.011 | vL 0.001 | ∇ 0.007
U 362 | F 741376 | FPS 1475 | D 483 | rR:x̄σmM 0.93 0.02 0.85 0.96 | F:x̄σmM 19.5 5.2 11.0 44.0 | H 1.297 | V 0.844 | pL 0.000 | vL 0.001 | ∇ 0.006
U 363 | F 743424 | FPS 1534 | D 484 | rR:x̄σmM 0.93 0.01 0.88 0.96 | F:x̄σmM 18.8 4.0 11.0 34.0 | H 1.348 | V 0.847 | pL -0.002 | vL 0.001 | ∇ 0.006
U 364 | F 745472 | FPS 1610 | D 486 | rR:x̄σmM 0.93 0.02 0.85 0.96 | F:x̄σmM 20.0 5.1 12.0 43.0 | H 1.266 | V 0.844 | pL 0.011 | vL 0.001 | ∇ 0.009
U 365 | F 747520 | FPS 1601 | D 487 | rR:x̄σmM 0.93 0.02 0.86 0.96 | F:x̄σmM 18.8 4.4 11.0 39.0 | H 1.334 | V 0.848 | pL -0.008 | vL 0.001 | ∇ 0.010
U 366 | F 749568 | FPS 1529 | D 488 | rR:x̄σmM 0.93 0.02 0.88 0.96 | F:x̄σmM 19.1 4.3 12.0 34.0 | H 1.353 | V 0.848 | pL 0.001 | vL 0.001 | ∇ 0.007
U 367 | F 751616 | FPS 1596 | D 490 | rR:x̄σmM 0.93 0.02 0.83 0.96 | F:x̄σmM 20.2 5.6 12.0 48.0 | H 1.332 | V 0.844 | pL 0.006 | vL 0.001 | ∇ 0.009
U 368 | F 753664 | FPS 1609 | D 491 | rR:x̄σmM 0.93 0.01 0.89 0.96 | F:x̄σmM 19.4 4.2 12.0 32.0 | H 1.392 | V 0.845 | pL -0.002 | vL 0.001 | ∇ 0.006
U 369 | F 755712 | FPS 1589 | D 492 | rR:x̄σmM 0.93 0.02 0.85 0.96 | F:x̄σmM 19.9 5.3 11.0 42.0 | H 1.302 | V 0.841 | pL 0.003 | vL 0.001 | ∇ 0.009
U 370 | F 757760 | FPS 1480 | D 493 | rR:x̄σmM 0.93 0.01 0.90 0.96 | F:x̄σmM 18.8 4.2 12.0 29.0 | H 1.295 | V 0.843 | pL -0.011 | vL 0.001 | ∇ 0.005
Model successfully saved
U 371 | F 759808 | FPS 1286 | D 495 | rR:x̄σmM 0.93 0.02 0.86 0.96 | F:x̄σmM 19.2 4.6 11.0 39.0 | H 1.320 | V 0.846 | pL 0.000 | vL 0.001 | ∇ 0.006
U 372 | F 761856 | FPS 1497 | D 496 | rR:x̄σmM 0.93 0.02 0.86 0.96 | F:x̄σmM 18.9 4.3 11.0 40.0 | H 1.380 | V 0.851 | pL 0.001 | vL 0.001 | ∇ 0.007
U 373 | F 763904 | FPS 1457 | D 498 | rR:x̄σmM 0.93 0.02 0.87 0.96 | F:x̄σmM 20.9 4.4 12.0 37.0 | H 1.426 | V 0.838 | pL 0.009 | vL 0.001 | ∇ 0.005
U 374 | F 765952 | FPS 1348 | D 499 | rR:x̄σmM 0.92 0.02 0.87 0.95 | F:x̄σmM 21.7 4.7 13.0 36.0 | H 1.421 | V 0.829 | pL 0.004 | vL 0.001 | ∇ 0.005
U 375 | F 768000 | FPS 1293 | D 501 | rR:x̄σmM 0.93 0.02 0.88 0.96 | F:x̄σmM 20.7 4.6 11.0 33.0 | H 1.374 | V 0.831 | pL -0.004 | vL 0.001 | ∇ 0.008
U 376 | F 770048 | FPS 1404 | D 502 | rR:x̄σmM 0.93 0.02 0.86 0.96 | F:x̄σmM 21.3 5.9 11.0 41.0 | H 1.320 | V 0.828 | pL -0.007 | vL 0.001 | ∇ 0.007
U 377 | F 772096 | FPS 1432 | D 504 | rR:x̄σmM 0.93 0.02 0.84 0.96 | F:x̄σmM 19.6 4.7 12.0 45.0 | H 1.387 | V 0.839 | pL -0.011 | vL 0.001 | ∇ 0.005
U 378 | F 774144 | FPS 1391 | D 505 | rR:x̄σmM 0.93 0.02 0.87 0.96 | F:x̄σmM 20.4 4.5 11.0 37.0 | H 1.404 | V 0.840 | pL 0.003 | vL 0.001 | ∇ 0.006
U 379 | F 776192 | FPS 1285 | D 507 | rR:x̄σmM 0.93 0.02 0.85 0.96 | F:x̄σmM 20.8 5.6 12.0 43.0 | H 1.312 | V 0.836 | pL 0.004 | vL 0.001 | ∇ 0.009
U 380 | F 778240 | FPS 1285 | D 509 | rR:x̄σmM 0.93 0.02 0.88 0.96 | F:x̄σmM 19.0 4.5 11.0 35.0 | H 1.336 | V 0.843 | pL -0.010 | vL 0.001 | ∇ 0.007
Model successfully saved
U 381 | F 780288 | FPS 1387 | D 510 | rR:x̄σmM 0.93 0.01 0.89 0.96 | F:x̄σmM 19.2 4.0 12.0 32.0 | H 1.390 | V 0.848 | pL -0.002 | vL 0.001 | ∇ 0.007
U 382 | F 782336 | FPS 1500 | D 511 | rR:x̄σmM 0.92 0.02 0.82 0.95 | F:x̄σmM 22.1 6.8 13.0 50.0 | H 1.290 | V 0.833 | pL 0.017 | vL 0.001 | ∇ 0.010
U 383 | F 784384 | FPS 1509 | D 513 | rR:x̄σmM 0.93 0.01 0.90 0.96 | F:x̄σmM 18.5 3.8 12.0 29.0 | H 1.339 | V 0.845 | pL -0.014 | vL 0.001 | ∇ 0.009
U 384 | F 786432 | FPS 1460 | D 514 | rR:x̄σmM 0.93 0.02 0.88 0.96 | F:x̄σmM 19.1 4.4 12.0 35.0 | H 1.316 | V 0.849 | pL 0.002 | vL 0.001 | ∇ 0.007
U 385 | F 788480 | FPS 1498 | D 516 | rR:x̄σmM 0.93 0.01 0.88 0.96 | F:x̄σmM 18.6 4.1 11.0 35.0 | H 1.334 | V 0.852 | pL -0.002 | vL 0.001 | ∇ 0.004
U 386 | F 790528 | FPS 1318 | D 517 | rR:x̄σmM 0.93 0.03 0.74 0.96 | F:x̄σmM 20.4 7.5 12.0 74.0 | H 1.259 | V 0.839 | pL 0.011 | vL 0.001 | ∇ 0.012
U 387 | F 792576 | FPS 1288 | D 519 | rR:x̄σmM 0.93 0.02 0.86 0.96 | F:x̄σmM 18.9 5.2 11.0 40.0 | H 1.240 | V 0.842 | pL -0.006 | vL 0.001 | ∇ 0.009
U 388 | F 794624 | FPS 1362 | D 520 | rR:x̄σmM 0.94 0.01 0.89 0.96 | F:x̄σmM 18.4 3.9 12.0 31.0 | H 1.310 | V 0.854 | pL -0.003 | vL 0.001 | ∇ 0.007
U 389 | F 796672 | FPS 1409 | D 522 | rR:x̄σmM 0.94 0.02 0.86 0.96 | F:x̄σmM 18.4 4.3 12.0 40.0 | H 1.363 | V 0.854 | pL 0.005 | vL 0.001 | ∇ 0.006
U 390 | F 798720 | FPS 1310 | D 523 | rR:x̄σmM 0.93 0.01 0.89 0.96 | F:x̄σmM 19.9 4.0 12.0 30.0 | H 1.388 | V 0.845 | pL 0.010 | vL 0.001 | ∇ 0.006
Model successfully saved
U 391 | F 800768 | FPS 1398 | D 525 | rR:x̄σmM 0.93 0.02 0.88 0.95 | F:x̄σmM 21.2 4.7 13.0 34.0 | H 1.420 | V 0.836 | pL 0.008 | vL 0.001 | ∇ 0.006
U 392 | F 802816 | FPS 1290 | D 526 | rR:x̄σmM 0.93 0.02 0.86 0.96 | F:x̄σmM 21.3 5.5 12.0 40.0 | H 1.341 | V 0.830 | pL 0.002 | vL 0.001 | ∇ 0.007
U 393 | F 804864 | FPS 1399 | D 528 | rR:x̄σmM 0.93 0.02 0.88 0.95 | F:x̄σmM 20.0 4.4 13.0 34.0 | H 1.415 | V 0.836 | pL -0.008 | vL 0.001 | ∇ 0.010
U 394 | F 806912 | FPS 1437 | D 529 | rR:x̄σmM 0.93 0.02 0.87 0.96 | F:x̄σmM 21.1 4.7 12.0 38.0 | H 1.402 | V 0.837 | pL 0.002 | vL 0.001 | ∇ 0.007
U 395 | F 808960 | FPS 1416 | D 531 | rR:x̄σmM 0.93 0.02 0.78 0.95 | F:x̄σmM 21.3 6.9 14.0 63.0 | H 1.403 | V 0.830 | pL 0.009 | vL 0.001 | ∇ 0.010
U 396 | F 811008 | FPS 1367 | D 532 | rR:x̄σmM 0.93 0.02 0.88 0.95 | F:x̄σmM 21.3 4.6 14.0 35.0 | H 1.392 | V 0.832 | pL 0.003 | vL 0.001 | ∇ 0.006
U 397 | F 813056 | FPS 1377 | D 534 | rR:x̄σmM 0.93 0.02 0.82 0.96 | F:x̄σmM 20.4 5.6 12.0 52.0 | H 1.387 | V 0.831 | pL -0.000 | vL 0.001 | ∇ 0.008
U 398 | F 815104 | FPS 1465 | D 535 | rR:x̄σmM 0.92 0.02 0.80 0.95 | F:x̄σmM 21.7 6.2 14.0 58.0 | H 1.385 | V 0.833 | pL 0.003 | vL 0.001 | ∇ 0.007
U 399 | F 817152 | FPS 1471 | D 536 | rR:x̄σmM 0.93 0.02 0.87 0.96 | F:x̄σmM 19.8 4.4 12.0 36.0 | H 1.321 | V 0.843 | pL -0.002 | vL 0.001 | ∇ 0.007
U 400 | F 819200 | FPS 1438 | D 538 | rR:x̄σmM 0.93 0.02 0.87 0.96 | F:x̄σmM 19.7 4.8 12.0 36.0 | H 1.405 | V 0.842 | pL -0.000 | vL 0.001 | ∇ 0.010
Model successfully saved
U 401 | F 821248 | FPS 1462 | D 539 | rR:x̄σmM 0.92 0.02 0.85 0.96 | F:x̄σmM 21.7 5.3 12.0 42.0 | H 1.316 | V 0.832 | pL 0.012 | vL 0.001 | ∇ 0.010
U 402 | F 823296 | FPS 1459 | D 541 | rR:x̄σmM 0.93 0.01 0.90 0.96 | F:x̄σmM 18.9 3.7 12.0 29.0 | H 1.347 | V 0.847 | pL -0.013 | vL 0.001 | ∇ 0.009
U 403 | F 825344 | FPS 1320 | D 542 | rR:x̄σmM 0.93 0.02 0.88 0.96 | F:x̄σmM 20.3 4.7 12.0 35.0 | H 1.348 | V 0.839 | pL 0.005 | vL 0.001 | ∇ 0.006
U 404 | F 827392 | FPS 1452 | D 544 | rR:x̄σmM 0.93 0.01 0.89 0.96 | F:x̄σmM 18.8 4.0 11.0 30.0 | H 1.387 | V 0.849 | pL -0.005 | vL 0.001 | ∇ 0.004
U 405 | F 829440 | FPS 1359 | D 545 | rR:x̄σmM 0.93 0.02 0.88 0.96 | F:x̄σmM 19.6 4.7 12.0 33.0 | H 1.363 | V 0.844 | pL 0.004 | vL 0.001 | ∇ 0.005
U 406 | F 831488 | FPS 1313 | D 547 | rR:x̄σmM 0.93 0.02 0.83 0.96 | F:x̄σmM 19.9 4.9 12.0 48.0 | H 1.435 | V 0.840 | pL 0.003 | vL 0.001 | ∇ 0.006
U 407 | F 833536 | FPS 1459 | D 548 | rR:x̄σmM 0.92 0.02 0.87 0.96 | F:x̄σmM 21.7 5.2 12.0 37.0 | H 1.375 | V 0.835 | pL 0.012 | vL 0.001 | ∇ 0.008
U 408 | F 835584 | FPS 1252 | D 550 | rR:x̄σmM 0.93 0.01 0.89 0.96 | F:x̄σmM 19.5 4.0 11.0 30.0 | H 1.357 | V 0.840 | pL -0.006 | vL 0.001 | ∇ 0.005
U 409 | F 837632 | FPS 1398 | D 551 | rR:x̄σmM 0.93 0.02 0.83 0.96 | F:x̄σmM 20.6 5.8 12.0 47.0 | H 1.373 | V 0.837 | pL 0.001 | vL 0.001 | ∇ 0.008
U 410 | F 839680 | FPS 1330 | D 553 | rR:x̄σmM 0.93 0.02 0.83 0.96 | F:x̄σmM 20.5 5.5 11.0 48.0 | H 1.286 | V 0.836 | pL 0.003 | vL 0.001 | ∇ 0.009
Model successfully saved
U 411 | F 841728 | FPS 1424 | D 554 | rR:x̄σmM 0.94 0.01 0.88 0.96 | F:x̄σmM 18.4 4.2 11.0 34.0 | H 1.296 | V 0.848 | pL -0.014 | vL 0.001 | ∇ 0.006
U 412 | F 843776 | FPS 1243 | D 556 | rR:x̄σmM 0.94 0.01 0.89 0.96 | F:x̄σmM 18.2 3.6 11.0 31.0 | H 1.382 | V 0.855 | pL -0.005 | vL 0.000 | ∇ 0.005
U 413 | F 845824 | FPS 1402 | D 557 | rR:x̄σmM 0.93 0.02 0.87 0.96 | F:x̄σmM 20.4 4.6 11.0 36.0 | H 1.379 | V 0.843 | pL 0.010 | vL 0.001 | ∇ 0.007
U 414 | F 847872 | FPS 1381 | D 559 | rR:x̄σmM 0.93 0.01 0.89 0.95 | F:x̄σmM 20.2 4.1 13.0 32.0 | H 1.408 | V 0.838 | pL 0.000 | vL 0.001 | ∇ 0.006
U 415 | F 849920 | FPS 1459 | D 560 | rR:x̄σmM 0.93 0.02 0.88 0.96 | F:x̄σmM 20.5 4.4 12.0 35.0 | H 1.411 | V 0.839 | pL 0.004 | vL 0.001 | ∇ 0.007
U 416 | F 851968 | FPS 1429 | D 562 | rR:x̄σmM 0.93 0.02 0.86 0.96 | F:x̄σmM 21.1 5.8 12.0 40.0 | H 1.391 | V 0.833 | pL 0.004 | vL 0.001 | ∇ 0.008
U 417 | F 854016 | FPS 1331 | D 563 | rR:x̄σmM 0.93 0.02 0.79 0.96 | F:x̄σmM 19.7 6.3 12.0 59.0 | H 1.321 | V 0.842 | pL -0.002 | vL 0.001 | ∇ 0.007
U 418 | F 856064 | FPS 1108 | D 565 | rR:x̄σmM 0.94 0.01 0.89 0.96 | F:x̄σmM 18.5 4.1 11.0 31.0 | H 1.318 | V 0.848 | pL -0.009 | vL 0.001 | ∇ 0.007
U 419 | F 858112 | FPS 1141 | D 567 | rR:x̄σmM 0.93 0.01 0.88 0.96 | F:x̄σmM 19.3 4.1 12.0 33.0 | H 1.386 | V 0.847 | pL 0.002 | vL 0.001 | ∇ 0.006
U 420 | F 860160 | FPS 1109 | D 569 | rR:x̄σmM 0.93 0.02 0.80 0.95 | F:x̄σmM 20.5 5.6 13.0 58.0 | H 1.402 | V 0.839 | pL 0.006 | vL 0.001 | ∇ 0.012
Model successfully saved
U 421 | F 862208 | FPS 1364 | D 570 | rR:x̄σmM 0.93 0.02 0.88 0.96 | F:x̄σmM 20.2 4.6 12.0 33.0 | H 1.365 | V 0.841 | pL 0.002 | vL 0.001 | ∇ 0.007
U 422 | F 864256 | FPS 1473 | D 572 | rR:x̄σmM 0.93 0.02 0.87 0.96 | F:x̄σmM 20.0 5.3 12.0 38.0 | H 1.259 | V 0.839 | pL -0.002 | vL 0.001 | ∇ 0.006
U 423 | F 866304 | FPS 1567 | D 573 | rR:x̄σmM 0.94 0.01 0.90 0.96 | F:x̄σmM 18.4 3.9 11.0 28.0 | H 1.338 | V 0.849 | pL -0.011 | vL 0.001 | ∇ 0.009
U 424 | F 868352 | FPS 1595 | D 574 | rR:x̄σmM 0.93 0.01 0.89 0.96 | F:x̄σmM 18.8 4.2 11.0 32.0 | H 1.347 | V 0.849 | pL 0.001 | vL 0.001 | ∇ 0.005
U 425 | F 870400 | FPS 1407 | D 576 | rR:x̄σmM 0.93 0.02 0.88 0.96 | F:x̄σmM 20.0 4.7 12.0 35.0 | H 1.338 | V 0.844 | pL 0.006 | vL 0.001 | ∇ 0.005
U 426 | F 872448 | FPS 1412 | D 577 | rR:x̄σmM 0.93 0.01 0.89 0.96 | F:x̄σmM 19.3 4.2 12.0 31.0 | H 1.363 | V 0.844 | pL -0.002 | vL 0.001 | ∇ 0.005
U 427 | F 874496 | FPS 1181 | D 579 | rR:x̄σmM 0.93 0.02 0.87 0.95 | F:x̄σmM 19.9 4.3 13.0 37.0 | H 1.439 | V 0.844 | pL 0.003 | vL 0.001 | ∇ 0.005
U 428 | F 876544 | FPS 1618 | D 580 | rR:x̄σmM 0.93 0.02 0.87 0.95 | F:x̄σmM 21.3 5.0 13.0 36.0 | H 1.379 | V 0.835 | pL 0.007 | vL 0.001 | ∇ 0.005
U 429 | F 878592 | FPS 1306 | D 582 | rR:x̄σmM 0.93 0.02 0.85 0.96 | F:x̄σmM 20.7 5.7 12.0 44.0 | H 1.367 | V 0.828 | pL -0.001 | vL 0.001 | ∇ 0.008
U 430 | F 880640 | FPS 1361 | D 583 | rR:x̄σmM 0.93 0.03 0.79 0.96 | F:x̄σmM 20.1 7.3 12.0 61.0 | H 1.324 | V 0.834 | pL -0.007 | vL 0.001 | ∇ 0.009
Model successfully saved
U 431 | F 882688 | FPS 1419 | D 585 | rR:x̄σmM 0.93 0.02 0.88 0.96 | F:x̄σmM 20.0 4.7 12.0 34.0 | H 1.331 | V 0.841 | pL -0.005 | vL 0.001 | ∇ 0.005
U 432 | F 884736 | FPS 1299 | D 586 | rR:x̄σmM 0.93 0.01 0.89 0.96 | F:x̄σmM 18.6 3.8 12.0 32.0 | H 1.357 | V 0.851 | pL -0.001 | vL 0.001 | ∇ 0.006
U 433 | F 886784 | FPS 1380 | D 588 | rR:x̄σmM 0.93 0.02 0.86 0.96 | F:x̄σmM 20.0 4.7 12.0 40.0 | H 1.395 | V 0.843 | pL 0.005 | vL 0.001 | ∇ 0.006
U 434 | F 888832 | FPS 1266 | D 589 | rR:x̄σmM 0.93 0.02 0.88 0.96 | F:x̄σmM 19.9 4.6 12.0 34.0 | H 1.383 | V 0.843 | pL -0.001 | vL 0.001 | ∇ 0.006
U 435 | F 890880 | FPS 1211 | D 591 | rR:x̄σmM 0.93 0.01 0.88 0.96 | F:x̄σmM 19.1 3.8 12.0 34.0 | H 1.423 | V 0.847 | pL -0.001 | vL 0.001 | ∇ 0.007
U 436 | F 892928 | FPS 1177 | D 593 | rR:x̄σmM 0.93 0.02 0.88 0.96 | F:x̄σmM 21.0 4.6 12.0 33.0 | H 1.389 | V 0.838 | pL 0.010 | vL 0.001 | ∇ 0.005
U 437 | F 894976 | FPS 1272 | D 594 | rR:x̄σmM 0.93 0.02 0.88 0.95 | F:x̄σmM 20.6 4.8 13.0 34.0 | H 1.352 | V 0.835 | pL 0.001 | vL 0.001 | ∇ 0.007
U 438 | F 897024 | FPS 1259 | D 596 | rR:x̄σmM 0.93 0.02 0.81 0.95 | F:x̄σmM 20.8 6.2 13.0 54.0 | H 1.334 | V 0.834 | pL 0.002 | vL 0.001 | ∇ 0.008
U 439 | F 899072 | FPS 1575 | D 597 | rR:x̄σmM 0.93 0.01 0.88 0.95 | F:x̄σmM 20.2 3.9 14.0 33.0 | H 1.409 | V 0.837 | pL -0.002 | vL 0.001 | ∇ 0.006
U 440 | F 901120 | FPS 1301 | D 599 | rR:x̄σmM 0.93 0.02 0.86 0.96 | F:x̄σmM 21.2 5.2 12.0 39.0 | H 1.343 | V 0.837 | pL 0.007 | vL 0.001 | ∇ 0.006
Model successfully saved
U 441 | F 903168 | FPS 1535 | D 600 | rR:x̄σmM 0.93 0.02 0.88 0.96 | F:x̄σmM 19.5 4.3 11.0 34.0 | H 1.300 | V 0.841 | pL -0.009 | vL 0.001 | ∇ 0.008
U 442 | F 905216 | FPS 1478 | D 602 | rR:x̄σmM 0.93 0.01 0.88 0.96 | F:x̄σmM 19.3 4.2 12.0 33.0 | H 1.390 | V 0.843 | pL -0.002 | vL 0.001 | ∇ 0.006
U 443 | F 907264 | FPS 1234 | D 603 | rR:x̄σmM 0.93 0.02 0.85 0.95 | F:x̄σmM 20.1 4.9 14.0 44.0 | H 1.384 | V 0.843 | pL 0.004 | vL 0.001 | ∇ 0.005
U 444 | F 909312 | FPS 1605 | D 605 | rR:x̄σmM 0.93 0.02 0.87 0.96 | F:x̄σmM 20.4 5.0 12.0 38.0 | H 1.327 | V 0.837 | pL 0.003 | vL 0.001 | ∇ 0.006
U 445 | F 911360 | FPS 1611 | D 606 | rR:x̄σmM 0.93 0.02 0.84 0.96 | F:x̄σmM 18.7 4.7 12.0 46.0 | H 1.369 | V 0.846 | pL -0.006 | vL 0.001 | ∇ 0.005
U 446 | F 913408 | FPS 1266 | D 608 | rR:x̄σmM 0.93 0.02 0.88 0.95 | F:x̄σmM 20.5 4.7 13.0 35.0 | H 1.375 | V 0.842 | pL 0.007 | vL 0.001 | ∇ 0.009
U 447 | F 915456 | FPS 1469 | D 609 | rR:x̄σmM 0.93 0.02 0.88 0.96 | F:x̄σmM 19.7 4.5 12.0 33.0 | H 1.369 | V 0.841 | pL -0.004 | vL 0.001 | ∇ 0.006
U 448 | F 917504 | FPS 1451 | D 610 | rR:x̄σmM 0.93 0.02 0.85 0.96 | F:x̄σmM 20.5 5.6 11.0 44.0 | H 1.330 | V 0.838 | pL 0.007 | vL 0.001 | ∇ 0.008
U 449 | F 919552 | FPS 1515 | D 612 | rR:x̄σmM 0.93 0.02 0.87 0.96 | F:x̄σmM 19.7 4.7 11.0 36.0 | H 1.294 | V 0.841 | pL -0.008 | vL 0.001 | ∇ 0.010
U 450 | F 921600 | FPS 1523 | D 613 | rR:x̄σmM 0.93 0.01 0.88 0.96 | F:x̄σmM 18.9 4.2 12.0 35.0 | H 1.362 | V 0.848 | pL -0.003 | vL 0.001 | ∇ 0.005
Model successfully saved
U 451 | F 923648 | FPS 1567 | D 614 | rR:x̄σmM 0.93 0.02 0.88 0.96 | F:x̄σmM 20.2 4.6 12.0 33.0 | H 1.371 | V 0.842 | pL 0.010 | vL 0.001 | ∇ 0.007
U 452 | F 925696 | FPS 1567 | D 616 | rR:x̄σmM 0.93 0.02 0.88 0.96 | F:x̄σmM 20.7 4.8 12.0 33.0 | H 1.394 | V 0.837 | pL 0.004 | vL 0.001 | ∇ 0.006
U 453 | F 927744 | FPS 1546 | D 617 | rR:x̄σmM 0.93 0.01 0.88 0.95 | F:x̄σmM 19.9 4.2 13.0 33.0 | H 1.407 | V 0.840 | pL 0.001 | vL 0.001 | ∇ 0.008
U 454 | F 929792 | FPS 1575 | D 618 | rR:x̄σmM 0.93 0.02 0.78 0.95 | F:x̄σmM 20.7 6.0 13.0 62.0 | H 1.427 | V 0.839 | pL 0.001 | vL 0.001 | ∇ 0.007
U 455 | F 931840 | FPS 1598 | D 620 | rR:x̄σmM 0.93 0.02 0.87 0.95 | F:x̄σmM 21.0 4.6 13.0 36.0 | H 1.422 | V 0.833 | pL 0.001 | vL 0.001 | ∇ 0.006
U 456 | F 933888 | FPS 1582 | D 621 | rR:x̄σmM 0.92 0.02 0.88 0.95 | F:x̄σmM 21.4 4.6 13.0 34.0 | H 1.417 | V 0.832 | pL 0.000 | vL 0.001 | ∇ 0.008
U 457 | F 935936 | FPS 1602 | D 622 | rR:x̄σmM 0.93 0.02 0.88 0.95 | F:x̄σmM 21.3 4.6 14.0 34.0 | H 1.380 | V 0.828 | pL -0.002 | vL 0.001 | ∇ 0.007
U 458 | F 937984 | FPS 1638 | D 623 | rR:x̄σmM 0.93 0.03 0.76 0.96 | F:x̄σmM 21.0 7.2 12.0 68.0 | H 1.320 | V 0.827 | pL -0.002 | vL 0.001 | ∇ 0.010
U 459 | F 940032 | FPS 1629 | D 625 | rR:x̄σmM 0.93 0.02 0.85 0.96 | F:x̄σmM 20.0 4.7 11.0 44.0 | H 1.370 | V 0.838 | pL -0.009 | vL 0.001 | ∇ 0.007
U 460 | F 942080 | FPS 1621 | D 626 | rR:x̄σmM 0.93 0.02 0.89 0.96 | F:x̄σmM 20.6 4.7 12.0 32.0 | H 1.309 | V 0.841 | pL 0.005 | vL 0.001 | ∇ 0.006
Model successfully saved
U 461 | F 944128 | FPS 1531 | D 627 | rR:x̄σmM 0.93 0.02 0.88 0.96 | F:x̄σmM 19.2 4.8 11.0 33.0 | H 1.309 | V 0.844 | pL -0.005 | vL 0.001 | ∇ 0.006
U 462 | F 946176 | FPS 1497 | D 629 | rR:x̄σmM 0.93 0.01 0.88 0.96 | F:x̄σmM 18.8 4.1 11.0 34.0 | H 1.342 | V 0.847 | pL -0.002 | vL 0.001 | ∇ 0.005
U 463 | F 948224 | FPS 1476 | D 630 | rR:x̄σmM 0.93 0.02 0.89 0.96 | F:x̄σmM 19.9 4.4 12.0 32.0 | H 1.344 | V 0.846 | pL 0.004 | vL 0.001 | ∇ 0.005
U 464 | F 950272 | FPS 1246 | D 632 | rR:x̄σmM 0.93 0.01 0.89 0.95 | F:x̄σmM 18.9 3.7 13.0 31.0 | H 1.444 | V 0.848 | pL -0.002 | vL 0.001 | ∇ 0.005
U 465 | F 952320 | FPS 1594 | D 633 | rR:x̄σmM 0.92 0.02 0.80 0.95 | F:x̄σmM 22.1 6.1 13.0 57.0 | H 1.422 | V 0.831 | pL 0.012 | vL 0.001 | ∇ 0.007
U 466 | F 954368 | FPS 1372 | D 634 | rR:x̄σmM 0.92 0.02 0.88 0.96 | F:x̄σmM 21.5 4.8 12.0 34.0 | H 1.368 | V 0.826 | pL -0.001 | vL 0.001 | ∇ 0.007
U 467 | F 956416 | FPS 1594 | D 636 | rR:x̄σmM 0.93 0.02 0.83 0.96 | F:x̄σmM 20.5 5.6 12.0 48.0 | H 1.353 | V 0.835 | pL -0.005 | vL 0.001 | ∇ 0.010
U 468 | F 958464 | FPS 1570 | D 637 | rR:x̄σmM 0.93 0.02 0.88 0.95 | F:x̄σmM 20.3 4.4 13.0 35.0 | H 1.340 | V 0.838 | pL -0.001 | vL 0.001 | ∇ 0.007
U 469 | F 960512 | FPS 1523 | D 638 | rR:x̄σmM 0.93 0.02 0.89 0.96 | F:x̄σmM 19.0 4.4 12.0 30.0 | H 1.286 | V 0.843 | pL -0.006 | vL 0.001 | ∇ 0.008
U 470 | F 962560 | FPS 1549 | D 640 | rR:x̄σmM 0.93 0.02 0.77 0.96 | F:x̄σmM 18.8 5.8 12.0 66.0 | H 1.282 | V 0.851 | pL -0.002 | vL 0.001 | ∇ 0.006
Model successfully saved
U 471 | F 964608 | FPS 1593 | D 641 | rR:x̄σmM 0.93 0.01 0.88 0.96 | F:x̄σmM 18.9 4.2 12.0 33.0 | H 1.408 | V 0.851 | pL 0.001 | vL 0.001 | ∇ 0.009
U 472 | F 966656 | FPS 1600 | D 642 | rR:x̄σmM 0.93 0.02 0.88 0.95 | F:x̄σmM 20.9 4.7 13.0 35.0 | H 1.389 | V 0.840 | pL 0.014 | vL 0.001 | ∇ 0.007
U 473 | F 968704 | FPS 1592 | D 644 | rR:x̄σmM 0.93 0.02 0.87 0.95 | F:x̄σmM 21.1 5.2 13.0 38.0 | H 1.339 | V 0.835 | pL 0.006 | vL 0.001 | ∇ 0.009
U 474 | F 970752 | FPS 1619 | D 645 | rR:x̄σmM 0.93 0.02 0.88 0.95 | F:x̄σmM 19.7 4.3 13.0 34.0 | H 1.349 | V 0.839 | pL -0.007 | vL 0.001 | ∇ 0.005
U 475 | F 972800 | FPS 1528 | D 646 | rR:x̄σmM 0.93 0.01 0.89 0.96 | F:x̄σmM 19.7 3.7 12.0 32.0 | H 1.408 | V 0.845 | pL -0.001 | vL 0.001 | ∇ 0.006
U 476 | F 974848 | FPS 1536 | D 648 | rR:x̄σmM 0.92 0.02 0.88 0.96 | F:x̄σmM 21.5 5.2 12.0 35.0 | H 1.335 | V 0.832 | pL 0.008 | vL 0.001 | ∇ 0.008
U 477 | F 976896 | FPS 1473 | D 649 | rR:x̄σmM 0.93 0.02 0.87 0.96 | F:x̄σmM 19.4 4.7 12.0 36.0 | H 1.307 | V 0.838 | pL -0.012 | vL 0.001 | ∇ 0.005
U 478 | F 978944 | FPS 1453 | D 650 | rR:x̄σmM 0.93 0.01 0.88 0.96 | F:x̄σmM 19.1 4.0 12.0 33.0 | H 1.327 | V 0.849 | pL -0.001 | vL 0.001 | ∇ 0.006
U 479 | F 980992 | FPS 1407 | D 652 | rR:x̄σmM 0.93 0.01 0.90 0.95 | F:x̄σmM 19.7 3.8 13.0 28.0 | H 1.421 | V 0.846 | pL 0.005 | vL 0.001 | ∇ 0.007
U 480 | F 983040 | FPS 1317 | D 653 | rR:x̄σmM 0.92 0.02 0.88 0.95 | F:x̄σmM 21.4 4.4 14.0 33.0 | H 1.457 | V 0.834 | pL 0.009 | vL 0.001 | ∇ 0.007
Model successfully saved
U 481 | F 985088 | FPS 1094 | D 655 | rR:x̄σmM 0.92 0.02 0.87 0.96 | F:x̄σmM 21.4 4.8 12.0 36.0 | H 1.401 | V 0.830 | pL 0.004 | vL 0.001 | ∇ 0.009
U 482 | F 987136 | FPS 1501 | D 657 | rR:x̄σmM 0.93 0.02 0.85 0.96 | F:x̄σmM 21.0 5.9 12.0 43.0 | H 1.333 | V 0.834 | pL -0.004 | vL 0.001 | ∇ 0.010
U 483 | F 989184 | FPS 1582 | D 658 | rR:x̄σmM 0.93 0.02 0.87 0.96 | F:x̄σmM 19.8 4.7 12.0 36.0 | H 1.318 | V 0.839 | pL 0.001 | vL 0.001 | ∇ 0.007
U 484 | F 991232 | FPS 1438 | D 659 | rR:x̄σmM 0.93 0.02 0.78 0.96 | F:x̄σmM 20.4 6.6 11.0 62.0 | H 1.385 | V 0.840 | pL -0.001 | vL 0.001 | ∇ 0.007
U 485 | F 993280 | FPS 1410 | D 661 | rR:x̄σmM 0.93 0.02 0.87 0.96 | F:x̄σmM 20.2 4.6 12.0 36.0 | H 1.329 | V 0.837 | pL 0.002 | vL 0.001 | ∇ 0.005
U 486 | F 995328 | FPS 1519 | D 662 | rR:x̄σmM 0.93 0.02 0.82 0.96 | F:x̄σmM 19.4 5.3 12.0 50.0 | H 1.373 | V 0.841 | pL -0.003 | vL 0.001 | ∇ 0.010
U 487 | F 997376 | FPS 1500 | D 664 | rR:x̄σmM 0.93 0.02 0.86 0.96 | F:x̄σmM 21.0 5.3 12.0 40.0 | H 1.338 | V 0.838 | pL 0.009 | vL 0.001 | ∇ 0.008
U 488 | F 999424 | FPS 1544 | D 665 | rR:x̄σmM 0.93 0.02 0.82 0.96 | F:x̄σmM 20.1 5.6 12.0 51.0 | H 1.302 | V 0.840 | pL 0.000 | vL 0.001 | ∇ 0.007
U 489 | F 1001472 | FPS 1471 | D 666 | rR:x̄σmM 0.93 0.01 0.88 0.96 | F:x̄σmM 18.8 4.3 11.0 33.0 | H 1.367 | V 0.844 | pL -0.006 | vL 0.001 | ∇ 0.005
