/home/fabian_57/thesis_projects/curriculum-test/scripts/train.py --algo ppo --env MiniGrid-DoorKey-8x8-v0 --no-instr --tb --frames=1000000 --model DoorKey-8x8-with-6x6 --save-interval 10

Namespace(algo='ppo', batch_size=256, clip_eps=0.2, discount=0.99, entropy_coef=0.01, env='MiniGrid-DoorKey-8x8-v0', epochs=4, frames=1000000, frames_per_proc=None, gae_lambda=0.95, log_interval=1, lr=0.0007, max_grad_norm=0.5, model='DoorKey-8x8-with-6x6', no_instr=True, no_mem=False, optim_alpha=0.99, optim_eps=1e-05, procs=16, recurrence=1, save_interval=10, seed=1, tb=True, value_loss_coef=0.5)

Model successfully loaded

ACModel(
  (image_conv): Sequential(
    (0): Conv2d(3, 16, kernel_size=(2, 2), stride=(1, 1))
    (1): ReLU()
    (2): MaxPool2d(kernel_size=(2, 2), stride=2, padding=0, dilation=1, ceil_mode=False)
    (3): Conv2d(16, 32, kernel_size=(2, 2), stride=(1, 1))
    (4): ReLU()
    (5): Conv2d(32, 64, kernel_size=(2, 2), stride=(1, 1))
    (6): ReLU()
  )
  (memory_rnn): LSTMCell(64, 64)
  (actor): Sequential(
    (0): Linear(in_features=64, out_features=64, bias=True)
    (1): Tanh()
    (2): Linear(in_features=64, out_features=7, bias=True)
  )
  (critic): Sequential(
    (0): Linear(in_features=64, out_features=64, bias=True)
    (1): Tanh()
    (2): Linear(in_features=64, out_features=1, bias=True)
  )
)

CUDA available: True

U 1 | F 002048 | FPS 1044 | D 1 | rR:x̄σmM 0.92 0.04 0.84 0.97 | F:x̄σmM 53.6 25.5 19.0 114.0 | H 1.616 | V 0.716 | pL 0.071 | vL 0.003 | ∇ 0.050
U 2 | F 004096 | FPS 1499 | D 3 | rR:x̄σmM 0.88 0.07 0.74 0.97 | F:x̄σmM 82.6 48.5 21.0 187.0 | H 1.688 | V 0.617 | pL 0.085 | vL 0.002 | ∇ 0.064
U 3 | F 006144 | FPS 1507 | D 4 | rR:x̄σmM 0.83 0.08 0.64 0.94 | F:x̄σmM 117.9 57.2 44.0 255.0 | H 1.714 | V 0.541 | pL 0.059 | vL 0.004 | ∇ 0.042
U 4 | F 008192 | FPS 1496 | D 6 | rR:x̄σmM 0.85 0.15 0.41 0.97 | F:x̄σmM 109.9 109.6 22.0 423.0 | H 1.720 | V 0.495 | pL 0.033 | vL 0.005 | ∇ 0.035
U 5 | F 010240 | FPS 1518 | D 7 | rR:x̄σmM 0.74 0.28 0.15 0.96 | F:x̄σmM 181.4 200.8 25.0 603.0 | H 1.750 | V 0.454 | pL 0.030 | vL 0.010 | ∇ 0.042
U 6 | F 012288 | FPS 1525 | D 8 | rR:x̄σmM 0.73 0.30 0.00 0.94 | F:x̄σmM 185.4 201.7 41.0 640.0 | H 1.763 | V 0.431 | pL 0.021 | vL 0.006 | ∇ 0.033
U 7 | F 014336 | FPS 1502 | D 10 | rR:x̄σmM 0.81 0.14 0.44 0.94 | F:x̄σmM 137.0 99.1 43.0 397.0 | H 1.733 | V 0.433 | pL 0.003 | vL 0.007 | ∇ 0.037
U 8 | F 016384 | FPS 1515 | D 11 | rR:x̄σmM 0.84 0.23 0.00 0.96 | F:x̄σmM 109.9 150.7 29.0 640.0 | H 1.692 | V 0.449 | pL -0.011 | vL 0.009 | ∇ 0.045
U 9 | F 018432 | FPS 1521 | D 12 | rR:x̄σmM 0.90 0.07 0.64 0.97 | F:x̄σmM 72.1 53.3 22.0 258.0 | H 1.623 | V 0.508 | pL -0.033 | vL 0.010 | ∇ 0.048
U 10 | F 020480 | FPS 1486 | D 14 | rR:x̄σmM 0.88 0.18 0.00 0.97 | F:x̄σmM 82.3 115.8 24.0 640.0 | H 1.592 | V 0.558 | pL -0.031 | vL 0.011 | ∇ 0.061
Model successfully saved
U 11 | F 022528 | FPS 1511 | D 15 | rR:x̄σmM 0.91 0.07 0.57 0.97 | F:x̄σmM 62.4 53.2 22.0 306.0 | H 1.548 | V 0.590 | pL -0.017 | vL 0.010 | ∇ 0.071
U 12 | F 024576 | FPS 1509 | D 16 | rR:x̄σmM 0.92 0.05 0.70 0.97 | F:x̄σmM 55.2 36.9 18.0 215.0 | H 1.537 | V 0.635 | pL -0.028 | vL 0.007 | ∇ 0.045
U 13 | F 026624 | FPS 1497 | D 18 | rR:x̄σmM 0.94 0.03 0.82 0.97 | F:x̄σmM 43.4 21.9 18.0 126.0 | H 1.500 | V 0.652 | pL -0.021 | vL 0.007 | ∇ 0.050
U 14 | F 028672 | FPS 1507 | D 19 | rR:x̄σmM 0.94 0.03 0.83 0.97 | F:x̄σmM 45.4 19.8 22.0 123.0 | H 1.550 | V 0.674 | pL -0.019 | vL 0.005 | ∇ 0.044
U 15 | F 030720 | FPS 1505 | D 21 | rR:x̄σmM 0.92 0.11 0.25 0.98 | F:x̄σmM 56.3 76.1 17.0 534.0 | H 1.517 | V 0.711 | pL -0.007 | vL 0.006 | ∇ 0.043
U 16 | F 032768 | FPS 1500 | D 22 | rR:x̄σmM 0.94 0.03 0.81 0.98 | F:x̄σmM 42.4 19.5 14.0 134.0 | H 1.443 | V 0.752 | pL -0.007 | vL 0.003 | ∇ 0.045
U 17 | F 034816 | FPS 1521 | D 23 | rR:x̄σmM 0.94 0.02 0.86 0.98 | F:x̄σmM 41.0 15.1 12.0 97.0 | H 1.444 | V 0.761 | pL -0.001 | vL 0.002 | ∇ 0.030
U 18 | F 036864 | FPS 1496 | D 25 | rR:x̄σmM 0.94 0.02 0.90 0.98 | F:x̄σmM 39.3 12.1 16.0 72.0 | H 1.450 | V 0.766 | pL -0.005 | vL 0.002 | ∇ 0.025
U 19 | F 038912 | FPS 1506 | D 26 | rR:x̄σmM 0.94 0.02 0.88 0.98 | F:x̄σmM 39.4 14.1 13.0 84.0 | H 1.436 | V 0.757 | pL 0.007 | vL 0.002 | ∇ 0.025
U 20 | F 040960 | FPS 1519 | D 27 | rR:x̄σmM 0.95 0.02 0.90 0.97 | F:x̄σmM 37.3 12.9 19.0 72.0 | H 1.448 | V 0.781 | pL -0.014 | vL 0.002 | ∇ 0.021
Model successfully saved
U 21 | F 043008 | FPS 1498 | D 29 | rR:x̄σmM 0.95 0.02 0.88 0.98 | F:x̄σmM 38.4 14.1 17.0 82.0 | H 1.478 | V 0.763 | pL 0.003 | vL 0.002 | ∇ 0.022
U 22 | F 045056 | FPS 1515 | D 30 | rR:x̄σmM 0.95 0.02 0.86 0.98 | F:x̄σmM 38.3 15.0 17.0 97.0 | H 1.458 | V 0.765 | pL -0.004 | vL 0.002 | ∇ 0.022
U 23 | F 047104 | FPS 1500 | D 31 | rR:x̄σmM 0.94 0.02 0.85 0.97 | F:x̄σmM 41.7 16.6 21.0 109.0 | H 1.501 | V 0.761 | pL 0.003 | vL 0.002 | ∇ 0.031
U 24 | F 049152 | FPS 1502 | D 33 | rR:x̄σmM 0.95 0.02 0.85 0.97 | F:x̄σmM 37.8 16.7 19.0 109.0 | H 1.399 | V 0.754 | pL -0.002 | vL 0.003 | ∇ 0.029
U 25 | F 051200 | FPS 1522 | D 34 | rR:x̄σmM 0.95 0.03 0.81 0.98 | F:x̄σmM 36.4 17.9 14.0 134.0 | H 1.434 | V 0.766 | pL -0.008 | vL 0.003 | ∇ 0.033
U 26 | F 053248 | FPS 1504 | D 36 | rR:x̄σmM 0.95 0.02 0.87 0.98 | F:x̄σmM 38.2 15.7 14.0 95.0 | H 1.444 | V 0.782 | pL 0.000 | vL 0.003 | ∇ 0.039
U 27 | F 055296 | FPS 1494 | D 37 | rR:x̄σmM 0.95 0.02 0.90 0.98 | F:x̄σmM 35.3 12.2 15.0 68.0 | H 1.490 | V 0.763 | pL 0.003 | vL 0.002 | ∇ 0.027
U 28 | F 057344 | FPS 1517 | D 38 | rR:x̄σmM 0.94 0.02 0.88 0.97 | F:x̄σmM 41.1 13.7 22.0 85.0 | H 1.522 | V 0.723 | pL 0.009 | vL 0.002 | ∇ 0.026
U 29 | F 059392 | FPS 1507 | D 40 | rR:x̄σmM 0.93 0.07 0.54 0.97 | F:x̄σmM 47.8 48.7 18.0 327.0 | H 1.478 | V 0.749 | pL -0.002 | vL 0.003 | ∇ 0.027
U 30 | F 061440 | FPS 1512 | D 41 | rR:x̄σmM 0.95 0.02 0.89 0.97 | F:x̄σmM 38.2 14.5 19.0 79.0 | H 1.484 | V 0.751 | pL 0.001 | vL 0.002 | ∇ 0.027
Model successfully saved
U 31 | F 063488 | FPS 1521 | D 42 | rR:x̄σmM 0.94 0.02 0.88 0.97 | F:x̄σmM 41.4 14.1 18.0 87.0 | H 1.440 | V 0.750 | pL -0.001 | vL 0.003 | ∇ 0.030
U 32 | F 065536 | FPS 1493 | D 44 | rR:x̄σmM 0.94 0.02 0.87 0.97 | F:x̄σmM 40.1 15.1 18.0 93.0 | H 1.432 | V 0.750 | pL -0.005 | vL 0.003 | ∇ 0.031
U 33 | F 067584 | FPS 1510 | D 45 | rR:x̄σmM 0.94 0.04 0.73 0.97 | F:x̄σmM 40.8 25.9 18.0 195.0 | H 1.461 | V 0.754 | pL -0.005 | vL 0.002 | ∇ 0.029
U 34 | F 069632 | FPS 1518 | D 46 | rR:x̄σmM 0.94 0.02 0.84 0.98 | F:x̄σmM 40.4 16.9 14.0 112.0 | H 1.449 | V 0.774 | pL -0.005 | vL 0.002 | ∇ 0.023
U 35 | F 071680 | FPS 1493 | D 48 | rR:x̄σmM 0.95 0.02 0.90 0.98 | F:x̄σmM 37.0 13.0 15.0 70.0 | H 1.450 | V 0.778 | pL 0.004 | vL 0.002 | ∇ 0.023
U 36 | F 073728 | FPS 1520 | D 49 | rR:x̄σmM 0.95 0.01 0.91 0.97 | F:x̄σmM 37.0 10.3 20.0 67.0 | H 1.440 | V 0.782 | pL 0.003 | vL 0.001 | ∇ 0.019
U 37 | F 075776 | FPS 1504 | D 51 | rR:x̄σmM 0.95 0.02 0.89 0.98 | F:x̄σmM 37.1 13.1 14.0 76.0 | H 1.399 | V 0.762 | pL -0.002 | vL 0.002 | ∇ 0.022
U 38 | F 077824 | FPS 1493 | D 52 | rR:x̄σmM 0.94 0.03 0.75 0.98 | F:x̄σmM 40.1 22.4 15.0 177.0 | H 1.411 | V 0.770 | pL -0.008 | vL 0.002 | ∇ 0.023
U 39 | F 079872 | FPS 1519 | D 53 | rR:x̄σmM 0.95 0.02 0.90 0.99 | F:x̄σmM 34.5 11.5 10.0 71.0 | H 1.350 | V 0.789 | pL -0.007 | vL 0.002 | ∇ 0.028
U 40 | F 081920 | FPS 1502 | D 55 | rR:x̄σmM 0.95 0.01 0.90 0.98 | F:x̄σmM 32.4 10.5 13.0 73.0 | H 1.403 | V 0.796 | pL -0.004 | vL 0.001 | ∇ 0.024
Model successfully saved
U 41 | F 083968 | FPS 1508 | D 56 | rR:x̄σmM 0.95 0.02 0.90 0.98 | F:x̄σmM 37.5 12.9 17.0 72.0 | H 1.481 | V 0.787 | pL 0.008 | vL 0.002 | ∇ 0.021
U 42 | F 086016 | FPS 1502 | D 57 | rR:x̄σmM 0.95 0.02 0.83 0.98 | F:x̄σmM 38.6 15.7 15.0 119.0 | H 1.471 | V 0.780 | pL 0.006 | vL 0.002 | ∇ 0.021
U 43 | F 088064 | FPS 1499 | D 59 | rR:x̄σmM 0.94 0.03 0.84 0.97 | F:x̄σmM 43.2 20.6 20.0 116.0 | H 1.459 | V 0.746 | pL 0.012 | vL 0.002 | ∇ 0.029
U 44 | F 090112 | FPS 1507 | D 60 | rR:x̄σmM 0.95 0.02 0.88 0.98 | F:x̄σmM 35.8 13.7 11.0 88.0 | H 1.403 | V 0.769 | pL -0.018 | vL 0.002 | ∇ 0.026
U 45 | F 092160 | FPS 1494 | D 61 | rR:x̄σmM 0.95 0.02 0.91 0.98 | F:x̄σmM 36.8 10.8 16.0 64.0 | H 1.418 | V 0.789 | pL -0.004 | vL 0.001 | ∇ 0.017
U 46 | F 094208 | FPS 1497 | D 63 | rR:x̄σmM 0.95 0.01 0.91 0.98 | F:x̄σmM 34.8 10.0 15.0 63.0 | H 1.479 | V 0.782 | pL 0.004 | vL 0.001 | ∇ 0.019
U 47 | F 096256 | FPS 1515 | D 64 | rR:x̄σmM 0.95 0.02 0.89 0.98 | F:x̄σmM 36.6 12.7 16.0 81.0 | H 1.453 | V 0.785 | pL 0.001 | vL 0.002 | ∇ 0.019
U 48 | F 098304 | FPS 1502 | D 66 | rR:x̄σmM 0.95 0.03 0.79 0.98 | F:x̄σmM 38.5 18.5 15.0 146.0 | H 1.480 | V 0.780 | pL 0.008 | vL 0.002 | ∇ 0.026
U 49 | F 100352 | FPS 1495 | D 67 | rR:x̄σmM 0.94 0.02 0.89 0.98 | F:x̄σmM 41.5 13.6 16.0 79.0 | H 1.482 | V 0.759 | pL 0.006 | vL 0.002 | ∇ 0.024
U 50 | F 102400 | FPS 1509 | D 68 | rR:x̄σmM 0.94 0.02 0.87 0.98 | F:x̄σmM 40.0 14.4 17.0 91.0 | H 1.478 | V 0.755 | pL -0.004 | vL 0.002 | ∇ 0.023
Model successfully saved
U 51 | F 104448 | FPS 1491 | D 70 | rR:x̄σmM 0.95 0.02 0.90 0.98 | F:x̄σmM 34.6 11.0 14.0 68.0 | H 1.501 | V 0.788 | pL -0.015 | vL 0.002 | ∇ 0.020
U 52 | F 106496 | FPS 1506 | D 71 | rR:x̄σmM 0.95 0.02 0.88 0.98 | F:x̄σmM 38.9 13.8 17.0 85.0 | H 1.475 | V 0.772 | pL 0.013 | vL 0.002 | ∇ 0.020
U 53 | F 108544 | FPS 1518 | D 72 | rR:x̄σmM 0.94 0.02 0.87 0.97 | F:x̄σmM 41.9 15.7 19.0 90.0 | H 1.468 | V 0.755 | pL 0.002 | vL 0.002 | ∇ 0.021
U 54 | F 110592 | FPS 1489 | D 74 | rR:x̄σmM 0.94 0.02 0.90 0.97 | F:x̄σmM 40.1 15.1 19.0 72.0 | H 1.480 | V 0.763 | pL 0.003 | vL 0.002 | ∇ 0.023
U 55 | F 112640 | FPS 1513 | D 75 | rR:x̄σmM 0.95 0.02 0.89 0.97 | F:x̄σmM 37.5 13.1 18.0 81.0 | H 1.462 | V 0.766 | pL -0.001 | vL 0.002 | ∇ 0.022
U 56 | F 114688 | FPS 1504 | D 76 | rR:x̄σmM 0.95 0.02 0.88 0.98 | F:x̄σmM 38.1 15.0 12.0 84.0 | H 1.413 | V 0.766 | pL -0.008 | vL 0.002 | ∇ 0.023
U 57 | F 116736 | FPS 1503 | D 78 | rR:x̄σmM 0.95 0.02 0.91 0.98 | F:x̄σmM 34.5 11.4 15.0 67.0 | H 1.371 | V 0.787 | pL -0.014 | vL 0.002 | ∇ 0.024
U 58 | F 118784 | FPS 1508 | D 79 | rR:x̄σmM 0.95 0.01 0.92 0.98 | F:x̄σmM 34.4 10.5 13.0 59.0 | H 1.340 | V 0.786 | pL 0.001 | vL 0.002 | ∇ 0.023
U 59 | F 120832 | FPS 1506 | D 81 | rR:x̄σmM 0.95 0.02 0.88 0.98 | F:x̄σmM 35.0 15.4 17.0 86.0 | H 1.421 | V 0.785 | pL -0.005 | vL 0.002 | ∇ 0.019
U 60 | F 122880 | FPS 1516 | D 82 | rR:x̄σmM 0.95 0.02 0.87 0.97 | F:x̄σmM 35.4 12.7 19.0 90.0 | H 1.453 | V 0.773 | pL 0.011 | vL 0.002 | ∇ 0.042
Model successfully saved
U 61 | F 124928 | FPS 1510 | D 83 | rR:x̄σmM 0.95 0.03 0.88 0.98 | F:x̄σmM 38.1 18.2 17.0 84.0 | H 1.421 | V 0.778 | pL -0.001 | vL 0.002 | ∇ 0.022
U 62 | F 126976 | FPS 1494 | D 85 | rR:x̄σmM 0.95 0.02 0.86 0.98 | F:x̄σmM 37.7 13.0 17.0 98.0 | H 1.443 | V 0.772 | pL -0.005 | vL 0.002 | ∇ 0.021
U 63 | F 129024 | FPS 1501 | D 86 | rR:x̄σmM 0.95 0.02 0.89 0.98 | F:x̄σmM 35.0 13.5 12.0 80.0 | H 1.403 | V 0.772 | pL -0.008 | vL 0.002 | ∇ 0.019
U 64 | F 131072 | FPS 1509 | D 87 | rR:x̄σmM 0.95 0.02 0.89 0.97 | F:x̄σmM 36.7 12.7 19.0 81.0 | H 1.447 | V 0.771 | pL -0.001 | vL 0.002 | ∇ 0.022
U 65 | F 133120 | FPS 1493 | D 89 | rR:x̄σmM 0.95 0.02 0.88 0.97 | F:x̄σmM 36.4 14.1 18.0 86.0 | H 1.494 | V 0.785 | pL -0.002 | vL 0.002 | ∇ 0.020
U 66 | F 135168 | FPS 1503 | D 90 | rR:x̄σmM 0.95 0.02 0.87 0.97 | F:x̄σmM 37.8 13.1 19.0 92.0 | H 1.486 | V 0.783 | pL 0.003 | vL 0.002 | ∇ 0.021
U 67 | F 137216 | FPS 1496 | D 92 | rR:x̄σmM 0.95 0.02 0.91 0.98 | F:x̄σmM 36.6 10.8 16.0 63.0 | H 1.498 | V 0.764 | pL 0.009 | vL 0.002 | ∇ 0.020
U 68 | F 139264 | FPS 1487 | D 93 | rR:x̄σmM 0.94 0.03 0.77 0.98 | F:x̄σmM 40.1 20.7 17.0 165.0 | H 1.443 | V 0.775 | pL -0.000 | vL 0.002 | ∇ 0.019
U 69 | F 141312 | FPS 1504 | D 94 | rR:x̄σmM 0.94 0.02 0.89 0.98 | F:x̄σmM 40.5 15.7 15.0 79.0 | H 1.459 | V 0.758 | pL -0.002 | vL 0.002 | ∇ 0.025
U 70 | F 143360 | FPS 1494 | D 96 | rR:x̄σmM 0.95 0.02 0.90 0.98 | F:x̄σmM 35.2 11.9 16.0 68.0 | H 1.414 | V 0.786 | pL -0.018 | vL 0.001 | ∇ 0.018
Model successfully saved
U 71 | F 145408 | FPS 1500 | D 97 | rR:x̄σmM 0.95 0.01 0.90 0.98 | F:x̄σmM 33.3 10.2 15.0 68.0 | H 1.449 | V 0.791 | pL -0.005 | vL 0.001 | ∇ 0.016
U 72 | F 147456 | FPS 1501 | D 98 | rR:x̄σmM 0.95 0.02 0.88 0.98 | F:x̄σmM 36.4 13.2 12.0 82.0 | H 1.476 | V 0.785 | pL 0.005 | vL 0.002 | ∇ 0.021
U 73 | F 149504 | FPS 1460 | D 100 | rR:x̄σmM 0.95 0.02 0.90 0.98 | F:x̄σmM 37.6 11.6 15.0 70.0 | H 1.534 | V 0.793 | pL 0.006 | vL 0.001 | ∇ 0.018
U 74 | F 151552 | FPS 1522 | D 101 | rR:x̄σmM 0.94 0.02 0.84 0.98 | F:x̄σmM 42.4 15.4 17.0 113.0 | H 1.502 | V 0.769 | pL 0.023 | vL 0.002 | ∇ 0.023
U 75 | F 153600 | FPS 1496 | D 103 | rR:x̄σmM 0.94 0.02 0.89 0.97 | F:x̄σmM 40.8 14.1 18.0 81.0 | H 1.532 | V 0.751 | pL 0.007 | vL 0.002 | ∇ 0.024
U 76 | F 155648 | FPS 1488 | D 104 | rR:x̄σmM 0.94 0.02 0.83 0.97 | F:x̄σmM 39.4 17.6 20.0 120.0 | H 1.449 | V 0.772 | pL -0.008 | vL 0.002 | ∇ 0.022
U 77 | F 157696 | FPS 1510 | D 105 | rR:x̄σmM 0.95 0.02 0.90 0.98 | F:x̄σmM 36.4 13.1 15.0 74.0 | H 1.404 | V 0.768 | pL -0.003 | vL 0.002 | ∇ 0.027
U 78 | F 159744 | FPS 1491 | D 107 | rR:x̄σmM 0.94 0.02 0.87 0.97 | F:x̄σmM 39.9 16.1 19.0 96.0 | H 1.460 | V 0.764 | pL -0.010 | vL 0.002 | ∇ 0.021
U 79 | F 161792 | FPS 1510 | D 108 | rR:x̄σmM 0.95 0.02 0.87 0.97 | F:x̄σmM 38.0 14.4 21.0 93.0 | H 1.434 | V 0.778 | pL 0.004 | vL 0.002 | ∇ 0.021
U 80 | F 163840 | FPS 1507 | D 109 | rR:x̄σmM 0.95 0.02 0.89 0.98 | F:x̄σmM 36.4 12.8 11.0 78.0 | H 1.450 | V 0.784 | pL -0.001 | vL 0.002 | ∇ 0.020
Model successfully saved
U 81 | F 165888 | FPS 1489 | D 111 | rR:x̄σmM 0.95 0.02 0.89 0.98 | F:x̄σmM 36.1 13.2 17.0 80.0 | H 1.447 | V 0.770 | pL -0.001 | vL 0.002 | ∇ 0.023
U 82 | F 167936 | FPS 1504 | D 112 | rR:x̄σmM 0.95 0.02 0.91 0.98 | F:x̄σmM 34.6 11.3 16.0 64.0 | H 1.449 | V 0.792 | pL -0.011 | vL 0.001 | ∇ 0.018
U 83 | F 169984 | FPS 1500 | D 113 | rR:x̄σmM 0.95 0.02 0.87 0.98 | F:x̄σmM 38.3 12.5 15.0 92.0 | H 1.488 | V 0.772 | pL 0.006 | vL 0.002 | ∇ 0.019
U 84 | F 172032 | FPS 1497 | D 115 | rR:x̄σmM 0.95 0.02 0.89 0.97 | F:x̄σmM 38.0 12.3 19.0 77.0 | H 1.487 | V 0.780 | pL 0.001 | vL 0.002 | ∇ 0.021
U 85 | F 174080 | FPS 1497 | D 116 | rR:x̄σmM 0.94 0.02 0.88 0.97 | F:x̄σmM 41.6 13.3 18.0 83.0 | H 1.503 | V 0.767 | pL 0.010 | vL 0.002 | ∇ 0.018
U 86 | F 176128 | FPS 1495 | D 118 | rR:x̄σmM 0.95 0.02 0.89 0.98 | F:x̄σmM 38.6 12.4 15.0 75.0 | H 1.467 | V 0.765 | pL 0.002 | vL 0.002 | ∇ 0.028
U 87 | F 178176 | FPS 1505 | D 119 | rR:x̄σmM 0.94 0.02 0.88 0.98 | F:x̄σmM 40.5 15.4 16.0 88.0 | H 1.487 | V 0.766 | pL -0.002 | vL 0.002 | ∇ 0.021
U 88 | F 180224 | FPS 1496 | D 120 | rR:x̄σmM 0.95 0.02 0.87 0.98 | F:x̄σmM 38.1 16.2 15.0 96.0 | H 1.455 | V 0.774 | pL -0.001 | vL 0.002 | ∇ 0.022
U 89 | F 182272 | FPS 1471 | D 122 | rR:x̄σmM 0.95 0.01 0.91 0.97 | F:x̄σmM 37.0 9.7 23.0 64.0 | H 1.489 | V 0.769 | pL 0.004 | vL 0.002 | ∇ 0.019
U 90 | F 184320 | FPS 1506 | D 123 | rR:x̄σmM 0.94 0.02 0.86 0.97 | F:x̄σmM 43.1 16.7 20.0 102.0 | H 1.511 | V 0.762 | pL 0.006 | vL 0.002 | ∇ 0.024
Model successfully saved
U 91 | F 186368 | FPS 1495 | D 124 | rR:x̄σmM 0.94 0.02 0.89 0.97 | F:x̄σmM 39.7 13.8 19.0 80.0 | H 1.516 | V 0.764 | pL -0.004 | vL 0.002 | ∇ 0.022
U 92 | F 188416 | FPS 1489 | D 126 | rR:x̄σmM 0.95 0.02 0.89 0.98 | F:x̄σmM 38.9 13.2 13.0 77.0 | H 1.477 | V 0.752 | pL -0.000 | vL 0.002 | ∇ 0.022
U 93 | F 190464 | FPS 1498 | D 127 | rR:x̄σmM 0.94 0.03 0.78 0.97 | F:x̄σmM 39.3 19.7 18.0 154.0 | H 1.417 | V 0.769 | pL -0.006 | vL 0.002 | ∇ 0.021
U 94 | F 192512 | FPS 1484 | D 129 | rR:x̄σmM 0.95 0.02 0.91 0.97 | F:x̄σmM 35.5 10.9 18.0 61.0 | H 1.453 | V 0.790 | pL -0.014 | vL 0.001 | ∇ 0.026
U 95 | F 194560 | FPS 1503 | D 130 | rR:x̄σmM 0.95 0.02 0.90 0.97 | F:x̄σmM 37.2 11.6 18.0 69.0 | H 1.451 | V 0.775 | pL 0.006 | vL 0.002 | ∇ 0.028
U 96 | F 196608 | FPS 1497 | D 131 | rR:x̄σmM 0.95 0.02 0.87 0.98 | F:x̄σmM 36.2 13.7 12.0 96.0 | H 1.489 | V 0.781 | pL -0.003 | vL 0.001 | ∇ 0.017
U 97 | F 198656 | FPS 1485 | D 133 | rR:x̄σmM 0.95 0.02 0.89 0.98 | F:x̄σmM 38.1 13.4 16.0 76.0 | H 1.483 | V 0.776 | pL 0.003 | vL 0.002 | ∇ 0.017
U 98 | F 200704 | FPS 1496 | D 134 | rR:x̄σmM 0.94 0.02 0.84 0.98 | F:x̄σmM 39.4 16.1 15.0 114.0 | H 1.457 | V 0.762 | pL 0.003 | vL 0.002 | ∇ 0.019
U 99 | F 202752 | FPS 1497 | D 135 | rR:x̄σmM 0.94 0.02 0.90 0.97 | F:x̄σmM 42.3 13.5 20.0 71.0 | H 1.409 | V 0.766 | pL -0.003 | vL 0.002 | ∇ 0.027
U 100 | F 204800 | FPS 1473 | D 137 | rR:x̄σmM 0.95 0.02 0.86 0.98 | F:x̄σmM 36.6 14.1 13.0 97.0 | H 1.421 | V 0.768 | pL -0.001 | vL 0.001 | ∇ 0.023
Model successfully saved
U 101 | F 206848 | FPS 1505 | D 138 | rR:x̄σmM 0.95 0.02 0.88 0.98 | F:x̄σmM 36.4 12.4 15.0 87.0 | H 1.458 | V 0.783 | pL -0.008 | vL 0.001 | ∇ 0.022
U 102 | F 208896 | FPS 1480 | D 140 | rR:x̄σmM 0.95 0.02 0.89 0.98 | F:x̄σmM 38.5 14.2 15.0 79.0 | H 1.445 | V 0.779 | pL 0.004 | vL 0.001 | ∇ 0.016
U 103 | F 210944 | FPS 1513 | D 141 | rR:x̄σmM 0.95 0.01 0.92 0.97 | F:x̄σmM 35.3 9.5 18.0 60.0 | H 1.413 | V 0.781 | pL 0.000 | vL 0.001 | ∇ 0.018
U 104 | F 212992 | FPS 1505 | D 142 | rR:x̄σmM 0.95 0.02 0.89 0.98 | F:x̄σmM 36.2 12.9 15.0 75.0 | H 1.448 | V 0.785 | pL -0.005 | vL 0.002 | ∇ 0.024
U 105 | F 215040 | FPS 1495 | D 144 | rR:x̄σmM 0.95 0.02 0.88 0.98 | F:x̄σmM 37.9 13.8 17.0 82.0 | H 1.486 | V 0.780 | pL 0.003 | vL 0.001 | ∇ 0.020
U 106 | F 217088 | FPS 1510 | D 145 | rR:x̄σmM 0.95 0.01 0.91 0.97 | F:x̄σmM 37.5 9.0 22.0 62.0 | H 1.506 | V 0.775 | pL 0.004 | vL 0.002 | ∇ 0.022
U 107 | F 219136 | FPS 1509 | D 146 | rR:x̄σmM 0.94 0.02 0.89 0.97 | F:x̄σmM 39.5 12.5 20.0 75.0 | H 1.448 | V 0.770 | pL -0.000 | vL 0.002 | ∇ 0.024
U 108 | F 221184 | FPS 1499 | D 148 | rR:x̄σmM 0.95 0.02 0.88 0.98 | F:x̄σmM 38.3 13.0 16.0 82.0 | H 1.460 | V 0.777 | pL -0.009 | vL 0.002 | ∇ 0.022
U 109 | F 223232 | FPS 1507 | D 149 | rR:x̄σmM 0.95 0.02 0.91 0.98 | F:x̄σmM 35.9 11.9 16.0 65.0 | H 1.460 | V 0.780 | pL -0.012 | vL 0.001 | ∇ 0.023
U 110 | F 225280 | FPS 1498 | D 151 | rR:x̄σmM 0.95 0.01 0.91 0.97 | F:x̄σmM 35.7 9.3 19.0 63.0 | H 1.492 | V 0.768 | pL -0.005 | vL 0.001 | ∇ 0.020
Model successfully saved
U 111 | F 227328 | FPS 1490 | D 152 | rR:x̄σmM 0.94 0.02 0.87 0.98 | F:x̄σmM 42.1 13.9 17.0 92.0 | H 1.494 | V 0.777 | pL 0.004 | vL 0.002 | ∇ 0.021
U 112 | F 229376 | FPS 1507 | D 153 | rR:x̄σmM 0.95 0.02 0.92 0.98 | F:x̄σmM 38.1 11.8 15.0 58.0 | H 1.492 | V 0.773 | pL 0.004 | vL 0.002 | ∇ 0.016
U 113 | F 231424 | FPS 1499 | D 155 | rR:x̄σmM 0.94 0.03 0.81 0.97 | F:x̄σmM 42.6 18.3 20.0 133.0 | H 1.510 | V 0.766 | pL 0.004 | vL 0.001 | ∇ 0.018
U 114 | F 233472 | FPS 1507 | D 156 | rR:x̄σmM 0.94 0.02 0.89 0.97 | F:x̄σmM 40.4 11.0 21.0 76.0 | H 1.515 | V 0.753 | pL 0.003 | vL 0.001 | ∇ 0.016
U 115 | F 235520 | FPS 1516 | D 157 | rR:x̄σmM 0.94 0.02 0.89 0.98 | F:x̄σmM 42.9 15.2 14.0 77.0 | H 1.486 | V 0.758 | pL -0.001 | vL 0.002 | ∇ 0.022
U 116 | F 237568 | FPS 1501 | D 159 | rR:x̄σmM 0.94 0.02 0.87 0.97 | F:x̄σmM 41.2 14.0 18.0 90.0 | H 1.455 | V 0.758 | pL -0.002 | vL 0.002 | ∇ 0.022
U 117 | F 239616 | FPS 1505 | D 160 | rR:x̄σmM 0.94 0.02 0.86 0.97 | F:x̄σmM 39.7 14.6 18.0 100.0 | H 1.423 | V 0.753 | pL -0.013 | vL 0.002 | ∇ 0.027
U 118 | F 241664 | FPS 1492 | D 161 | rR:x̄σmM 0.95 0.02 0.89 0.98 | F:x̄σmM 36.5 15.3 15.0 81.0 | H 1.399 | V 0.760 | pL -0.013 | vL 0.002 | ∇ 0.024
U 119 | F 243712 | FPS 1485 | D 163 | rR:x̄σmM 0.95 0.02 0.88 0.98 | F:x̄σmM 35.1 11.9 14.0 83.0 | H 1.350 | V 0.792 | pL -0.017 | vL 0.002 | ∇ 0.019
U 120 | F 245760 | FPS 1497 | D 164 | rR:x̄σmM 0.95 0.02 0.90 0.98 | F:x̄σmM 32.9 11.7 15.0 71.0 | H 1.418 | V 0.795 | pL -0.000 | vL 0.001 | ∇ 0.024
Model successfully saved
U 121 | F 247808 | FPS 1489 | D 166 | rR:x̄σmM 0.95 0.02 0.82 0.98 | F:x̄σmM 36.5 17.6 14.0 130.0 | H 1.417 | V 0.797 | pL 0.012 | vL 0.002 | ∇ 0.023
U 122 | F 249856 | FPS 1491 | D 167 | rR:x̄σmM 0.95 0.02 0.90 0.97 | F:x̄σmM 36.7 12.3 18.0 73.0 | H 1.443 | V 0.780 | pL 0.009 | vL 0.002 | ∇ 0.021
U 123 | F 251904 | FPS 1513 | D 168 | rR:x̄σmM 0.95 0.02 0.89 0.97 | F:x̄σmM 35.6 11.3 18.0 77.0 | H 1.370 | V 0.794 | pL -0.002 | vL 0.001 | ∇ 0.023
U 124 | F 253952 | FPS 1473 | D 170 | rR:x̄σmM 0.95 0.02 0.91 0.98 | F:x̄σmM 33.5 10.8 17.0 64.0 | H 1.427 | V 0.797 | pL -0.000 | vL 0.001 | ∇ 0.022
U 125 | F 256000 | FPS 1505 | D 171 | rR:x̄σmM 0.95 0.02 0.89 0.98 | F:x̄σmM 35.8 12.4 14.0 80.0 | H 1.456 | V 0.793 | pL 0.007 | vL 0.002 | ∇ 0.020
U 126 | F 258048 | FPS 1501 | D 172 | rR:x̄σmM 0.95 0.02 0.87 0.98 | F:x̄σmM 38.5 13.4 15.0 93.0 | H 1.470 | V 0.780 | pL 0.010 | vL 0.001 | ∇ 0.020
U 127 | F 260096 | FPS 1498 | D 174 | rR:x̄σmM 0.95 0.02 0.88 0.98 | F:x̄σmM 35.0 13.8 15.0 87.0 | H 1.499 | V 0.777 | pL 0.009 | vL 0.002 | ∇ 0.023
U 128 | F 262144 | FPS 1511 | D 175 | rR:x̄σmM 0.94 0.02 0.88 0.97 | F:x̄σmM 41.8 14.6 18.0 84.0 | H 1.434 | V 0.775 | pL 0.011 | vL 0.002 | ∇ 0.020
U 129 | F 264192 | FPS 1493 | D 177 | rR:x̄σmM 0.95 0.02 0.88 0.98 | F:x̄σmM 37.1 12.6 17.0 83.0 | H 1.387 | V 0.782 | pL -0.007 | vL 0.001 | ∇ 0.022
U 130 | F 266240 | FPS 1496 | D 178 | rR:x̄σmM 0.95 0.02 0.91 0.98 | F:x̄σmM 33.7 10.8 15.0 63.0 | H 1.415 | V 0.787 | pL -0.014 | vL 0.001 | ∇ 0.019
Model successfully saved
U 131 | F 268288 | FPS 1461 | D 179 | rR:x̄σmM 0.95 0.02 0.91 0.98 | F:x̄σmM 34.8 10.9 13.0 63.0 | H 1.454 | V 0.787 | pL -0.001 | vL 0.001 | ∇ 0.020
U 132 | F 270336 | FPS 1485 | D 181 | rR:x̄σmM 0.95 0.02 0.87 0.97 | F:x̄σmM 38.4 13.3 18.0 89.0 | H 1.450 | V 0.779 | pL 0.005 | vL 0.001 | ∇ 0.019
U 133 | F 272384 | FPS 1494 | D 182 | rR:x̄σmM 0.95 0.02 0.91 0.98 | F:x̄σmM 36.7 10.7 15.0 67.0 | H 1.445 | V 0.788 | pL 0.002 | vL 0.001 | ∇ 0.018
U 134 | F 274432 | FPS 1500 | D 184 | rR:x̄σmM 0.95 0.02 0.89 0.97 | F:x̄σmM 37.7 12.8 19.0 75.0 | H 1.448 | V 0.776 | pL 0.006 | vL 0.001 | ∇ 0.019
U 135 | F 276480 | FPS 1496 | D 185 | rR:x̄σmM 0.95 0.02 0.89 0.97 | F:x̄σmM 38.2 12.9 18.0 78.0 | H 1.391 | V 0.782 | pL -0.003 | vL 0.001 | ∇ 0.018
U 136 | F 278528 | FPS 1503 | D 186 | rR:x̄σmM 0.95 0.02 0.89 0.97 | F:x̄σmM 34.5 13.4 18.0 77.0 | H 1.429 | V 0.789 | pL -0.007 | vL 0.002 | ∇ 0.024
U 137 | F 280576 | FPS 1484 | D 188 | rR:x̄σmM 0.95 0.01 0.91 0.98 | F:x̄σmM 34.8 9.2 16.0 61.0 | H 1.438 | V 0.783 | pL -0.002 | vL 0.001 | ∇ 0.024
U 138 | F 282624 | FPS 1492 | D 189 | rR:x̄σmM 0.95 0.02 0.89 0.97 | F:x̄σmM 37.6 11.5 22.0 77.0 | H 1.479 | V 0.781 | pL -0.001 | vL 0.001 | ∇ 0.015
U 139 | F 284672 | FPS 1485 | D 190 | rR:x̄σmM 0.95 0.02 0.90 0.97 | F:x̄σmM 38.5 11.2 21.0 72.0 | H 1.478 | V 0.781 | pL 0.011 | vL 0.002 | ∇ 0.025
U 140 | F 286720 | FPS 1478 | D 192 | rR:x̄σmM 0.94 0.02 0.90 0.98 | F:x̄σmM 39.4 13.7 14.0 70.0 | H 1.499 | V 0.773 | pL 0.006 | vL 0.002 | ∇ 0.017
Model successfully saved
U 141 | F 288768 | FPS 1489 | D 193 | rR:x̄σmM 0.95 0.02 0.90 0.98 | F:x̄σmM 38.0 11.4 14.0 73.0 | H 1.473 | V 0.779 | pL 0.001 | vL 0.001 | ∇ 0.019
U 142 | F 290816 | FPS 1473 | D 195 | rR:x̄σmM 0.95 0.02 0.89 0.97 | F:x̄σmM 38.1 12.6 19.0 75.0 | H 1.451 | V 0.771 | pL 0.003 | vL 0.002 | ∇ 0.019
U 143 | F 292864 | FPS 1463 | D 196 | rR:x̄σmM 0.94 0.02 0.87 0.98 | F:x̄σmM 41.1 15.9 15.0 96.0 | H 1.395 | V 0.767 | pL 0.002 | vL 0.002 | ∇ 0.024
U 144 | F 294912 | FPS 1473 | D 197 | rR:x̄σmM 0.95 0.02 0.90 0.98 | F:x̄σmM 35.5 13.3 15.0 73.0 | H 1.364 | V 0.785 | pL -0.008 | vL 0.002 | ∇ 0.022
U 145 | F 296960 | FPS 1484 | D 199 | rR:x̄σmM 0.95 0.01 0.91 0.98 | F:x̄σmM 33.1 10.5 15.0 63.0 | H 1.449 | V 0.792 | pL -0.003 | vL 0.001 | ∇ 0.021
U 146 | F 299008 | FPS 1497 | D 200 | rR:x̄σmM 0.95 0.02 0.88 0.98 | F:x̄σmM 35.4 14.6 15.0 83.0 | H 1.399 | V 0.796 | pL 0.004 | vL 0.002 | ∇ 0.019
U 147 | F 301056 | FPS 1515 | D 201 | rR:x̄σmM 0.95 0.02 0.92 0.98 | F:x̄σmM 34.4 10.9 13.0 59.0 | H 1.492 | V 0.789 | pL 0.002 | vL 0.001 | ∇ 0.021
U 148 | F 303104 | FPS 1492 | D 203 | rR:x̄σmM 0.95 0.02 0.90 0.97 | F:x̄σmM 37.8 13.2 20.0 74.0 | H 1.453 | V 0.775 | pL 0.005 | vL 0.002 | ∇ 0.021
U 149 | F 305152 | FPS 1511 | D 204 | rR:x̄σmM 0.95 0.02 0.90 0.98 | F:x̄σmM 37.8 11.7 16.0 69.0 | H 1.480 | V 0.773 | pL 0.004 | vL 0.002 | ∇ 0.022
U 150 | F 307200 | FPS 1492 | D 206 | rR:x̄σmM 0.94 0.03 0.81 0.97 | F:x̄σmM 41.7 18.0 18.0 132.0 | H 1.459 | V 0.772 | pL 0.002 | vL 0.002 | ∇ 0.027
Model successfully saved
U 151 | F 309248 | FPS 1500 | D 207 | rR:x̄σmM 0.94 0.02 0.87 0.97 | F:x̄σmM 41.8 15.5 20.0 96.0 | H 1.450 | V 0.764 | pL 0.019 | vL 0.002 | ∇ 0.026
U 152 | F 311296 | FPS 1505 | D 208 | rR:x̄σmM 0.95 0.02 0.88 0.97 | F:x̄σmM 35.4 11.4 19.0 85.0 | H 1.471 | V 0.783 | pL -0.001 | vL 0.002 | ∇ 0.025
U 153 | F 313344 | FPS 1493 | D 210 | rR:x̄σmM 0.94 0.03 0.83 0.97 | F:x̄σmM 44.3 19.3 18.0 119.0 | H 1.475 | V 0.760 | pL 0.013 | vL 0.002 | ∇ 0.021
U 154 | F 315392 | FPS 1505 | D 211 | rR:x̄σmM 0.94 0.02 0.90 0.98 | F:x̄σmM 40.5 13.7 14.0 74.0 | H 1.438 | V 0.759 | pL -0.001 | vL 0.002 | ∇ 0.019
U 155 | F 317440 | FPS 1518 | D 212 | rR:x̄σmM 0.95 0.02 0.88 0.98 | F:x̄σmM 37.9 12.7 16.0 82.0 | H 1.430 | V 0.773 | pL -0.011 | vL 0.001 | ∇ 0.023
U 156 | F 319488 | FPS 1492 | D 214 | rR:x̄σmM 0.95 0.02 0.90 0.99 | F:x̄σmM 35.0 11.0 10.0 71.0 | H 1.476 | V 0.777 | pL -0.011 | vL 0.001 | ∇ 0.019
U 157 | F 321536 | FPS 1514 | D 215 | rR:x̄σmM 0.95 0.02 0.88 0.98 | F:x̄σmM 38.7 12.8 15.0 87.0 | H 1.468 | V 0.778 | pL 0.003 | vL 0.002 | ∇ 0.021
U 158 | F 323584 | FPS 1494 | D 217 | rR:x̄σmM 0.95 0.02 0.87 0.98 | F:x̄σmM 36.9 13.7 16.0 89.0 | H 1.438 | V 0.783 | pL -0.002 | vL 0.001 | ∇ 0.018
U 159 | F 325632 | FPS 1487 | D 218 | rR:x̄σmM 0.95 0.02 0.88 0.97 | F:x̄σmM 35.0 11.6 19.0 82.0 | H 1.406 | V 0.790 | pL -0.002 | vL 0.002 | ∇ 0.018
U 160 | F 327680 | FPS 1507 | D 219 | rR:x̄σmM 0.95 0.02 0.91 0.98 | F:x̄σmM 33.9 11.8 14.0 67.0 | H 1.438 | V 0.788 | pL -0.011 | vL 0.001 | ∇ 0.020
Model successfully saved
U 161 | F 329728 | FPS 1491 | D 221 | rR:x̄σmM 0.94 0.02 0.89 0.97 | F:x̄σmM 39.6 14.2 20.0 78.0 | H 1.442 | V 0.781 | pL 0.006 | vL 0.001 | ∇ 0.020
U 162 | F 331776 | FPS 1515 | D 222 | rR:x̄σmM 0.95 0.02 0.89 0.98 | F:x̄σmM 34.9 13.3 14.0 78.0 | H 1.442 | V 0.777 | pL 0.007 | vL 0.001 | ∇ 0.019
U 163 | F 333824 | FPS 1499 | D 223 | rR:x̄σmM 0.95 0.02 0.88 0.98 | F:x̄σmM 37.6 15.0 15.0 86.0 | H 1.439 | V 0.778 | pL 0.003 | vL 0.002 | ∇ 0.023
U 164 | F 335872 | FPS 1483 | D 225 | rR:x̄σmM 0.95 0.02 0.90 0.98 | F:x̄σmM 35.5 13.9 14.0 73.0 | H 1.406 | V 0.785 | pL -0.006 | vL 0.002 | ∇ 0.025
U 165 | F 337920 | FPS 1505 | D 226 | rR:x̄σmM 0.95 0.02 0.90 0.98 | F:x̄σmM 36.1 13.2 15.0 74.0 | H 1.438 | V 0.789 | pL -0.003 | vL 0.001 | ∇ 0.016
U 166 | F 339968 | FPS 1508 | D 227 | rR:x̄σmM 0.95 0.02 0.86 0.98 | F:x̄σmM 34.9 15.2 14.0 103.0 | H 1.431 | V 0.769 | pL 0.009 | vL 0.001 | ∇ 0.020
U 167 | F 342016 | FPS 1488 | D 229 | rR:x̄σmM 0.95 0.02 0.91 0.97 | F:x̄σmM 37.6 12.4 19.0 63.0 | H 1.404 | V 0.780 | pL -0.010 | vL 0.001 | ∇ 0.017
U 168 | F 344064 | FPS 1499 | D 230 | rR:x̄σmM 0.95 0.01 0.91 0.98 | F:x̄σmM 32.0 10.4 15.0 63.0 | H 1.382 | V 0.805 | pL -0.009 | vL 0.001 | ∇ 0.016
U 169 | F 346112 | FPS 1495 | D 232 | rR:x̄σmM 0.95 0.02 0.90 0.98 | F:x̄σmM 32.4 11.3 11.0 71.0 | H 1.435 | V 0.796 | pL 0.009 | vL 0.001 | ∇ 0.019
U 170 | F 348160 | FPS 1484 | D 233 | rR:x̄σmM 0.95 0.02 0.88 0.98 | F:x̄σmM 38.7 15.5 16.0 86.0 | H 1.477 | V 0.784 | pL 0.007 | vL 0.002 | ∇ 0.021
Model successfully saved
U 171 | F 350208 | FPS 1512 | D 234 | rR:x̄σmM 0.95 0.02 0.89 0.97 | F:x̄σmM 37.6 12.2 23.0 77.0 | H 1.508 | V 0.781 | pL 0.006 | vL 0.001 | ∇ 0.017
U 172 | F 352256 | FPS 1488 | D 236 | rR:x̄σmM 0.94 0.01 0.90 0.98 | F:x̄σmM 39.3 10.1 17.0 69.0 | H 1.478 | V 0.782 | pL 0.003 | vL 0.001 | ∇ 0.017
U 173 | F 354304 | FPS 1513 | D 237 | rR:x̄σmM 0.95 0.02 0.85 0.97 | F:x̄σmM 38.6 14.6 19.0 109.0 | H 1.490 | V 0.766 | pL 0.000 | vL 0.002 | ∇ 0.021
U 174 | F 356352 | FPS 1502 | D 238 | rR:x̄σmM 0.95 0.02 0.88 0.98 | F:x̄σmM 38.6 11.7 17.0 83.0 | H 1.463 | V 0.753 | pL -0.001 | vL 0.002 | ∇ 0.020
U 175 | F 358400 | FPS 1502 | D 240 | rR:x̄σmM 0.95 0.02 0.91 0.97 | F:x̄σmM 37.4 13.1 18.0 66.0 | H 1.457 | V 0.764 | pL -0.009 | vL 0.002 | ∇ 0.020
U 176 | F 360448 | FPS 1490 | D 241 | rR:x̄σmM 0.94 0.03 0.76 0.97 | F:x̄σmM 40.2 20.9 21.0 174.0 | H 1.502 | V 0.783 | pL 0.001 | vL 0.001 | ∇ 0.016
U 177 | F 362496 | FPS 1505 | D 243 | rR:x̄σmM 0.95 0.02 0.91 0.98 | F:x̄σmM 37.1 11.4 12.0 66.0 | H 1.494 | V 0.796 | pL 0.007 | vL 0.001 | ∇ 0.015
U 178 | F 364544 | FPS 1490 | D 244 | rR:x̄σmM 0.95 0.02 0.91 0.97 | F:x̄σmM 37.8 11.6 18.0 67.0 | H 1.562 | V 0.770 | pL 0.008 | vL 0.001 | ∇ 0.016
U 179 | F 366592 | FPS 1522 | D 245 | rR:x̄σmM 0.94 0.02 0.85 0.98 | F:x̄σmM 42.0 17.2 11.0 110.0 | H 1.535 | V 0.763 | pL 0.017 | vL 0.002 | ∇ 0.020
U 180 | F 368640 | FPS 1499 | D 247 | rR:x̄σmM 0.94 0.02 0.88 0.98 | F:x̄σmM 43.6 17.1 17.0 82.0 | H 1.496 | V 0.745 | pL 0.008 | vL 0.002 | ∇ 0.018
Model successfully saved
U 181 | F 370688 | FPS 1507 | D 248 | rR:x̄σmM 0.94 0.02 0.87 0.98 | F:x̄σmM 42.7 14.4 16.0 91.0 | H 1.421 | V 0.752 | pL -0.007 | vL 0.002 | ∇ 0.021
U 182 | F 372736 | FPS 1507 | D 249 | rR:x̄σmM 0.95 0.02 0.89 0.98 | F:x̄σmM 37.1 13.4 17.0 77.0 | H 1.385 | V 0.775 | pL -0.015 | vL 0.002 | ∇ 0.024
U 183 | F 374784 | FPS 1491 | D 251 | rR:x̄σmM 0.95 0.02 0.90 0.98 | F:x̄σmM 35.0 12.0 17.0 74.0 | H 1.447 | V 0.783 | pL -0.008 | vL 0.001 | ∇ 0.017
U 184 | F 376832 | FPS 1505 | D 252 | rR:x̄σmM 0.95 0.02 0.86 0.98 | F:x̄σmM 37.5 14.4 15.0 100.0 | H 1.495 | V 0.773 | pL -0.001 | vL 0.001 | ∇ 0.016
U 185 | F 378880 | FPS 1491 | D 254 | rR:x̄σmM 0.95 0.02 0.90 0.97 | F:x̄σmM 38.5 11.8 18.0 68.0 | H 1.471 | V 0.776 | pL 0.003 | vL 0.001 | ∇ 0.015
U 186 | F 380928 | FPS 1488 | D 255 | rR:x̄σmM 0.95 0.02 0.91 0.97 | F:x̄σmM 37.3 12.0 18.0 67.0 | H 1.439 | V 0.779 | pL -0.000 | vL 0.002 | ∇ 0.020
U 187 | F 382976 | FPS 1506 | D 256 | rR:x̄σmM 0.95 0.02 0.89 0.98 | F:x̄σmM 37.9 12.0 14.0 75.0 | H 1.436 | V 0.781 | pL -0.004 | vL 0.001 | ∇ 0.018
U 188 | F 385024 | FPS 1480 | D 258 | rR:x̄σmM 0.95 0.02 0.88 0.98 | F:x̄σmM 35.1 13.1 15.0 84.0 | H 1.484 | V 0.778 | pL -0.007 | vL 0.001 | ∇ 0.016
U 189 | F 387072 | FPS 1499 | D 259 | rR:x̄σmM 0.94 0.02 0.88 0.98 | F:x̄σmM 39.4 13.6 16.0 87.0 | H 1.479 | V 0.768 | pL 0.004 | vL 0.001 | ∇ 0.018
U 190 | F 389120 | FPS 1498 | D 260 | rR:x̄σmM 0.95 0.02 0.90 0.98 | F:x̄σmM 36.1 10.8 17.0 70.0 | H 1.490 | V 0.776 | pL -0.003 | vL 0.002 | ∇ 0.020
Model successfully saved
U 191 | F 391168 | FPS 1481 | D 262 | rR:x̄σmM 0.95 0.02 0.90 0.98 | F:x̄σmM 38.2 13.4 17.0 74.0 | H 1.452 | V 0.769 | pL -0.005 | vL 0.001 | ∇ 0.018
U 192 | F 393216 | FPS 1496 | D 263 | rR:x̄σmM 0.95 0.02 0.91 0.97 | F:x̄σmM 35.6 11.4 18.0 67.0 | H 1.392 | V 0.788 | pL -0.020 | vL 0.001 | ∇ 0.020
U 193 | F 395264 | FPS 1485 | D 265 | rR:x̄σmM 0.95 0.01 0.90 0.97 | F:x̄σmM 34.8 10.6 18.0 68.0 | H 1.426 | V 0.779 | pL -0.011 | vL 0.001 | ∇ 0.018
U 194 | F 397312 | FPS 1502 | D 266 | rR:x̄σmM 0.95 0.01 0.92 0.99 | F:x̄σmM 33.1 9.2 10.0 59.0 | H 1.387 | V 0.796 | pL -0.004 | vL 0.001 | ∇ 0.017
U 195 | F 399360 | FPS 1514 | D 267 | rR:x̄σmM 0.95 0.01 0.90 0.97 | F:x̄σmM 34.3 9.9 18.0 69.0 | H 1.428 | V 0.795 | pL -0.003 | vL 0.001 | ∇ 0.015
U 196 | F 401408 | FPS 1493 | D 269 | rR:x̄σmM 0.95 0.01 0.92 0.98 | F:x̄σmM 34.2 10.2 16.0 59.0 | H 1.453 | V 0.799 | pL -0.004 | vL 0.001 | ∇ 0.016
U 197 | F 403456 | FPS 1504 | D 270 | rR:x̄σmM 0.95 0.02 0.91 0.98 | F:x̄σmM 33.5 10.9 15.0 61.0 | H 1.436 | V 0.794 | pL 0.002 | vL 0.001 | ∇ 0.015
U 198 | F 405504 | FPS 1506 | D 271 | rR:x̄σmM 0.95 0.02 0.88 0.97 | F:x̄σmM 36.2 12.5 19.0 88.0 | H 1.435 | V 0.787 | pL 0.001 | vL 0.001 | ∇ 0.019
U 199 | F 407552 | FPS 1492 | D 273 | rR:x̄σmM 0.95 0.02 0.90 0.97 | F:x̄σmM 36.6 12.9 20.0 74.0 | H 1.406 | V 0.787 | pL 0.002 | vL 0.002 | ∇ 0.022
U 200 | F 409600 | FPS 1514 | D 274 | rR:x̄σmM 0.95 0.01 0.91 0.98 | F:x̄σmM 33.3 9.1 15.0 62.0 | H 1.419 | V 0.790 | pL -0.007 | vL 0.001 | ∇ 0.016
Model successfully saved
U 201 | F 411648 | FPS 1511 | D 275 | rR:x̄σmM 0.95 0.02 0.89 0.98 | F:x̄σmM 32.4 11.9 13.0 78.0 | H 1.435 | V 0.802 | pL -0.003 | vL 0.001 | ∇ 0.015
U 202 | F 413696 | FPS 1489 | D 277 | rR:x̄σmM 0.95 0.02 0.91 0.98 | F:x̄σmM 37.6 11.2 15.0 67.0 | H 1.453 | V 0.789 | pL 0.008 | vL 0.001 | ∇ 0.015
U 203 | F 415744 | FPS 1501 | D 278 | rR:x̄σmM 0.95 0.02 0.89 0.98 | F:x̄σmM 37.0 12.0 15.0 76.0 | H 1.406 | V 0.782 | pL 0.001 | vL 0.001 | ∇ 0.016
U 204 | F 417792 | FPS 1488 | D 280 | rR:x̄σmM 0.96 0.01 0.92 0.98 | F:x̄σmM 31.0 9.2 15.0 59.0 | H 1.423 | V 0.802 | pL -0.010 | vL 0.001 | ∇ 0.017
U 205 | F 419840 | FPS 1497 | D 281 | rR:x̄σmM 0.95 0.01 0.90 0.97 | F:x̄σmM 36.6 10.6 18.0 74.0 | H 1.458 | V 0.795 | pL 0.004 | vL 0.001 | ∇ 0.016
U 206 | F 421888 | FPS 1517 | D 282 | rR:x̄σmM 0.95 0.01 0.92 0.98 | F:x̄σmM 36.0 9.0 16.0 58.0 | H 1.446 | V 0.791 | pL 0.008 | vL 0.001 | ∇ 0.016
U 207 | F 423936 | FPS 1488 | D 284 | rR:x̄σmM 0.95 0.02 0.85 0.98 | F:x̄σmM 35.8 14.9 16.0 109.0 | H 1.453 | V 0.782 | pL -0.001 | vL 0.001 | ∇ 0.017
U 208 | F 425984 | FPS 1517 | D 285 | rR:x̄σmM 0.95 0.02 0.89 0.98 | F:x̄σmM 38.6 13.6 16.0 77.0 | H 1.439 | V 0.775 | pL 0.006 | vL 0.002 | ∇ 0.020
U 209 | F 428032 | FPS 1511 | D 286 | rR:x̄σmM 0.95 0.02 0.88 0.98 | F:x̄σmM 35.6 13.0 14.0 88.0 | H 1.443 | V 0.776 | pL -0.010 | vL 0.001 | ∇ 0.017
U 210 | F 430080 | FPS 1497 | D 288 | rR:x̄σmM 0.95 0.02 0.91 0.98 | F:x̄σmM 35.9 12.3 13.0 67.0 | H 1.418 | V 0.781 | pL -0.006 | vL 0.002 | ∇ 0.019
Model successfully saved
U 211 | F 432128 | FPS 1510 | D 289 | rR:x̄σmM 0.95 0.02 0.88 0.98 | F:x̄σmM 32.3 11.2 16.0 82.0 | H 1.451 | V 0.800 | pL -0.006 | vL 0.001 | ∇ 0.020
U 212 | F 434176 | FPS 1499 | D 291 | rR:x̄σmM 0.95 0.02 0.91 0.97 | F:x̄σmM 35.8 11.0 19.0 61.0 | H 1.428 | V 0.778 | pL 0.010 | vL 0.002 | ∇ 0.019
U 213 | F 436224 | FPS 1499 | D 292 | rR:x̄σmM 0.95 0.02 0.88 0.98 | F:x̄σmM 36.8 14.2 15.0 86.0 | H 1.447 | V 0.797 | pL -0.003 | vL 0.001 | ∇ 0.017
U 214 | F 438272 | FPS 1516 | D 293 | rR:x̄σmM 0.95 0.02 0.87 0.98 | F:x̄σmM 33.4 12.3 13.0 91.0 | H 1.464 | V 0.792 | pL 0.003 | vL 0.001 | ∇ 0.017
U 215 | F 440320 | FPS 1506 | D 295 | rR:x̄σmM 0.95 0.02 0.90 0.97 | F:x̄σmM 38.6 10.9 21.0 72.0 | H 1.537 | V 0.789 | pL 0.011 | vL 0.001 | ∇ 0.016
U 216 | F 442368 | FPS 1469 | D 296 | rR:x̄σmM 0.94 0.02 0.86 0.98 | F:x̄σmM 40.7 14.7 13.0 97.0 | H 1.522 | V 0.759 | pL 0.014 | vL 0.001 | ∇ 0.020
U 217 | F 444416 | FPS 1491 | D 297 | rR:x̄σmM 0.95 0.02 0.89 0.97 | F:x̄σmM 38.9 13.9 20.0 77.0 | H 1.461 | V 0.765 | pL -0.004 | vL 0.002 | ∇ 0.021
U 218 | F 446464 | FPS 1490 | D 299 | rR:x̄σmM 0.95 0.02 0.90 0.98 | F:x̄σmM 38.1 13.3 17.0 74.0 | H 1.437 | V 0.775 | pL -0.012 | vL 0.002 | ∇ 0.016
U 219 | F 448512 | FPS 1516 | D 300 | rR:x̄σmM 0.95 0.02 0.91 0.97 | F:x̄σmM 35.4 11.0 21.0 65.0 | H 1.456 | V 0.792 | pL -0.004 | vL 0.001 | ∇ 0.016
U 220 | F 450560 | FPS 1490 | D 301 | rR:x̄σmM 0.95 0.02 0.88 0.98 | F:x̄σmM 36.6 11.4 17.0 85.0 | H 1.434 | V 0.774 | pL 0.005 | vL 0.001 | ∇ 0.018
Model successfully saved
U 221 | F 452608 | FPS 1490 | D 303 | rR:x̄σmM 0.95 0.02 0.90 0.98 | F:x̄σmM 35.1 12.7 16.0 69.0 | H 1.416 | V 0.787 | pL -0.007 | vL 0.001 | ∇ 0.018
U 222 | F 454656 | FPS 1493 | D 304 | rR:x̄σmM 0.95 0.01 0.91 0.98 | F:x̄σmM 34.0 10.5 17.0 64.0 | H 1.441 | V 0.797 | pL -0.009 | vL 0.001 | ∇ 0.015
U 223 | F 456704 | FPS 1495 | D 306 | rR:x̄σmM 0.95 0.01 0.91 0.98 | F:x̄σmM 34.8 10.0 16.0 64.0 | H 1.415 | V 0.793 | pL 0.002 | vL 0.001 | ∇ 0.017
U 224 | F 458752 | FPS 1502 | D 307 | rR:x̄σmM 0.95 0.01 0.90 0.98 | F:x̄σmM 33.5 9.6 16.0 68.0 | H 1.436 | V 0.797 | pL -0.005 | vL 0.001 | ∇ 0.015
U 225 | F 460800 | FPS 1497 | D 308 | rR:x̄σmM 0.95 0.02 0.91 0.98 | F:x̄σmM 36.3 11.0 16.0 64.0 | H 1.450 | V 0.795 | pL 0.003 | vL 0.001 | ∇ 0.015
U 226 | F 462848 | FPS 1487 | D 310 | rR:x̄σmM 0.95 0.02 0.90 0.97 | F:x̄σmM 35.3 12.0 18.0 70.0 | H 1.416 | V 0.784 | pL 0.001 | vL 0.001 | ∇ 0.017
U 227 | F 464896 | FPS 1510 | D 311 | rR:x̄σmM 0.95 0.02 0.88 0.97 | F:x̄σmM 38.3 11.1 21.0 83.0 | H 1.467 | V 0.779 | pL 0.004 | vL 0.001 | ∇ 0.015
U 228 | F 466944 | FPS 1514 | D 312 | rR:x̄σmM 0.95 0.01 0.91 0.97 | F:x̄σmM 36.3 10.2 18.0 63.0 | H 1.495 | V 0.783 | pL -0.003 | vL 0.001 | ∇ 0.014
U 229 | F 468992 | FPS 1479 | D 314 | rR:x̄σmM 0.94 0.02 0.89 0.97 | F:x̄σmM 40.9 11.7 22.0 77.0 | H 1.428 | V 0.762 | pL 0.013 | vL 0.001 | ∇ 0.021
U 230 | F 471040 | FPS 1506 | D 315 | rR:x̄σmM 0.95 0.02 0.89 0.97 | F:x̄σmM 36.3 12.0 19.0 76.0 | H 1.424 | V 0.780 | pL -0.015 | vL 0.001 | ∇ 0.015
Model successfully saved
U 231 | F 473088 | FPS 1503 | D 317 | rR:x̄σmM 0.95 0.01 0.91 0.98 | F:x̄σmM 36.6 10.6 16.0 66.0 | H 1.421 | V 0.788 | pL -0.006 | vL 0.001 | ∇ 0.018
U 232 | F 475136 | FPS 1492 | D 318 | rR:x̄σmM 0.95 0.02 0.90 0.98 | F:x̄σmM 35.6 11.9 17.0 72.0 | H 1.412 | V 0.781 | pL 0.001 | vL 0.001 | ∇ 0.014
U 233 | F 477184 | FPS 1511 | D 319 | rR:x̄σmM 0.95 0.02 0.91 0.98 | F:x̄σmM 34.1 12.4 15.0 66.0 | H 1.438 | V 0.790 | pL -0.011 | vL 0.002 | ∇ 0.017
U 234 | F 479232 | FPS 1500 | D 321 | rR:x̄σmM 0.95 0.02 0.90 0.98 | F:x̄σmM 35.0 10.8 15.0 72.0 | H 1.450 | V 0.801 | pL 0.001 | vL 0.001 | ∇ 0.016
U 235 | F 481280 | FPS 1513 | D 322 | rR:x̄σmM 0.94 0.02 0.90 0.98 | F:x̄σmM 40.2 12.1 15.0 73.0 | H 1.506 | V 0.775 | pL 0.018 | vL 0.001 | ∇ 0.020
U 236 | F 483328 | FPS 1519 | D 323 | rR:x̄σmM 0.94 0.02 0.89 0.97 | F:x̄σmM 42.3 12.8 18.0 76.0 | H 1.570 | V 0.760 | pL 0.013 | vL 0.002 | ∇ 0.024
U 237 | F 485376 | FPS 1499 | D 325 | rR:x̄σmM 0.94 0.02 0.87 0.97 | F:x̄σmM 45.1 14.9 18.0 90.0 | H 1.507 | V 0.745 | pL 0.008 | vL 0.002 | ∇ 0.020
U 238 | F 487424 | FPS 1506 | D 326 | rR:x̄σmM 0.94 0.02 0.90 0.97 | F:x̄σmM 42.2 13.5 18.0 70.0 | H 1.537 | V 0.754 | pL -0.009 | vL 0.001 | ∇ 0.015
U 239 | F 489472 | FPS 1519 | D 327 | rR:x̄σmM 0.94 0.02 0.90 0.97 | F:x̄σmM 40.3 13.4 20.0 73.0 | H 1.460 | V 0.751 | pL 0.002 | vL 0.002 | ∇ 0.019
U 240 | F 491520 | FPS 1494 | D 329 | rR:x̄σmM 0.95 0.02 0.88 0.97 | F:x̄σmM 38.9 14.2 19.0 85.0 | H 1.427 | V 0.774 | pL -0.012 | vL 0.002 | ∇ 0.020
Model successfully saved
U 241 | F 493568 | FPS 1513 | D 330 | rR:x̄σmM 0.95 0.01 0.91 0.97 | F:x̄σmM 34.4 10.1 18.0 61.0 | H 1.410 | V 0.793 | pL -0.011 | vL 0.001 | ∇ 0.018
U 242 | F 495616 | FPS 1488 | D 332 | rR:x̄σmM 0.96 0.01 0.93 0.98 | F:x̄σmM 31.4 9.2 15.0 51.0 | H 1.498 | V 0.807 | pL -0.006 | vL 0.001 | ∇ 0.013
U 243 | F 497664 | FPS 1495 | D 333 | rR:x̄σmM 0.95 0.02 0.91 0.97 | F:x̄σmM 37.0 11.1 18.0 67.0 | H 1.499 | V 0.789 | pL 0.013 | vL 0.001 | ∇ 0.018
U 244 | F 499712 | FPS 1507 | D 334 | rR:x̄σmM 0.94 0.02 0.88 0.98 | F:x̄σmM 39.9 15.6 15.0 85.0 | H 1.567 | V 0.769 | pL 0.007 | vL 0.002 | ∇ 0.018
U 245 | F 501760 | FPS 1490 | D 336 | rR:x̄σmM 0.94 0.02 0.86 0.97 | F:x̄σmM 43.2 17.5 18.0 98.0 | H 1.512 | V 0.735 | pL 0.005 | vL 0.002 | ∇ 0.021
U 246 | F 503808 | FPS 1502 | D 337 | rR:x̄σmM 0.94 0.02 0.85 0.98 | F:x̄σmM 40.8 16.2 16.0 106.0 | H 1.434 | V 0.755 | pL -0.001 | vL 0.002 | ∇ 0.023
U 247 | F 505856 | FPS 1506 | D 338 | rR:x̄σmM 0.95 0.02 0.89 0.97 | F:x̄σmM 38.6 12.8 18.0 81.0 | H 1.438 | V 0.774 | pL -0.012 | vL 0.001 | ∇ 0.017
U 248 | F 507904 | FPS 1494 | D 340 | rR:x̄σmM 0.95 0.02 0.87 0.98 | F:x̄σmM 35.7 11.8 16.0 90.0 | H 1.434 | V 0.787 | pL -0.009 | vL 0.001 | ∇ 0.018
U 249 | F 509952 | FPS 1513 | D 341 | rR:x̄σmM 0.95 0.02 0.91 0.98 | F:x̄σmM 34.7 10.8 15.0 67.0 | H 1.420 | V 0.789 | pL -0.005 | vL 0.001 | ∇ 0.015
U 250 | F 512000 | FPS 1494 | D 343 | rR:x̄σmM 0.95 0.02 0.88 0.97 | F:x̄σmM 34.4 11.6 18.0 84.0 | H 1.442 | V 0.792 | pL -0.001 | vL 0.001 | ∇ 0.015
Model successfully saved
U 251 | F 514048 | FPS 1478 | D 344 | rR:x̄σmM 0.95 0.02 0.91 0.98 | F:x̄σmM 36.4 11.6 16.0 67.0 | H 1.460 | V 0.789 | pL 0.002 | vL 0.001 | ∇ 0.016
U 252 | F 516096 | FPS 1491 | D 345 | rR:x̄σmM 0.95 0.02 0.91 0.97 | F:x̄σmM 35.5 11.3 19.0 67.0 | H 1.462 | V 0.777 | pL 0.007 | vL 0.001 | ∇ 0.020
U 253 | F 518144 | FPS 1480 | D 347 | rR:x̄σmM 0.95 0.02 0.88 0.97 | F:x̄σmM 36.9 13.9 18.0 86.0 | H 1.484 | V 0.788 | pL -0.001 | vL 0.001 | ∇ 0.014
U 254 | F 520192 | FPS 1498 | D 348 | rR:x̄σmM 0.95 0.02 0.87 0.97 | F:x̄σmM 38.2 15.2 18.0 89.0 | H 1.467 | V 0.777 | pL 0.007 | vL 0.001 | ∇ 0.017
U 255 | F 522240 | FPS 1485 | D 349 | rR:x̄σmM 0.95 0.02 0.92 0.98 | F:x̄σmM 34.4 10.7 17.0 60.0 | H 1.462 | V 0.788 | pL -0.006 | vL 0.002 | ∇ 0.017
U 256 | F 524288 | FPS 1480 | D 351 | rR:x̄σmM 0.95 0.02 0.89 0.97 | F:x̄σmM 35.6 12.0 18.0 76.0 | H 1.462 | V 0.791 | pL 0.001 | vL 0.001 | ∇ 0.014
U 257 | F 526336 | FPS 1500 | D 352 | rR:x̄σmM 0.95 0.02 0.89 0.97 | F:x̄σmM 35.0 11.3 18.0 78.0 | H 1.469 | V 0.799 | pL -0.002 | vL 0.001 | ∇ 0.013
U 258 | F 528384 | FPS 1488 | D 354 | rR:x̄σmM 0.95 0.02 0.88 0.98 | F:x̄σmM 37.1 13.8 13.0 88.0 | H 1.435 | V 0.783 | pL 0.008 | vL 0.002 | ∇ 0.018
U 259 | F 530432 | FPS 1487 | D 355 | rR:x̄σmM 0.95 0.01 0.92 0.98 | F:x̄σmM 34.5 10.1 12.0 58.0 | H 1.490 | V 0.787 | pL -0.005 | vL 0.001 | ∇ 0.012
U 260 | F 532480 | FPS 1511 | D 356 | rR:x̄σmM 0.95 0.02 0.90 0.98 | F:x̄σmM 37.3 13.2 17.0 72.0 | H 1.437 | V 0.780 | pL 0.003 | vL 0.001 | ∇ 0.014
Model successfully saved
U 261 | F 534528 | FPS 1490 | D 358 | rR:x̄σmM 0.95 0.02 0.91 0.98 | F:x̄σmM 35.9 11.7 16.0 62.0 | H 1.388 | V 0.783 | pL 0.001 | vL 0.001 | ∇ 0.015
U 262 | F 536576 | FPS 1505 | D 359 | rR:x̄σmM 0.95 0.02 0.89 0.98 | F:x̄σmM 33.6 11.1 15.0 75.0 | H 1.413 | V 0.796 | pL -0.012 | vL 0.001 | ∇ 0.015
U 263 | F 538624 | FPS 1505 | D 360 | rR:x̄σmM 0.95 0.01 0.91 0.98 | F:x̄σmM 34.6 9.3 14.0 63.0 | H 1.445 | V 0.798 | pL 0.002 | vL 0.001 | ∇ 0.012
U 264 | F 540672 | FPS 1488 | D 362 | rR:x̄σmM 0.95 0.02 0.88 0.98 | F:x̄σmM 35.9 13.5 12.0 83.0 | H 1.444 | V 0.788 | pL 0.009 | vL 0.001 | ∇ 0.016
U 265 | F 542720 | FPS 1516 | D 363 | rR:x̄σmM 0.95 0.02 0.88 0.97 | F:x̄σmM 37.4 11.4 18.0 84.0 | H 1.468 | V 0.781 | pL 0.000 | vL 0.001 | ∇ 0.016
U 266 | F 544768 | FPS 1500 | D 365 | rR:x̄σmM 0.95 0.02 0.84 0.97 | F:x̄σmM 38.5 17.4 19.0 116.0 | H 1.422 | V 0.771 | pL 0.004 | vL 0.002 | ∇ 0.016
U 267 | F 546816 | FPS 1496 | D 366 | rR:x̄σmM 0.95 0.02 0.91 0.98 | F:x̄σmM 32.8 11.2 17.0 61.0 | H 1.423 | V 0.802 | pL -0.011 | vL 0.001 | ∇ 0.017
U 268 | F 548864 | FPS 1514 | D 367 | rR:x̄σmM 0.95 0.02 0.90 0.98 | F:x̄σmM 33.9 11.8 15.0 74.0 | H 1.464 | V 0.800 | pL -0.002 | vL 0.001 | ∇ 0.013
U 269 | F 550912 | FPS 1486 | D 369 | rR:x̄σmM 0.95 0.02 0.91 0.98 | F:x̄σmM 36.3 11.4 13.0 67.0 | H 1.460 | V 0.787 | pL 0.005 | vL 0.001 | ∇ 0.014
U 270 | F 552960 | FPS 1501 | D 370 | rR:x̄σmM 0.95 0.02 0.91 0.97 | F:x̄σmM 36.5 11.7 18.0 67.0 | H 1.455 | V 0.785 | pL 0.005 | vL 0.001 | ∇ 0.016
Model successfully saved
U 271 | F 555008 | FPS 1500 | D 371 | rR:x̄σmM 0.95 0.02 0.89 0.98 | F:x̄σmM 39.1 13.9 17.0 78.0 | H 1.430 | V 0.769 | pL 0.004 | vL 0.001 | ∇ 0.022
U 272 | F 557056 | FPS 1488 | D 373 | rR:x̄σmM 0.95 0.02 0.90 0.98 | F:x̄σmM 36.1 13.1 16.0 73.0 | H 1.432 | V 0.782 | pL -0.004 | vL 0.002 | ∇ 0.019
U 273 | F 559104 | FPS 1493 | D 374 | rR:x̄σmM 0.95 0.02 0.84 0.98 | F:x̄σmM 35.0 14.9 17.0 115.0 | H 1.446 | V 0.788 | pL -0.008 | vL 0.002 | ∇ 0.020
U 274 | F 561152 | FPS 1477 | D 376 | rR:x̄σmM 0.95 0.02 0.88 0.98 | F:x̄σmM 35.7 12.2 17.0 86.0 | H 1.482 | V 0.785 | pL -0.002 | vL 0.001 | ∇ 0.017
U 275 | F 563200 | FPS 1491 | D 377 | rR:x̄σmM 0.95 0.02 0.87 0.98 | F:x̄σmM 37.0 13.0 16.0 90.0 | H 1.473 | V 0.783 | pL 0.007 | vL 0.001 | ∇ 0.017
U 276 | F 565248 | FPS 1524 | D 378 | rR:x̄σmM 0.95 0.02 0.90 0.98 | F:x̄σmM 37.3 12.4 12.0 74.0 | H 1.459 | V 0.786 | pL -0.000 | vL 0.002 | ∇ 0.018
U 277 | F 567296 | FPS 1510 | D 380 | rR:x̄σmM 0.95 0.01 0.91 0.97 | F:x̄σmM 36.9 10.6 18.0 61.0 | H 1.455 | V 0.783 | pL 0.006 | vL 0.001 | ∇ 0.015
U 278 | F 569344 | FPS 1509 | D 381 | rR:x̄σmM 0.95 0.01 0.92 0.98 | F:x̄σmM 36.4 9.7 15.0 59.0 | H 1.507 | V 0.783 | pL -0.003 | vL 0.001 | ∇ 0.015
U 279 | F 571392 | FPS 1512 | D 382 | rR:x̄σmM 0.95 0.02 0.87 0.97 | F:x̄σmM 38.4 13.3 18.0 89.0 | H 1.490 | V 0.775 | pL 0.006 | vL 0.002 | ∇ 0.015
U 280 | F 573440 | FPS 1494 | D 384 | rR:x̄σmM 0.94 0.02 0.89 0.97 | F:x̄σmM 40.6 13.2 19.0 77.0 | H 1.501 | V 0.770 | pL 0.007 | vL 0.001 | ∇ 0.013
Model successfully saved
U 281 | F 575488 | FPS 1511 | D 385 | rR:x̄σmM 0.95 0.02 0.87 0.98 | F:x̄σmM 39.0 16.7 15.0 92.0 | H 1.464 | V 0.762 | pL -0.002 | vL 0.002 | ∇ 0.020
U 282 | F 577536 | FPS 1507 | D 386 | rR:x̄σmM 0.95 0.02 0.88 0.98 | F:x̄σmM 38.3 15.3 17.0 86.0 | H 1.427 | V 0.762 | pL -0.012 | vL 0.002 | ∇ 0.021
U 283 | F 579584 | FPS 1489 | D 388 | rR:x̄σmM 0.95 0.02 0.87 0.97 | F:x̄σmM 34.9 13.9 19.0 93.0 | H 1.442 | V 0.776 | pL -0.012 | vL 0.002 | ∇ 0.017
U 284 | F 581632 | FPS 1507 | D 389 | rR:x̄σmM 0.95 0.02 0.90 0.98 | F:x̄σmM 35.5 11.4 16.0 68.0 | H 1.416 | V 0.791 | pL -0.005 | vL 0.001 | ∇ 0.014
U 285 | F 583680 | FPS 1502 | D 391 | rR:x̄σmM 0.95 0.01 0.93 0.98 | F:x̄σmM 33.7 9.0 15.0 53.0 | H 1.424 | V 0.799 | pL -0.002 | vL 0.001 | ∇ 0.014
U 286 | F 585728 | FPS 1484 | D 392 | rR:x̄σmM 0.95 0.02 0.91 0.98 | F:x̄σmM 35.2 11.3 12.0 62.0 | H 1.401 | V 0.790 | pL 0.003 | vL 0.001 | ∇ 0.016
U 287 | F 587776 | FPS 1496 | D 393 | rR:x̄σmM 0.95 0.01 0.91 0.97 | F:x̄σmM 34.1 10.6 18.0 67.0 | H 1.381 | V 0.796 | pL -0.004 | vL 0.001 | ∇ 0.016
U 288 | F 589824 | FPS 1495 | D 395 | rR:x̄σmM 0.95 0.01 0.92 0.97 | F:x̄σmM 34.0 9.4 19.0 60.0 | H 1.429 | V 0.793 | pL -0.003 | vL 0.001 | ∇ 0.016
U 289 | F 591872 | FPS 1511 | D 396 | rR:x̄σmM 0.95 0.02 0.87 0.98 | F:x̄σmM 37.8 15.4 14.0 89.0 | H 1.439 | V 0.782 | pL 0.006 | vL 0.001 | ∇ 0.014
U 290 | F 593920 | FPS 1497 | D 397 | rR:x̄σmM 0.95 0.02 0.90 0.99 | F:x̄σmM 34.7 13.1 9.0 71.0 | H 1.416 | V 0.793 | pL -0.001 | vL 0.001 | ∇ 0.014
Model successfully saved
U 291 | F 595968 | FPS 1470 | D 399 | rR:x̄σmM 0.95 0.02 0.89 0.98 | F:x̄σmM 35.6 12.7 16.0 76.0 | H 1.429 | V 0.787 | pL 0.004 | vL 0.001 | ∇ 0.014
U 292 | F 598016 | FPS 1498 | D 400 | rR:x̄σmM 0.95 0.01 0.91 0.98 | F:x̄σmM 33.9 10.1 17.0 61.0 | H 1.439 | V 0.795 | pL -0.004 | vL 0.001 | ∇ 0.016
U 293 | F 600064 | FPS 1489 | D 402 | rR:x̄σmM 0.95 0.02 0.88 0.98 | F:x̄σmM 35.8 12.7 16.0 87.0 | H 1.461 | V 0.770 | pL -0.004 | vL 0.001 | ∇ 0.014
U 294 | F 602112 | FPS 1481 | D 403 | rR:x̄σmM 0.95 0.02 0.89 0.98 | F:x̄σmM 35.2 12.9 17.0 79.0 | H 1.406 | V 0.791 | pL -0.007 | vL 0.001 | ∇ 0.013
U 295 | F 604160 | FPS 1498 | D 404 | rR:x̄σmM 0.95 0.02 0.91 0.98 | F:x̄σmM 34.1 13.0 12.0 67.0 | H 1.404 | V 0.793 | pL -0.006 | vL 0.001 | ∇ 0.017
U 296 | F 606208 | FPS 1497 | D 406 | rR:x̄σmM 0.95 0.01 0.91 0.98 | F:x̄σmM 32.4 10.0 16.0 61.0 | H 1.444 | V 0.789 | pL -0.005 | vL 0.001 | ∇ 0.016
U 297 | F 608256 | FPS 1500 | D 407 | rR:x̄σmM 0.95 0.02 0.88 0.97 | F:x̄σmM 35.5 11.9 20.0 88.0 | H 1.429 | V 0.798 | pL -0.009 | vL 0.001 | ∇ 0.014
U 298 | F 610304 | FPS 1493 | D 408 | rR:x̄σmM 0.95 0.01 0.91 0.98 | F:x̄σmM 34.8 10.4 15.0 65.0 | H 1.401 | V 0.801 | pL 0.004 | vL 0.001 | ∇ 0.013
U 299 | F 612352 | FPS 1471 | D 410 | rR:x̄σmM 0.95 0.01 0.92 0.98 | F:x̄σmM 33.1 8.1 17.0 60.0 | H 1.465 | V 0.801 | pL -0.008 | vL 0.001 | ∇ 0.013
U 300 | F 614400 | FPS 1504 | D 411 | rR:x̄σmM 0.95 0.01 0.91 0.98 | F:x̄σmM 35.7 10.7 17.0 66.0 | H 1.447 | V 0.787 | pL 0.005 | vL 0.001 | ∇ 0.014
Model successfully saved
U 301 | F 616448 | FPS 1482 | D 413 | rR:x̄σmM 0.95 0.01 0.91 0.97 | F:x̄σmM 35.2 10.0 19.0 66.0 | H 1.457 | V 0.794 | pL -0.001 | vL 0.001 | ∇ 0.013
U 302 | F 618496 | FPS 1493 | D 414 | rR:x̄σmM 0.95 0.02 0.90 0.98 | F:x̄σmM 36.5 11.0 13.0 68.0 | H 1.438 | V 0.785 | pL 0.002 | vL 0.001 | ∇ 0.012
U 303 | F 620544 | FPS 1490 | D 415 | rR:x̄σmM 0.95 0.02 0.89 0.98 | F:x̄σmM 35.4 12.0 15.0 79.0 | H 1.404 | V 0.790 | pL -0.004 | vL 0.001 | ∇ 0.016
U 304 | F 622592 | FPS 1479 | D 417 | rR:x̄σmM 0.95 0.01 0.91 0.98 | F:x̄σmM 35.0 9.7 13.0 64.0 | H 1.457 | V 0.792 | pL -0.006 | vL 0.001 | ∇ 0.015
U 305 | F 624640 | FPS 1509 | D 418 | rR:x̄σmM 0.95 0.02 0.90 0.98 | F:x̄σmM 35.2 12.3 16.0 72.0 | H 1.461 | V 0.789 | pL 0.004 | vL 0.001 | ∇ 0.016
U 306 | F 626688 | FPS 1507 | D 419 | rR:x̄σmM 0.95 0.02 0.90 0.98 | F:x̄σmM 37.2 11.2 13.0 69.0 | H 1.427 | V 0.778 | pL 0.004 | vL 0.001 | ∇ 0.013
U 307 | F 628736 | FPS 1495 | D 421 | rR:x̄σmM 0.95 0.01 0.92 0.98 | F:x̄σmM 35.2 9.6 14.0 59.0 | H 1.416 | V 0.793 | pL -0.007 | vL 0.001 | ∇ 0.013
U 308 | F 630784 | FPS 1493 | D 422 | rR:x̄σmM 0.95 0.02 0.92 0.98 | F:x̄σmM 33.5 10.7 15.0 59.0 | H 1.434 | V 0.793 | pL 0.004 | vL 0.001 | ∇ 0.017
U 309 | F 632832 | FPS 1496 | D 424 | rR:x̄σmM 0.95 0.02 0.89 0.98 | F:x̄σmM 36.8 13.2 14.0 78.0 | H 1.458 | V 0.786 | pL 0.004 | vL 0.001 | ∇ 0.015
U 310 | F 634880 | FPS 1490 | D 425 | rR:x̄σmM 0.95 0.02 0.90 0.97 | F:x̄σmM 36.0 11.7 19.0 73.0 | H 1.516 | V 0.790 | pL 0.005 | vL 0.001 | ∇ 0.014
Model successfully saved
U 311 | F 636928 | FPS 1508 | D 426 | rR:x̄σmM 0.94 0.03 0.80 0.97 | F:x̄σmM 40.4 18.8 20.0 143.0 | H 1.522 | V 0.779 | pL 0.014 | vL 0.001 | ∇ 0.018
U 312 | F 638976 | FPS 1491 | D 428 | rR:x̄σmM 0.95 0.02 0.90 0.98 | F:x̄σmM 37.3 11.6 16.0 70.0 | H 1.486 | V 0.784 | pL 0.006 | vL 0.001 | ∇ 0.015
U 313 | F 641024 | FPS 1510 | D 429 | rR:x̄σmM 0.95 0.01 0.92 0.97 | F:x̄σmM 37.1 9.5 21.0 58.0 | H 1.498 | V 0.784 | pL -0.000 | vL 0.001 | ∇ 0.013
U 314 | F 643072 | FPS 1499 | D 430 | rR:x̄σmM 0.95 0.02 0.90 0.97 | F:x̄σmM 38.5 11.0 20.0 69.0 | H 1.494 | V 0.775 | pL -0.003 | vL 0.001 | ∇ 0.011
U 315 | F 645120 | FPS 1499 | D 432 | rR:x̄σmM 0.95 0.01 0.90 0.97 | F:x̄σmM 36.6 9.6 21.0 68.0 | H 1.475 | V 0.777 | pL -0.003 | vL 0.001 | ∇ 0.013
U 316 | F 647168 | FPS 1510 | D 433 | rR:x̄σmM 0.95 0.02 0.89 0.98 | F:x̄σmM 38.3 12.5 17.0 79.0 | H 1.447 | V 0.770 | pL -0.003 | vL 0.002 | ∇ 0.016
U 317 | F 649216 | FPS 1502 | D 435 | rR:x̄σmM 0.95 0.02 0.88 0.98 | F:x̄σmM 35.7 12.9 17.0 85.0 | H 1.458 | V 0.781 | pL -0.009 | vL 0.002 | ∇ 0.014
U 318 | F 651264 | FPS 1493 | D 436 | rR:x̄σmM 0.95 0.02 0.90 0.98 | F:x̄σmM 34.4 11.9 15.0 69.0 | H 1.508 | V 0.793 | pL -0.006 | vL 0.001 | ∇ 0.018
U 319 | F 653312 | FPS 1507 | D 437 | rR:x̄σmM 0.95 0.02 0.91 0.98 | F:x̄σmM 39.1 11.4 13.0 67.0 | H 1.467 | V 0.780 | pL 0.008 | vL 0.001 | ∇ 0.017
U 320 | F 655360 | FPS 1494 | D 439 | rR:x̄σmM 0.94 0.02 0.90 0.97 | F:x̄σmM 39.2 13.9 20.0 71.0 | H 1.458 | V 0.768 | pL 0.005 | vL 0.001 | ∇ 0.017
Model successfully saved
U 321 | F 657408 | FPS 1498 | D 440 | rR:x̄σmM 0.95 0.02 0.91 0.98 | F:x̄σmM 34.9 12.1 15.0 66.0 | H 1.406 | V 0.795 | pL -0.012 | vL 0.001 | ∇ 0.014
U 322 | F 659456 | FPS 1481 | D 441 | rR:x̄σmM 0.95 0.02 0.91 0.98 | F:x̄σmM 34.5 12.3 15.0 67.0 | H 1.438 | V 0.786 | pL -0.004 | vL 0.001 | ∇ 0.016
U 323 | F 661504 | FPS 1486 | D 443 | rR:x̄σmM 0.95 0.02 0.92 0.98 | F:x̄σmM 34.2 11.0 14.0 59.0 | H 1.401 | V 0.800 | pL -0.004 | vL 0.001 | ∇ 0.017
U 324 | F 663552 | FPS 1505 | D 444 | rR:x̄σmM 0.95 0.01 0.92 0.98 | F:x̄σmM 33.6 9.8 16.0 56.0 | H 1.422 | V 0.792 | pL -0.004 | vL 0.001 | ∇ 0.012
U 325 | F 665600 | FPS 1488 | D 446 | rR:x̄σmM 0.95 0.01 0.91 0.97 | F:x̄σmM 34.5 10.3 19.0 65.0 | H 1.456 | V 0.799 | pL -0.003 | vL 0.001 | ∇ 0.012
U 326 | F 667648 | FPS 1493 | D 447 | rR:x̄σmM 0.95 0.02 0.87 0.98 | F:x̄σmM 36.2 13.2 17.0 90.0 | H 1.410 | V 0.801 | pL 0.010 | vL 0.001 | ∇ 0.015
U 327 | F 669696 | FPS 1515 | D 448 | rR:x̄σmM 0.95 0.01 0.92 0.98 | F:x̄σmM 33.1 10.2 15.0 59.0 | H 1.444 | V 0.790 | pL -0.002 | vL 0.001 | ∇ 0.016
U 328 | F 671744 | FPS 1496 | D 450 | rR:x̄σmM 0.95 0.02 0.90 0.98 | F:x̄σmM 36.1 12.1 15.0 69.0 | H 1.446 | V 0.790 | pL -0.000 | vL 0.001 | ∇ 0.016
U 329 | F 673792 | FPS 1511 | D 451 | rR:x̄σmM 0.95 0.02 0.87 0.98 | F:x̄σmM 36.0 14.1 17.0 96.0 | H 1.405 | V 0.784 | pL 0.001 | vL 0.002 | ∇ 0.015
U 330 | F 675840 | FPS 1508 | D 452 | rR:x̄σmM 0.95 0.02 0.90 0.98 | F:x̄σmM 34.3 11.2 16.0 70.0 | H 1.443 | V 0.780 | pL -0.009 | vL 0.001 | ∇ 0.015
Model successfully saved
U 331 | F 677888 | FPS 1500 | D 454 | rR:x̄σmM 0.95 0.01 0.91 0.98 | F:x̄σmM 36.4 10.4 16.0 65.0 | H 1.432 | V 0.792 | pL -0.004 | vL 0.001 | ∇ 0.014
U 332 | F 679936 | FPS 1509 | D 455 | rR:x̄σmM 0.95 0.02 0.89 0.98 | F:x̄σmM 36.1 11.9 14.0 79.0 | H 1.469 | V 0.786 | pL 0.003 | vL 0.001 | ∇ 0.011
U 333 | F 681984 | FPS 1507 | D 456 | rR:x̄σmM 0.95 0.01 0.92 0.97 | F:x̄σmM 36.4 10.2 20.0 60.0 | H 1.438 | V 0.785 | pL 0.004 | vL 0.001 | ∇ 0.015
U 334 | F 684032 | FPS 1482 | D 458 | rR:x̄σmM 0.95 0.02 0.90 0.98 | F:x̄σmM 36.3 12.9 14.0 73.0 | H 1.384 | V 0.792 | pL 0.005 | vL 0.001 | ∇ 0.017
U 335 | F 686080 | FPS 1512 | D 459 | rR:x̄σmM 0.95 0.01 0.91 0.98 | F:x̄σmM 34.6 10.6 13.0 62.0 | H 1.428 | V 0.790 | pL -0.008 | vL 0.001 | ∇ 0.015
U 336 | F 688128 | FPS 1494 | D 461 | rR:x̄σmM 0.95 0.02 0.87 0.98 | F:x̄σmM 37.8 15.6 15.0 92.0 | H 1.454 | V 0.768 | pL 0.007 | vL 0.002 | ∇ 0.015
U 337 | F 690176 | FPS 1491 | D 462 | rR:x̄σmM 0.95 0.02 0.90 0.98 | F:x̄σmM 35.4 12.7 15.0 69.0 | H 1.388 | V 0.790 | pL -0.006 | vL 0.001 | ∇ 0.016
U 338 | F 692224 | FPS 1490 | D 463 | rR:x̄σmM 0.95 0.01 0.91 0.98 | F:x̄σmM 33.7 9.0 14.0 61.0 | H 1.436 | V 0.796 | pL -0.006 | vL 0.001 | ∇ 0.015
U 339 | F 694272 | FPS 1473 | D 465 | rR:x̄σmM 0.95 0.02 0.90 0.97 | F:x̄σmM 38.0 12.1 19.0 68.0 | H 1.478 | V 0.774 | pL 0.004 | vL 0.001 | ∇ 0.016
U 340 | F 696320 | FPS 1507 | D 466 | rR:x̄σmM 0.95 0.02 0.90 0.98 | F:x̄σmM 37.1 12.3 15.0 73.0 | H 1.417 | V 0.791 | pL -0.000 | vL 0.001 | ∇ 0.015
Model successfully saved
U 341 | F 698368 | FPS 1513 | D 467 | rR:x̄σmM 0.95 0.01 0.90 0.97 | F:x̄σmM 35.4 9.9 20.0 68.0 | H 1.477 | V 0.792 | pL -0.000 | vL 0.001 | ∇ 0.014
U 342 | F 700416 | FPS 1494 | D 469 | rR:x̄σmM 0.95 0.02 0.91 0.97 | F:x̄σmM 37.7 12.0 20.0 64.0 | H 1.478 | V 0.778 | pL 0.003 | vL 0.001 | ∇ 0.014
U 343 | F 702464 | FPS 1489 | D 470 | rR:x̄σmM 0.95 0.02 0.91 0.97 | F:x̄σmM 37.6 11.1 18.0 63.0 | H 1.466 | V 0.779 | pL -0.000 | vL 0.001 | ∇ 0.016
U 344 | F 704512 | FPS 1490 | D 472 | rR:x̄σmM 0.95 0.02 0.89 0.98 | F:x̄σmM 37.7 12.7 17.0 77.0 | H 1.426 | V 0.777 | pL 0.003 | vL 0.001 | ∇ 0.015
U 345 | F 706560 | FPS 1502 | D 473 | rR:x̄σmM 0.95 0.02 0.90 0.97 | F:x̄σmM 36.0 12.1 20.0 71.0 | H 1.452 | V 0.787 | pL -0.009 | vL 0.001 | ∇ 0.015
U 346 | F 708608 | FPS 1503 | D 474 | rR:x̄σmM 0.95 0.01 0.92 0.97 | F:x̄σmM 36.1 9.4 18.0 59.0 | H 1.442 | V 0.794 | pL 0.002 | vL 0.001 | ∇ 0.014
U 347 | F 710656 | FPS 1478 | D 476 | rR:x̄σmM 0.95 0.01 0.90 0.97 | F:x̄σmM 33.6 9.6 21.0 70.0 | H 1.465 | V 0.799 | pL -0.001 | vL 0.001 | ∇ 0.013
U 348 | F 712704 | FPS 1500 | D 477 | rR:x̄σmM 0.95 0.02 0.89 0.97 | F:x̄σmM 37.6 11.6 19.0 81.0 | H 1.473 | V 0.787 | pL 0.004 | vL 0.001 | ∇ 0.016
U 349 | F 714752 | FPS 1479 | D 478 | rR:x̄σmM 0.95 0.01 0.91 0.97 | F:x̄σmM 35.1 9.8 20.0 66.0 | H 1.429 | V 0.790 | pL -0.004 | vL 0.001 | ∇ 0.013
U 350 | F 716800 | FPS 1482 | D 480 | rR:x̄σmM 0.95 0.02 0.89 0.98 | F:x̄σmM 33.9 11.3 13.0 76.0 | H 1.390 | V 0.791 | pL -0.004 | vL 0.001 | ∇ 0.014
Model successfully saved
U 351 | F 718848 | FPS 1493 | D 481 | rR:x̄σmM 0.95 0.01 0.92 0.98 | F:x̄σmM 33.2 9.3 14.0 57.0 | H 1.442 | V 0.807 | pL -0.009 | vL 0.001 | ∇ 0.013
U 352 | F 720896 | FPS 1494 | D 483 | rR:x̄σmM 0.95 0.01 0.91 0.98 | F:x̄σmM 33.2 9.2 17.0 61.0 | H 1.492 | V 0.801 | pL 0.009 | vL 0.001 | ∇ 0.014
U 353 | F 722944 | FPS 1487 | D 484 | rR:x̄σmM 0.94 0.03 0.79 0.98 | F:x̄σmM 40.8 20.5 17.0 148.0 | H 1.500 | V 0.773 | pL 0.019 | vL 0.001 | ∇ 0.021
U 354 | F 724992 | FPS 1505 | D 485 | rR:x̄σmM 0.95 0.02 0.87 0.97 | F:x̄σmM 38.6 13.6 18.0 96.0 | H 1.484 | V 0.779 | pL -0.003 | vL 0.001 | ∇ 0.015
U 355 | F 727040 | FPS 1482 | D 487 | rR:x̄σmM 0.95 0.02 0.88 0.98 | F:x̄σmM 38.6 16.5 15.0 82.0 | H 1.430 | V 0.773 | pL 0.005 | vL 0.001 | ∇ 0.017
U 356 | F 729088 | FPS 1482 | D 488 | rR:x̄σmM 0.95 0.02 0.87 0.98 | F:x̄σmM 36.5 14.5 13.0 94.0 | H 1.420 | V 0.775 | pL -0.007 | vL 0.002 | ∇ 0.019
U 357 | F 731136 | FPS 1487 | D 490 | rR:x̄σmM 0.95 0.01 0.91 0.97 | F:x̄σmM 33.6 9.7 18.0 66.0 | H 1.466 | V 0.798 | pL -0.014 | vL 0.001 | ∇ 0.015
U 358 | F 733184 | FPS 1471 | D 491 | rR:x̄σmM 0.95 0.02 0.91 0.98 | F:x̄σmM 35.7 11.4 15.0 65.0 | H 1.443 | V 0.801 | pL 0.011 | vL 0.001 | ∇ 0.016
U 359 | F 735232 | FPS 1506 | D 492 | rR:x̄σmM 0.95 0.02 0.90 0.97 | F:x̄σmM 36.1 11.4 19.0 70.0 | H 1.478 | V 0.781 | pL 0.010 | vL 0.001 | ∇ 0.018
U 360 | F 737280 | FPS 1490 | D 494 | rR:x̄σmM 0.94 0.02 0.82 0.97 | F:x̄σmM 41.6 17.3 18.0 125.0 | H 1.469 | V 0.768 | pL 0.015 | vL 0.002 | ∇ 0.021
Model successfully saved
U 361 | F 739328 | FPS 1492 | D 495 | rR:x̄σmM 0.94 0.03 0.85 0.98 | F:x̄σmM 40.3 17.9 17.0 104.0 | H 1.440 | V 0.749 | pL -0.008 | vL 0.002 | ∇ 0.016
U 362 | F 741376 | FPS 1497 | D 496 | rR:x̄σmM 0.95 0.02 0.88 0.98 | F:x̄σmM 34.9 12.7 13.0 88.0 | H 1.383 | V 0.781 | pL -0.016 | vL 0.002 | ∇ 0.016
U 363 | F 743424 | FPS 1487 | D 498 | rR:x̄σmM 0.96 0.01 0.93 0.98 | F:x̄σmM 31.4 8.0 16.0 52.0 | H 1.388 | V 0.811 | pL -0.008 | vL 0.001 | ∇ 0.015
U 364 | F 745472 | FPS 1505 | D 499 | rR:x̄σmM 0.95 0.01 0.92 0.98 | F:x̄σmM 34.1 10.1 16.0 55.0 | H 1.413 | V 0.796 | pL 0.005 | vL 0.001 | ∇ 0.013
U 365 | F 747520 | FPS 1518 | D 501 | rR:x̄σmM 0.95 0.02 0.90 0.98 | F:x̄σmM 34.5 11.0 14.0 72.0 | H 1.434 | V 0.794 | pL -0.003 | vL 0.001 | ∇ 0.013
U 366 | F 749568 | FPS 1497 | D 502 | rR:x̄σmM 0.95 0.01 0.91 0.98 | F:x̄σmM 34.1 9.8 17.0 64.0 | H 1.463 | V 0.802 | pL -0.002 | vL 0.001 | ∇ 0.016
U 367 | F 751616 | FPS 1502 | D 503 | rR:x̄σmM 0.95 0.01 0.90 0.98 | F:x̄σmM 35.8 10.5 15.0 70.0 | H 1.441 | V 0.793 | pL 0.005 | vL 0.001 | ∇ 0.015
U 368 | F 753664 | FPS 1484 | D 505 | rR:x̄σmM 0.95 0.01 0.92 0.97 | F:x̄σmM 35.9 10.2 19.0 58.0 | H 1.505 | V 0.786 | pL -0.004 | vL 0.001 | ∇ 0.016
U 369 | F 755712 | FPS 1475 | D 506 | rR:x̄σmM 0.95 0.02 0.88 0.97 | F:x̄σmM 37.1 10.9 20.0 88.0 | H 1.549 | V 0.780 | pL 0.002 | vL 0.001 | ∇ 0.013
U 370 | F 757760 | FPS 1489 | D 507 | rR:x̄σmM 0.94 0.02 0.87 0.97 | F:x̄σmM 39.9 16.8 20.0 94.0 | H 1.458 | V 0.770 | pL 0.007 | vL 0.002 | ∇ 0.020
Model successfully saved
U 371 | F 759808 | FPS 1482 | D 509 | rR:x̄σmM 0.95 0.01 0.91 0.97 | F:x̄σmM 38.5 10.6 18.0 61.0 | H 1.441 | V 0.757 | pL -0.004 | vL 0.001 | ∇ 0.017
U 372 | F 761856 | FPS 1486 | D 510 | rR:x̄σmM 0.95 0.02 0.87 0.98 | F:x̄σmM 36.6 14.0 17.0 90.0 | H 1.408 | V 0.778 | pL -0.015 | vL 0.002 | ∇ 0.022
U 373 | F 763904 | FPS 1484 | D 512 | rR:x̄σmM 0.95 0.01 0.91 0.98 | F:x̄σmM 32.6 9.7 14.0 64.0 | H 1.405 | V 0.802 | pL -0.013 | vL 0.001 | ∇ 0.013
U 374 | F 765952 | FPS 1492 | D 513 | rR:x̄σmM 0.95 0.01 0.93 0.98 | F:x̄σmM 33.7 8.6 15.0 51.0 | H 1.483 | V 0.806 | pL 0.002 | vL 0.001 | ∇ 0.011
U 375 | F 768000 | FPS 1504 | D 514 | rR:x̄σmM 0.95 0.02 0.89 0.98 | F:x̄σmM 36.0 12.2 14.0 81.0 | H 1.467 | V 0.791 | pL 0.012 | vL 0.001 | ∇ 0.014
U 376 | F 770048 | FPS 1495 | D 516 | rR:x̄σmM 0.94 0.02 0.84 0.97 | F:x̄σmM 41.1 15.7 19.0 117.0 | H 1.514 | V 0.768 | pL 0.008 | vL 0.002 | ∇ 0.020
U 377 | F 772096 | FPS 1506 | D 517 | rR:x̄σmM 0.94 0.02 0.87 0.98 | F:x̄σmM 40.2 12.7 15.0 91.0 | H 1.450 | V 0.762 | pL 0.003 | vL 0.002 | ∇ 0.018
U 378 | F 774144 | FPS 1508 | D 518 | rR:x̄σmM 0.95 0.02 0.86 0.98 | F:x̄σmM 34.2 13.2 14.0 99.0 | H 1.445 | V 0.782 | pL -0.019 | vL 0.002 | ∇ 0.015
U 379 | F 776192 | FPS 1495 | D 520 | rR:x̄σmM 0.95 0.02 0.91 0.98 | F:x̄σmM 34.8 11.7 15.0 66.0 | H 1.403 | V 0.787 | pL 0.001 | vL 0.002 | ∇ 0.014
U 380 | F 778240 | FPS 1506 | D 521 | rR:x̄σmM 0.95 0.02 0.89 0.98 | F:x̄σmM 34.5 11.7 14.0 80.0 | H 1.465 | V 0.792 | pL -0.011 | vL 0.001 | ∇ 0.016
Model successfully saved
U 381 | F 780288 | FPS 1505 | D 523 | rR:x̄σmM 0.95 0.02 0.88 0.97 | F:x̄σmM 38.5 12.3 18.0 87.0 | H 1.510 | V 0.781 | pL 0.006 | vL 0.001 | ∇ 0.017
U 382 | F 782336 | FPS 1471 | D 524 | rR:x̄σmM 0.94 0.02 0.88 0.98 | F:x̄σmM 39.5 13.0 16.0 85.0 | H 1.449 | V 0.773 | pL 0.002 | vL 0.001 | ∇ 0.021
U 383 | F 784384 | FPS 1504 | D 525 | rR:x̄σmM 0.95 0.02 0.90 0.98 | F:x̄σmM 35.2 11.4 14.0 70.0 | H 1.424 | V 0.785 | pL -0.011 | vL 0.001 | ∇ 0.016
U 384 | F 786432 | FPS 1490 | D 527 | rR:x̄σmM 0.95 0.01 0.90 0.98 | F:x̄σmM 33.6 10.6 15.0 69.0 | H 1.360 | V 0.798 | pL -0.012 | vL 0.001 | ∇ 0.015
U 385 | F 788480 | FPS 1495 | D 528 | rR:x̄σmM 0.96 0.01 0.92 0.98 | F:x̄σmM 30.9 9.9 15.0 59.0 | H 1.387 | V 0.815 | pL -0.005 | vL 0.001 | ∇ 0.011
U 386 | F 790528 | FPS 1504 | D 529 | rR:x̄σmM 0.95 0.01 0.90 0.97 | F:x̄σmM 33.0 9.7 21.0 71.0 | H 1.485 | V 0.809 | pL 0.008 | vL 0.001 | ∇ 0.011
U 387 | F 792576 | FPS 1492 | D 531 | rR:x̄σmM 0.95 0.02 0.90 0.98 | F:x̄σmM 37.9 13.0 17.0 70.0 | H 1.476 | V 0.783 | pL 0.014 | vL 0.001 | ∇ 0.019
U 388 | F 794624 | FPS 1491 | D 532 | rR:x̄σmM 0.94 0.02 0.90 0.98 | F:x̄σmM 40.0 11.6 15.0 68.0 | H 1.465 | V 0.765 | pL 0.008 | vL 0.001 | ∇ 0.014
U 389 | F 796672 | FPS 1491 | D 534 | rR:x̄σmM 0.95 0.02 0.87 0.98 | F:x̄σmM 37.1 13.3 13.0 96.0 | H 1.391 | V 0.782 | pL -0.014 | vL 0.001 | ∇ 0.014
U 390 | F 798720 | FPS 1465 | D 535 | rR:x̄σmM 0.95 0.01 0.92 0.98 | F:x̄σmM 33.4 10.1 14.0 56.0 | H 1.399 | V 0.793 | pL -0.014 | vL 0.001 | ∇ 0.014
Model successfully saved
U 391 | F 800768 | FPS 1495 | D 536 | rR:x̄σmM 0.95 0.02 0.91 0.98 | F:x̄σmM 35.0 11.3 16.0 63.0 | H 1.442 | V 0.795 | pL 0.002 | vL 0.001 | ∇ 0.015
U 392 | F 802816 | FPS 1489 | D 538 | rR:x̄σmM 0.95 0.02 0.88 0.98 | F:x̄σmM 36.3 14.2 17.0 86.0 | H 1.427 | V 0.793 | pL 0.009 | vL 0.001 | ∇ 0.014
U 393 | F 804864 | FPS 1509 | D 539 | rR:x̄σmM 0.94 0.02 0.90 0.98 | F:x̄σmM 39.2 11.2 14.0 73.0 | H 1.432 | V 0.775 | pL 0.003 | vL 0.001 | ∇ 0.018
U 394 | F 806912 | FPS 1508 | D 540 | rR:x̄σmM 0.95 0.02 0.90 0.98 | F:x̄σmM 34.8 11.3 14.0 69.0 | H 1.424 | V 0.792 | pL -0.007 | vL 0.001 | ∇ 0.020
U 395 | F 808960 | FPS 1489 | D 542 | rR:x̄σmM 0.95 0.02 0.89 0.98 | F:x̄σmM 34.9 11.4 12.0 77.0 | H 1.425 | V 0.789 | pL 0.000 | vL 0.001 | ∇ 0.015
U 396 | F 811008 | FPS 1504 | D 543 | rR:x̄σmM 0.95 0.02 0.91 0.98 | F:x̄σmM 35.0 11.1 17.0 64.0 | H 1.427 | V 0.796 | pL 0.004 | vL 0.001 | ∇ 0.013
U 397 | F 813056 | FPS 1494 | D 545 | rR:x̄σmM 0.95 0.02 0.89 0.98 | F:x̄σmM 35.7 11.4 13.0 76.0 | H 1.417 | V 0.796 | pL 0.002 | vL 0.001 | ∇ 0.011
U 398 | F 815104 | FPS 1475 | D 546 | rR:x̄σmM 0.95 0.02 0.90 0.98 | F:x̄σmM 37.3 11.3 17.0 68.0 | H 1.430 | V 0.790 | pL 0.004 | vL 0.001 | ∇ 0.011
U 399 | F 817152 | FPS 1492 | D 547 | rR:x̄σmM 0.95 0.01 0.91 0.98 | F:x̄σmM 35.0 10.6 17.0 67.0 | H 1.414 | V 0.783 | pL -0.001 | vL 0.001 | ∇ 0.018
U 400 | F 819200 | FPS 1480 | D 549 | rR:x̄σmM 0.94 0.03 0.79 0.97 | F:x̄σmM 39.3 20.2 22.0 148.0 | H 1.428 | V 0.771 | pL 0.004 | vL 0.002 | ∇ 0.017
Model successfully saved
U 401 | F 821248 | FPS 1488 | D 550 | rR:x̄σmM 0.95 0.02 0.88 0.97 | F:x̄σmM 37.8 12.1 19.0 83.0 | H 1.387 | V 0.776 | pL -0.000 | vL 0.001 | ∇ 0.016
U 402 | F 823296 | FPS 1487 | D 551 | rR:x̄σmM 0.95 0.02 0.88 0.98 | F:x̄σmM 33.4 13.2 14.0 86.0 | H 1.387 | V 0.795 | pL -0.007 | vL 0.001 | ∇ 0.014
U 403 | F 825344 | FPS 1488 | D 553 | rR:x̄σmM 0.95 0.02 0.89 0.98 | F:x̄σmM 33.3 11.6 13.0 79.0 | H 1.449 | V 0.790 | pL -0.004 | vL 0.001 | ∇ 0.013
U 404 | F 827392 | FPS 1497 | D 554 | rR:x̄σmM 0.95 0.02 0.83 0.98 | F:x̄σmM 34.1 14.5 14.0 120.0 | H 1.437 | V 0.794 | pL -0.003 | vL 0.001 | ∇ 0.013
U 405 | F 829440 | FPS 1502 | D 556 | rR:x̄σmM 0.95 0.02 0.91 0.98 | F:x̄σmM 35.8 10.7 13.0 63.0 | H 1.484 | V 0.794 | pL 0.004 | vL 0.001 | ∇ 0.012
U 406 | F 831488 | FPS 1491 | D 557 | rR:x̄σmM 0.95 0.02 0.89 0.98 | F:x̄σmM 36.2 11.6 13.0 79.0 | H 1.461 | V 0.791 | pL 0.007 | vL 0.001 | ∇ 0.015
U 407 | F 833536 | FPS 1517 | D 558 | rR:x̄σmM 0.95 0.01 0.90 0.97 | F:x̄σmM 38.6 10.2 20.0 71.0 | H 1.446 | V 0.775 | pL 0.005 | vL 0.001 | ∇ 0.015
U 408 | F 835584 | FPS 1481 | D 560 | rR:x̄σmM 0.95 0.01 0.90 0.98 | F:x̄σmM 34.0 10.6 16.0 71.0 | H 1.510 | V 0.784 | pL -0.010 | vL 0.001 | ∇ 0.019
U 409 | F 837632 | FPS 1500 | D 561 | rR:x̄σmM 0.94 0.02 0.87 0.98 | F:x̄σmM 40.7 16.0 12.0 91.0 | H 1.525 | V 0.764 | pL 0.011 | vL 0.001 | ∇ 0.018
U 410 | F 839680 | FPS 1502 | D 562 | rR:x̄σmM 0.94 0.02 0.87 0.97 | F:x̄σmM 43.8 15.9 20.0 89.0 | H 1.497 | V 0.750 | pL 0.006 | vL 0.002 | ∇ 0.018
Model successfully saved
U 411 | F 841728 | FPS 1483 | D 564 | rR:x̄σmM 0.94 0.02 0.86 0.98 | F:x̄σmM 39.4 14.0 17.0 98.0 | H 1.463 | V 0.770 | pL -0.003 | vL 0.002 | ∇ 0.014
U 412 | F 843776 | FPS 1490 | D 565 | rR:x̄σmM 0.95 0.02 0.89 0.97 | F:x̄σmM 37.9 12.1 18.0 75.0 | H 1.442 | V 0.785 | pL -0.004 | vL 0.001 | ∇ 0.020
U 413 | F 845824 | FPS 1498 | D 567 | rR:x̄σmM 0.95 0.02 0.90 0.97 | F:x̄σmM 34.8 10.9 20.0 70.0 | H 1.475 | V 0.795 | pL -0.003 | vL 0.001 | ∇ 0.016
U 414 | F 847872 | FPS 1480 | D 568 | rR:x̄σmM 0.95 0.01 0.92 0.98 | F:x̄σmM 36.4 10.2 15.0 60.0 | H 1.438 | V 0.788 | pL 0.011 | vL 0.001 | ∇ 0.018
U 415 | F 849920 | FPS 1499 | D 569 | rR:x̄σmM 0.95 0.02 0.84 0.98 | F:x̄σmM 36.4 14.7 17.0 113.0 | H 1.479 | V 0.788 | pL -0.005 | vL 0.001 | ∇ 0.016
U 416 | F 851968 | FPS 1488 | D 571 | rR:x̄σmM 0.95 0.02 0.91 0.97 | F:x̄σmM 37.1 10.9 20.0 65.0 | H 1.443 | V 0.784 | pL -0.001 | vL 0.001 | ∇ 0.019
U 417 | F 854016 | FPS 1500 | D 572 | rR:x̄σmM 0.95 0.02 0.88 0.98 | F:x̄σmM 36.4 13.0 17.0 82.0 | H 1.437 | V 0.779 | pL -0.003 | vL 0.001 | ∇ 0.014
U 418 | F 856064 | FPS 1513 | D 573 | rR:x̄σmM 0.95 0.01 0.91 0.98 | F:x̄σmM 34.8 10.6 15.0 61.0 | H 1.465 | V 0.778 | pL -0.007 | vL 0.001 | ∇ 0.015
U 419 | F 858112 | FPS 1500 | D 575 | rR:x̄σmM 0.95 0.02 0.87 0.98 | F:x̄σmM 37.1 13.5 12.0 92.0 | H 1.539 | V 0.790 | pL 0.001 | vL 0.001 | ∇ 0.014
U 420 | F 860160 | FPS 1513 | D 576 | rR:x̄σmM 0.94 0.02 0.90 0.98 | F:x̄σmM 39.2 14.4 16.0 73.0 | H 1.515 | V 0.768 | pL 0.007 | vL 0.001 | ∇ 0.013
Model successfully saved
U 421 | F 862208 | FPS 1509 | D 578 | rR:x̄σmM 0.95 0.02 0.89 0.97 | F:x̄σmM 38.4 11.7 23.0 81.0 | H 1.477 | V 0.768 | pL -0.003 | vL 0.002 | ∇ 0.018
U 422 | F 864256 | FPS 1501 | D 579 | rR:x̄σmM 0.95 0.02 0.89 0.98 | F:x̄σmM 34.0 12.2 13.0 78.0 | H 1.435 | V 0.783 | pL -0.000 | vL 0.002 | ∇ 0.017
U 423 | F 866304 | FPS 1503 | D 580 | rR:x̄σmM 0.95 0.04 0.67 0.98 | F:x̄σmM 38.1 27.8 12.0 233.0 | H 1.489 | V 0.788 | pL -0.004 | vL 0.001 | ∇ 0.016
U 424 | F 868352 | FPS 1484 | D 582 | rR:x̄σmM 0.95 0.01 0.91 0.98 | F:x̄σmM 35.0 10.3 15.0 66.0 | H 1.467 | V 0.796 | pL -0.003 | vL 0.001 | ∇ 0.011
U 425 | F 870400 | FPS 1478 | D 583 | rR:x̄σmM 0.95 0.02 0.91 0.98 | F:x̄σmM 38.5 12.5 16.0 65.0 | H 1.477 | V 0.778 | pL 0.010 | vL 0.001 | ∇ 0.016
U 426 | F 872448 | FPS 1497 | D 584 | rR:x̄σmM 0.95 0.02 0.90 0.97 | F:x̄σmM 38.2 12.4 21.0 68.0 | H 1.461 | V 0.776 | pL -0.005 | vL 0.002 | ∇ 0.015
U 427 | F 874496 | FPS 1402 | D 586 | rR:x̄σmM 0.95 0.02 0.91 0.98 | F:x̄σmM 36.5 11.1 16.0 62.0 | H 1.491 | V 0.776 | pL -0.002 | vL 0.001 | ∇ 0.018
U 428 | F 876544 | FPS 1236 | D 588 | rR:x̄σmM 0.94 0.02 0.91 0.97 | F:x̄σmM 40.9 10.7 18.0 66.0 | H 1.488 | V 0.769 | pL 0.003 | vL 0.001 | ∇ 0.016
U 429 | F 878592 | FPS 1277 | D 589 | rR:x̄σmM 0.95 0.02 0.89 0.98 | F:x̄σmM 37.6 12.8 14.0 79.0 | H 1.449 | V 0.777 | pL -0.005 | vL 0.001 | ∇ 0.017
U 430 | F 880640 | FPS 1359 | D 591 | rR:x̄σmM 0.95 0.02 0.91 0.98 | F:x̄σmM 35.0 10.8 16.0 64.0 | H 1.476 | V 0.791 | pL -0.009 | vL 0.001 | ∇ 0.013
Model successfully saved
U 431 | F 882688 | FPS 1471 | D 592 | rR:x̄σmM 0.94 0.01 0.90 0.97 | F:x̄σmM 39.6 10.3 22.0 68.0 | H 1.495 | V 0.773 | pL 0.006 | vL 0.001 | ∇ 0.016
U 432 | F 884736 | FPS 1487 | D 593 | rR:x̄σmM 0.95 0.01 0.91 0.98 | F:x̄σmM 36.9 10.0 11.0 64.0 | H 1.427 | V 0.781 | pL 0.001 | vL 0.001 | ∇ 0.013
U 433 | F 886784 | FPS 1471 | D 595 | rR:x̄σmM 0.95 0.02 0.91 0.98 | F:x̄σmM 34.3 11.3 12.0 66.0 | H 1.427 | V 0.791 | pL -0.010 | vL 0.001 | ∇ 0.014
U 434 | F 888832 | FPS 1477 | D 596 | rR:x̄σmM 0.95 0.01 0.91 0.98 | F:x̄σmM 33.2 9.9 17.0 66.0 | H 1.445 | V 0.803 | pL -0.012 | vL 0.001 | ∇ 0.011
U 435 | F 890880 | FPS 1499 | D 598 | rR:x̄σmM 0.95 0.01 0.92 0.97 | F:x̄σmM 33.4 8.9 18.0 56.0 | H 1.488 | V 0.803 | pL 0.001 | vL 0.001 | ∇ 0.011
U 436 | F 892928 | FPS 1457 | D 599 | rR:x̄σmM 0.95 0.02 0.91 0.98 | F:x̄σmM 34.7 10.8 14.0 61.0 | H 1.457 | V 0.797 | pL 0.010 | vL 0.001 | ∇ 0.013
U 437 | F 894976 | FPS 1492 | D 600 | rR:x̄σmM 0.95 0.02 0.91 0.97 | F:x̄σmM 36.6 12.3 18.0 64.0 | H 1.493 | V 0.781 | pL 0.008 | vL 0.001 | ∇ 0.012
U 438 | F 897024 | FPS 1462 | D 602 | rR:x̄σmM 0.94 0.02 0.89 0.97 | F:x̄σmM 40.8 14.1 22.0 80.0 | H 1.492 | V 0.761 | pL 0.006 | vL 0.001 | ∇ 0.015
U 439 | F 899072 | FPS 1485 | D 603 | rR:x̄σmM 0.94 0.03 0.84 0.97 | F:x̄σmM 41.8 18.3 19.0 113.0 | H 1.480 | V 0.758 | pL 0.003 | vL 0.002 | ∇ 0.020
U 440 | F 901120 | FPS 1482 | D 605 | rR:x̄σmM 0.95 0.02 0.86 0.98 | F:x̄σmM 36.3 14.0 16.0 97.0 | H 1.461 | V 0.787 | pL -0.003 | vL 0.001 | ∇ 0.014
Model successfully saved
U 441 | F 903168 | FPS 1469 | D 606 | rR:x̄σmM 0.95 0.01 0.91 0.98 | F:x̄σmM 36.1 10.6 14.0 67.0 | H 1.414 | V 0.786 | pL -0.005 | vL 0.001 | ∇ 0.013
U 442 | F 905216 | FPS 1488 | D 607 | rR:x̄σmM 0.95 0.01 0.92 0.98 | F:x̄σmM 35.6 9.4 16.0 54.0 | H 1.432 | V 0.790 | pL -0.002 | vL 0.001 | ∇ 0.013
U 443 | F 907264 | FPS 1470 | D 609 | rR:x̄σmM 0.95 0.02 0.90 0.98 | F:x̄σmM 35.1 12.0 16.0 68.0 | H 1.453 | V 0.782 | pL 0.002 | vL 0.001 | ∇ 0.018
U 444 | F 909312 | FPS 1471 | D 610 | rR:x̄σmM 0.95 0.02 0.88 0.97 | F:x̄σmM 38.1 12.9 18.0 84.0 | H 1.461 | V 0.785 | pL -0.005 | vL 0.001 | ∇ 0.014
U 445 | F 911360 | FPS 1483 | D 612 | rR:x̄σmM 0.95 0.02 0.90 0.97 | F:x̄σmM 36.0 11.6 18.0 69.0 | H 1.430 | V 0.786 | pL 0.002 | vL 0.001 | ∇ 0.011
U 446 | F 913408 | FPS 1460 | D 613 | rR:x̄σmM 0.95 0.02 0.90 0.98 | F:x̄σmM 33.1 12.5 11.0 69.0 | H 1.427 | V 0.788 | pL -0.000 | vL 0.001 | ∇ 0.016
U 447 | F 915456 | FPS 1480 | D 614 | rR:x̄σmM 0.95 0.02 0.83 0.98 | F:x̄σmM 36.2 15.5 15.0 118.0 | H 1.430 | V 0.784 | pL -0.008 | vL 0.001 | ∇ 0.014
U 448 | F 917504 | FPS 1475 | D 616 | rR:x̄σmM 0.95 0.02 0.90 0.98 | F:x̄σmM 33.8 11.9 14.0 72.0 | H 1.467 | V 0.800 | pL -0.002 | vL 0.001 | ∇ 0.012
U 449 | F 919552 | FPS 1478 | D 617 | rR:x̄σmM 0.94 0.02 0.91 0.98 | F:x̄σmM 40.4 12.1 13.0 65.0 | H 1.476 | V 0.775 | pL 0.011 | vL 0.001 | ∇ 0.015
U 450 | F 921600 | FPS 1482 | D 618 | rR:x̄σmM 0.95 0.02 0.91 0.98 | F:x̄σmM 33.0 10.8 17.0 67.0 | H 1.429 | V 0.792 | pL -0.005 | vL 0.001 | ∇ 0.015
Model successfully saved
U 451 | F 923648 | FPS 1461 | D 620 | rR:x̄σmM 0.95 0.02 0.89 0.98 | F:x̄σmM 37.6 12.0 17.0 76.0 | H 1.488 | V 0.780 | pL 0.002 | vL 0.001 | ∇ 0.018
U 452 | F 925696 | FPS 1488 | D 621 | rR:x̄σmM 0.95 0.02 0.85 0.98 | F:x̄σmM 38.8 14.1 14.0 106.0 | H 1.473 | V 0.777 | pL 0.003 | vL 0.001 | ∇ 0.016
U 453 | F 927744 | FPS 1477 | D 623 | rR:x̄σmM 0.95 0.02 0.89 0.97 | F:x̄σmM 34.6 11.9 18.0 81.0 | H 1.444 | V 0.784 | pL -0.009 | vL 0.001 | ∇ 0.014
U 454 | F 929792 | FPS 1466 | D 624 | rR:x̄σmM 0.95 0.01 0.89 0.97 | F:x̄σmM 35.0 10.4 18.0 78.0 | H 1.462 | V 0.794 | pL -0.010 | vL 0.001 | ∇ 0.011
U 455 | F 931840 | FPS 1473 | D 625 | rR:x̄σmM 0.95 0.02 0.92 0.98 | F:x̄σmM 34.7 11.3 14.0 54.0 | H 1.508 | V 0.801 | pL 0.003 | vL 0.001 | ∇ 0.012
U 456 | F 933888 | FPS 1474 | D 627 | rR:x̄σmM 0.95 0.02 0.86 0.97 | F:x̄σmM 37.9 14.6 18.0 102.0 | H 1.488 | V 0.787 | pL 0.013 | vL 0.001 | ∇ 0.013
U 457 | F 935936 | FPS 1365 | D 628 | rR:x̄σmM 0.95 0.02 0.90 0.98 | F:x̄σmM 38.7 10.7 17.0 68.0 | H 1.517 | V 0.770 | pL 0.003 | vL 0.001 | ∇ 0.014
U 458 | F 937984 | FPS 0984 | D 630 | rR:x̄σmM 0.94 0.01 0.91 0.97 | F:x̄σmM 39.4 9.9 24.0 61.0 | H 1.494 | V 0.771 | pL 0.007 | vL 0.002 | ∇ 0.015
U 459 | F 940032 | FPS 1045 | D 632 | rR:x̄σmM 0.94 0.02 0.88 0.98 | F:x̄σmM 42.5 15.3 16.0 87.0 | H 1.468 | V 0.756 | pL 0.003 | vL 0.002 | ∇ 0.015
U 460 | F 942080 | FPS 1278 | D 634 | rR:x̄σmM 0.94 0.02 0.90 0.98 | F:x̄σmM 39.2 13.4 14.0 74.0 | H 1.441 | V 0.766 | pL -0.009 | vL 0.002 | ∇ 0.018
Model successfully saved
U 461 | F 944128 | FPS 1396 | D 635 | rR:x̄σmM 0.95 0.01 0.92 0.98 | F:x̄σmM 34.8 9.8 13.0 58.0 | H 1.398 | V 0.782 | pL -0.017 | vL 0.001 | ∇ 0.019
U 462 | F 946176 | FPS 1157 | D 637 | rR:x̄σmM 0.95 0.01 0.92 0.98 | F:x̄σmM 32.9 9.1 16.0 57.0 | H 1.432 | V 0.790 | pL -0.008 | vL 0.001 | ∇ 0.014
U 463 | F 948224 | FPS 1341 | D 639 | rR:x̄σmM 0.95 0.02 0.89 0.98 | F:x̄σmM 37.1 13.8 15.0 77.0 | H 1.406 | V 0.790 | pL 0.006 | vL 0.001 | ∇ 0.015
U 464 | F 950272 | FPS 1380 | D 640 | rR:x̄σmM 0.95 0.02 0.91 0.98 | F:x̄σmM 34.9 11.0 17.0 65.0 | H 1.406 | V 0.795 | pL -0.004 | vL 0.001 | ∇ 0.012
U 465 | F 952320 | FPS 1500 | D 642 | rR:x̄σmM 0.95 0.01 0.91 0.97 | F:x̄σmM 34.1 9.9 18.0 66.0 | H 1.449 | V 0.800 | pL -0.000 | vL 0.001 | ∇ 0.015
U 466 | F 954368 | FPS 1461 | D 643 | rR:x̄σmM 0.95 0.02 0.89 0.98 | F:x̄σmM 32.7 11.6 12.0 75.0 | H 1.405 | V 0.803 | pL -0.000 | vL 0.001 | ∇ 0.012
U 467 | F 956416 | FPS 1494 | D 644 | rR:x̄σmM 0.95 0.01 0.93 0.98 | F:x̄σmM 34.9 9.9 15.0 52.0 | H 1.460 | V 0.795 | pL 0.001 | vL 0.001 | ∇ 0.011
U 468 | F 958464 | FPS 1476 | D 646 | rR:x̄σmM 0.95 0.01 0.93 0.97 | F:x̄σmM 36.2 7.7 18.0 53.0 | H 1.493 | V 0.798 | pL 0.008 | vL 0.001 | ∇ 0.011
U 469 | F 960512 | FPS 1497 | D 647 | rR:x̄σmM 0.95 0.02 0.88 0.97 | F:x̄σmM 37.8 11.6 18.0 83.0 | H 1.507 | V 0.781 | pL 0.011 | vL 0.001 | ∇ 0.017
U 470 | F 962560 | FPS 1487 | D 649 | rR:x̄σmM 0.94 0.02 0.89 0.97 | F:x̄σmM 42.5 12.1 18.0 80.0 | H 1.506 | V 0.771 | pL 0.004 | vL 0.001 | ∇ 0.016
Model successfully saved
U 471 | F 964608 | FPS 1476 | D 650 | rR:x̄σmM 0.94 0.02 0.89 0.98 | F:x̄σmM 39.1 13.0 14.0 75.0 | H 1.447 | V 0.765 | pL -0.002 | vL 0.002 | ∇ 0.016
U 472 | F 966656 | FPS 1492 | D 651 | rR:x̄σmM 0.95 0.02 0.91 0.98 | F:x̄σmM 37.2 11.0 15.0 61.0 | H 1.476 | V 0.779 | pL -0.005 | vL 0.001 | ∇ 0.014
U 473 | F 968704 | FPS 1477 | D 653 | rR:x̄σmM 0.95 0.02 0.88 0.98 | F:x̄σmM 37.9 12.7 17.0 85.0 | H 1.400 | V 0.781 | pL -0.000 | vL 0.001 | ∇ 0.015
U 474 | F 970752 | FPS 1487 | D 654 | rR:x̄σmM 0.95 0.01 0.90 0.97 | F:x̄σmM 35.0 10.0 18.0 70.0 | H 1.463 | V 0.783 | pL -0.007 | vL 0.001 | ∇ 0.016
U 475 | F 972800 | FPS 1492 | D 655 | rR:x̄σmM 0.95 0.02 0.89 0.97 | F:x̄σmM 37.2 12.0 19.0 78.0 | H 1.513 | V 0.783 | pL 0.003 | vL 0.001 | ∇ 0.011
U 476 | F 974848 | FPS 1486 | D 657 | rR:x̄σmM 0.94 0.02 0.89 0.98 | F:x̄σmM 41.8 12.9 15.0 75.0 | H 1.481 | V 0.771 | pL 0.012 | vL 0.001 | ∇ 0.019
U 477 | F 976896 | FPS 1502 | D 658 | rR:x̄σmM 0.95 0.02 0.88 0.97 | F:x̄σmM 38.3 13.6 20.0 85.0 | H 1.429 | V 0.772 | pL -0.004 | vL 0.002 | ∇ 0.015
U 478 | F 978944 | FPS 1471 | D 660 | rR:x̄σmM 0.95 0.02 0.88 0.98 | F:x̄σmM 35.9 13.9 14.0 85.0 | H 1.382 | V 0.782 | pL -0.003 | vL 0.002 | ∇ 0.015
U 479 | F 980992 | FPS 1465 | D 661 | rR:x̄σmM 0.95 0.01 0.92 0.98 | F:x̄σmM 32.7 9.2 15.0 60.0 | H 1.442 | V 0.802 | pL -0.014 | vL 0.001 | ∇ 0.013
U 480 | F 983040 | FPS 1498 | D 662 | rR:x̄σmM 0.95 0.01 0.91 0.97 | F:x̄σmM 36.2 9.2 19.0 67.0 | H 1.454 | V 0.795 | pL 0.006 | vL 0.001 | ∇ 0.012
Model successfully saved
U 481 | F 985088 | FPS 1478 | D 664 | rR:x̄σmM 0.95 0.02 0.90 0.98 | F:x̄σmM 36.1 10.7 16.0 70.0 | H 1.425 | V 0.782 | pL 0.006 | vL 0.001 | ∇ 0.015
U 482 | F 987136 | FPS 1485 | D 665 | rR:x̄σmM 0.95 0.02 0.91 0.98 | F:x̄σmM 36.9 11.6 16.0 65.0 | H 1.415 | V 0.791 | pL -0.003 | vL 0.001 | ∇ 0.012
U 483 | F 989184 | FPS 1500 | D 667 | rR:x̄σmM 0.95 0.02 0.89 0.98 | F:x̄σmM 35.7 10.9 13.0 76.0 | H 1.445 | V 0.788 | pL -0.000 | vL 0.001 | ∇ 0.012
U 484 | F 991232 | FPS 1475 | D 668 | rR:x̄σmM 0.95 0.01 0.91 0.97 | F:x̄σmM 37.5 10.3 20.0 63.0 | H 1.470 | V 0.793 | pL 0.005 | vL 0.001 | ∇ 0.011
U 485 | F 993280 | FPS 1496 | D 669 | rR:x̄σmM 0.95 0.02 0.90 0.98 | F:x̄σmM 36.1 12.2 15.0 72.0 | H 1.450 | V 0.784 | pL 0.007 | vL 0.001 | ∇ 0.014
U 486 | F 995328 | FPS 1477 | D 671 | rR:x̄σmM 0.95 0.02 0.89 0.98 | F:x̄σmM 36.3 11.0 17.0 75.0 | H 1.457 | V 0.779 | pL -0.003 | vL 0.001 | ∇ 0.013
U 487 | F 997376 | FPS 1483 | D 672 | rR:x̄σmM 0.95 0.02 0.90 0.98 | F:x̄σmM 38.8 11.2 17.0 74.0 | H 1.429 | V 0.773 | pL 0.003 | vL 0.001 | ∇ 0.016
U 488 | F 999424 | FPS 1482 | D 673 | rR:x̄σmM 0.95 0.02 0.91 0.98 | F:x̄σmM 37.3 12.4 15.0 65.0 | H 1.443 | V 0.782 | pL -0.006 | vL 0.001 | ∇ 0.015
U 489 | F 1001472 | FPS 1481 | D 675 | rR:x̄σmM 0.95 0.01 0.93 0.97 | F:x̄σmM 32.8 9.1 19.0 53.0 | H 1.424 | V 0.782 | pL -0.003 | vL 0.002 | ∇ 0.020
